[2025-05-07T13:38:52.832+0000] {processor.py:186} INFO - Started process (PID=70) to work on /home/airflow/.local/lib/python3.12/site-packages/airflow/example_dags/example_dataset_alias.py
[2025-05-07T13:38:52.834+0000] {processor.py:914} INFO - Processing file /home/airflow/.local/lib/python3.12/site-packages/airflow/example_dags/example_dataset_alias.py for tasks to queue
[2025-05-07T13:38:52.842+0000] {logging_mixin.py:190} INFO - [2025-05-07T13:38:52.840+0000] {dagbag.py:588} INFO - Filling up the DagBag from /home/airflow/.local/lib/python3.12/site-packages/airflow/example_dags/example_dataset_alias.py
[2025-05-07T13:38:57.152+0000] {processor.py:925} INFO - DAG(s) 'dataset_s3_bucket_producer', 'dataset_s3_bucket_consumer', 'dataset_alias_example_alias_producer', 'dataset_alias_example_alias_consumer' retrieved from /home/airflow/.local/lib/python3.12/site-packages/airflow/example_dags/example_dataset_alias.py
[2025-05-07T13:38:57.342+0000] {logging_mixin.py:190} INFO - [2025-05-07T13:38:57.341+0000] {dag.py:3239} INFO - Sync 4 DAGs
[2025-05-07T13:38:58.828+0000] {logging_mixin.py:190} INFO - [2025-05-07T13:38:58.828+0000] {dag.py:4180} INFO - Setting next_dagrun for dataset_alias_example_alias_consumer to None, run_after=None
[2025-05-07T13:38:58.845+0000] {logging_mixin.py:190} INFO - [2025-05-07T13:38:58.845+0000] {dag.py:4180} INFO - Setting next_dagrun for dataset_alias_example_alias_producer to None, run_after=None
[2025-05-07T13:38:58.857+0000] {logging_mixin.py:190} INFO - [2025-05-07T13:38:58.856+0000] {dag.py:4180} INFO - Setting next_dagrun for dataset_s3_bucket_consumer to None, run_after=None
[2025-05-07T13:38:58.874+0000] {logging_mixin.py:190} INFO - [2025-05-07T13:38:58.874+0000] {dag.py:4180} INFO - Setting next_dagrun for dataset_s3_bucket_producer to None, run_after=None
[2025-05-07T13:38:59.054+0000] {processor.py:208} INFO - Processing /home/airflow/.local/lib/python3.12/site-packages/airflow/example_dags/example_dataset_alias.py took 6.266 seconds
[2025-05-07T13:39:57.849+0000] {processor.py:186} INFO - Started process (PID=142) to work on /home/airflow/.local/lib/python3.12/site-packages/airflow/example_dags/example_dataset_alias.py
[2025-05-07T13:39:57.884+0000] {processor.py:914} INFO - Processing file /home/airflow/.local/lib/python3.12/site-packages/airflow/example_dags/example_dataset_alias.py for tasks to queue
[2025-05-07T13:39:57.890+0000] {logging_mixin.py:190} INFO - [2025-05-07T13:39:57.889+0000] {dagbag.py:588} INFO - Filling up the DagBag from /home/airflow/.local/lib/python3.12/site-packages/airflow/example_dags/example_dataset_alias.py
[2025-05-07T13:39:58.663+0000] {processor.py:925} INFO - DAG(s) 'dataset_alias_example_alias_consumer', 'dataset_alias_example_alias_producer', 'dataset_s3_bucket_producer', 'dataset_s3_bucket_consumer' retrieved from /home/airflow/.local/lib/python3.12/site-packages/airflow/example_dags/example_dataset_alias.py
[2025-05-07T13:39:59.619+0000] {logging_mixin.py:190} INFO - [2025-05-07T13:39:59.617+0000] {dag.py:3239} INFO - Sync 4 DAGs
[2025-05-07T13:40:00.596+0000] {logging_mixin.py:190} INFO - [2025-05-07T13:40:00.595+0000] {dag.py:4180} INFO - Setting next_dagrun for dataset_alias_example_alias_consumer to None, run_after=None
[2025-05-07T13:40:00.723+0000] {logging_mixin.py:190} INFO - [2025-05-07T13:40:00.723+0000] {dag.py:4180} INFO - Setting next_dagrun for dataset_alias_example_alias_producer to None, run_after=None
[2025-05-07T13:40:00.727+0000] {logging_mixin.py:190} INFO - [2025-05-07T13:40:00.726+0000] {dag.py:4180} INFO - Setting next_dagrun for dataset_s3_bucket_consumer to None, run_after=None
[2025-05-07T13:40:00.730+0000] {logging_mixin.py:190} INFO - [2025-05-07T13:40:00.730+0000] {dag.py:4180} INFO - Setting next_dagrun for dataset_s3_bucket_producer to None, run_after=None
[2025-05-07T13:40:00.799+0000] {processor.py:208} INFO - Processing /home/airflow/.local/lib/python3.12/site-packages/airflow/example_dags/example_dataset_alias.py took 2.964 seconds
[2025-05-07T13:40:38.501+0000] {processor.py:186} INFO - Started process (PID=207) to work on /home/airflow/.local/lib/python3.12/site-packages/airflow/example_dags/example_dataset_alias.py
[2025-05-07T13:40:38.511+0000] {processor.py:914} INFO - Processing file /home/airflow/.local/lib/python3.12/site-packages/airflow/example_dags/example_dataset_alias.py for tasks to queue
[2025-05-07T13:40:38.539+0000] {logging_mixin.py:190} INFO - [2025-05-07T13:40:38.539+0000] {dagbag.py:588} INFO - Filling up the DagBag from /home/airflow/.local/lib/python3.12/site-packages/airflow/example_dags/example_dataset_alias.py
[2025-05-07T13:40:40.462+0000] {processor.py:925} INFO - DAG(s) 'dataset_s3_bucket_consumer', 'dataset_s3_bucket_producer', 'dataset_alias_example_alias_producer', 'dataset_alias_example_alias_consumer' retrieved from /home/airflow/.local/lib/python3.12/site-packages/airflow/example_dags/example_dataset_alias.py
[2025-05-07T13:40:40.517+0000] {logging_mixin.py:190} INFO - [2025-05-07T13:40:40.516+0000] {dag.py:3239} INFO - Sync 4 DAGs
[2025-05-07T13:40:40.577+0000] {logging_mixin.py:190} INFO - [2025-05-07T13:40:40.576+0000] {dag.py:4180} INFO - Setting next_dagrun for dataset_alias_example_alias_consumer to None, run_after=None
[2025-05-07T13:40:40.582+0000] {logging_mixin.py:190} INFO - [2025-05-07T13:40:40.581+0000] {dag.py:4180} INFO - Setting next_dagrun for dataset_alias_example_alias_producer to None, run_after=None
[2025-05-07T13:40:40.584+0000] {logging_mixin.py:190} INFO - [2025-05-07T13:40:40.584+0000] {dag.py:4180} INFO - Setting next_dagrun for dataset_s3_bucket_consumer to None, run_after=None
[2025-05-07T13:40:40.588+0000] {logging_mixin.py:190} INFO - [2025-05-07T13:40:40.587+0000] {dag.py:4180} INFO - Setting next_dagrun for dataset_s3_bucket_producer to None, run_after=None
[2025-05-07T13:40:40.658+0000] {processor.py:208} INFO - Processing /home/airflow/.local/lib/python3.12/site-packages/airflow/example_dags/example_dataset_alias.py took 2.331 seconds
[2025-05-07T13:41:19.553+0000] {processor.py:186} INFO - Started process (PID=279) to work on /home/airflow/.local/lib/python3.12/site-packages/airflow/example_dags/example_dataset_alias.py
[2025-05-07T13:41:19.564+0000] {processor.py:914} INFO - Processing file /home/airflow/.local/lib/python3.12/site-packages/airflow/example_dags/example_dataset_alias.py for tasks to queue
[2025-05-07T13:41:19.570+0000] {logging_mixin.py:190} INFO - [2025-05-07T13:41:19.569+0000] {dagbag.py:588} INFO - Filling up the DagBag from /home/airflow/.local/lib/python3.12/site-packages/airflow/example_dags/example_dataset_alias.py
[2025-05-07T13:41:20.758+0000] {processor.py:925} INFO - DAG(s) 'dataset_alias_example_alias_producer', 'dataset_s3_bucket_consumer', 'dataset_alias_example_alias_consumer', 'dataset_s3_bucket_producer' retrieved from /home/airflow/.local/lib/python3.12/site-packages/airflow/example_dags/example_dataset_alias.py
[2025-05-07T13:41:20.838+0000] {logging_mixin.py:190} INFO - [2025-05-07T13:41:20.837+0000] {dag.py:3239} INFO - Sync 4 DAGs
[2025-05-07T13:41:20.885+0000] {logging_mixin.py:190} INFO - [2025-05-07T13:41:20.885+0000] {dag.py:4180} INFO - Setting next_dagrun for dataset_alias_example_alias_consumer to None, run_after=None
[2025-05-07T13:41:20.891+0000] {logging_mixin.py:190} INFO - [2025-05-07T13:41:20.891+0000] {dag.py:4180} INFO - Setting next_dagrun for dataset_alias_example_alias_producer to None, run_after=None
[2025-05-07T13:41:20.893+0000] {logging_mixin.py:190} INFO - [2025-05-07T13:41:20.893+0000] {dag.py:4180} INFO - Setting next_dagrun for dataset_s3_bucket_consumer to None, run_after=None
[2025-05-07T13:41:20.895+0000] {logging_mixin.py:190} INFO - [2025-05-07T13:41:20.895+0000] {dag.py:4180} INFO - Setting next_dagrun for dataset_s3_bucket_producer to None, run_after=None
[2025-05-07T13:41:20.941+0000] {processor.py:208} INFO - Processing /home/airflow/.local/lib/python3.12/site-packages/airflow/example_dags/example_dataset_alias.py took 1.399 seconds
[2025-05-07T13:42:17.588+0000] {processor.py:186} INFO - Started process (PID=344) to work on /home/airflow/.local/lib/python3.12/site-packages/airflow/example_dags/example_dataset_alias.py
[2025-05-07T13:42:17.673+0000] {processor.py:914} INFO - Processing file /home/airflow/.local/lib/python3.12/site-packages/airflow/example_dags/example_dataset_alias.py for tasks to queue
[2025-05-07T13:42:17.709+0000] {logging_mixin.py:190} INFO - [2025-05-07T13:42:17.708+0000] {dagbag.py:588} INFO - Filling up the DagBag from /home/airflow/.local/lib/python3.12/site-packages/airflow/example_dags/example_dataset_alias.py
[2025-05-07T13:42:18.976+0000] {processor.py:925} INFO - DAG(s) 'dataset_s3_bucket_producer', 'dataset_alias_example_alias_consumer', 'dataset_alias_example_alias_producer', 'dataset_s3_bucket_consumer' retrieved from /home/airflow/.local/lib/python3.12/site-packages/airflow/example_dags/example_dataset_alias.py
[2025-05-07T13:42:21.598+0000] {logging_mixin.py:190} INFO - [2025-05-07T13:42:21.597+0000] {dag.py:3239} INFO - Sync 4 DAGs
[2025-05-07T13:42:21.949+0000] {logging_mixin.py:190} INFO - [2025-05-07T13:42:21.948+0000] {dag.py:4180} INFO - Setting next_dagrun for dataset_alias_example_alias_consumer to None, run_after=None
[2025-05-07T13:42:21.957+0000] {logging_mixin.py:190} INFO - [2025-05-07T13:42:21.956+0000] {dag.py:4180} INFO - Setting next_dagrun for dataset_alias_example_alias_producer to None, run_after=None
[2025-05-07T13:42:21.959+0000] {logging_mixin.py:190} INFO - [2025-05-07T13:42:21.959+0000] {dag.py:4180} INFO - Setting next_dagrun for dataset_s3_bucket_consumer to None, run_after=None
[2025-05-07T13:42:21.961+0000] {logging_mixin.py:190} INFO - [2025-05-07T13:42:21.961+0000] {dag.py:4180} INFO - Setting next_dagrun for dataset_s3_bucket_producer to None, run_after=None
[2025-05-07T13:42:22.008+0000] {processor.py:208} INFO - Processing /home/airflow/.local/lib/python3.12/site-packages/airflow/example_dags/example_dataset_alias.py took 4.436 seconds
[2025-05-07T13:43:08.925+0000] {processor.py:186} INFO - Started process (PID=409) to work on /home/airflow/.local/lib/python3.12/site-packages/airflow/example_dags/example_dataset_alias.py
[2025-05-07T13:43:08.928+0000] {processor.py:914} INFO - Processing file /home/airflow/.local/lib/python3.12/site-packages/airflow/example_dags/example_dataset_alias.py for tasks to queue
[2025-05-07T13:43:08.934+0000] {logging_mixin.py:190} INFO - [2025-05-07T13:43:08.933+0000] {dagbag.py:588} INFO - Filling up the DagBag from /home/airflow/.local/lib/python3.12/site-packages/airflow/example_dags/example_dataset_alias.py
[2025-05-07T13:43:10.629+0000] {processor.py:925} INFO - DAG(s) 'dataset_alias_example_alias_consumer', 'dataset_s3_bucket_consumer', 'dataset_alias_example_alias_producer', 'dataset_s3_bucket_producer' retrieved from /home/airflow/.local/lib/python3.12/site-packages/airflow/example_dags/example_dataset_alias.py
[2025-05-07T13:43:10.781+0000] {logging_mixin.py:190} INFO - [2025-05-07T13:43:10.780+0000] {dag.py:3239} INFO - Sync 4 DAGs
[2025-05-07T13:43:10.963+0000] {logging_mixin.py:190} INFO - [2025-05-07T13:43:10.962+0000] {dag.py:4180} INFO - Setting next_dagrun for dataset_alias_example_alias_consumer to None, run_after=None
[2025-05-07T13:43:10.977+0000] {logging_mixin.py:190} INFO - [2025-05-07T13:43:10.977+0000] {dag.py:4180} INFO - Setting next_dagrun for dataset_alias_example_alias_producer to None, run_after=None
[2025-05-07T13:43:10.993+0000] {logging_mixin.py:190} INFO - [2025-05-07T13:43:10.993+0000] {dag.py:4180} INFO - Setting next_dagrun for dataset_s3_bucket_consumer to None, run_after=None
[2025-05-07T13:43:11.014+0000] {logging_mixin.py:190} INFO - [2025-05-07T13:43:11.013+0000] {dag.py:4180} INFO - Setting next_dagrun for dataset_s3_bucket_producer to None, run_after=None
[2025-05-07T13:43:11.514+0000] {processor.py:208} INFO - Processing /home/airflow/.local/lib/python3.12/site-packages/airflow/example_dags/example_dataset_alias.py took 2.603 seconds
[2025-05-07T13:44:11.334+0000] {processor.py:186} INFO - Started process (PID=474) to work on /home/airflow/.local/lib/python3.12/site-packages/airflow/example_dags/example_dataset_alias.py
[2025-05-07T13:44:11.339+0000] {processor.py:914} INFO - Processing file /home/airflow/.local/lib/python3.12/site-packages/airflow/example_dags/example_dataset_alias.py for tasks to queue
[2025-05-07T13:44:11.345+0000] {logging_mixin.py:190} INFO - [2025-05-07T13:44:11.344+0000] {dagbag.py:588} INFO - Filling up the DagBag from /home/airflow/.local/lib/python3.12/site-packages/airflow/example_dags/example_dataset_alias.py
[2025-05-07T13:44:19.802+0000] {processor.py:925} INFO - DAG(s) 'dataset_alias_example_alias_producer', 'dataset_s3_bucket_producer', 'dataset_s3_bucket_consumer', 'dataset_alias_example_alias_consumer' retrieved from /home/airflow/.local/lib/python3.12/site-packages/airflow/example_dags/example_dataset_alias.py
[2025-05-07T13:44:20.294+0000] {logging_mixin.py:190} INFO - [2025-05-07T13:44:20.293+0000] {dag.py:3239} INFO - Sync 4 DAGs
[2025-05-07T13:44:20.769+0000] {logging_mixin.py:190} INFO - [2025-05-07T13:44:20.768+0000] {dag.py:4180} INFO - Setting next_dagrun for dataset_alias_example_alias_consumer to None, run_after=None
[2025-05-07T13:44:20.798+0000] {logging_mixin.py:190} INFO - [2025-05-07T13:44:20.796+0000] {dag.py:4180} INFO - Setting next_dagrun for dataset_alias_example_alias_producer to None, run_after=None
[2025-05-07T13:44:20.807+0000] {logging_mixin.py:190} INFO - [2025-05-07T13:44:20.807+0000] {dag.py:4180} INFO - Setting next_dagrun for dataset_s3_bucket_consumer to None, run_after=None
[2025-05-07T13:44:20.815+0000] {logging_mixin.py:190} INFO - [2025-05-07T13:44:20.812+0000] {dag.py:4180} INFO - Setting next_dagrun for dataset_s3_bucket_producer to None, run_after=None
[2025-05-07T13:44:20.958+0000] {processor.py:208} INFO - Processing /home/airflow/.local/lib/python3.12/site-packages/airflow/example_dags/example_dataset_alias.py took 9.639 seconds
[2025-05-07T13:45:19.105+0000] {processor.py:186} INFO - Started process (PID=549) to work on /home/airflow/.local/lib/python3.12/site-packages/airflow/example_dags/example_dataset_alias.py
[2025-05-07T13:45:19.110+0000] {processor.py:914} INFO - Processing file /home/airflow/.local/lib/python3.12/site-packages/airflow/example_dags/example_dataset_alias.py for tasks to queue
[2025-05-07T13:45:19.115+0000] {logging_mixin.py:190} INFO - [2025-05-07T13:45:19.114+0000] {dagbag.py:588} INFO - Filling up the DagBag from /home/airflow/.local/lib/python3.12/site-packages/airflow/example_dags/example_dataset_alias.py
[2025-05-07T13:45:20.113+0000] {processor.py:925} INFO - DAG(s) 'dataset_s3_bucket_producer', 'dataset_alias_example_alias_producer', 'dataset_alias_example_alias_consumer', 'dataset_s3_bucket_consumer' retrieved from /home/airflow/.local/lib/python3.12/site-packages/airflow/example_dags/example_dataset_alias.py
[2025-05-07T13:45:20.264+0000] {logging_mixin.py:190} INFO - [2025-05-07T13:45:20.263+0000] {dag.py:3239} INFO - Sync 4 DAGs
[2025-05-07T13:45:20.545+0000] {logging_mixin.py:190} INFO - [2025-05-07T13:45:20.544+0000] {dag.py:4180} INFO - Setting next_dagrun for dataset_alias_example_alias_consumer to None, run_after=None
[2025-05-07T13:45:21.058+0000] {logging_mixin.py:190} INFO - [2025-05-07T13:45:21.057+0000] {dag.py:4180} INFO - Setting next_dagrun for dataset_alias_example_alias_producer to None, run_after=None
[2025-05-07T13:45:21.063+0000] {logging_mixin.py:190} INFO - [2025-05-07T13:45:21.063+0000] {dag.py:4180} INFO - Setting next_dagrun for dataset_s3_bucket_consumer to None, run_after=None
[2025-05-07T13:45:21.066+0000] {logging_mixin.py:190} INFO - [2025-05-07T13:45:21.065+0000] {dag.py:4180} INFO - Setting next_dagrun for dataset_s3_bucket_producer to None, run_after=None
[2025-05-07T13:45:21.112+0000] {processor.py:208} INFO - Processing /home/airflow/.local/lib/python3.12/site-packages/airflow/example_dags/example_dataset_alias.py took 2.020 seconds
[2025-05-07T13:45:56.430+0000] {processor.py:186} INFO - Started process (PID=598) to work on /home/airflow/.local/lib/python3.12/site-packages/airflow/example_dags/example_dataset_alias.py
[2025-05-07T13:45:56.434+0000] {processor.py:914} INFO - Processing file /home/airflow/.local/lib/python3.12/site-packages/airflow/example_dags/example_dataset_alias.py for tasks to queue
[2025-05-07T13:45:56.439+0000] {logging_mixin.py:190} INFO - [2025-05-07T13:45:56.439+0000] {dagbag.py:588} INFO - Filling up the DagBag from /home/airflow/.local/lib/python3.12/site-packages/airflow/example_dags/example_dataset_alias.py
[2025-05-07T13:45:58.269+0000] {processor.py:925} INFO - DAG(s) 'dataset_s3_bucket_producer', 'dataset_alias_example_alias_consumer', 'dataset_alias_example_alias_producer', 'dataset_s3_bucket_consumer' retrieved from /home/airflow/.local/lib/python3.12/site-packages/airflow/example_dags/example_dataset_alias.py
[2025-05-07T13:45:58.380+0000] {logging_mixin.py:190} INFO - [2025-05-07T13:45:58.379+0000] {dag.py:3239} INFO - Sync 4 DAGs
[2025-05-07T13:45:58.441+0000] {logging_mixin.py:190} INFO - [2025-05-07T13:45:58.441+0000] {dag.py:4180} INFO - Setting next_dagrun for dataset_alias_example_alias_consumer to None, run_after=None
[2025-05-07T13:45:58.447+0000] {logging_mixin.py:190} INFO - [2025-05-07T13:45:58.446+0000] {dag.py:4180} INFO - Setting next_dagrun for dataset_alias_example_alias_producer to None, run_after=None
[2025-05-07T13:45:58.449+0000] {logging_mixin.py:190} INFO - [2025-05-07T13:45:58.449+0000] {dag.py:4180} INFO - Setting next_dagrun for dataset_s3_bucket_consumer to None, run_after=None
[2025-05-07T13:45:58.452+0000] {logging_mixin.py:190} INFO - [2025-05-07T13:45:58.451+0000] {dag.py:4180} INFO - Setting next_dagrun for dataset_s3_bucket_producer to None, run_after=None
[2025-05-07T13:45:58.502+0000] {processor.py:208} INFO - Processing /home/airflow/.local/lib/python3.12/site-packages/airflow/example_dags/example_dataset_alias.py took 2.085 seconds
[2025-05-07T13:46:30.402+0000] {processor.py:186} INFO - Started process (PID=666) to work on /home/airflow/.local/lib/python3.12/site-packages/airflow/example_dags/example_dataset_alias.py
[2025-05-07T13:46:30.405+0000] {processor.py:914} INFO - Processing file /home/airflow/.local/lib/python3.12/site-packages/airflow/example_dags/example_dataset_alias.py for tasks to queue
[2025-05-07T13:46:30.411+0000] {logging_mixin.py:190} INFO - [2025-05-07T13:46:30.411+0000] {dagbag.py:588} INFO - Filling up the DagBag from /home/airflow/.local/lib/python3.12/site-packages/airflow/example_dags/example_dataset_alias.py
[2025-05-07T13:46:31.305+0000] {processor.py:925} INFO - DAG(s) 'dataset_alias_example_alias_consumer', 'dataset_alias_example_alias_producer', 'dataset_s3_bucket_consumer', 'dataset_s3_bucket_producer' retrieved from /home/airflow/.local/lib/python3.12/site-packages/airflow/example_dags/example_dataset_alias.py
[2025-05-07T13:46:31.356+0000] {logging_mixin.py:190} INFO - [2025-05-07T13:46:31.356+0000] {dag.py:3239} INFO - Sync 4 DAGs
[2025-05-07T13:46:31.409+0000] {logging_mixin.py:190} INFO - [2025-05-07T13:46:31.409+0000] {dag.py:4180} INFO - Setting next_dagrun for dataset_alias_example_alias_consumer to None, run_after=None
[2025-05-07T13:46:31.417+0000] {logging_mixin.py:190} INFO - [2025-05-07T13:46:31.416+0000] {dag.py:4180} INFO - Setting next_dagrun for dataset_alias_example_alias_producer to None, run_after=None
[2025-05-07T13:46:31.420+0000] {logging_mixin.py:190} INFO - [2025-05-07T13:46:31.419+0000] {dag.py:4180} INFO - Setting next_dagrun for dataset_s3_bucket_consumer to None, run_after=None
[2025-05-07T13:46:31.443+0000] {logging_mixin.py:190} INFO - [2025-05-07T13:46:31.443+0000] {dag.py:4180} INFO - Setting next_dagrun for dataset_s3_bucket_producer to None, run_after=None
[2025-05-07T13:46:31.923+0000] {processor.py:208} INFO - Processing /home/airflow/.local/lib/python3.12/site-packages/airflow/example_dags/example_dataset_alias.py took 1.539 seconds
[2025-05-07T13:47:06.452+0000] {processor.py:186} INFO - Started process (PID=730) to work on /home/airflow/.local/lib/python3.12/site-packages/airflow/example_dags/example_dataset_alias.py
[2025-05-07T13:47:06.455+0000] {processor.py:914} INFO - Processing file /home/airflow/.local/lib/python3.12/site-packages/airflow/example_dags/example_dataset_alias.py for tasks to queue
[2025-05-07T13:47:06.460+0000] {logging_mixin.py:190} INFO - [2025-05-07T13:47:06.460+0000] {dagbag.py:588} INFO - Filling up the DagBag from /home/airflow/.local/lib/python3.12/site-packages/airflow/example_dags/example_dataset_alias.py
[2025-05-07T13:47:08.324+0000] {processor.py:925} INFO - DAG(s) 'dataset_alias_example_alias_producer', 'dataset_alias_example_alias_consumer', 'dataset_s3_bucket_consumer', 'dataset_s3_bucket_producer' retrieved from /home/airflow/.local/lib/python3.12/site-packages/airflow/example_dags/example_dataset_alias.py
[2025-05-07T13:47:08.652+0000] {logging_mixin.py:190} INFO - [2025-05-07T13:47:08.651+0000] {dag.py:3239} INFO - Sync 4 DAGs
[2025-05-07T13:47:08.760+0000] {logging_mixin.py:190} INFO - [2025-05-07T13:47:08.760+0000] {dag.py:4180} INFO - Setting next_dagrun for dataset_alias_example_alias_consumer to None, run_after=None
[2025-05-07T13:47:08.773+0000] {logging_mixin.py:190} INFO - [2025-05-07T13:47:08.772+0000] {dag.py:4180} INFO - Setting next_dagrun for dataset_alias_example_alias_producer to None, run_after=None
[2025-05-07T13:47:08.776+0000] {logging_mixin.py:190} INFO - [2025-05-07T13:47:08.775+0000] {dag.py:4180} INFO - Setting next_dagrun for dataset_s3_bucket_consumer to None, run_after=None
[2025-05-07T13:47:08.780+0000] {logging_mixin.py:190} INFO - [2025-05-07T13:47:08.779+0000] {dag.py:4180} INFO - Setting next_dagrun for dataset_s3_bucket_producer to None, run_after=None
[2025-05-07T13:47:08.851+0000] {processor.py:208} INFO - Processing /home/airflow/.local/lib/python3.12/site-packages/airflow/example_dags/example_dataset_alias.py took 2.434 seconds
[2025-05-07T13:47:50.325+0000] {processor.py:186} INFO - Started process (PID=785) to work on /home/airflow/.local/lib/python3.12/site-packages/airflow/example_dags/example_dataset_alias.py
[2025-05-07T13:47:50.328+0000] {processor.py:914} INFO - Processing file /home/airflow/.local/lib/python3.12/site-packages/airflow/example_dags/example_dataset_alias.py for tasks to queue
[2025-05-07T13:47:50.342+0000] {logging_mixin.py:190} INFO - [2025-05-07T13:47:50.341+0000] {dagbag.py:588} INFO - Filling up the DagBag from /home/airflow/.local/lib/python3.12/site-packages/airflow/example_dags/example_dataset_alias.py
[2025-05-07T13:47:55.302+0000] {processor.py:925} INFO - DAG(s) 'dataset_alias_example_alias_consumer', 'dataset_s3_bucket_producer', 'dataset_s3_bucket_consumer', 'dataset_alias_example_alias_producer' retrieved from /home/airflow/.local/lib/python3.12/site-packages/airflow/example_dags/example_dataset_alias.py
[2025-05-07T13:47:55.419+0000] {logging_mixin.py:190} INFO - [2025-05-07T13:47:55.418+0000] {dag.py:3239} INFO - Sync 4 DAGs
[2025-05-07T13:47:55.484+0000] {logging_mixin.py:190} INFO - [2025-05-07T13:47:55.483+0000] {dag.py:4180} INFO - Setting next_dagrun for dataset_alias_example_alias_consumer to None, run_after=None
[2025-05-07T13:47:55.498+0000] {logging_mixin.py:190} INFO - [2025-05-07T13:47:55.497+0000] {dag.py:4180} INFO - Setting next_dagrun for dataset_alias_example_alias_producer to None, run_after=None
[2025-05-07T13:47:55.502+0000] {logging_mixin.py:190} INFO - [2025-05-07T13:47:55.501+0000] {dag.py:4180} INFO - Setting next_dagrun for dataset_s3_bucket_consumer to None, run_after=None
[2025-05-07T13:47:55.505+0000] {logging_mixin.py:190} INFO - [2025-05-07T13:47:55.505+0000] {dag.py:4180} INFO - Setting next_dagrun for dataset_s3_bucket_producer to None, run_after=None
[2025-05-07T13:47:55.563+0000] {processor.py:208} INFO - Processing /home/airflow/.local/lib/python3.12/site-packages/airflow/example_dags/example_dataset_alias.py took 5.257 seconds
[2025-05-07T13:49:17.420+0000] {processor.py:186} INFO - Started process (PID=870) to work on /home/airflow/.local/lib/python3.12/site-packages/airflow/example_dags/example_dataset_alias.py
[2025-05-07T13:49:17.424+0000] {processor.py:914} INFO - Processing file /home/airflow/.local/lib/python3.12/site-packages/airflow/example_dags/example_dataset_alias.py for tasks to queue
[2025-05-07T13:49:17.433+0000] {logging_mixin.py:190} INFO - [2025-05-07T13:49:17.432+0000] {dagbag.py:588} INFO - Filling up the DagBag from /home/airflow/.local/lib/python3.12/site-packages/airflow/example_dags/example_dataset_alias.py
[2025-05-07T13:49:19.134+0000] {processor.py:925} INFO - DAG(s) 'dataset_s3_bucket_consumer', 'dataset_alias_example_alias_consumer', 'dataset_alias_example_alias_producer', 'dataset_s3_bucket_producer' retrieved from /home/airflow/.local/lib/python3.12/site-packages/airflow/example_dags/example_dataset_alias.py
[2025-05-07T13:49:19.295+0000] {logging_mixin.py:190} INFO - [2025-05-07T13:49:19.294+0000] {dag.py:3239} INFO - Sync 4 DAGs
[2025-05-07T13:49:19.487+0000] {logging_mixin.py:190} INFO - [2025-05-07T13:49:19.486+0000] {dag.py:4180} INFO - Setting next_dagrun for dataset_alias_example_alias_consumer to None, run_after=None
[2025-05-07T13:49:19.493+0000] {logging_mixin.py:190} INFO - [2025-05-07T13:49:19.492+0000] {dag.py:4180} INFO - Setting next_dagrun for dataset_alias_example_alias_producer to None, run_after=None
[2025-05-07T13:49:19.495+0000] {logging_mixin.py:190} INFO - [2025-05-07T13:49:19.495+0000] {dag.py:4180} INFO - Setting next_dagrun for dataset_s3_bucket_consumer to None, run_after=None
[2025-05-07T13:49:19.498+0000] {logging_mixin.py:190} INFO - [2025-05-07T13:49:19.497+0000] {dag.py:4180} INFO - Setting next_dagrun for dataset_s3_bucket_producer to None, run_after=None
[2025-05-07T13:49:19.623+0000] {processor.py:208} INFO - Processing /home/airflow/.local/lib/python3.12/site-packages/airflow/example_dags/example_dataset_alias.py took 2.252 seconds
[2025-05-07T13:50:11.053+0000] {processor.py:186} INFO - Started process (PID=928) to work on /home/airflow/.local/lib/python3.12/site-packages/airflow/example_dags/example_dataset_alias.py
[2025-05-07T13:50:11.058+0000] {processor.py:914} INFO - Processing file /home/airflow/.local/lib/python3.12/site-packages/airflow/example_dags/example_dataset_alias.py for tasks to queue
[2025-05-07T13:50:11.063+0000] {logging_mixin.py:190} INFO - [2025-05-07T13:50:11.062+0000] {dagbag.py:588} INFO - Filling up the DagBag from /home/airflow/.local/lib/python3.12/site-packages/airflow/example_dags/example_dataset_alias.py
[2025-05-07T13:50:12.716+0000] {processor.py:925} INFO - DAG(s) 'dataset_s3_bucket_consumer', 'dataset_alias_example_alias_producer', 'dataset_alias_example_alias_consumer', 'dataset_s3_bucket_producer' retrieved from /home/airflow/.local/lib/python3.12/site-packages/airflow/example_dags/example_dataset_alias.py
[2025-05-07T13:50:12.771+0000] {logging_mixin.py:190} INFO - [2025-05-07T13:50:12.771+0000] {dag.py:3239} INFO - Sync 4 DAGs
[2025-05-07T13:50:12.838+0000] {logging_mixin.py:190} INFO - [2025-05-07T13:50:12.837+0000] {dag.py:4180} INFO - Setting next_dagrun for dataset_alias_example_alias_consumer to None, run_after=None
[2025-05-07T13:50:12.846+0000] {logging_mixin.py:190} INFO - [2025-05-07T13:50:12.845+0000] {dag.py:4180} INFO - Setting next_dagrun for dataset_alias_example_alias_producer to None, run_after=None
[2025-05-07T13:50:12.849+0000] {logging_mixin.py:190} INFO - [2025-05-07T13:50:12.849+0000] {dag.py:4180} INFO - Setting next_dagrun for dataset_s3_bucket_consumer to None, run_after=None
[2025-05-07T13:50:12.853+0000] {logging_mixin.py:190} INFO - [2025-05-07T13:50:12.852+0000] {dag.py:4180} INFO - Setting next_dagrun for dataset_s3_bucket_producer to None, run_after=None
[2025-05-07T13:50:12.920+0000] {processor.py:208} INFO - Processing /home/airflow/.local/lib/python3.12/site-packages/airflow/example_dags/example_dataset_alias.py took 1.880 seconds
[2025-05-07T13:50:53.190+0000] {processor.py:186} INFO - Started process (PID=1001) to work on /home/airflow/.local/lib/python3.12/site-packages/airflow/example_dags/example_dataset_alias.py
[2025-05-07T13:50:53.198+0000] {processor.py:914} INFO - Processing file /home/airflow/.local/lib/python3.12/site-packages/airflow/example_dags/example_dataset_alias.py for tasks to queue
[2025-05-07T13:50:53.210+0000] {logging_mixin.py:190} INFO - [2025-05-07T13:50:53.209+0000] {dagbag.py:588} INFO - Filling up the DagBag from /home/airflow/.local/lib/python3.12/site-packages/airflow/example_dags/example_dataset_alias.py
[2025-05-07T13:50:54.091+0000] {processor.py:925} INFO - DAG(s) 'dataset_s3_bucket_consumer', 'dataset_alias_example_alias_producer', 'dataset_s3_bucket_producer', 'dataset_alias_example_alias_consumer' retrieved from /home/airflow/.local/lib/python3.12/site-packages/airflow/example_dags/example_dataset_alias.py
[2025-05-07T13:50:54.194+0000] {logging_mixin.py:190} INFO - [2025-05-07T13:50:54.194+0000] {dag.py:3239} INFO - Sync 4 DAGs
[2025-05-07T13:50:54.272+0000] {logging_mixin.py:190} INFO - [2025-05-07T13:50:54.271+0000] {dag.py:4180} INFO - Setting next_dagrun for dataset_alias_example_alias_consumer to None, run_after=None
[2025-05-07T13:50:54.279+0000] {logging_mixin.py:190} INFO - [2025-05-07T13:50:54.279+0000] {dag.py:4180} INFO - Setting next_dagrun for dataset_alias_example_alias_producer to None, run_after=None
[2025-05-07T13:50:54.282+0000] {logging_mixin.py:190} INFO - [2025-05-07T13:50:54.282+0000] {dag.py:4180} INFO - Setting next_dagrun for dataset_s3_bucket_consumer to None, run_after=None
[2025-05-07T13:50:54.285+0000] {logging_mixin.py:190} INFO - [2025-05-07T13:50:54.284+0000] {dag.py:4180} INFO - Setting next_dagrun for dataset_s3_bucket_producer to None, run_after=None
[2025-05-07T13:50:54.340+0000] {processor.py:208} INFO - Processing /home/airflow/.local/lib/python3.12/site-packages/airflow/example_dags/example_dataset_alias.py took 1.165 seconds
[2025-05-07T13:51:25.694+0000] {processor.py:186} INFO - Started process (PID=1065) to work on /home/airflow/.local/lib/python3.12/site-packages/airflow/example_dags/example_dataset_alias.py
[2025-05-07T13:51:25.697+0000] {processor.py:914} INFO - Processing file /home/airflow/.local/lib/python3.12/site-packages/airflow/example_dags/example_dataset_alias.py for tasks to queue
[2025-05-07T13:51:25.705+0000] {logging_mixin.py:190} INFO - [2025-05-07T13:51:25.704+0000] {dagbag.py:588} INFO - Filling up the DagBag from /home/airflow/.local/lib/python3.12/site-packages/airflow/example_dags/example_dataset_alias.py
[2025-05-07T13:51:26.749+0000] {processor.py:925} INFO - DAG(s) 'dataset_s3_bucket_consumer', 'dataset_s3_bucket_producer', 'dataset_alias_example_alias_consumer', 'dataset_alias_example_alias_producer' retrieved from /home/airflow/.local/lib/python3.12/site-packages/airflow/example_dags/example_dataset_alias.py
[2025-05-07T13:51:26.815+0000] {logging_mixin.py:190} INFO - [2025-05-07T13:51:26.814+0000] {dag.py:3239} INFO - Sync 4 DAGs
[2025-05-07T13:51:26.881+0000] {logging_mixin.py:190} INFO - [2025-05-07T13:51:26.881+0000] {dag.py:4180} INFO - Setting next_dagrun for dataset_alias_example_alias_consumer to None, run_after=None
[2025-05-07T13:51:26.889+0000] {logging_mixin.py:190} INFO - [2025-05-07T13:51:26.889+0000] {dag.py:4180} INFO - Setting next_dagrun for dataset_alias_example_alias_producer to None, run_after=None
[2025-05-07T13:51:26.893+0000] {logging_mixin.py:190} INFO - [2025-05-07T13:51:26.892+0000] {dag.py:4180} INFO - Setting next_dagrun for dataset_s3_bucket_consumer to None, run_after=None
[2025-05-07T13:51:26.895+0000] {logging_mixin.py:190} INFO - [2025-05-07T13:51:26.895+0000] {dag.py:4180} INFO - Setting next_dagrun for dataset_s3_bucket_producer to None, run_after=None
[2025-05-07T13:51:26.951+0000] {processor.py:208} INFO - Processing /home/airflow/.local/lib/python3.12/site-packages/airflow/example_dags/example_dataset_alias.py took 1.269 seconds
[2025-05-07T13:52:02.991+0000] {processor.py:186} INFO - Started process (PID=1119) to work on /home/airflow/.local/lib/python3.12/site-packages/airflow/example_dags/example_dataset_alias.py
[2025-05-07T13:52:02.996+0000] {processor.py:914} INFO - Processing file /home/airflow/.local/lib/python3.12/site-packages/airflow/example_dags/example_dataset_alias.py for tasks to queue
[2025-05-07T13:52:03.002+0000] {logging_mixin.py:190} INFO - [2025-05-07T13:52:03.001+0000] {dagbag.py:588} INFO - Filling up the DagBag from /home/airflow/.local/lib/python3.12/site-packages/airflow/example_dags/example_dataset_alias.py
[2025-05-07T13:52:06.047+0000] {processor.py:925} INFO - DAG(s) 'dataset_alias_example_alias_producer', 'dataset_s3_bucket_consumer', 'dataset_alias_example_alias_consumer', 'dataset_s3_bucket_producer' retrieved from /home/airflow/.local/lib/python3.12/site-packages/airflow/example_dags/example_dataset_alias.py
[2025-05-07T13:52:07.047+0000] {logging_mixin.py:190} INFO - [2025-05-07T13:52:07.046+0000] {dag.py:3239} INFO - Sync 4 DAGs
[2025-05-07T13:52:07.127+0000] {logging_mixin.py:190} INFO - [2025-05-07T13:52:07.127+0000] {dag.py:4180} INFO - Setting next_dagrun for dataset_alias_example_alias_consumer to None, run_after=None
[2025-05-07T13:52:07.133+0000] {logging_mixin.py:190} INFO - [2025-05-07T13:52:07.133+0000] {dag.py:4180} INFO - Setting next_dagrun for dataset_alias_example_alias_producer to None, run_after=None
[2025-05-07T13:52:07.140+0000] {logging_mixin.py:190} INFO - [2025-05-07T13:52:07.138+0000] {dag.py:4180} INFO - Setting next_dagrun for dataset_s3_bucket_consumer to None, run_after=None
[2025-05-07T13:52:07.147+0000] {logging_mixin.py:190} INFO - [2025-05-07T13:52:07.147+0000] {dag.py:4180} INFO - Setting next_dagrun for dataset_s3_bucket_producer to None, run_after=None
[2025-05-07T13:52:07.687+0000] {processor.py:208} INFO - Processing /home/airflow/.local/lib/python3.12/site-packages/airflow/example_dags/example_dataset_alias.py took 4.710 seconds
[2025-05-07T13:52:43.989+0000] {processor.py:186} INFO - Started process (PID=1186) to work on /home/airflow/.local/lib/python3.12/site-packages/airflow/example_dags/example_dataset_alias.py
[2025-05-07T13:52:43.999+0000] {processor.py:914} INFO - Processing file /home/airflow/.local/lib/python3.12/site-packages/airflow/example_dags/example_dataset_alias.py for tasks to queue
[2025-05-07T13:52:44.031+0000] {logging_mixin.py:190} INFO - [2025-05-07T13:52:44.030+0000] {dagbag.py:588} INFO - Filling up the DagBag from /home/airflow/.local/lib/python3.12/site-packages/airflow/example_dags/example_dataset_alias.py
[2025-05-07T13:52:45.433+0000] {processor.py:925} INFO - DAG(s) 'dataset_alias_example_alias_consumer', 'dataset_alias_example_alias_producer', 'dataset_s3_bucket_consumer', 'dataset_s3_bucket_producer' retrieved from /home/airflow/.local/lib/python3.12/site-packages/airflow/example_dags/example_dataset_alias.py
[2025-05-07T13:52:45.580+0000] {logging_mixin.py:190} INFO - [2025-05-07T13:52:45.579+0000] {dag.py:3239} INFO - Sync 4 DAGs
[2025-05-07T13:52:45.660+0000] {logging_mixin.py:190} INFO - [2025-05-07T13:52:45.659+0000] {dag.py:4180} INFO - Setting next_dagrun for dataset_alias_example_alias_consumer to None, run_after=None
[2025-05-07T13:52:45.669+0000] {logging_mixin.py:190} INFO - [2025-05-07T13:52:45.669+0000] {dag.py:4180} INFO - Setting next_dagrun for dataset_alias_example_alias_producer to None, run_after=None
[2025-05-07T13:52:45.679+0000] {logging_mixin.py:190} INFO - [2025-05-07T13:52:45.678+0000] {dag.py:4180} INFO - Setting next_dagrun for dataset_s3_bucket_consumer to None, run_after=None
[2025-05-07T13:52:45.688+0000] {logging_mixin.py:190} INFO - [2025-05-07T13:52:45.687+0000] {dag.py:4180} INFO - Setting next_dagrun for dataset_s3_bucket_producer to None, run_after=None
[2025-05-07T13:52:45.799+0000] {processor.py:208} INFO - Processing /home/airflow/.local/lib/python3.12/site-packages/airflow/example_dags/example_dataset_alias.py took 1.822 seconds
[2025-05-07T13:53:19.362+0000] {processor.py:186} INFO - Started process (PID=1250) to work on /home/airflow/.local/lib/python3.12/site-packages/airflow/example_dags/example_dataset_alias.py
[2025-05-07T13:53:19.368+0000] {processor.py:914} INFO - Processing file /home/airflow/.local/lib/python3.12/site-packages/airflow/example_dags/example_dataset_alias.py for tasks to queue
[2025-05-07T13:53:19.381+0000] {logging_mixin.py:190} INFO - [2025-05-07T13:53:19.381+0000] {dagbag.py:588} INFO - Filling up the DagBag from /home/airflow/.local/lib/python3.12/site-packages/airflow/example_dags/example_dataset_alias.py
[2025-05-07T13:53:20.423+0000] {processor.py:925} INFO - DAG(s) 'dataset_s3_bucket_producer', 'dataset_s3_bucket_consumer', 'dataset_alias_example_alias_consumer', 'dataset_alias_example_alias_producer' retrieved from /home/airflow/.local/lib/python3.12/site-packages/airflow/example_dags/example_dataset_alias.py
[2025-05-07T13:53:20.567+0000] {logging_mixin.py:190} INFO - [2025-05-07T13:53:20.567+0000] {dag.py:3239} INFO - Sync 4 DAGs
[2025-05-07T13:53:20.818+0000] {logging_mixin.py:190} INFO - [2025-05-07T13:53:20.818+0000] {dag.py:4180} INFO - Setting next_dagrun for dataset_alias_example_alias_consumer to None, run_after=None
[2025-05-07T13:53:20.832+0000] {logging_mixin.py:190} INFO - [2025-05-07T13:53:20.831+0000] {dag.py:4180} INFO - Setting next_dagrun for dataset_alias_example_alias_producer to None, run_after=None
[2025-05-07T13:53:20.899+0000] {logging_mixin.py:190} INFO - [2025-05-07T13:53:20.898+0000] {dag.py:4180} INFO - Setting next_dagrun for dataset_s3_bucket_consumer to None, run_after=None
[2025-05-07T13:53:20.910+0000] {logging_mixin.py:190} INFO - [2025-05-07T13:53:20.905+0000] {dag.py:4180} INFO - Setting next_dagrun for dataset_s3_bucket_producer to None, run_after=None
[2025-05-07T13:53:21.336+0000] {processor.py:208} INFO - Processing /home/airflow/.local/lib/python3.12/site-packages/airflow/example_dags/example_dataset_alias.py took 1.991 seconds
[2025-05-07T13:54:14.116+0000] {processor.py:186} INFO - Started process (PID=1315) to work on /home/airflow/.local/lib/python3.12/site-packages/airflow/example_dags/example_dataset_alias.py
[2025-05-07T13:54:14.120+0000] {processor.py:914} INFO - Processing file /home/airflow/.local/lib/python3.12/site-packages/airflow/example_dags/example_dataset_alias.py for tasks to queue
[2025-05-07T13:54:14.141+0000] {logging_mixin.py:190} INFO - [2025-05-07T13:54:14.140+0000] {dagbag.py:588} INFO - Filling up the DagBag from /home/airflow/.local/lib/python3.12/site-packages/airflow/example_dags/example_dataset_alias.py
[2025-05-07T13:54:16.906+0000] {processor.py:925} INFO - DAG(s) 'dataset_s3_bucket_producer', 'dataset_alias_example_alias_consumer', 'dataset_s3_bucket_consumer', 'dataset_alias_example_alias_producer' retrieved from /home/airflow/.local/lib/python3.12/site-packages/airflow/example_dags/example_dataset_alias.py
[2025-05-07T13:54:16.959+0000] {logging_mixin.py:190} INFO - [2025-05-07T13:54:16.958+0000] {dag.py:3239} INFO - Sync 4 DAGs
[2025-05-07T13:54:17.026+0000] {logging_mixin.py:190} INFO - [2025-05-07T13:54:17.026+0000] {dag.py:4180} INFO - Setting next_dagrun for dataset_alias_example_alias_consumer to None, run_after=None
[2025-05-07T13:54:17.032+0000] {logging_mixin.py:190} INFO - [2025-05-07T13:54:17.032+0000] {dag.py:4180} INFO - Setting next_dagrun for dataset_alias_example_alias_producer to None, run_after=None
[2025-05-07T13:54:17.035+0000] {logging_mixin.py:190} INFO - [2025-05-07T13:54:17.035+0000] {dag.py:4180} INFO - Setting next_dagrun for dataset_s3_bucket_consumer to None, run_after=None
[2025-05-07T13:54:17.038+0000] {logging_mixin.py:190} INFO - [2025-05-07T13:54:17.037+0000] {dag.py:4180} INFO - Setting next_dagrun for dataset_s3_bucket_producer to None, run_after=None
[2025-05-07T13:54:17.151+0000] {processor.py:208} INFO - Processing /home/airflow/.local/lib/python3.12/site-packages/airflow/example_dags/example_dataset_alias.py took 3.054 seconds
[2025-05-07T13:55:07.511+0000] {processor.py:186} INFO - Started process (PID=1387) to work on /home/airflow/.local/lib/python3.12/site-packages/airflow/example_dags/example_dataset_alias.py
[2025-05-07T13:55:07.516+0000] {processor.py:914} INFO - Processing file /home/airflow/.local/lib/python3.12/site-packages/airflow/example_dags/example_dataset_alias.py for tasks to queue
[2025-05-07T13:55:07.522+0000] {logging_mixin.py:190} INFO - [2025-05-07T13:55:07.521+0000] {dagbag.py:588} INFO - Filling up the DagBag from /home/airflow/.local/lib/python3.12/site-packages/airflow/example_dags/example_dataset_alias.py
[2025-05-07T13:55:08.670+0000] {processor.py:925} INFO - DAG(s) 'dataset_alias_example_alias_consumer', 'dataset_alias_example_alias_producer', 'dataset_s3_bucket_producer', 'dataset_s3_bucket_consumer' retrieved from /home/airflow/.local/lib/python3.12/site-packages/airflow/example_dags/example_dataset_alias.py
[2025-05-07T13:55:09.017+0000] {logging_mixin.py:190} INFO - [2025-05-07T13:55:09.017+0000] {dag.py:3239} INFO - Sync 4 DAGs
[2025-05-07T13:55:09.179+0000] {logging_mixin.py:190} INFO - [2025-05-07T13:55:09.178+0000] {dag.py:4180} INFO - Setting next_dagrun for dataset_alias_example_alias_consumer to None, run_after=None
[2025-05-07T13:55:09.185+0000] {logging_mixin.py:190} INFO - [2025-05-07T13:55:09.184+0000] {dag.py:4180} INFO - Setting next_dagrun for dataset_alias_example_alias_producer to None, run_after=None
[2025-05-07T13:55:09.188+0000] {logging_mixin.py:190} INFO - [2025-05-07T13:55:09.188+0000] {dag.py:4180} INFO - Setting next_dagrun for dataset_s3_bucket_consumer to None, run_after=None
[2025-05-07T13:55:09.191+0000] {logging_mixin.py:190} INFO - [2025-05-07T13:55:09.191+0000] {dag.py:4180} INFO - Setting next_dagrun for dataset_s3_bucket_producer to None, run_after=None
[2025-05-07T13:55:09.254+0000] {processor.py:208} INFO - Processing /home/airflow/.local/lib/python3.12/site-packages/airflow/example_dags/example_dataset_alias.py took 1.757 seconds
