[2025-05-07T13:38:58.269+0000] {processor.py:186} INFO - Started process (PID=73) to work on /home/airflow/.local/lib/python3.12/site-packages/airflow/example_dags/example_short_circuit_operator.py
[2025-05-07T13:38:58.271+0000] {processor.py:914} INFO - Processing file /home/airflow/.local/lib/python3.12/site-packages/airflow/example_dags/example_short_circuit_operator.py for tasks to queue
[2025-05-07T13:38:58.279+0000] {logging_mixin.py:190} INFO - [2025-05-07T13:38:58.277+0000] {dagbag.py:588} INFO - Filling up the DagBag from /home/airflow/.local/lib/python3.12/site-packages/airflow/example_dags/example_short_circuit_operator.py
[2025-05-07T13:38:58.346+0000] {processor.py:925} INFO - DAG(s) 'example_short_circuit_operator' retrieved from /home/airflow/.local/lib/python3.12/site-packages/airflow/example_dags/example_short_circuit_operator.py
[2025-05-07T13:38:59.393+0000] {logging_mixin.py:190} INFO - [2025-05-07T13:38:59.391+0000] {dag.py:3239} INFO - Sync 1 DAGs
[2025-05-07T13:38:59.455+0000] {logging_mixin.py:190} INFO - [2025-05-07T13:38:59.454+0000] {dag.py:4180} INFO - Setting next_dagrun for example_short_circuit_operator to None, run_after=None
[2025-05-07T13:38:59.771+0000] {processor.py:208} INFO - Processing /home/airflow/.local/lib/python3.12/site-packages/airflow/example_dags/example_short_circuit_operator.py took 1.549 seconds
[2025-05-07T13:40:03.800+0000] {processor.py:186} INFO - Started process (PID=145) to work on /home/airflow/.local/lib/python3.12/site-packages/airflow/example_dags/example_short_circuit_operator.py
[2025-05-07T13:40:03.804+0000] {processor.py:914} INFO - Processing file /home/airflow/.local/lib/python3.12/site-packages/airflow/example_dags/example_short_circuit_operator.py for tasks to queue
[2025-05-07T13:40:03.814+0000] {logging_mixin.py:190} INFO - [2025-05-07T13:40:03.813+0000] {dagbag.py:588} INFO - Filling up the DagBag from /home/airflow/.local/lib/python3.12/site-packages/airflow/example_dags/example_short_circuit_operator.py
[2025-05-07T13:40:03.832+0000] {processor.py:925} INFO - DAG(s) 'example_short_circuit_operator' retrieved from /home/airflow/.local/lib/python3.12/site-packages/airflow/example_dags/example_short_circuit_operator.py
[2025-05-07T13:40:04.161+0000] {logging_mixin.py:190} INFO - [2025-05-07T13:40:04.160+0000] {dag.py:3239} INFO - Sync 1 DAGs
[2025-05-07T13:40:04.233+0000] {logging_mixin.py:190} INFO - [2025-05-07T13:40:04.232+0000] {dag.py:4180} INFO - Setting next_dagrun for example_short_circuit_operator to None, run_after=None
[2025-05-07T13:40:04.286+0000] {processor.py:208} INFO - Processing /home/airflow/.local/lib/python3.12/site-packages/airflow/example_dags/example_short_circuit_operator.py took 0.659 seconds
[2025-05-07T13:40:41.358+0000] {processor.py:186} INFO - Started process (PID=216) to work on /home/airflow/.local/lib/python3.12/site-packages/airflow/example_dags/example_short_circuit_operator.py
[2025-05-07T13:40:41.360+0000] {processor.py:914} INFO - Processing file /home/airflow/.local/lib/python3.12/site-packages/airflow/example_dags/example_short_circuit_operator.py for tasks to queue
[2025-05-07T13:40:41.367+0000] {logging_mixin.py:190} INFO - [2025-05-07T13:40:41.365+0000] {dagbag.py:588} INFO - Filling up the DagBag from /home/airflow/.local/lib/python3.12/site-packages/airflow/example_dags/example_short_circuit_operator.py
[2025-05-07T13:40:41.391+0000] {processor.py:925} INFO - DAG(s) 'example_short_circuit_operator' retrieved from /home/airflow/.local/lib/python3.12/site-packages/airflow/example_dags/example_short_circuit_operator.py
[2025-05-07T13:40:41.739+0000] {logging_mixin.py:190} INFO - [2025-05-07T13:40:41.736+0000] {dag.py:3239} INFO - Sync 1 DAGs
[2025-05-07T13:40:41.814+0000] {logging_mixin.py:190} INFO - [2025-05-07T13:40:41.813+0000] {dag.py:4180} INFO - Setting next_dagrun for example_short_circuit_operator to None, run_after=None
[2025-05-07T13:40:41.873+0000] {processor.py:208} INFO - Processing /home/airflow/.local/lib/python3.12/site-packages/airflow/example_dags/example_short_circuit_operator.py took 0.528 seconds
[2025-05-07T13:41:21.044+0000] {processor.py:186} INFO - Started process (PID=282) to work on /home/airflow/.local/lib/python3.12/site-packages/airflow/example_dags/example_short_circuit_operator.py
[2025-05-07T13:41:21.047+0000] {processor.py:914} INFO - Processing file /home/airflow/.local/lib/python3.12/site-packages/airflow/example_dags/example_short_circuit_operator.py for tasks to queue
[2025-05-07T13:41:21.052+0000] {logging_mixin.py:190} INFO - [2025-05-07T13:41:21.051+0000] {dagbag.py:588} INFO - Filling up the DagBag from /home/airflow/.local/lib/python3.12/site-packages/airflow/example_dags/example_short_circuit_operator.py
[2025-05-07T13:41:21.070+0000] {processor.py:925} INFO - DAG(s) 'example_short_circuit_operator' retrieved from /home/airflow/.local/lib/python3.12/site-packages/airflow/example_dags/example_short_circuit_operator.py
[2025-05-07T13:41:21.202+0000] {logging_mixin.py:190} INFO - [2025-05-07T13:41:21.202+0000] {dag.py:3239} INFO - Sync 1 DAGs
[2025-05-07T13:41:21.251+0000] {logging_mixin.py:190} INFO - [2025-05-07T13:41:21.251+0000] {dag.py:4180} INFO - Setting next_dagrun for example_short_circuit_operator to None, run_after=None
[2025-05-07T13:41:21.334+0000] {processor.py:208} INFO - Processing /home/airflow/.local/lib/python3.12/site-packages/airflow/example_dags/example_short_circuit_operator.py took 0.308 seconds
[2025-05-07T13:42:20.619+0000] {processor.py:186} INFO - Started process (PID=347) to work on /home/airflow/.local/lib/python3.12/site-packages/airflow/example_dags/example_short_circuit_operator.py
[2025-05-07T13:42:20.622+0000] {processor.py:914} INFO - Processing file /home/airflow/.local/lib/python3.12/site-packages/airflow/example_dags/example_short_circuit_operator.py for tasks to queue
[2025-05-07T13:42:20.628+0000] {logging_mixin.py:190} INFO - [2025-05-07T13:42:20.627+0000] {dagbag.py:588} INFO - Filling up the DagBag from /home/airflow/.local/lib/python3.12/site-packages/airflow/example_dags/example_short_circuit_operator.py
[2025-05-07T13:42:20.653+0000] {processor.py:925} INFO - DAG(s) 'example_short_circuit_operator' retrieved from /home/airflow/.local/lib/python3.12/site-packages/airflow/example_dags/example_short_circuit_operator.py
[2025-05-07T13:42:20.760+0000] {logging_mixin.py:190} INFO - [2025-05-07T13:42:20.760+0000] {dag.py:3239} INFO - Sync 1 DAGs
[2025-05-07T13:42:20.796+0000] {logging_mixin.py:190} INFO - [2025-05-07T13:42:20.796+0000] {dag.py:4180} INFO - Setting next_dagrun for example_short_circuit_operator to None, run_after=None
[2025-05-07T13:42:20.913+0000] {processor.py:208} INFO - Processing /home/airflow/.local/lib/python3.12/site-packages/airflow/example_dags/example_short_circuit_operator.py took 0.317 seconds
[2025-05-07T13:43:12.097+0000] {processor.py:186} INFO - Started process (PID=412) to work on /home/airflow/.local/lib/python3.12/site-packages/airflow/example_dags/example_short_circuit_operator.py
[2025-05-07T13:43:12.101+0000] {processor.py:914} INFO - Processing file /home/airflow/.local/lib/python3.12/site-packages/airflow/example_dags/example_short_circuit_operator.py for tasks to queue
[2025-05-07T13:43:12.109+0000] {logging_mixin.py:190} INFO - [2025-05-07T13:43:12.107+0000] {dagbag.py:588} INFO - Filling up the DagBag from /home/airflow/.local/lib/python3.12/site-packages/airflow/example_dags/example_short_circuit_operator.py
[2025-05-07T13:43:12.139+0000] {processor.py:925} INFO - DAG(s) 'example_short_circuit_operator' retrieved from /home/airflow/.local/lib/python3.12/site-packages/airflow/example_dags/example_short_circuit_operator.py
[2025-05-07T13:43:13.214+0000] {logging_mixin.py:190} INFO - [2025-05-07T13:43:13.214+0000] {dag.py:3239} INFO - Sync 1 DAGs
[2025-05-07T13:43:13.285+0000] {logging_mixin.py:190} INFO - [2025-05-07T13:43:13.285+0000] {dag.py:4180} INFO - Setting next_dagrun for example_short_circuit_operator to None, run_after=None
[2025-05-07T13:43:13.419+0000] {processor.py:208} INFO - Processing /home/airflow/.local/lib/python3.12/site-packages/airflow/example_dags/example_short_circuit_operator.py took 1.357 seconds
[2025-05-07T13:44:21.723+0000] {processor.py:186} INFO - Started process (PID=482) to work on /home/airflow/.local/lib/python3.12/site-packages/airflow/example_dags/example_short_circuit_operator.py
[2025-05-07T13:44:22.629+0000] {processor.py:914} INFO - Processing file /home/airflow/.local/lib/python3.12/site-packages/airflow/example_dags/example_short_circuit_operator.py for tasks to queue
[2025-05-07T13:44:22.720+0000] {logging_mixin.py:190} INFO - [2025-05-07T13:44:22.719+0000] {dagbag.py:588} INFO - Filling up the DagBag from /home/airflow/.local/lib/python3.12/site-packages/airflow/example_dags/example_short_circuit_operator.py
[2025-05-07T13:44:22.737+0000] {processor.py:925} INFO - DAG(s) 'example_short_circuit_operator' retrieved from /home/airflow/.local/lib/python3.12/site-packages/airflow/example_dags/example_short_circuit_operator.py
[2025-05-07T13:44:23.595+0000] {logging_mixin.py:190} INFO - [2025-05-07T13:44:23.594+0000] {dag.py:3239} INFO - Sync 1 DAGs
[2025-05-07T13:44:23.910+0000] {logging_mixin.py:190} INFO - [2025-05-07T13:44:23.910+0000] {dag.py:4180} INFO - Setting next_dagrun for example_short_circuit_operator to None, run_after=None
[2025-05-07T13:44:24.675+0000] {processor.py:208} INFO - Processing /home/airflow/.local/lib/python3.12/site-packages/airflow/example_dags/example_short_circuit_operator.py took 2.965 seconds
[2025-05-07T13:45:23.156+0000] {processor.py:186} INFO - Started process (PID=552) to work on /home/airflow/.local/lib/python3.12/site-packages/airflow/example_dags/example_short_circuit_operator.py
[2025-05-07T13:45:23.162+0000] {processor.py:914} INFO - Processing file /home/airflow/.local/lib/python3.12/site-packages/airflow/example_dags/example_short_circuit_operator.py for tasks to queue
[2025-05-07T13:45:23.170+0000] {logging_mixin.py:190} INFO - [2025-05-07T13:45:23.169+0000] {dagbag.py:588} INFO - Filling up the DagBag from /home/airflow/.local/lib/python3.12/site-packages/airflow/example_dags/example_short_circuit_operator.py
[2025-05-07T13:45:23.193+0000] {processor.py:925} INFO - DAG(s) 'example_short_circuit_operator' retrieved from /home/airflow/.local/lib/python3.12/site-packages/airflow/example_dags/example_short_circuit_operator.py
[2025-05-07T13:45:23.723+0000] {logging_mixin.py:190} INFO - [2025-05-07T13:45:23.722+0000] {dag.py:3239} INFO - Sync 1 DAGs
[2025-05-07T13:45:23.817+0000] {logging_mixin.py:190} INFO - [2025-05-07T13:45:23.817+0000] {dag.py:4180} INFO - Setting next_dagrun for example_short_circuit_operator to None, run_after=None
[2025-05-07T13:45:24.060+0000] {processor.py:208} INFO - Processing /home/airflow/.local/lib/python3.12/site-packages/airflow/example_dags/example_short_circuit_operator.py took 0.929 seconds
[2025-05-07T13:46:04.705+0000] {processor.py:186} INFO - Started process (PID=624) to work on /home/airflow/.local/lib/python3.12/site-packages/airflow/example_dags/example_short_circuit_operator.py
[2025-05-07T13:46:04.707+0000] {processor.py:914} INFO - Processing file /home/airflow/.local/lib/python3.12/site-packages/airflow/example_dags/example_short_circuit_operator.py for tasks to queue
[2025-05-07T13:46:04.712+0000] {logging_mixin.py:190} INFO - [2025-05-07T13:46:04.712+0000] {dagbag.py:588} INFO - Filling up the DagBag from /home/airflow/.local/lib/python3.12/site-packages/airflow/example_dags/example_short_circuit_operator.py
[2025-05-07T13:46:04.729+0000] {processor.py:925} INFO - DAG(s) 'example_short_circuit_operator' retrieved from /home/airflow/.local/lib/python3.12/site-packages/airflow/example_dags/example_short_circuit_operator.py
[2025-05-07T13:46:04.805+0000] {logging_mixin.py:190} INFO - [2025-05-07T13:46:04.805+0000] {dag.py:3239} INFO - Sync 1 DAGs
[2025-05-07T13:46:04.851+0000] {logging_mixin.py:190} INFO - [2025-05-07T13:46:04.851+0000] {dag.py:4180} INFO - Setting next_dagrun for example_short_circuit_operator to None, run_after=None
[2025-05-07T13:46:05.063+0000] {processor.py:208} INFO - Processing /home/airflow/.local/lib/python3.12/site-packages/airflow/example_dags/example_short_circuit_operator.py took 0.370 seconds
[2025-05-07T13:46:38.337+0000] {processor.py:186} INFO - Started process (PID=679) to work on /home/airflow/.local/lib/python3.12/site-packages/airflow/example_dags/example_short_circuit_operator.py
[2025-05-07T13:46:38.341+0000] {processor.py:914} INFO - Processing file /home/airflow/.local/lib/python3.12/site-packages/airflow/example_dags/example_short_circuit_operator.py for tasks to queue
[2025-05-07T13:46:38.352+0000] {logging_mixin.py:190} INFO - [2025-05-07T13:46:38.348+0000] {dagbag.py:588} INFO - Filling up the DagBag from /home/airflow/.local/lib/python3.12/site-packages/airflow/example_dags/example_short_circuit_operator.py
[2025-05-07T13:46:38.384+0000] {processor.py:925} INFO - DAG(s) 'example_short_circuit_operator' retrieved from /home/airflow/.local/lib/python3.12/site-packages/airflow/example_dags/example_short_circuit_operator.py
[2025-05-07T13:46:38.491+0000] {logging_mixin.py:190} INFO - [2025-05-07T13:46:38.490+0000] {dag.py:3239} INFO - Sync 1 DAGs
[2025-05-07T13:46:38.547+0000] {logging_mixin.py:190} INFO - [2025-05-07T13:46:38.546+0000] {dag.py:4180} INFO - Setting next_dagrun for example_short_circuit_operator to None, run_after=None
[2025-05-07T13:46:38.602+0000] {processor.py:208} INFO - Processing /home/airflow/.local/lib/python3.12/site-packages/airflow/example_dags/example_short_circuit_operator.py took 0.282 seconds
[2025-05-07T13:47:13.694+0000] {processor.py:186} INFO - Started process (PID=739) to work on /home/airflow/.local/lib/python3.12/site-packages/airflow/example_dags/example_short_circuit_operator.py
[2025-05-07T13:47:13.697+0000] {processor.py:914} INFO - Processing file /home/airflow/.local/lib/python3.12/site-packages/airflow/example_dags/example_short_circuit_operator.py for tasks to queue
[2025-05-07T13:47:13.703+0000] {logging_mixin.py:190} INFO - [2025-05-07T13:47:13.702+0000] {dagbag.py:588} INFO - Filling up the DagBag from /home/airflow/.local/lib/python3.12/site-packages/airflow/example_dags/example_short_circuit_operator.py
[2025-05-07T13:47:13.721+0000] {processor.py:925} INFO - DAG(s) 'example_short_circuit_operator' retrieved from /home/airflow/.local/lib/python3.12/site-packages/airflow/example_dags/example_short_circuit_operator.py
[2025-05-07T13:47:13.793+0000] {logging_mixin.py:190} INFO - [2025-05-07T13:47:13.792+0000] {dag.py:3239} INFO - Sync 1 DAGs
[2025-05-07T13:47:13.829+0000] {logging_mixin.py:190} INFO - [2025-05-07T13:47:13.828+0000] {dag.py:4180} INFO - Setting next_dagrun for example_short_circuit_operator to None, run_after=None
[2025-05-07T13:47:14.258+0000] {processor.py:208} INFO - Processing /home/airflow/.local/lib/python3.12/site-packages/airflow/example_dags/example_short_circuit_operator.py took 0.577 seconds
[2025-05-07T13:48:46.829+0000] {processor.py:186} INFO - Started process (PID=831) to work on /home/airflow/.local/lib/python3.12/site-packages/airflow/example_dags/example_short_circuit_operator.py
[2025-05-07T13:48:47.016+0000] {processor.py:914} INFO - Processing file /home/airflow/.local/lib/python3.12/site-packages/airflow/example_dags/example_short_circuit_operator.py for tasks to queue
[2025-05-07T13:48:47.105+0000] {logging_mixin.py:190} INFO - [2025-05-07T13:48:47.104+0000] {dagbag.py:588} INFO - Filling up the DagBag from /home/airflow/.local/lib/python3.12/site-packages/airflow/example_dags/example_short_circuit_operator.py
[2025-05-07T13:48:47.274+0000] {processor.py:925} INFO - DAG(s) 'example_short_circuit_operator' retrieved from /home/airflow/.local/lib/python3.12/site-packages/airflow/example_dags/example_short_circuit_operator.py
[2025-05-07T13:48:47.919+0000] {logging_mixin.py:190} INFO - [2025-05-07T13:48:47.918+0000] {dag.py:3239} INFO - Sync 1 DAGs
[2025-05-07T13:48:47.961+0000] {logging_mixin.py:190} INFO - [2025-05-07T13:48:47.961+0000] {dag.py:4180} INFO - Setting next_dagrun for example_short_circuit_operator to None, run_after=None
[2025-05-07T13:48:48.567+0000] {processor.py:208} INFO - Processing /home/airflow/.local/lib/python3.12/site-packages/airflow/example_dags/example_short_circuit_operator.py took 1.754 seconds
[2025-05-07T13:49:38.684+0000] {processor.py:186} INFO - Started process (PID=896) to work on /home/airflow/.local/lib/python3.12/site-packages/airflow/example_dags/example_short_circuit_operator.py
[2025-05-07T13:49:38.808+0000] {processor.py:914} INFO - Processing file /home/airflow/.local/lib/python3.12/site-packages/airflow/example_dags/example_short_circuit_operator.py for tasks to queue
[2025-05-07T13:49:38.817+0000] {logging_mixin.py:190} INFO - [2025-05-07T13:49:38.816+0000] {dagbag.py:588} INFO - Filling up the DagBag from /home/airflow/.local/lib/python3.12/site-packages/airflow/example_dags/example_short_circuit_operator.py
[2025-05-07T13:49:38.841+0000] {processor.py:925} INFO - DAG(s) 'example_short_circuit_operator' retrieved from /home/airflow/.local/lib/python3.12/site-packages/airflow/example_dags/example_short_circuit_operator.py
[2025-05-07T13:49:38.925+0000] {logging_mixin.py:190} INFO - [2025-05-07T13:49:38.924+0000] {dag.py:3239} INFO - Sync 1 DAGs
[2025-05-07T13:49:38.970+0000] {logging_mixin.py:190} INFO - [2025-05-07T13:49:38.970+0000] {dag.py:4180} INFO - Setting next_dagrun for example_short_circuit_operator to None, run_after=None
[2025-05-07T13:49:39.017+0000] {processor.py:208} INFO - Processing /home/airflow/.local/lib/python3.12/site-packages/airflow/example_dags/example_short_circuit_operator.py took 0.348 seconds
[2025-05-07T13:50:33.743+0000] {processor.py:186} INFO - Started process (PID=968) to work on /home/airflow/.local/lib/python3.12/site-packages/airflow/example_dags/example_short_circuit_operator.py
[2025-05-07T13:50:33.750+0000] {processor.py:914} INFO - Processing file /home/airflow/.local/lib/python3.12/site-packages/airflow/example_dags/example_short_circuit_operator.py for tasks to queue
[2025-05-07T13:50:33.755+0000] {logging_mixin.py:190} INFO - [2025-05-07T13:50:33.754+0000] {dagbag.py:588} INFO - Filling up the DagBag from /home/airflow/.local/lib/python3.12/site-packages/airflow/example_dags/example_short_circuit_operator.py
[2025-05-07T13:50:33.773+0000] {processor.py:925} INFO - DAG(s) 'example_short_circuit_operator' retrieved from /home/airflow/.local/lib/python3.12/site-packages/airflow/example_dags/example_short_circuit_operator.py
[2025-05-07T13:50:33.846+0000] {logging_mixin.py:190} INFO - [2025-05-07T13:50:33.846+0000] {dag.py:3239} INFO - Sync 1 DAGs
[2025-05-07T13:50:33.896+0000] {logging_mixin.py:190} INFO - [2025-05-07T13:50:33.895+0000] {dag.py:4180} INFO - Setting next_dagrun for example_short_circuit_operator to None, run_after=None
[2025-05-07T13:50:33.954+0000] {processor.py:208} INFO - Processing /home/airflow/.local/lib/python3.12/site-packages/airflow/example_dags/example_short_circuit_operator.py took 0.224 seconds
[2025-05-07T13:51:13.496+0000] {processor.py:186} INFO - Started process (PID=1039) to work on /home/airflow/.local/lib/python3.12/site-packages/airflow/example_dags/example_short_circuit_operator.py
[2025-05-07T13:51:14.170+0000] {processor.py:914} INFO - Processing file /home/airflow/.local/lib/python3.12/site-packages/airflow/example_dags/example_short_circuit_operator.py for tasks to queue
[2025-05-07T13:51:14.187+0000] {logging_mixin.py:190} INFO - [2025-05-07T13:51:14.183+0000] {dagbag.py:588} INFO - Filling up the DagBag from /home/airflow/.local/lib/python3.12/site-packages/airflow/example_dags/example_short_circuit_operator.py
[2025-05-07T13:51:14.213+0000] {processor.py:925} INFO - DAG(s) 'example_short_circuit_operator' retrieved from /home/airflow/.local/lib/python3.12/site-packages/airflow/example_dags/example_short_circuit_operator.py
[2025-05-07T13:51:14.304+0000] {logging_mixin.py:190} INFO - [2025-05-07T13:51:14.303+0000] {dag.py:3239} INFO - Sync 1 DAGs
[2025-05-07T13:51:14.383+0000] {logging_mixin.py:190} INFO - [2025-05-07T13:51:14.382+0000] {dag.py:4180} INFO - Setting next_dagrun for example_short_circuit_operator to None, run_after=None
[2025-05-07T13:51:14.446+0000] {processor.py:208} INFO - Processing /home/airflow/.local/lib/python3.12/site-packages/airflow/example_dags/example_short_circuit_operator.py took 0.964 seconds
[2025-05-07T13:52:07.862+0000] {processor.py:186} INFO - Started process (PID=1122) to work on /home/airflow/.local/lib/python3.12/site-packages/airflow/example_dags/example_short_circuit_operator.py
[2025-05-07T13:52:07.927+0000] {processor.py:914} INFO - Processing file /home/airflow/.local/lib/python3.12/site-packages/airflow/example_dags/example_short_circuit_operator.py for tasks to queue
[2025-05-07T13:52:07.934+0000] {logging_mixin.py:190} INFO - [2025-05-07T13:52:07.934+0000] {dagbag.py:588} INFO - Filling up the DagBag from /home/airflow/.local/lib/python3.12/site-packages/airflow/example_dags/example_short_circuit_operator.py
[2025-05-07T13:52:07.957+0000] {processor.py:925} INFO - DAG(s) 'example_short_circuit_operator' retrieved from /home/airflow/.local/lib/python3.12/site-packages/airflow/example_dags/example_short_circuit_operator.py
[2025-05-07T13:52:08.207+0000] {logging_mixin.py:190} INFO - [2025-05-07T13:52:08.206+0000] {dag.py:3239} INFO - Sync 1 DAGs
[2025-05-07T13:52:08.662+0000] {logging_mixin.py:190} INFO - [2025-05-07T13:52:08.662+0000] {dag.py:4180} INFO - Setting next_dagrun for example_short_circuit_operator to None, run_after=None
[2025-05-07T13:52:10.126+0000] {processor.py:208} INFO - Processing /home/airflow/.local/lib/python3.12/site-packages/airflow/example_dags/example_short_circuit_operator.py took 2.279 seconds
[2025-05-07T13:52:47.328+0000] {processor.py:186} INFO - Started process (PID=1188) to work on /home/airflow/.local/lib/python3.12/site-packages/airflow/example_dags/example_short_circuit_operator.py
[2025-05-07T13:52:47.361+0000] {processor.py:914} INFO - Processing file /home/airflow/.local/lib/python3.12/site-packages/airflow/example_dags/example_short_circuit_operator.py for tasks to queue
[2025-05-07T13:52:47.396+0000] {logging_mixin.py:190} INFO - [2025-05-07T13:52:47.395+0000] {dagbag.py:588} INFO - Filling up the DagBag from /home/airflow/.local/lib/python3.12/site-packages/airflow/example_dags/example_short_circuit_operator.py
[2025-05-07T13:52:47.444+0000] {processor.py:925} INFO - DAG(s) 'example_short_circuit_operator' retrieved from /home/airflow/.local/lib/python3.12/site-packages/airflow/example_dags/example_short_circuit_operator.py
[2025-05-07T13:52:47.569+0000] {logging_mixin.py:190} INFO - [2025-05-07T13:52:47.569+0000] {dag.py:3239} INFO - Sync 1 DAGs
[2025-05-07T13:52:47.699+0000] {logging_mixin.py:190} INFO - [2025-05-07T13:52:47.699+0000] {dag.py:4180} INFO - Setting next_dagrun for example_short_circuit_operator to None, run_after=None
[2025-05-07T13:52:47.961+0000] {processor.py:208} INFO - Processing /home/airflow/.local/lib/python3.12/site-packages/airflow/example_dags/example_short_circuit_operator.py took 0.647 seconds
[2025-05-07T13:53:22.011+0000] {processor.py:186} INFO - Started process (PID=1253) to work on /home/airflow/.local/lib/python3.12/site-packages/airflow/example_dags/example_short_circuit_operator.py
[2025-05-07T13:53:22.108+0000] {processor.py:914} INFO - Processing file /home/airflow/.local/lib/python3.12/site-packages/airflow/example_dags/example_short_circuit_operator.py for tasks to queue
[2025-05-07T13:53:22.117+0000] {logging_mixin.py:190} INFO - [2025-05-07T13:53:22.116+0000] {dagbag.py:588} INFO - Filling up the DagBag from /home/airflow/.local/lib/python3.12/site-packages/airflow/example_dags/example_short_circuit_operator.py
[2025-05-07T13:53:22.132+0000] {processor.py:925} INFO - DAG(s) 'example_short_circuit_operator' retrieved from /home/airflow/.local/lib/python3.12/site-packages/airflow/example_dags/example_short_circuit_operator.py
[2025-05-07T13:53:22.408+0000] {logging_mixin.py:190} INFO - [2025-05-07T13:53:22.406+0000] {dag.py:3239} INFO - Sync 1 DAGs
[2025-05-07T13:53:22.472+0000] {logging_mixin.py:190} INFO - [2025-05-07T13:53:22.471+0000] {dag.py:4180} INFO - Setting next_dagrun for example_short_circuit_operator to None, run_after=None
[2025-05-07T13:53:22.790+0000] {processor.py:208} INFO - Processing /home/airflow/.local/lib/python3.12/site-packages/airflow/example_dags/example_short_circuit_operator.py took 0.798 seconds
[2025-05-07T13:54:17.580+0000] {processor.py:186} INFO - Started process (PID=1318) to work on /home/airflow/.local/lib/python3.12/site-packages/airflow/example_dags/example_short_circuit_operator.py
[2025-05-07T13:54:17.591+0000] {processor.py:914} INFO - Processing file /home/airflow/.local/lib/python3.12/site-packages/airflow/example_dags/example_short_circuit_operator.py for tasks to queue
[2025-05-07T13:54:17.673+0000] {logging_mixin.py:190} INFO - [2025-05-07T13:54:17.673+0000] {dagbag.py:588} INFO - Filling up the DagBag from /home/airflow/.local/lib/python3.12/site-packages/airflow/example_dags/example_short_circuit_operator.py
[2025-05-07T13:54:17.739+0000] {processor.py:925} INFO - DAG(s) 'example_short_circuit_operator' retrieved from /home/airflow/.local/lib/python3.12/site-packages/airflow/example_dags/example_short_circuit_operator.py
[2025-05-07T13:54:18.404+0000] {logging_mixin.py:190} INFO - [2025-05-07T13:54:18.404+0000] {dag.py:3239} INFO - Sync 1 DAGs
[2025-05-07T13:54:18.675+0000] {logging_mixin.py:190} INFO - [2025-05-07T13:54:18.674+0000] {dag.py:4180} INFO - Setting next_dagrun for example_short_circuit_operator to None, run_after=None
[2025-05-07T13:54:19.179+0000] {processor.py:208} INFO - Processing /home/airflow/.local/lib/python3.12/site-packages/airflow/example_dags/example_short_circuit_operator.py took 1.613 seconds
[2025-05-07T13:55:08.245+0000] {processor.py:186} INFO - Started process (PID=1390) to work on /home/airflow/.local/lib/python3.12/site-packages/airflow/example_dags/example_short_circuit_operator.py
[2025-05-07T13:55:08.250+0000] {processor.py:914} INFO - Processing file /home/airflow/.local/lib/python3.12/site-packages/airflow/example_dags/example_short_circuit_operator.py for tasks to queue
[2025-05-07T13:55:08.256+0000] {logging_mixin.py:190} INFO - [2025-05-07T13:55:08.256+0000] {dagbag.py:588} INFO - Filling up the DagBag from /home/airflow/.local/lib/python3.12/site-packages/airflow/example_dags/example_short_circuit_operator.py
[2025-05-07T13:55:08.276+0000] {processor.py:925} INFO - DAG(s) 'example_short_circuit_operator' retrieved from /home/airflow/.local/lib/python3.12/site-packages/airflow/example_dags/example_short_circuit_operator.py
[2025-05-07T13:55:08.433+0000] {logging_mixin.py:190} INFO - [2025-05-07T13:55:08.433+0000] {dag.py:3239} INFO - Sync 1 DAGs
[2025-05-07T13:55:08.494+0000] {logging_mixin.py:190} INFO - [2025-05-07T13:55:08.494+0000] {dag.py:4180} INFO - Setting next_dagrun for example_short_circuit_operator to None, run_after=None
[2025-05-07T13:55:08.560+0000] {processor.py:208} INFO - Processing /home/airflow/.local/lib/python3.12/site-packages/airflow/example_dags/example_short_circuit_operator.py took 0.329 seconds
