[2025-05-07T13:39:21.803+0000] {processor.py:186} INFO - Started process (PID=104) to work on /home/airflow/.local/lib/python3.12/site-packages/airflow/example_dags/example_display_name.py
[2025-05-07T13:39:21.805+0000] {processor.py:914} INFO - Processing file /home/airflow/.local/lib/python3.12/site-packages/airflow/example_dags/example_display_name.py for tasks to queue
[2025-05-07T13:39:22.505+0000] {logging_mixin.py:190} INFO - [2025-05-07T13:39:22.504+0000] {dagbag.py:588} INFO - Filling up the DagBag from /home/airflow/.local/lib/python3.12/site-packages/airflow/example_dags/example_display_name.py
[2025-05-07T13:39:22.520+0000] {processor.py:925} INFO - DAG(s) 'example_display_name' retrieved from /home/airflow/.local/lib/python3.12/site-packages/airflow/example_dags/example_display_name.py
[2025-05-07T13:39:23.696+0000] {logging_mixin.py:190} INFO - [2025-05-07T13:39:23.695+0000] {dag.py:3239} INFO - Sync 1 DAGs
[2025-05-07T13:39:23.801+0000] {logging_mixin.py:190} INFO - [2025-05-07T13:39:23.801+0000] {dag.py:4180} INFO - Setting next_dagrun for example_display_name to None, run_after=None
[2025-05-07T13:39:24.020+0000] {processor.py:208} INFO - Processing /home/airflow/.local/lib/python3.12/site-packages/airflow/example_dags/example_display_name.py took 2.268 seconds
[2025-05-07T13:40:17.289+0000] {processor.py:186} INFO - Started process (PID=177) to work on /home/airflow/.local/lib/python3.12/site-packages/airflow/example_dags/example_display_name.py
[2025-05-07T13:40:17.293+0000] {processor.py:914} INFO - Processing file /home/airflow/.local/lib/python3.12/site-packages/airflow/example_dags/example_display_name.py for tasks to queue
[2025-05-07T13:40:17.301+0000] {logging_mixin.py:190} INFO - [2025-05-07T13:40:17.300+0000] {dagbag.py:588} INFO - Filling up the DagBag from /home/airflow/.local/lib/python3.12/site-packages/airflow/example_dags/example_display_name.py
[2025-05-07T13:40:17.317+0000] {processor.py:925} INFO - DAG(s) 'example_display_name' retrieved from /home/airflow/.local/lib/python3.12/site-packages/airflow/example_dags/example_display_name.py
[2025-05-07T13:40:17.699+0000] {logging_mixin.py:190} INFO - [2025-05-07T13:40:17.698+0000] {dag.py:3239} INFO - Sync 1 DAGs
[2025-05-07T13:40:17.736+0000] {logging_mixin.py:190} INFO - [2025-05-07T13:40:17.735+0000] {dag.py:4180} INFO - Setting next_dagrun for example_display_name to None, run_after=None
[2025-05-07T13:40:17.815+0000] {processor.py:208} INFO - Processing /home/airflow/.local/lib/python3.12/site-packages/airflow/example_dags/example_display_name.py took 0.539 seconds
[2025-05-07T13:41:05.973+0000] {processor.py:186} INFO - Started process (PID=245) to work on /home/airflow/.local/lib/python3.12/site-packages/airflow/example_dags/example_display_name.py
[2025-05-07T13:41:05.988+0000] {processor.py:914} INFO - Processing file /home/airflow/.local/lib/python3.12/site-packages/airflow/example_dags/example_display_name.py for tasks to queue
[2025-05-07T13:41:06.010+0000] {logging_mixin.py:190} INFO - [2025-05-07T13:41:06.009+0000] {dagbag.py:588} INFO - Filling up the DagBag from /home/airflow/.local/lib/python3.12/site-packages/airflow/example_dags/example_display_name.py
[2025-05-07T13:41:06.087+0000] {processor.py:925} INFO - DAG(s) 'example_display_name' retrieved from /home/airflow/.local/lib/python3.12/site-packages/airflow/example_dags/example_display_name.py
[2025-05-07T13:41:06.250+0000] {logging_mixin.py:190} INFO - [2025-05-07T13:41:06.248+0000] {dag.py:3239} INFO - Sync 1 DAGs
[2025-05-07T13:41:06.350+0000] {logging_mixin.py:190} INFO - [2025-05-07T13:41:06.349+0000] {dag.py:4180} INFO - Setting next_dagrun for example_display_name to None, run_after=None
[2025-05-07T13:41:06.477+0000] {processor.py:208} INFO - Processing /home/airflow/.local/lib/python3.12/site-packages/airflow/example_dags/example_display_name.py took 0.516 seconds
[2025-05-07T13:42:04.521+0000] {processor.py:186} INFO - Started process (PID=322) to work on /home/airflow/.local/lib/python3.12/site-packages/airflow/example_dags/example_display_name.py
[2025-05-07T13:42:04.557+0000] {processor.py:914} INFO - Processing file /home/airflow/.local/lib/python3.12/site-packages/airflow/example_dags/example_display_name.py for tasks to queue
[2025-05-07T13:42:04.586+0000] {logging_mixin.py:190} INFO - [2025-05-07T13:42:04.585+0000] {dagbag.py:588} INFO - Filling up the DagBag from /home/airflow/.local/lib/python3.12/site-packages/airflow/example_dags/example_display_name.py
[2025-05-07T13:42:04.602+0000] {processor.py:925} INFO - DAG(s) 'example_display_name' retrieved from /home/airflow/.local/lib/python3.12/site-packages/airflow/example_dags/example_display_name.py
[2025-05-07T13:42:04.732+0000] {logging_mixin.py:190} INFO - [2025-05-07T13:42:04.731+0000] {dag.py:3239} INFO - Sync 1 DAGs
[2025-05-07T13:42:04.782+0000] {logging_mixin.py:190} INFO - [2025-05-07T13:42:04.781+0000] {dag.py:4180} INFO - Setting next_dagrun for example_display_name to None, run_after=None
[2025-05-07T13:42:05.033+0000] {processor.py:208} INFO - Processing /home/airflow/.local/lib/python3.12/site-packages/airflow/example_dags/example_display_name.py took 0.528 seconds
[2025-05-07T13:42:56.999+0000] {processor.py:186} INFO - Started process (PID=394) to work on /home/airflow/.local/lib/python3.12/site-packages/airflow/example_dags/example_display_name.py
[2025-05-07T13:42:57.810+0000] {processor.py:914} INFO - Processing file /home/airflow/.local/lib/python3.12/site-packages/airflow/example_dags/example_display_name.py for tasks to queue
[2025-05-07T13:42:57.847+0000] {logging_mixin.py:190} INFO - [2025-05-07T13:42:57.845+0000] {dagbag.py:588} INFO - Filling up the DagBag from /home/airflow/.local/lib/python3.12/site-packages/airflow/example_dags/example_display_name.py
[2025-05-07T13:42:57.869+0000] {processor.py:925} INFO - DAG(s) 'example_display_name' retrieved from /home/airflow/.local/lib/python3.12/site-packages/airflow/example_dags/example_display_name.py
[2025-05-07T13:42:58.442+0000] {logging_mixin.py:190} INFO - [2025-05-07T13:42:58.436+0000] {dag.py:3239} INFO - Sync 1 DAGs
[2025-05-07T13:42:58.539+0000] {logging_mixin.py:190} INFO - [2025-05-07T13:42:58.538+0000] {dag.py:4180} INFO - Setting next_dagrun for example_display_name to None, run_after=None
[2025-05-07T13:42:58.959+0000] {processor.py:208} INFO - Processing /home/airflow/.local/lib/python3.12/site-packages/airflow/example_dags/example_display_name.py took 1.971 seconds
[2025-05-07T13:44:31.541+0000] {processor.py:186} INFO - Started process (PID=491) to work on /home/airflow/.local/lib/python3.12/site-packages/airflow/example_dags/example_display_name.py
[2025-05-07T13:44:31.547+0000] {processor.py:914} INFO - Processing file /home/airflow/.local/lib/python3.12/site-packages/airflow/example_dags/example_display_name.py for tasks to queue
[2025-05-07T13:44:31.553+0000] {logging_mixin.py:190} INFO - [2025-05-07T13:44:31.553+0000] {dagbag.py:588} INFO - Filling up the DagBag from /home/airflow/.local/lib/python3.12/site-packages/airflow/example_dags/example_display_name.py
[2025-05-07T13:44:31.663+0000] {processor.py:925} INFO - DAG(s) 'example_display_name' retrieved from /home/airflow/.local/lib/python3.12/site-packages/airflow/example_dags/example_display_name.py
[2025-05-07T13:44:33.005+0000] {logging_mixin.py:190} INFO - [2025-05-07T13:44:33.002+0000] {dag.py:3239} INFO - Sync 1 DAGs
[2025-05-07T13:44:33.310+0000] {logging_mixin.py:190} INFO - [2025-05-07T13:44:33.310+0000] {dag.py:4180} INFO - Setting next_dagrun for example_display_name to None, run_after=None
[2025-05-07T13:44:33.996+0000] {processor.py:208} INFO - Processing /home/airflow/.local/lib/python3.12/site-packages/airflow/example_dags/example_display_name.py took 2.473 seconds
[2025-05-07T13:45:30.784+0000] {processor.py:186} INFO - Started process (PID=566) to work on /home/airflow/.local/lib/python3.12/site-packages/airflow/example_dags/example_display_name.py
[2025-05-07T13:45:30.792+0000] {processor.py:914} INFO - Processing file /home/airflow/.local/lib/python3.12/site-packages/airflow/example_dags/example_display_name.py for tasks to queue
[2025-05-07T13:45:30.804+0000] {logging_mixin.py:190} INFO - [2025-05-07T13:45:30.804+0000] {dagbag.py:588} INFO - Filling up the DagBag from /home/airflow/.local/lib/python3.12/site-packages/airflow/example_dags/example_display_name.py
[2025-05-07T13:45:30.854+0000] {processor.py:925} INFO - DAG(s) 'example_display_name' retrieved from /home/airflow/.local/lib/python3.12/site-packages/airflow/example_dags/example_display_name.py
[2025-05-07T13:45:30.942+0000] {logging_mixin.py:190} INFO - [2025-05-07T13:45:30.941+0000] {dag.py:3239} INFO - Sync 1 DAGs
[2025-05-07T13:45:30.983+0000] {logging_mixin.py:190} INFO - [2025-05-07T13:45:30.983+0000] {dag.py:4180} INFO - Setting next_dagrun for example_display_name to None, run_after=None
[2025-05-07T13:45:31.066+0000] {processor.py:208} INFO - Processing /home/airflow/.local/lib/python3.12/site-packages/airflow/example_dags/example_display_name.py took 0.314 seconds
[2025-05-07T13:46:08.011+0000] {processor.py:186} INFO - Started process (PID=631) to work on /home/airflow/.local/lib/python3.12/site-packages/airflow/example_dags/example_display_name.py
[2025-05-07T13:46:08.014+0000] {processor.py:914} INFO - Processing file /home/airflow/.local/lib/python3.12/site-packages/airflow/example_dags/example_display_name.py for tasks to queue
[2025-05-07T13:46:08.020+0000] {logging_mixin.py:190} INFO - [2025-05-07T13:46:08.019+0000] {dagbag.py:588} INFO - Filling up the DagBag from /home/airflow/.local/lib/python3.12/site-packages/airflow/example_dags/example_display_name.py
[2025-05-07T13:46:08.035+0000] {processor.py:925} INFO - DAG(s) 'example_display_name' retrieved from /home/airflow/.local/lib/python3.12/site-packages/airflow/example_dags/example_display_name.py
[2025-05-07T13:46:08.091+0000] {logging_mixin.py:190} INFO - [2025-05-07T13:46:08.090+0000] {dag.py:3239} INFO - Sync 1 DAGs
[2025-05-07T13:46:08.163+0000] {logging_mixin.py:190} INFO - [2025-05-07T13:46:08.162+0000] {dag.py:4180} INFO - Setting next_dagrun for example_display_name to None, run_after=None
[2025-05-07T13:46:08.227+0000] {processor.py:208} INFO - Processing /home/airflow/.local/lib/python3.12/site-packages/airflow/example_dags/example_display_name.py took 0.228 seconds
[2025-05-07T13:47:01.542+0000] {processor.py:186} INFO - Started process (PID=712) to work on /home/airflow/.local/lib/python3.12/site-packages/airflow/example_dags/example_display_name.py
[2025-05-07T13:47:01.547+0000] {processor.py:914} INFO - Processing file /home/airflow/.local/lib/python3.12/site-packages/airflow/example_dags/example_display_name.py for tasks to queue
[2025-05-07T13:47:01.552+0000] {logging_mixin.py:190} INFO - [2025-05-07T13:47:01.552+0000] {dagbag.py:588} INFO - Filling up the DagBag from /home/airflow/.local/lib/python3.12/site-packages/airflow/example_dags/example_display_name.py
[2025-05-07T13:47:01.566+0000] {processor.py:925} INFO - DAG(s) 'example_display_name' retrieved from /home/airflow/.local/lib/python3.12/site-packages/airflow/example_dags/example_display_name.py
[2025-05-07T13:47:01.618+0000] {logging_mixin.py:190} INFO - [2025-05-07T13:47:01.618+0000] {dag.py:3239} INFO - Sync 1 DAGs
[2025-05-07T13:47:01.962+0000] {logging_mixin.py:190} INFO - [2025-05-07T13:47:01.962+0000] {dag.py:4180} INFO - Setting next_dagrun for example_display_name to None, run_after=None
[2025-05-07T13:47:02.143+0000] {processor.py:208} INFO - Processing /home/airflow/.local/lib/python3.12/site-packages/airflow/example_dags/example_display_name.py took 0.614 seconds
[2025-05-07T13:48:11.628+0000] {processor.py:186} INFO - Started process (PID=806) to work on /home/airflow/.local/lib/python3.12/site-packages/airflow/example_dags/example_display_name.py
[2025-05-07T13:48:11.669+0000] {processor.py:914} INFO - Processing file /home/airflow/.local/lib/python3.12/site-packages/airflow/example_dags/example_display_name.py for tasks to queue
[2025-05-07T13:48:11.675+0000] {logging_mixin.py:190} INFO - [2025-05-07T13:48:11.674+0000] {dagbag.py:588} INFO - Filling up the DagBag from /home/airflow/.local/lib/python3.12/site-packages/airflow/example_dags/example_display_name.py
[2025-05-07T13:48:11.689+0000] {processor.py:925} INFO - DAG(s) 'example_display_name' retrieved from /home/airflow/.local/lib/python3.12/site-packages/airflow/example_dags/example_display_name.py
[2025-05-07T13:48:12.307+0000] {logging_mixin.py:190} INFO - [2025-05-07T13:48:12.306+0000] {dag.py:3239} INFO - Sync 1 DAGs
[2025-05-07T13:48:12.675+0000] {logging_mixin.py:190} INFO - [2025-05-07T13:48:12.675+0000] {dag.py:4180} INFO - Setting next_dagrun for example_display_name to None, run_after=None
[2025-05-07T13:48:13.723+0000] {processor.py:208} INFO - Processing /home/airflow/.local/lib/python3.12/site-packages/airflow/example_dags/example_display_name.py took 2.504 seconds
[2025-05-07T13:49:27.596+0000] {processor.py:186} INFO - Started process (PID=885) to work on /home/airflow/.local/lib/python3.12/site-packages/airflow/example_dags/example_display_name.py
[2025-05-07T13:49:27.626+0000] {processor.py:914} INFO - Processing file /home/airflow/.local/lib/python3.12/site-packages/airflow/example_dags/example_display_name.py for tasks to queue
[2025-05-07T13:49:27.648+0000] {logging_mixin.py:190} INFO - [2025-05-07T13:49:27.646+0000] {dagbag.py:588} INFO - Filling up the DagBag from /home/airflow/.local/lib/python3.12/site-packages/airflow/example_dags/example_display_name.py
[2025-05-07T13:49:27.694+0000] {processor.py:925} INFO - DAG(s) 'example_display_name' retrieved from /home/airflow/.local/lib/python3.12/site-packages/airflow/example_dags/example_display_name.py
[2025-05-07T13:49:28.955+0000] {logging_mixin.py:190} INFO - [2025-05-07T13:49:28.955+0000] {dag.py:3239} INFO - Sync 1 DAGs
[2025-05-07T13:49:29.007+0000] {logging_mixin.py:190} INFO - [2025-05-07T13:49:29.006+0000] {dag.py:4180} INFO - Setting next_dagrun for example_display_name to None, run_after=None
[2025-05-07T13:49:29.267+0000] {processor.py:208} INFO - Processing /home/airflow/.local/lib/python3.12/site-packages/airflow/example_dags/example_display_name.py took 1.689 seconds
[2025-05-07T13:50:21.607+0000] {processor.py:186} INFO - Started process (PID=949) to work on /home/airflow/.local/lib/python3.12/site-packages/airflow/example_dags/example_display_name.py
[2025-05-07T13:50:21.678+0000] {processor.py:914} INFO - Processing file /home/airflow/.local/lib/python3.12/site-packages/airflow/example_dags/example_display_name.py for tasks to queue
[2025-05-07T13:50:21.685+0000] {logging_mixin.py:190} INFO - [2025-05-07T13:50:21.684+0000] {dagbag.py:588} INFO - Filling up the DagBag from /home/airflow/.local/lib/python3.12/site-packages/airflow/example_dags/example_display_name.py
[2025-05-07T13:50:21.701+0000] {processor.py:925} INFO - DAG(s) 'example_display_name' retrieved from /home/airflow/.local/lib/python3.12/site-packages/airflow/example_dags/example_display_name.py
[2025-05-07T13:50:22.256+0000] {logging_mixin.py:190} INFO - [2025-05-07T13:50:22.250+0000] {dag.py:3239} INFO - Sync 1 DAGs
[2025-05-07T13:50:22.300+0000] {logging_mixin.py:190} INFO - [2025-05-07T13:50:22.300+0000] {dag.py:4180} INFO - Setting next_dagrun for example_display_name to None, run_after=None
[2025-05-07T13:50:22.366+0000] {processor.py:208} INFO - Processing /home/airflow/.local/lib/python3.12/site-packages/airflow/example_dags/example_display_name.py took 0.912 seconds
[2025-05-07T13:51:07.639+0000] {processor.py:186} INFO - Started process (PID=1018) to work on /home/airflow/.local/lib/python3.12/site-packages/airflow/example_dags/example_display_name.py
[2025-05-07T13:51:07.642+0000] {processor.py:914} INFO - Processing file /home/airflow/.local/lib/python3.12/site-packages/airflow/example_dags/example_display_name.py for tasks to queue
[2025-05-07T13:51:07.647+0000] {logging_mixin.py:190} INFO - [2025-05-07T13:51:07.646+0000] {dagbag.py:588} INFO - Filling up the DagBag from /home/airflow/.local/lib/python3.12/site-packages/airflow/example_dags/example_display_name.py
[2025-05-07T13:51:07.662+0000] {processor.py:925} INFO - DAG(s) 'example_display_name' retrieved from /home/airflow/.local/lib/python3.12/site-packages/airflow/example_dags/example_display_name.py
[2025-05-07T13:51:07.883+0000] {logging_mixin.py:190} INFO - [2025-05-07T13:51:07.883+0000] {dag.py:3239} INFO - Sync 1 DAGs
[2025-05-07T13:51:07.932+0000] {logging_mixin.py:190} INFO - [2025-05-07T13:51:07.932+0000] {dag.py:4180} INFO - Setting next_dagrun for example_display_name to None, run_after=None
[2025-05-07T13:51:08.024+0000] {processor.py:208} INFO - Processing /home/airflow/.local/lib/python3.12/site-packages/airflow/example_dags/example_display_name.py took 0.399 seconds
[2025-05-07T13:51:42.407+0000] {processor.py:186} INFO - Started process (PID=1084) to work on /home/airflow/.local/lib/python3.12/site-packages/airflow/example_dags/example_display_name.py
[2025-05-07T13:51:42.410+0000] {processor.py:914} INFO - Processing file /home/airflow/.local/lib/python3.12/site-packages/airflow/example_dags/example_display_name.py for tasks to queue
[2025-05-07T13:51:42.415+0000] {logging_mixin.py:190} INFO - [2025-05-07T13:51:42.415+0000] {dagbag.py:588} INFO - Filling up the DagBag from /home/airflow/.local/lib/python3.12/site-packages/airflow/example_dags/example_display_name.py
[2025-05-07T13:51:42.498+0000] {processor.py:925} INFO - DAG(s) 'example_display_name' retrieved from /home/airflow/.local/lib/python3.12/site-packages/airflow/example_dags/example_display_name.py
[2025-05-07T13:51:42.619+0000] {logging_mixin.py:190} INFO - [2025-05-07T13:51:42.618+0000] {dag.py:3239} INFO - Sync 1 DAGs
[2025-05-07T13:51:42.659+0000] {logging_mixin.py:190} INFO - [2025-05-07T13:51:42.659+0000] {dag.py:4180} INFO - Setting next_dagrun for example_display_name to None, run_after=None
[2025-05-07T13:51:42.700+0000] {processor.py:208} INFO - Processing /home/airflow/.local/lib/python3.12/site-packages/airflow/example_dags/example_display_name.py took 0.307 seconds
[2025-05-07T13:52:28.407+0000] {processor.py:186} INFO - Started process (PID=1159) to work on /home/airflow/.local/lib/python3.12/site-packages/airflow/example_dags/example_display_name.py
[2025-05-07T13:52:28.414+0000] {processor.py:914} INFO - Processing file /home/airflow/.local/lib/python3.12/site-packages/airflow/example_dags/example_display_name.py for tasks to queue
[2025-05-07T13:52:28.428+0000] {logging_mixin.py:190} INFO - [2025-05-07T13:52:28.426+0000] {dagbag.py:588} INFO - Filling up the DagBag from /home/airflow/.local/lib/python3.12/site-packages/airflow/example_dags/example_display_name.py
[2025-05-07T13:52:28.451+0000] {processor.py:925} INFO - DAG(s) 'example_display_name' retrieved from /home/airflow/.local/lib/python3.12/site-packages/airflow/example_dags/example_display_name.py
[2025-05-07T13:52:28.693+0000] {logging_mixin.py:190} INFO - [2025-05-07T13:52:28.692+0000] {dag.py:3239} INFO - Sync 1 DAGs
[2025-05-07T13:52:28.739+0000] {logging_mixin.py:190} INFO - [2025-05-07T13:52:28.738+0000] {dag.py:4180} INFO - Setting next_dagrun for example_display_name to None, run_after=None
[2025-05-07T13:52:28.816+0000] {processor.py:208} INFO - Processing /home/airflow/.local/lib/python3.12/site-packages/airflow/example_dags/example_display_name.py took 0.481 seconds
[2025-05-07T13:53:09.781+0000] {processor.py:186} INFO - Started process (PID=1227) to work on /home/airflow/.local/lib/python3.12/site-packages/airflow/example_dags/example_display_name.py
[2025-05-07T13:53:09.787+0000] {processor.py:914} INFO - Processing file /home/airflow/.local/lib/python3.12/site-packages/airflow/example_dags/example_display_name.py for tasks to queue
[2025-05-07T13:53:09.794+0000] {logging_mixin.py:190} INFO - [2025-05-07T13:53:09.794+0000] {dagbag.py:588} INFO - Filling up the DagBag from /home/airflow/.local/lib/python3.12/site-packages/airflow/example_dags/example_display_name.py
[2025-05-07T13:53:09.813+0000] {processor.py:925} INFO - DAG(s) 'example_display_name' retrieved from /home/airflow/.local/lib/python3.12/site-packages/airflow/example_dags/example_display_name.py
[2025-05-07T13:53:10.265+0000] {logging_mixin.py:190} INFO - [2025-05-07T13:53:10.264+0000] {dag.py:3239} INFO - Sync 1 DAGs
[2025-05-07T13:53:10.314+0000] {logging_mixin.py:190} INFO - [2025-05-07T13:53:10.313+0000] {dag.py:4180} INFO - Setting next_dagrun for example_display_name to None, run_after=None
[2025-05-07T13:53:10.428+0000] {processor.py:208} INFO - Processing /home/airflow/.local/lib/python3.12/site-packages/airflow/example_dags/example_display_name.py took 0.663 seconds
[2025-05-07T13:54:02.293+0000] {processor.py:186} INFO - Started process (PID=1300) to work on /home/airflow/.local/lib/python3.12/site-packages/airflow/example_dags/example_display_name.py
[2025-05-07T13:54:02.347+0000] {processor.py:914} INFO - Processing file /home/airflow/.local/lib/python3.12/site-packages/airflow/example_dags/example_display_name.py for tasks to queue
[2025-05-07T13:54:02.356+0000] {logging_mixin.py:190} INFO - [2025-05-07T13:54:02.355+0000] {dagbag.py:588} INFO - Filling up the DagBag from /home/airflow/.local/lib/python3.12/site-packages/airflow/example_dags/example_display_name.py
[2025-05-07T13:54:02.377+0000] {processor.py:925} INFO - DAG(s) 'example_display_name' retrieved from /home/airflow/.local/lib/python3.12/site-packages/airflow/example_dags/example_display_name.py
[2025-05-07T13:54:03.328+0000] {logging_mixin.py:190} INFO - [2025-05-07T13:54:03.328+0000] {dag.py:3239} INFO - Sync 1 DAGs
[2025-05-07T13:54:04.025+0000] {logging_mixin.py:190} INFO - [2025-05-07T13:54:04.024+0000] {dag.py:4180} INFO - Setting next_dagrun for example_display_name to None, run_after=None
[2025-05-07T13:54:04.470+0000] {processor.py:208} INFO - Processing /home/airflow/.local/lib/python3.12/site-packages/airflow/example_dags/example_display_name.py took 2.192 seconds
[2025-05-07T13:54:55.414+0000] {processor.py:186} INFO - Started process (PID=1366) to work on /home/airflow/.local/lib/python3.12/site-packages/airflow/example_dags/example_display_name.py
[2025-05-07T13:54:55.420+0000] {processor.py:914} INFO - Processing file /home/airflow/.local/lib/python3.12/site-packages/airflow/example_dags/example_display_name.py for tasks to queue
[2025-05-07T13:54:55.426+0000] {logging_mixin.py:190} INFO - [2025-05-07T13:54:55.425+0000] {dagbag.py:588} INFO - Filling up the DagBag from /home/airflow/.local/lib/python3.12/site-packages/airflow/example_dags/example_display_name.py
[2025-05-07T13:54:55.445+0000] {processor.py:925} INFO - DAG(s) 'example_display_name' retrieved from /home/airflow/.local/lib/python3.12/site-packages/airflow/example_dags/example_display_name.py
[2025-05-07T13:54:55.501+0000] {logging_mixin.py:190} INFO - [2025-05-07T13:54:55.501+0000] {dag.py:3239} INFO - Sync 1 DAGs
[2025-05-07T13:54:55.543+0000] {logging_mixin.py:190} INFO - [2025-05-07T13:54:55.542+0000] {dag.py:4180} INFO - Setting next_dagrun for example_display_name to None, run_after=None
[2025-05-07T13:54:55.591+0000] {processor.py:208} INFO - Processing /home/airflow/.local/lib/python3.12/site-packages/airflow/example_dags/example_display_name.py took 0.194 seconds
[2025-05-07T13:55:26.121+0000] {processor.py:186} INFO - Started process (PID=1429) to work on /home/airflow/.local/lib/python3.12/site-packages/airflow/example_dags/example_display_name.py
[2025-05-07T13:55:26.124+0000] {processor.py:914} INFO - Processing file /home/airflow/.local/lib/python3.12/site-packages/airflow/example_dags/example_display_name.py for tasks to queue
[2025-05-07T13:55:26.134+0000] {logging_mixin.py:190} INFO - [2025-05-07T13:55:26.132+0000] {dagbag.py:588} INFO - Filling up the DagBag from /home/airflow/.local/lib/python3.12/site-packages/airflow/example_dags/example_display_name.py
[2025-05-07T13:55:26.164+0000] {processor.py:925} INFO - DAG(s) 'example_display_name' retrieved from /home/airflow/.local/lib/python3.12/site-packages/airflow/example_dags/example_display_name.py
[2025-05-07T13:55:26.267+0000] {logging_mixin.py:190} INFO - [2025-05-07T13:55:26.266+0000] {dag.py:3239} INFO - Sync 1 DAGs
[2025-05-07T13:55:26.317+0000] {logging_mixin.py:190} INFO - [2025-05-07T13:55:26.316+0000] {dag.py:4180} INFO - Setting next_dagrun for example_display_name to None, run_after=None
[2025-05-07T13:55:26.379+0000] {processor.py:208} INFO - Processing /home/airflow/.local/lib/python3.12/site-packages/airflow/example_dags/example_display_name.py took 0.281 seconds
