[2025-05-07T13:39:22.171+0000] {processor.py:186} INFO - Started process (PID=105) to work on /home/airflow/.local/lib/python3.12/site-packages/airflow/example_dags/example_sensors.py
[2025-05-07T13:39:22.173+0000] {processor.py:914} INFO - Processing file /home/airflow/.local/lib/python3.12/site-packages/airflow/example_dags/example_sensors.py for tasks to queue
[2025-05-07T13:39:22.180+0000] {logging_mixin.py:190} INFO - [2025-05-07T13:39:22.179+0000] {dagbag.py:588} INFO - Filling up the DagBag from /home/airflow/.local/lib/python3.12/site-packages/airflow/example_dags/example_sensors.py
[2025-05-07T13:39:22.206+0000] {processor.py:925} INFO - DAG(s) 'example_sensors' retrieved from /home/airflow/.local/lib/python3.12/site-packages/airflow/example_dags/example_sensors.py
[2025-05-07T13:39:22.309+0000] {logging_mixin.py:190} INFO - [2025-05-07T13:39:22.308+0000] {dag.py:3239} INFO - Sync 1 DAGs
[2025-05-07T13:39:22.414+0000] {logging_mixin.py:190} INFO - [2025-05-07T13:39:22.413+0000] {dag.py:4180} INFO - Setting next_dagrun for example_sensors to None, run_after=None
[2025-05-07T13:39:22.562+0000] {processor.py:208} INFO - Processing /home/airflow/.local/lib/python3.12/site-packages/airflow/example_dags/example_sensors.py took 0.406 seconds
[2025-05-07T13:40:18.464+0000] {processor.py:186} INFO - Started process (PID=178) to work on /home/airflow/.local/lib/python3.12/site-packages/airflow/example_dags/example_sensors.py
[2025-05-07T13:40:18.479+0000] {processor.py:914} INFO - Processing file /home/airflow/.local/lib/python3.12/site-packages/airflow/example_dags/example_sensors.py for tasks to queue
[2025-05-07T13:40:18.499+0000] {logging_mixin.py:190} INFO - [2025-05-07T13:40:18.498+0000] {dagbag.py:588} INFO - Filling up the DagBag from /home/airflow/.local/lib/python3.12/site-packages/airflow/example_dags/example_sensors.py
[2025-05-07T13:40:18.610+0000] {processor.py:925} INFO - DAG(s) 'example_sensors' retrieved from /home/airflow/.local/lib/python3.12/site-packages/airflow/example_dags/example_sensors.py
[2025-05-07T13:40:18.855+0000] {logging_mixin.py:190} INFO - [2025-05-07T13:40:18.854+0000] {dag.py:3239} INFO - Sync 1 DAGs
[2025-05-07T13:40:19.172+0000] {logging_mixin.py:190} INFO - [2025-05-07T13:40:19.171+0000] {dag.py:4180} INFO - Setting next_dagrun for example_sensors to None, run_after=None
[2025-05-07T13:40:20.213+0000] {processor.py:208} INFO - Processing /home/airflow/.local/lib/python3.12/site-packages/airflow/example_dags/example_sensors.py took 1.786 seconds
[2025-05-07T13:41:05.679+0000] {processor.py:186} INFO - Started process (PID=246) to work on /home/airflow/.local/lib/python3.12/site-packages/airflow/example_dags/example_sensors.py
[2025-05-07T13:41:05.685+0000] {processor.py:914} INFO - Processing file /home/airflow/.local/lib/python3.12/site-packages/airflow/example_dags/example_sensors.py for tasks to queue
[2025-05-07T13:41:05.696+0000] {logging_mixin.py:190} INFO - [2025-05-07T13:41:05.695+0000] {dagbag.py:588} INFO - Filling up the DagBag from /home/airflow/.local/lib/python3.12/site-packages/airflow/example_dags/example_sensors.py
[2025-05-07T13:41:05.717+0000] {processor.py:925} INFO - DAG(s) 'example_sensors' retrieved from /home/airflow/.local/lib/python3.12/site-packages/airflow/example_dags/example_sensors.py
[2025-05-07T13:41:05.798+0000] {logging_mixin.py:190} INFO - [2025-05-07T13:41:05.796+0000] {dag.py:3239} INFO - Sync 1 DAGs
[2025-05-07T13:41:05.834+0000] {logging_mixin.py:190} INFO - [2025-05-07T13:41:05.833+0000] {dag.py:4180} INFO - Setting next_dagrun for example_sensors to None, run_after=None
[2025-05-07T13:41:05.890+0000] {processor.py:208} INFO - Processing /home/airflow/.local/lib/python3.12/site-packages/airflow/example_dags/example_sensors.py took 0.230 seconds
[2025-05-07T13:42:04.878+0000] {processor.py:186} INFO - Started process (PID=323) to work on /home/airflow/.local/lib/python3.12/site-packages/airflow/example_dags/example_sensors.py
[2025-05-07T13:42:04.884+0000] {processor.py:914} INFO - Processing file /home/airflow/.local/lib/python3.12/site-packages/airflow/example_dags/example_sensors.py for tasks to queue
[2025-05-07T13:42:04.892+0000] {logging_mixin.py:190} INFO - [2025-05-07T13:42:04.891+0000] {dagbag.py:588} INFO - Filling up the DagBag from /home/airflow/.local/lib/python3.12/site-packages/airflow/example_dags/example_sensors.py
[2025-05-07T13:42:04.933+0000] {processor.py:925} INFO - DAG(s) 'example_sensors' retrieved from /home/airflow/.local/lib/python3.12/site-packages/airflow/example_dags/example_sensors.py
[2025-05-07T13:42:05.367+0000] {logging_mixin.py:190} INFO - [2025-05-07T13:42:05.367+0000] {dag.py:3239} INFO - Sync 1 DAGs
[2025-05-07T13:42:05.423+0000] {logging_mixin.py:190} INFO - [2025-05-07T13:42:05.423+0000] {dag.py:4180} INFO - Setting next_dagrun for example_sensors to None, run_after=None
[2025-05-07T13:42:05.609+0000] {processor.py:208} INFO - Processing /home/airflow/.local/lib/python3.12/site-packages/airflow/example_dags/example_sensors.py took 0.750 seconds
[2025-05-07T13:42:59.059+0000] {processor.py:186} INFO - Started process (PID=396) to work on /home/airflow/.local/lib/python3.12/site-packages/airflow/example_dags/example_sensors.py
[2025-05-07T13:42:59.061+0000] {processor.py:914} INFO - Processing file /home/airflow/.local/lib/python3.12/site-packages/airflow/example_dags/example_sensors.py for tasks to queue
[2025-05-07T13:42:59.070+0000] {logging_mixin.py:190} INFO - [2025-05-07T13:42:59.067+0000] {dagbag.py:588} INFO - Filling up the DagBag from /home/airflow/.local/lib/python3.12/site-packages/airflow/example_dags/example_sensors.py
[2025-05-07T13:42:59.100+0000] {processor.py:925} INFO - DAG(s) 'example_sensors' retrieved from /home/airflow/.local/lib/python3.12/site-packages/airflow/example_dags/example_sensors.py
[2025-05-07T13:42:59.168+0000] {logging_mixin.py:190} INFO - [2025-05-07T13:42:59.168+0000] {dag.py:3239} INFO - Sync 1 DAGs
[2025-05-07T13:42:59.216+0000] {logging_mixin.py:190} INFO - [2025-05-07T13:42:59.215+0000] {dag.py:4180} INFO - Setting next_dagrun for example_sensors to None, run_after=None
[2025-05-07T13:42:59.275+0000] {processor.py:208} INFO - Processing /home/airflow/.local/lib/python3.12/site-packages/airflow/example_dags/example_sensors.py took 0.232 seconds
[2025-05-07T13:44:34.486+0000] {processor.py:186} INFO - Started process (PID=492) to work on /home/airflow/.local/lib/python3.12/site-packages/airflow/example_dags/example_sensors.py
[2025-05-07T13:44:34.492+0000] {processor.py:914} INFO - Processing file /home/airflow/.local/lib/python3.12/site-packages/airflow/example_dags/example_sensors.py for tasks to queue
[2025-05-07T13:44:34.506+0000] {logging_mixin.py:190} INFO - [2025-05-07T13:44:34.505+0000] {dagbag.py:588} INFO - Filling up the DagBag from /home/airflow/.local/lib/python3.12/site-packages/airflow/example_dags/example_sensors.py
[2025-05-07T13:44:34.527+0000] {processor.py:925} INFO - DAG(s) 'example_sensors' retrieved from /home/airflow/.local/lib/python3.12/site-packages/airflow/example_dags/example_sensors.py
[2025-05-07T13:44:34.928+0000] {logging_mixin.py:190} INFO - [2025-05-07T13:44:34.927+0000] {dag.py:3239} INFO - Sync 1 DAGs
[2025-05-07T13:44:35.006+0000] {logging_mixin.py:190} INFO - [2025-05-07T13:44:35.005+0000] {dag.py:4180} INFO - Setting next_dagrun for example_sensors to None, run_after=None
[2025-05-07T13:44:35.176+0000] {processor.py:208} INFO - Processing /home/airflow/.local/lib/python3.12/site-packages/airflow/example_dags/example_sensors.py took 0.801 seconds
[2025-05-07T13:45:31.133+0000] {processor.py:186} INFO - Started process (PID=567) to work on /home/airflow/.local/lib/python3.12/site-packages/airflow/example_dags/example_sensors.py
[2025-05-07T13:45:31.139+0000] {processor.py:914} INFO - Processing file /home/airflow/.local/lib/python3.12/site-packages/airflow/example_dags/example_sensors.py for tasks to queue
[2025-05-07T13:45:31.144+0000] {logging_mixin.py:190} INFO - [2025-05-07T13:45:31.144+0000] {dagbag.py:588} INFO - Filling up the DagBag from /home/airflow/.local/lib/python3.12/site-packages/airflow/example_dags/example_sensors.py
[2025-05-07T13:45:31.171+0000] {processor.py:925} INFO - DAG(s) 'example_sensors' retrieved from /home/airflow/.local/lib/python3.12/site-packages/airflow/example_dags/example_sensors.py
[2025-05-07T13:45:31.358+0000] {logging_mixin.py:190} INFO - [2025-05-07T13:45:31.357+0000] {dag.py:3239} INFO - Sync 1 DAGs
[2025-05-07T13:45:31.441+0000] {logging_mixin.py:190} INFO - [2025-05-07T13:45:31.440+0000] {dag.py:4180} INFO - Setting next_dagrun for example_sensors to None, run_after=None
[2025-05-07T13:45:31.508+0000] {processor.py:208} INFO - Processing /home/airflow/.local/lib/python3.12/site-packages/airflow/example_dags/example_sensors.py took 0.391 seconds
[2025-05-07T13:46:08.304+0000] {processor.py:186} INFO - Started process (PID=632) to work on /home/airflow/.local/lib/python3.12/site-packages/airflow/example_dags/example_sensors.py
[2025-05-07T13:46:08.307+0000] {processor.py:914} INFO - Processing file /home/airflow/.local/lib/python3.12/site-packages/airflow/example_dags/example_sensors.py for tasks to queue
[2025-05-07T13:46:08.313+0000] {logging_mixin.py:190} INFO - [2025-05-07T13:46:08.312+0000] {dagbag.py:588} INFO - Filling up the DagBag from /home/airflow/.local/lib/python3.12/site-packages/airflow/example_dags/example_sensors.py
[2025-05-07T13:46:08.336+0000] {processor.py:925} INFO - DAG(s) 'example_sensors' retrieved from /home/airflow/.local/lib/python3.12/site-packages/airflow/example_dags/example_sensors.py
[2025-05-07T13:46:08.506+0000] {logging_mixin.py:190} INFO - [2025-05-07T13:46:08.505+0000] {dag.py:3239} INFO - Sync 1 DAGs
[2025-05-07T13:46:08.572+0000] {logging_mixin.py:190} INFO - [2025-05-07T13:46:08.571+0000] {dag.py:4180} INFO - Setting next_dagrun for example_sensors to None, run_after=None
[2025-05-07T13:46:08.670+0000] {processor.py:208} INFO - Processing /home/airflow/.local/lib/python3.12/site-packages/airflow/example_dags/example_sensors.py took 0.380 seconds
[2025-05-07T13:47:02.281+0000] {processor.py:186} INFO - Started process (PID=713) to work on /home/airflow/.local/lib/python3.12/site-packages/airflow/example_dags/example_sensors.py
[2025-05-07T13:47:02.285+0000] {processor.py:914} INFO - Processing file /home/airflow/.local/lib/python3.12/site-packages/airflow/example_dags/example_sensors.py for tasks to queue
[2025-05-07T13:47:02.290+0000] {logging_mixin.py:190} INFO - [2025-05-07T13:47:02.290+0000] {dagbag.py:588} INFO - Filling up the DagBag from /home/airflow/.local/lib/python3.12/site-packages/airflow/example_dags/example_sensors.py
[2025-05-07T13:47:02.314+0000] {processor.py:925} INFO - DAG(s) 'example_sensors' retrieved from /home/airflow/.local/lib/python3.12/site-packages/airflow/example_dags/example_sensors.py
[2025-05-07T13:47:02.413+0000] {logging_mixin.py:190} INFO - [2025-05-07T13:47:02.412+0000] {dag.py:3239} INFO - Sync 1 DAGs
[2025-05-07T13:47:02.487+0000] {logging_mixin.py:190} INFO - [2025-05-07T13:47:02.486+0000] {dag.py:4180} INFO - Setting next_dagrun for example_sensors to None, run_after=None
[2025-05-07T13:47:02.546+0000] {processor.py:208} INFO - Processing /home/airflow/.local/lib/python3.12/site-packages/airflow/example_dags/example_sensors.py took 0.278 seconds
[2025-05-07T13:48:13.069+0000] {processor.py:186} INFO - Started process (PID=807) to work on /home/airflow/.local/lib/python3.12/site-packages/airflow/example_dags/example_sensors.py
[2025-05-07T13:48:13.264+0000] {processor.py:914} INFO - Processing file /home/airflow/.local/lib/python3.12/site-packages/airflow/example_dags/example_sensors.py for tasks to queue
[2025-05-07T13:48:13.271+0000] {logging_mixin.py:190} INFO - [2025-05-07T13:48:13.270+0000] {dagbag.py:588} INFO - Filling up the DagBag from /home/airflow/.local/lib/python3.12/site-packages/airflow/example_dags/example_sensors.py
[2025-05-07T13:48:13.300+0000] {processor.py:925} INFO - DAG(s) 'example_sensors' retrieved from /home/airflow/.local/lib/python3.12/site-packages/airflow/example_dags/example_sensors.py
[2025-05-07T13:48:15.121+0000] {logging_mixin.py:190} INFO - [2025-05-07T13:48:15.108+0000] {dag.py:3239} INFO - Sync 1 DAGs
[2025-05-07T13:48:15.252+0000] {logging_mixin.py:190} INFO - [2025-05-07T13:48:15.251+0000] {dag.py:4180} INFO - Setting next_dagrun for example_sensors to None, run_after=None
[2025-05-07T13:48:15.548+0000] {processor.py:208} INFO - Processing /home/airflow/.local/lib/python3.12/site-packages/airflow/example_dags/example_sensors.py took 2.498 seconds
[2025-05-07T13:49:31.462+0000] {processor.py:186} INFO - Started process (PID=886) to work on /home/airflow/.local/lib/python3.12/site-packages/airflow/example_dags/example_sensors.py
[2025-05-07T13:49:31.529+0000] {processor.py:914} INFO - Processing file /home/airflow/.local/lib/python3.12/site-packages/airflow/example_dags/example_sensors.py for tasks to queue
[2025-05-07T13:49:31.539+0000] {logging_mixin.py:190} INFO - [2025-05-07T13:49:31.538+0000] {dagbag.py:588} INFO - Filling up the DagBag from /home/airflow/.local/lib/python3.12/site-packages/airflow/example_dags/example_sensors.py
[2025-05-07T13:49:31.578+0000] {processor.py:925} INFO - DAG(s) 'example_sensors' retrieved from /home/airflow/.local/lib/python3.12/site-packages/airflow/example_dags/example_sensors.py
[2025-05-07T13:49:32.001+0000] {logging_mixin.py:190} INFO - [2025-05-07T13:49:31.926+0000] {dag.py:3239} INFO - Sync 1 DAGs
[2025-05-07T13:49:32.054+0000] {logging_mixin.py:190} INFO - [2025-05-07T13:49:32.054+0000] {dag.py:4180} INFO - Setting next_dagrun for example_sensors to None, run_after=None
[2025-05-07T13:49:32.218+0000] {processor.py:208} INFO - Processing /home/airflow/.local/lib/python3.12/site-packages/airflow/example_dags/example_sensors.py took 0.772 seconds
[2025-05-07T13:50:22.282+0000] {processor.py:186} INFO - Started process (PID=950) to work on /home/airflow/.local/lib/python3.12/site-packages/airflow/example_dags/example_sensors.py
[2025-05-07T13:50:22.285+0000] {processor.py:914} INFO - Processing file /home/airflow/.local/lib/python3.12/site-packages/airflow/example_dags/example_sensors.py for tasks to queue
[2025-05-07T13:50:22.291+0000] {logging_mixin.py:190} INFO - [2025-05-07T13:50:22.291+0000] {dagbag.py:588} INFO - Filling up the DagBag from /home/airflow/.local/lib/python3.12/site-packages/airflow/example_dags/example_sensors.py
[2025-05-07T13:50:22.317+0000] {processor.py:925} INFO - DAG(s) 'example_sensors' retrieved from /home/airflow/.local/lib/python3.12/site-packages/airflow/example_dags/example_sensors.py
[2025-05-07T13:50:22.456+0000] {logging_mixin.py:190} INFO - [2025-05-07T13:50:22.455+0000] {dag.py:3239} INFO - Sync 1 DAGs
[2025-05-07T13:50:22.514+0000] {logging_mixin.py:190} INFO - [2025-05-07T13:50:22.513+0000] {dag.py:4180} INFO - Setting next_dagrun for example_sensors to None, run_after=None
[2025-05-07T13:50:22.577+0000] {processor.py:208} INFO - Processing /home/airflow/.local/lib/python3.12/site-packages/airflow/example_dags/example_sensors.py took 0.314 seconds
[2025-05-07T13:51:08.156+0000] {processor.py:186} INFO - Started process (PID=1019) to work on /home/airflow/.local/lib/python3.12/site-packages/airflow/example_dags/example_sensors.py
[2025-05-07T13:51:08.159+0000] {processor.py:914} INFO - Processing file /home/airflow/.local/lib/python3.12/site-packages/airflow/example_dags/example_sensors.py for tasks to queue
[2025-05-07T13:51:08.164+0000] {logging_mixin.py:190} INFO - [2025-05-07T13:51:08.163+0000] {dagbag.py:588} INFO - Filling up the DagBag from /home/airflow/.local/lib/python3.12/site-packages/airflow/example_dags/example_sensors.py
[2025-05-07T13:51:08.190+0000] {processor.py:925} INFO - DAG(s) 'example_sensors' retrieved from /home/airflow/.local/lib/python3.12/site-packages/airflow/example_dags/example_sensors.py
[2025-05-07T13:51:08.656+0000] {logging_mixin.py:190} INFO - [2025-05-07T13:51:08.656+0000] {dag.py:3239} INFO - Sync 1 DAGs
[2025-05-07T13:51:08.753+0000] {logging_mixin.py:190} INFO - [2025-05-07T13:51:08.752+0000] {dag.py:4180} INFO - Setting next_dagrun for example_sensors to None, run_after=None
[2025-05-07T13:51:08.824+0000] {processor.py:208} INFO - Processing /home/airflow/.local/lib/python3.12/site-packages/airflow/example_dags/example_sensors.py took 0.805 seconds
[2025-05-07T13:51:42.928+0000] {processor.py:186} INFO - Started process (PID=1085) to work on /home/airflow/.local/lib/python3.12/site-packages/airflow/example_dags/example_sensors.py
[2025-05-07T13:51:42.930+0000] {processor.py:914} INFO - Processing file /home/airflow/.local/lib/python3.12/site-packages/airflow/example_dags/example_sensors.py for tasks to queue
[2025-05-07T13:51:42.936+0000] {logging_mixin.py:190} INFO - [2025-05-07T13:51:42.935+0000] {dagbag.py:588} INFO - Filling up the DagBag from /home/airflow/.local/lib/python3.12/site-packages/airflow/example_dags/example_sensors.py
[2025-05-07T13:51:42.964+0000] {processor.py:925} INFO - DAG(s) 'example_sensors' retrieved from /home/airflow/.local/lib/python3.12/site-packages/airflow/example_dags/example_sensors.py
[2025-05-07T13:51:43.487+0000] {logging_mixin.py:190} INFO - [2025-05-07T13:51:43.485+0000] {dag.py:3239} INFO - Sync 1 DAGs
[2025-05-07T13:51:43.593+0000] {logging_mixin.py:190} INFO - [2025-05-07T13:51:43.592+0000] {dag.py:4180} INFO - Setting next_dagrun for example_sensors to None, run_after=None
[2025-05-07T13:51:44.107+0000] {processor.py:208} INFO - Processing /home/airflow/.local/lib/python3.12/site-packages/airflow/example_dags/example_sensors.py took 1.195 seconds
[2025-05-07T13:52:28.970+0000] {processor.py:186} INFO - Started process (PID=1160) to work on /home/airflow/.local/lib/python3.12/site-packages/airflow/example_dags/example_sensors.py
[2025-05-07T13:52:28.976+0000] {processor.py:914} INFO - Processing file /home/airflow/.local/lib/python3.12/site-packages/airflow/example_dags/example_sensors.py for tasks to queue
[2025-05-07T13:52:28.982+0000] {logging_mixin.py:190} INFO - [2025-05-07T13:52:28.981+0000] {dagbag.py:588} INFO - Filling up the DagBag from /home/airflow/.local/lib/python3.12/site-packages/airflow/example_dags/example_sensors.py
[2025-05-07T13:52:29.006+0000] {processor.py:925} INFO - DAG(s) 'example_sensors' retrieved from /home/airflow/.local/lib/python3.12/site-packages/airflow/example_dags/example_sensors.py
[2025-05-07T13:52:29.120+0000] {logging_mixin.py:190} INFO - [2025-05-07T13:52:29.119+0000] {dag.py:3239} INFO - Sync 1 DAGs
[2025-05-07T13:52:29.172+0000] {logging_mixin.py:190} INFO - [2025-05-07T13:52:29.172+0000] {dag.py:4180} INFO - Setting next_dagrun for example_sensors to None, run_after=None
[2025-05-07T13:52:29.220+0000] {processor.py:208} INFO - Processing /home/airflow/.local/lib/python3.12/site-packages/airflow/example_dags/example_sensors.py took 0.264 seconds
[2025-05-07T13:53:10.080+0000] {processor.py:186} INFO - Started process (PID=1228) to work on /home/airflow/.local/lib/python3.12/site-packages/airflow/example_dags/example_sensors.py
[2025-05-07T13:53:10.083+0000] {processor.py:914} INFO - Processing file /home/airflow/.local/lib/python3.12/site-packages/airflow/example_dags/example_sensors.py for tasks to queue
[2025-05-07T13:53:10.090+0000] {logging_mixin.py:190} INFO - [2025-05-07T13:53:10.089+0000] {dagbag.py:588} INFO - Filling up the DagBag from /home/airflow/.local/lib/python3.12/site-packages/airflow/example_dags/example_sensors.py
[2025-05-07T13:53:10.112+0000] {processor.py:925} INFO - DAG(s) 'example_sensors' retrieved from /home/airflow/.local/lib/python3.12/site-packages/airflow/example_dags/example_sensors.py
[2025-05-07T13:53:10.286+0000] {logging_mixin.py:190} INFO - [2025-05-07T13:53:10.285+0000] {dag.py:3239} INFO - Sync 1 DAGs
[2025-05-07T13:53:10.342+0000] {logging_mixin.py:190} INFO - [2025-05-07T13:53:10.341+0000] {dag.py:4180} INFO - Setting next_dagrun for example_sensors to None, run_after=None
[2025-05-07T13:53:10.416+0000] {processor.py:208} INFO - Processing /home/airflow/.local/lib/python3.12/site-packages/airflow/example_dags/example_sensors.py took 0.359 seconds
[2025-05-07T13:54:03.447+0000] {processor.py:186} INFO - Started process (PID=1301) to work on /home/airflow/.local/lib/python3.12/site-packages/airflow/example_dags/example_sensors.py
[2025-05-07T13:54:03.458+0000] {processor.py:914} INFO - Processing file /home/airflow/.local/lib/python3.12/site-packages/airflow/example_dags/example_sensors.py for tasks to queue
[2025-05-07T13:54:03.524+0000] {logging_mixin.py:190} INFO - [2025-05-07T13:54:03.524+0000] {dagbag.py:588} INFO - Filling up the DagBag from /home/airflow/.local/lib/python3.12/site-packages/airflow/example_dags/example_sensors.py
[2025-05-07T13:54:03.548+0000] {processor.py:925} INFO - DAG(s) 'example_sensors' retrieved from /home/airflow/.local/lib/python3.12/site-packages/airflow/example_dags/example_sensors.py
[2025-05-07T13:54:03.821+0000] {logging_mixin.py:190} INFO - [2025-05-07T13:54:03.819+0000] {dag.py:3239} INFO - Sync 1 DAGs
[2025-05-07T13:54:04.319+0000] {logging_mixin.py:190} INFO - [2025-05-07T13:54:04.319+0000] {dag.py:4180} INFO - Setting next_dagrun for example_sensors to None, run_after=None
[2025-05-07T13:54:04.725+0000] {processor.py:208} INFO - Processing /home/airflow/.local/lib/python3.12/site-packages/airflow/example_dags/example_sensors.py took 1.378 seconds
[2025-05-07T13:54:55.666+0000] {processor.py:186} INFO - Started process (PID=1367) to work on /home/airflow/.local/lib/python3.12/site-packages/airflow/example_dags/example_sensors.py
[2025-05-07T13:54:55.671+0000] {processor.py:914} INFO - Processing file /home/airflow/.local/lib/python3.12/site-packages/airflow/example_dags/example_sensors.py for tasks to queue
[2025-05-07T13:54:55.677+0000] {logging_mixin.py:190} INFO - [2025-05-07T13:54:55.677+0000] {dagbag.py:588} INFO - Filling up the DagBag from /home/airflow/.local/lib/python3.12/site-packages/airflow/example_dags/example_sensors.py
[2025-05-07T13:54:55.699+0000] {processor.py:925} INFO - DAG(s) 'example_sensors' retrieved from /home/airflow/.local/lib/python3.12/site-packages/airflow/example_dags/example_sensors.py
[2025-05-07T13:54:55.776+0000] {logging_mixin.py:190} INFO - [2025-05-07T13:54:55.775+0000] {dag.py:3239} INFO - Sync 1 DAGs
[2025-05-07T13:54:55.815+0000] {logging_mixin.py:190} INFO - [2025-05-07T13:54:55.814+0000] {dag.py:4180} INFO - Setting next_dagrun for example_sensors to None, run_after=None
[2025-05-07T13:54:55.864+0000] {processor.py:208} INFO - Processing /home/airflow/.local/lib/python3.12/site-packages/airflow/example_dags/example_sensors.py took 0.212 seconds
[2025-05-07T13:55:26.437+0000] {processor.py:186} INFO - Started process (PID=1430) to work on /home/airflow/.local/lib/python3.12/site-packages/airflow/example_dags/example_sensors.py
[2025-05-07T13:55:26.438+0000] {processor.py:914} INFO - Processing file /home/airflow/.local/lib/python3.12/site-packages/airflow/example_dags/example_sensors.py for tasks to queue
[2025-05-07T13:55:26.444+0000] {logging_mixin.py:190} INFO - [2025-05-07T13:55:26.443+0000] {dagbag.py:588} INFO - Filling up the DagBag from /home/airflow/.local/lib/python3.12/site-packages/airflow/example_dags/example_sensors.py
[2025-05-07T13:55:26.468+0000] {processor.py:925} INFO - DAG(s) 'example_sensors' retrieved from /home/airflow/.local/lib/python3.12/site-packages/airflow/example_dags/example_sensors.py
[2025-05-07T13:55:26.538+0000] {logging_mixin.py:190} INFO - [2025-05-07T13:55:26.538+0000] {dag.py:3239} INFO - Sync 1 DAGs
[2025-05-07T13:55:26.578+0000] {logging_mixin.py:190} INFO - [2025-05-07T13:55:26.577+0000] {dag.py:4180} INFO - Setting next_dagrun for example_sensors to None, run_after=None
[2025-05-07T13:55:26.668+0000] {processor.py:208} INFO - Processing /home/airflow/.local/lib/python3.12/site-packages/airflow/example_dags/example_sensors.py took 0.245 seconds
