[2025-05-07T13:38:56.313+0000] {processor.py:186} INFO - Started process (PID=72) to work on /home/airflow/.local/lib/python3.12/site-packages/airflow/example_dags/example_task_group.py
[2025-05-07T13:38:56.315+0000] {processor.py:914} INFO - Processing file /home/airflow/.local/lib/python3.12/site-packages/airflow/example_dags/example_task_group.py for tasks to queue
[2025-05-07T13:38:56.322+0000] {logging_mixin.py:190} INFO - [2025-05-07T13:38:56.321+0000] {dagbag.py:588} INFO - Filling up the DagBag from /home/airflow/.local/lib/python3.12/site-packages/airflow/example_dags/example_task_group.py
[2025-05-07T13:38:56.444+0000] {processor.py:925} INFO - DAG(s) 'example_task_group' retrieved from /home/airflow/.local/lib/python3.12/site-packages/airflow/example_dags/example_task_group.py
[2025-05-07T13:38:57.144+0000] {logging_mixin.py:190} INFO - [2025-05-07T13:38:57.143+0000] {dag.py:3239} INFO - Sync 1 DAGs
[2025-05-07T13:38:57.206+0000] {logging_mixin.py:190} INFO - [2025-05-07T13:38:57.205+0000] {dag.py:4180} INFO - Setting next_dagrun for example_task_group to None, run_after=None
[2025-05-07T13:38:57.817+0000] {processor.py:208} INFO - Processing /home/airflow/.local/lib/python3.12/site-packages/airflow/example_dags/example_task_group.py took 1.519 seconds
[2025-05-07T13:40:01.825+0000] {processor.py:186} INFO - Started process (PID=144) to work on /home/airflow/.local/lib/python3.12/site-packages/airflow/example_dags/example_task_group.py
[2025-05-07T13:40:01.831+0000] {processor.py:914} INFO - Processing file /home/airflow/.local/lib/python3.12/site-packages/airflow/example_dags/example_task_group.py for tasks to queue
[2025-05-07T13:40:01.838+0000] {logging_mixin.py:190} INFO - [2025-05-07T13:40:01.837+0000] {dagbag.py:588} INFO - Filling up the DagBag from /home/airflow/.local/lib/python3.12/site-packages/airflow/example_dags/example_task_group.py
[2025-05-07T13:40:01.856+0000] {processor.py:925} INFO - DAG(s) 'example_task_group' retrieved from /home/airflow/.local/lib/python3.12/site-packages/airflow/example_dags/example_task_group.py
[2025-05-07T13:40:02.616+0000] {logging_mixin.py:190} INFO - [2025-05-07T13:40:02.614+0000] {dag.py:3239} INFO - Sync 1 DAGs
[2025-05-07T13:40:02.942+0000] {logging_mixin.py:190} INFO - [2025-05-07T13:40:02.941+0000] {dag.py:4180} INFO - Setting next_dagrun for example_task_group to None, run_after=None
[2025-05-07T13:40:03.060+0000] {processor.py:208} INFO - Processing /home/airflow/.local/lib/python3.12/site-packages/airflow/example_dags/example_task_group.py took 1.248 seconds
[2025-05-07T13:40:41.017+0000] {processor.py:186} INFO - Started process (PID=215) to work on /home/airflow/.local/lib/python3.12/site-packages/airflow/example_dags/example_task_group.py
[2025-05-07T13:40:41.020+0000] {processor.py:914} INFO - Processing file /home/airflow/.local/lib/python3.12/site-packages/airflow/example_dags/example_task_group.py for tasks to queue
[2025-05-07T13:40:41.025+0000] {logging_mixin.py:190} INFO - [2025-05-07T13:40:41.024+0000] {dagbag.py:588} INFO - Filling up the DagBag from /home/airflow/.local/lib/python3.12/site-packages/airflow/example_dags/example_task_group.py
[2025-05-07T13:40:41.047+0000] {processor.py:925} INFO - DAG(s) 'example_task_group' retrieved from /home/airflow/.local/lib/python3.12/site-packages/airflow/example_dags/example_task_group.py
[2025-05-07T13:40:41.099+0000] {logging_mixin.py:190} INFO - [2025-05-07T13:40:41.098+0000] {dag.py:3239} INFO - Sync 1 DAGs
[2025-05-07T13:40:41.196+0000] {logging_mixin.py:190} INFO - [2025-05-07T13:40:41.196+0000] {dag.py:4180} INFO - Setting next_dagrun for example_task_group to None, run_after=None
[2025-05-07T13:40:41.281+0000] {processor.py:208} INFO - Processing /home/airflow/.local/lib/python3.12/site-packages/airflow/example_dags/example_task_group.py took 0.281 seconds
[2025-05-07T13:41:20.991+0000] {processor.py:186} INFO - Started process (PID=281) to work on /home/airflow/.local/lib/python3.12/site-packages/airflow/example_dags/example_task_group.py
[2025-05-07T13:41:20.996+0000] {processor.py:914} INFO - Processing file /home/airflow/.local/lib/python3.12/site-packages/airflow/example_dags/example_task_group.py for tasks to queue
[2025-05-07T13:41:21.043+0000] {logging_mixin.py:190} INFO - [2025-05-07T13:41:21.042+0000] {dagbag.py:588} INFO - Filling up the DagBag from /home/airflow/.local/lib/python3.12/site-packages/airflow/example_dags/example_task_group.py
[2025-05-07T13:41:21.065+0000] {processor.py:925} INFO - DAG(s) 'example_task_group' retrieved from /home/airflow/.local/lib/python3.12/site-packages/airflow/example_dags/example_task_group.py
[2025-05-07T13:41:21.149+0000] {logging_mixin.py:190} INFO - [2025-05-07T13:41:21.148+0000] {dag.py:3239} INFO - Sync 1 DAGs
[2025-05-07T13:41:21.201+0000] {logging_mixin.py:190} INFO - [2025-05-07T13:41:21.199+0000] {dag.py:4180} INFO - Setting next_dagrun for example_task_group to None, run_after=None
[2025-05-07T13:41:21.263+0000] {processor.py:208} INFO - Processing /home/airflow/.local/lib/python3.12/site-packages/airflow/example_dags/example_task_group.py took 0.469 seconds
[2025-05-07T13:42:20.343+0000] {processor.py:186} INFO - Started process (PID=346) to work on /home/airflow/.local/lib/python3.12/site-packages/airflow/example_dags/example_task_group.py
[2025-05-07T13:42:20.346+0000] {processor.py:914} INFO - Processing file /home/airflow/.local/lib/python3.12/site-packages/airflow/example_dags/example_task_group.py for tasks to queue
[2025-05-07T13:42:20.352+0000] {logging_mixin.py:190} INFO - [2025-05-07T13:42:20.351+0000] {dagbag.py:588} INFO - Filling up the DagBag from /home/airflow/.local/lib/python3.12/site-packages/airflow/example_dags/example_task_group.py
[2025-05-07T13:42:20.376+0000] {processor.py:925} INFO - DAG(s) 'example_task_group' retrieved from /home/airflow/.local/lib/python3.12/site-packages/airflow/example_dags/example_task_group.py
[2025-05-07T13:42:20.436+0000] {logging_mixin.py:190} INFO - [2025-05-07T13:42:20.436+0000] {dag.py:3239} INFO - Sync 1 DAGs
[2025-05-07T13:42:20.472+0000] {logging_mixin.py:190} INFO - [2025-05-07T13:42:20.471+0000] {dag.py:4180} INFO - Setting next_dagrun for example_task_group to None, run_after=None
[2025-05-07T13:42:20.550+0000] {processor.py:208} INFO - Processing /home/airflow/.local/lib/python3.12/site-packages/airflow/example_dags/example_task_group.py took 0.225 seconds
[2025-05-07T13:43:11.852+0000] {processor.py:186} INFO - Started process (PID=411) to work on /home/airflow/.local/lib/python3.12/site-packages/airflow/example_dags/example_task_group.py
[2025-05-07T13:43:11.857+0000] {processor.py:914} INFO - Processing file /home/airflow/.local/lib/python3.12/site-packages/airflow/example_dags/example_task_group.py for tasks to queue
[2025-05-07T13:43:11.867+0000] {logging_mixin.py:190} INFO - [2025-05-07T13:43:11.865+0000] {dagbag.py:588} INFO - Filling up the DagBag from /home/airflow/.local/lib/python3.12/site-packages/airflow/example_dags/example_task_group.py
[2025-05-07T13:43:12.273+0000] {processor.py:925} INFO - DAG(s) 'example_task_group' retrieved from /home/airflow/.local/lib/python3.12/site-packages/airflow/example_dags/example_task_group.py
[2025-05-07T13:43:12.906+0000] {logging_mixin.py:190} INFO - [2025-05-07T13:43:12.905+0000] {dag.py:3239} INFO - Sync 1 DAGs
[2025-05-07T13:43:12.951+0000] {logging_mixin.py:190} INFO - [2025-05-07T13:43:12.951+0000] {dag.py:4180} INFO - Setting next_dagrun for example_task_group to None, run_after=None
[2025-05-07T13:43:13.147+0000] {processor.py:208} INFO - Processing /home/airflow/.local/lib/python3.12/site-packages/airflow/example_dags/example_task_group.py took 1.395 seconds
[2025-05-07T13:44:21.250+0000] {processor.py:186} INFO - Started process (PID=477) to work on /home/airflow/.local/lib/python3.12/site-packages/airflow/example_dags/example_task_group.py
[2025-05-07T13:44:21.255+0000] {processor.py:914} INFO - Processing file /home/airflow/.local/lib/python3.12/site-packages/airflow/example_dags/example_task_group.py for tasks to queue
[2025-05-07T13:44:21.261+0000] {logging_mixin.py:190} INFO - [2025-05-07T13:44:21.260+0000] {dagbag.py:588} INFO - Filling up the DagBag from /home/airflow/.local/lib/python3.12/site-packages/airflow/example_dags/example_task_group.py
[2025-05-07T13:44:21.306+0000] {processor.py:925} INFO - DAG(s) 'example_task_group' retrieved from /home/airflow/.local/lib/python3.12/site-packages/airflow/example_dags/example_task_group.py
[2025-05-07T13:44:23.722+0000] {logging_mixin.py:190} INFO - [2025-05-07T13:44:23.721+0000] {dag.py:3239} INFO - Sync 1 DAGs
[2025-05-07T13:44:24.142+0000] {logging_mixin.py:190} INFO - [2025-05-07T13:44:24.141+0000] {dag.py:4180} INFO - Setting next_dagrun for example_task_group to None, run_after=None
[2025-05-07T13:44:24.393+0000] {processor.py:208} INFO - Processing /home/airflow/.local/lib/python3.12/site-packages/airflow/example_dags/example_task_group.py took 3.157 seconds
[2025-05-07T13:45:22.757+0000] {processor.py:186} INFO - Started process (PID=551) to work on /home/airflow/.local/lib/python3.12/site-packages/airflow/example_dags/example_task_group.py
[2025-05-07T13:45:22.761+0000] {processor.py:914} INFO - Processing file /home/airflow/.local/lib/python3.12/site-packages/airflow/example_dags/example_task_group.py for tasks to queue
[2025-05-07T13:45:22.768+0000] {logging_mixin.py:190} INFO - [2025-05-07T13:45:22.767+0000] {dagbag.py:588} INFO - Filling up the DagBag from /home/airflow/.local/lib/python3.12/site-packages/airflow/example_dags/example_task_group.py
[2025-05-07T13:45:22.809+0000] {processor.py:925} INFO - DAG(s) 'example_task_group' retrieved from /home/airflow/.local/lib/python3.12/site-packages/airflow/example_dags/example_task_group.py
[2025-05-07T13:45:22.958+0000] {logging_mixin.py:190} INFO - [2025-05-07T13:45:22.957+0000] {dag.py:3239} INFO - Sync 1 DAGs
[2025-05-07T13:45:23.014+0000] {logging_mixin.py:190} INFO - [2025-05-07T13:45:23.014+0000] {dag.py:4180} INFO - Setting next_dagrun for example_task_group to None, run_after=None
[2025-05-07T13:45:23.066+0000] {processor.py:208} INFO - Processing /home/airflow/.local/lib/python3.12/site-packages/airflow/example_dags/example_task_group.py took 0.328 seconds
[2025-05-07T13:45:58.024+0000] {processor.py:186} INFO - Started process (PID=600) to work on /home/airflow/.local/lib/python3.12/site-packages/airflow/example_dags/example_task_group.py
[2025-05-07T13:45:58.032+0000] {processor.py:914} INFO - Processing file /home/airflow/.local/lib/python3.12/site-packages/airflow/example_dags/example_task_group.py for tasks to queue
[2025-05-07T13:45:58.041+0000] {logging_mixin.py:190} INFO - [2025-05-07T13:45:58.040+0000] {dagbag.py:588} INFO - Filling up the DagBag from /home/airflow/.local/lib/python3.12/site-packages/airflow/example_dags/example_task_group.py
[2025-05-07T13:45:58.084+0000] {processor.py:925} INFO - DAG(s) 'example_task_group' retrieved from /home/airflow/.local/lib/python3.12/site-packages/airflow/example_dags/example_task_group.py
[2025-05-07T13:45:58.178+0000] {logging_mixin.py:190} INFO - [2025-05-07T13:45:58.177+0000] {dag.py:3239} INFO - Sync 1 DAGs
[2025-05-07T13:45:58.211+0000] {logging_mixin.py:190} INFO - [2025-05-07T13:45:58.211+0000] {dag.py:4180} INFO - Setting next_dagrun for example_task_group to None, run_after=None
[2025-05-07T13:45:58.263+0000] {processor.py:208} INFO - Processing /home/airflow/.local/lib/python3.12/site-packages/airflow/example_dags/example_task_group.py took 0.262 seconds
[2025-05-07T13:46:30.135+0000] {processor.py:186} INFO - Started process (PID=665) to work on /home/airflow/.local/lib/python3.12/site-packages/airflow/example_dags/example_task_group.py
[2025-05-07T13:46:30.139+0000] {processor.py:914} INFO - Processing file /home/airflow/.local/lib/python3.12/site-packages/airflow/example_dags/example_task_group.py for tasks to queue
[2025-05-07T13:46:30.149+0000] {logging_mixin.py:190} INFO - [2025-05-07T13:46:30.147+0000] {dagbag.py:588} INFO - Filling up the DagBag from /home/airflow/.local/lib/python3.12/site-packages/airflow/example_dags/example_task_group.py
[2025-05-07T13:46:30.177+0000] {processor.py:925} INFO - DAG(s) 'example_task_group' retrieved from /home/airflow/.local/lib/python3.12/site-packages/airflow/example_dags/example_task_group.py
[2025-05-07T13:46:30.235+0000] {logging_mixin.py:190} INFO - [2025-05-07T13:46:30.234+0000] {dag.py:3239} INFO - Sync 1 DAGs
[2025-05-07T13:46:30.285+0000] {logging_mixin.py:190} INFO - [2025-05-07T13:46:30.285+0000] {dag.py:4180} INFO - Setting next_dagrun for example_task_group to None, run_after=None
[2025-05-07T13:46:30.331+0000] {processor.py:208} INFO - Processing /home/airflow/.local/lib/python3.12/site-packages/airflow/example_dags/example_task_group.py took 0.216 seconds
[2025-05-07T13:47:07.485+0000] {processor.py:186} INFO - Started process (PID=732) to work on /home/airflow/.local/lib/python3.12/site-packages/airflow/example_dags/example_task_group.py
[2025-05-07T13:47:07.489+0000] {processor.py:914} INFO - Processing file /home/airflow/.local/lib/python3.12/site-packages/airflow/example_dags/example_task_group.py for tasks to queue
[2025-05-07T13:47:07.511+0000] {logging_mixin.py:190} INFO - [2025-05-07T13:47:07.510+0000] {dagbag.py:588} INFO - Filling up the DagBag from /home/airflow/.local/lib/python3.12/site-packages/airflow/example_dags/example_task_group.py
[2025-05-07T13:47:07.531+0000] {processor.py:925} INFO - DAG(s) 'example_task_group' retrieved from /home/airflow/.local/lib/python3.12/site-packages/airflow/example_dags/example_task_group.py
[2025-05-07T13:47:07.614+0000] {logging_mixin.py:190} INFO - [2025-05-07T13:47:07.614+0000] {dag.py:3239} INFO - Sync 1 DAGs
[2025-05-07T13:47:07.655+0000] {logging_mixin.py:190} INFO - [2025-05-07T13:47:07.654+0000] {dag.py:4180} INFO - Setting next_dagrun for example_task_group to None, run_after=None
[2025-05-07T13:47:07.712+0000] {processor.py:208} INFO - Processing /home/airflow/.local/lib/python3.12/site-packages/airflow/example_dags/example_task_group.py took 0.245 seconds
[2025-05-07T13:47:52.290+0000] {processor.py:186} INFO - Started process (PID=787) to work on /home/airflow/.local/lib/python3.12/site-packages/airflow/example_dags/example_task_group.py
[2025-05-07T13:47:52.397+0000] {processor.py:914} INFO - Processing file /home/airflow/.local/lib/python3.12/site-packages/airflow/example_dags/example_task_group.py for tasks to queue
[2025-05-07T13:47:52.410+0000] {logging_mixin.py:190} INFO - [2025-05-07T13:47:52.409+0000] {dagbag.py:588} INFO - Filling up the DagBag from /home/airflow/.local/lib/python3.12/site-packages/airflow/example_dags/example_task_group.py
[2025-05-07T13:47:52.552+0000] {processor.py:925} INFO - DAG(s) 'example_task_group' retrieved from /home/airflow/.local/lib/python3.12/site-packages/airflow/example_dags/example_task_group.py
[2025-05-07T13:47:53.070+0000] {logging_mixin.py:190} INFO - [2025-05-07T13:47:53.068+0000] {dag.py:3239} INFO - Sync 1 DAGs
[2025-05-07T13:47:53.185+0000] {logging_mixin.py:190} INFO - [2025-05-07T13:47:53.184+0000] {dag.py:4180} INFO - Setting next_dagrun for example_task_group to None, run_after=None
[2025-05-07T13:47:53.317+0000] {processor.py:208} INFO - Processing /home/airflow/.local/lib/python3.12/site-packages/airflow/example_dags/example_task_group.py took 1.235 seconds
[2025-05-07T13:49:19.177+0000] {processor.py:186} INFO - Started process (PID=872) to work on /home/airflow/.local/lib/python3.12/site-packages/airflow/example_dags/example_task_group.py
[2025-05-07T13:49:19.185+0000] {processor.py:914} INFO - Processing file /home/airflow/.local/lib/python3.12/site-packages/airflow/example_dags/example_task_group.py for tasks to queue
[2025-05-07T13:49:19.191+0000] {logging_mixin.py:190} INFO - [2025-05-07T13:49:19.191+0000] {dagbag.py:588} INFO - Filling up the DagBag from /home/airflow/.local/lib/python3.12/site-packages/airflow/example_dags/example_task_group.py
[2025-05-07T13:49:19.218+0000] {processor.py:925} INFO - DAG(s) 'example_task_group' retrieved from /home/airflow/.local/lib/python3.12/site-packages/airflow/example_dags/example_task_group.py
[2025-05-07T13:49:19.407+0000] {logging_mixin.py:190} INFO - [2025-05-07T13:49:19.406+0000] {dag.py:3239} INFO - Sync 1 DAGs
[2025-05-07T13:49:19.490+0000] {logging_mixin.py:190} INFO - [2025-05-07T13:49:19.490+0000] {dag.py:4180} INFO - Setting next_dagrun for example_task_group to None, run_after=None
[2025-05-07T13:49:19.630+0000] {processor.py:208} INFO - Processing /home/airflow/.local/lib/python3.12/site-packages/airflow/example_dags/example_task_group.py took 0.506 seconds
[2025-05-07T13:50:13.023+0000] {processor.py:186} INFO - Started process (PID=930) to work on /home/airflow/.local/lib/python3.12/site-packages/airflow/example_dags/example_task_group.py
[2025-05-07T13:50:13.029+0000] {processor.py:914} INFO - Processing file /home/airflow/.local/lib/python3.12/site-packages/airflow/example_dags/example_task_group.py for tasks to queue
[2025-05-07T13:50:13.036+0000] {logging_mixin.py:190} INFO - [2025-05-07T13:50:13.035+0000] {dagbag.py:588} INFO - Filling up the DagBag from /home/airflow/.local/lib/python3.12/site-packages/airflow/example_dags/example_task_group.py
[2025-05-07T13:50:13.055+0000] {processor.py:925} INFO - DAG(s) 'example_task_group' retrieved from /home/airflow/.local/lib/python3.12/site-packages/airflow/example_dags/example_task_group.py
[2025-05-07T13:50:13.112+0000] {logging_mixin.py:190} INFO - [2025-05-07T13:50:13.111+0000] {dag.py:3239} INFO - Sync 1 DAGs
[2025-05-07T13:50:13.161+0000] {logging_mixin.py:190} INFO - [2025-05-07T13:50:13.161+0000] {dag.py:4180} INFO - Setting next_dagrun for example_task_group to None, run_after=None
[2025-05-07T13:50:13.214+0000] {processor.py:208} INFO - Processing /home/airflow/.local/lib/python3.12/site-packages/airflow/example_dags/example_task_group.py took 0.204 seconds
[2025-05-07T13:50:55.011+0000] {processor.py:186} INFO - Started process (PID=1003) to work on /home/airflow/.local/lib/python3.12/site-packages/airflow/example_dags/example_task_group.py
[2025-05-07T13:50:55.064+0000] {processor.py:914} INFO - Processing file /home/airflow/.local/lib/python3.12/site-packages/airflow/example_dags/example_task_group.py for tasks to queue
[2025-05-07T13:50:55.083+0000] {logging_mixin.py:190} INFO - [2025-05-07T13:50:55.082+0000] {dagbag.py:588} INFO - Filling up the DagBag from /home/airflow/.local/lib/python3.12/site-packages/airflow/example_dags/example_task_group.py
[2025-05-07T13:50:55.108+0000] {processor.py:925} INFO - DAG(s) 'example_task_group' retrieved from /home/airflow/.local/lib/python3.12/site-packages/airflow/example_dags/example_task_group.py
[2025-05-07T13:50:55.413+0000] {logging_mixin.py:190} INFO - [2025-05-07T13:50:55.385+0000] {dag.py:3239} INFO - Sync 1 DAGs
[2025-05-07T13:50:55.867+0000] {logging_mixin.py:190} INFO - [2025-05-07T13:50:55.866+0000] {dag.py:4180} INFO - Setting next_dagrun for example_task_group to None, run_after=None
[2025-05-07T13:50:57.304+0000] {processor.py:208} INFO - Processing /home/airflow/.local/lib/python3.12/site-packages/airflow/example_dags/example_task_group.py took 2.307 seconds
[2025-05-07T13:51:28.487+0000] {processor.py:186} INFO - Started process (PID=1067) to work on /home/airflow/.local/lib/python3.12/site-packages/airflow/example_dags/example_task_group.py
[2025-05-07T13:51:28.489+0000] {processor.py:914} INFO - Processing file /home/airflow/.local/lib/python3.12/site-packages/airflow/example_dags/example_task_group.py for tasks to queue
[2025-05-07T13:51:28.496+0000] {logging_mixin.py:190} INFO - [2025-05-07T13:51:28.495+0000] {dagbag.py:588} INFO - Filling up the DagBag from /home/airflow/.local/lib/python3.12/site-packages/airflow/example_dags/example_task_group.py
[2025-05-07T13:51:28.514+0000] {processor.py:925} INFO - DAG(s) 'example_task_group' retrieved from /home/airflow/.local/lib/python3.12/site-packages/airflow/example_dags/example_task_group.py
[2025-05-07T13:51:28.733+0000] {logging_mixin.py:190} INFO - [2025-05-07T13:51:28.733+0000] {dag.py:3239} INFO - Sync 1 DAGs
[2025-05-07T13:51:28.775+0000] {logging_mixin.py:190} INFO - [2025-05-07T13:51:28.774+0000] {dag.py:4180} INFO - Setting next_dagrun for example_task_group to None, run_after=None
[2025-05-07T13:51:28.843+0000] {processor.py:208} INFO - Processing /home/airflow/.local/lib/python3.12/site-packages/airflow/example_dags/example_task_group.py took 0.463 seconds
[2025-05-07T13:52:07.693+0000] {processor.py:186} INFO - Started process (PID=1121) to work on /home/airflow/.local/lib/python3.12/site-packages/airflow/example_dags/example_task_group.py
[2025-05-07T13:52:07.970+0000] {processor.py:914} INFO - Processing file /home/airflow/.local/lib/python3.12/site-packages/airflow/example_dags/example_task_group.py for tasks to queue
[2025-05-07T13:52:08.020+0000] {logging_mixin.py:190} INFO - [2025-05-07T13:52:08.019+0000] {dagbag.py:588} INFO - Filling up the DagBag from /home/airflow/.local/lib/python3.12/site-packages/airflow/example_dags/example_task_group.py
[2025-05-07T13:52:08.046+0000] {processor.py:925} INFO - DAG(s) 'example_task_group' retrieved from /home/airflow/.local/lib/python3.12/site-packages/airflow/example_dags/example_task_group.py
[2025-05-07T13:52:08.238+0000] {logging_mixin.py:190} INFO - [2025-05-07T13:52:08.238+0000] {dag.py:3239} INFO - Sync 1 DAGs
[2025-05-07T13:52:08.338+0000] {logging_mixin.py:190} INFO - [2025-05-07T13:52:08.337+0000] {dag.py:4180} INFO - Setting next_dagrun for example_task_group to None, run_after=None
[2025-05-07T13:52:08.417+0000] {processor.py:208} INFO - Processing /home/airflow/.local/lib/python3.12/site-packages/airflow/example_dags/example_task_group.py took 0.742 seconds
[2025-05-07T13:52:46.017+0000] {processor.py:186} INFO - Started process (PID=1187) to work on /home/airflow/.local/lib/python3.12/site-packages/airflow/example_dags/example_task_group.py
[2025-05-07T13:52:46.022+0000] {processor.py:914} INFO - Processing file /home/airflow/.local/lib/python3.12/site-packages/airflow/example_dags/example_task_group.py for tasks to queue
[2025-05-07T13:52:46.052+0000] {logging_mixin.py:190} INFO - [2025-05-07T13:52:46.039+0000] {dagbag.py:588} INFO - Filling up the DagBag from /home/airflow/.local/lib/python3.12/site-packages/airflow/example_dags/example_task_group.py
[2025-05-07T13:52:46.196+0000] {processor.py:925} INFO - DAG(s) 'example_task_group' retrieved from /home/airflow/.local/lib/python3.12/site-packages/airflow/example_dags/example_task_group.py
[2025-05-07T13:52:46.304+0000] {logging_mixin.py:190} INFO - [2025-05-07T13:52:46.304+0000] {dag.py:3239} INFO - Sync 1 DAGs
[2025-05-07T13:52:46.371+0000] {logging_mixin.py:190} INFO - [2025-05-07T13:52:46.370+0000] {dag.py:4180} INFO - Setting next_dagrun for example_task_group to None, run_after=None
[2025-05-07T13:52:46.886+0000] {processor.py:208} INFO - Processing /home/airflow/.local/lib/python3.12/site-packages/airflow/example_dags/example_task_group.py took 0.968 seconds
[2025-05-07T13:53:21.813+0000] {processor.py:186} INFO - Started process (PID=1252) to work on /home/airflow/.local/lib/python3.12/site-packages/airflow/example_dags/example_task_group.py
[2025-05-07T13:53:21.816+0000] {processor.py:914} INFO - Processing file /home/airflow/.local/lib/python3.12/site-packages/airflow/example_dags/example_task_group.py for tasks to queue
[2025-05-07T13:53:21.823+0000] {logging_mixin.py:190} INFO - [2025-05-07T13:53:21.822+0000] {dagbag.py:588} INFO - Filling up the DagBag from /home/airflow/.local/lib/python3.12/site-packages/airflow/example_dags/example_task_group.py
[2025-05-07T13:53:21.884+0000] {processor.py:925} INFO - DAG(s) 'example_task_group' retrieved from /home/airflow/.local/lib/python3.12/site-packages/airflow/example_dags/example_task_group.py
[2025-05-07T13:53:21.977+0000] {logging_mixin.py:190} INFO - [2025-05-07T13:53:21.976+0000] {dag.py:3239} INFO - Sync 1 DAGs
[2025-05-07T13:53:22.032+0000] {logging_mixin.py:190} INFO - [2025-05-07T13:53:22.031+0000] {dag.py:4180} INFO - Setting next_dagrun for example_task_group to None, run_after=None
[2025-05-07T13:53:22.192+0000] {processor.py:208} INFO - Processing /home/airflow/.local/lib/python3.12/site-packages/airflow/example_dags/example_task_group.py took 0.397 seconds
[2025-05-07T13:54:16.484+0000] {processor.py:186} INFO - Started process (PID=1317) to work on /home/airflow/.local/lib/python3.12/site-packages/airflow/example_dags/example_task_group.py
[2025-05-07T13:54:16.487+0000] {processor.py:914} INFO - Processing file /home/airflow/.local/lib/python3.12/site-packages/airflow/example_dags/example_task_group.py for tasks to queue
[2025-05-07T13:54:16.493+0000] {logging_mixin.py:190} INFO - [2025-05-07T13:54:16.492+0000] {dagbag.py:588} INFO - Filling up the DagBag from /home/airflow/.local/lib/python3.12/site-packages/airflow/example_dags/example_task_group.py
[2025-05-07T13:54:16.519+0000] {processor.py:925} INFO - DAG(s) 'example_task_group' retrieved from /home/airflow/.local/lib/python3.12/site-packages/airflow/example_dags/example_task_group.py
[2025-05-07T13:54:17.598+0000] {logging_mixin.py:190} INFO - [2025-05-07T13:54:17.598+0000] {dag.py:3239} INFO - Sync 1 DAGs
[2025-05-07T13:54:18.394+0000] {logging_mixin.py:190} INFO - [2025-05-07T13:54:18.393+0000] {dag.py:4180} INFO - Setting next_dagrun for example_task_group to None, run_after=None
[2025-05-07T13:54:18.606+0000] {processor.py:208} INFO - Processing /home/airflow/.local/lib/python3.12/site-packages/airflow/example_dags/example_task_group.py took 2.135 seconds
[2025-05-07T13:55:07.960+0000] {processor.py:186} INFO - Started process (PID=1389) to work on /home/airflow/.local/lib/python3.12/site-packages/airflow/example_dags/example_task_group.py
[2025-05-07T13:55:07.965+0000] {processor.py:914} INFO - Processing file /home/airflow/.local/lib/python3.12/site-packages/airflow/example_dags/example_task_group.py for tasks to queue
[2025-05-07T13:55:07.971+0000] {logging_mixin.py:190} INFO - [2025-05-07T13:55:07.970+0000] {dagbag.py:588} INFO - Filling up the DagBag from /home/airflow/.local/lib/python3.12/site-packages/airflow/example_dags/example_task_group.py
[2025-05-07T13:55:07.990+0000] {processor.py:925} INFO - DAG(s) 'example_task_group' retrieved from /home/airflow/.local/lib/python3.12/site-packages/airflow/example_dags/example_task_group.py
[2025-05-07T13:55:08.055+0000] {logging_mixin.py:190} INFO - [2025-05-07T13:55:08.054+0000] {dag.py:3239} INFO - Sync 1 DAGs
[2025-05-07T13:55:08.100+0000] {logging_mixin.py:190} INFO - [2025-05-07T13:55:08.100+0000] {dag.py:4180} INFO - Setting next_dagrun for example_task_group to None, run_after=None
[2025-05-07T13:55:08.148+0000] {processor.py:208} INFO - Processing /home/airflow/.local/lib/python3.12/site-packages/airflow/example_dags/example_task_group.py took 0.201 seconds
