[2025-05-07T13:39:13.364+0000] {processor.py:186} INFO - Started process (PID=95) to work on /home/airflow/.local/lib/python3.12/site-packages/airflow/example_dags/example_xcom.py
[2025-05-07T13:39:13.365+0000] {processor.py:914} INFO - Processing file /home/airflow/.local/lib/python3.12/site-packages/airflow/example_dags/example_xcom.py for tasks to queue
[2025-05-07T13:39:13.370+0000] {logging_mixin.py:190} INFO - [2025-05-07T13:39:13.370+0000] {dagbag.py:588} INFO - Filling up the DagBag from /home/airflow/.local/lib/python3.12/site-packages/airflow/example_dags/example_xcom.py
[2025-05-07T13:39:13.389+0000] {processor.py:925} INFO - DAG(s) 'example_xcom' retrieved from /home/airflow/.local/lib/python3.12/site-packages/airflow/example_dags/example_xcom.py
[2025-05-07T13:39:13.628+0000] {logging_mixin.py:190} INFO - [2025-05-07T13:39:13.627+0000] {dag.py:3239} INFO - Sync 1 DAGs
[2025-05-07T13:39:13.875+0000] {logging_mixin.py:190} INFO - [2025-05-07T13:39:13.874+0000] {dag.py:4180} INFO - Setting next_dagrun for example_xcom to 2021-01-01 00:00:00+00:00, run_after=2021-01-01 00:00:00+00:00
[2025-05-07T13:39:14.169+0000] {processor.py:208} INFO - Processing /home/airflow/.local/lib/python3.12/site-packages/airflow/example_dags/example_xcom.py took 1.088 seconds
[2025-05-07T13:40:14.506+0000] {processor.py:186} INFO - Started process (PID=168) to work on /home/airflow/.local/lib/python3.12/site-packages/airflow/example_dags/example_xcom.py
[2025-05-07T13:40:14.512+0000] {processor.py:914} INFO - Processing file /home/airflow/.local/lib/python3.12/site-packages/airflow/example_dags/example_xcom.py for tasks to queue
[2025-05-07T13:40:14.519+0000] {logging_mixin.py:190} INFO - [2025-05-07T13:40:14.518+0000] {dagbag.py:588} INFO - Filling up the DagBag from /home/airflow/.local/lib/python3.12/site-packages/airflow/example_dags/example_xcom.py
[2025-05-07T13:40:14.540+0000] {processor.py:925} INFO - DAG(s) 'example_xcom' retrieved from /home/airflow/.local/lib/python3.12/site-packages/airflow/example_dags/example_xcom.py
[2025-05-07T13:40:14.604+0000] {logging_mixin.py:190} INFO - [2025-05-07T13:40:14.603+0000] {dag.py:3239} INFO - Sync 1 DAGs
[2025-05-07T13:40:14.671+0000] {logging_mixin.py:190} INFO - [2025-05-07T13:40:14.670+0000] {dag.py:4180} INFO - Setting next_dagrun for example_xcom to 2021-01-01 00:00:00+00:00, run_after=2021-01-01 00:00:00+00:00
[2025-05-07T13:40:14.729+0000] {processor.py:208} INFO - Processing /home/airflow/.local/lib/python3.12/site-packages/airflow/example_dags/example_xcom.py took 0.243 seconds
[2025-05-07T13:41:02.546+0000] {processor.py:186} INFO - Started process (PID=236) to work on /home/airflow/.local/lib/python3.12/site-packages/airflow/example_dags/example_xcom.py
[2025-05-07T13:41:02.551+0000] {processor.py:914} INFO - Processing file /home/airflow/.local/lib/python3.12/site-packages/airflow/example_dags/example_xcom.py for tasks to queue
[2025-05-07T13:41:02.564+0000] {logging_mixin.py:190} INFO - [2025-05-07T13:41:02.558+0000] {dagbag.py:588} INFO - Filling up the DagBag from /home/airflow/.local/lib/python3.12/site-packages/airflow/example_dags/example_xcom.py
[2025-05-07T13:41:02.594+0000] {processor.py:925} INFO - DAG(s) 'example_xcom' retrieved from /home/airflow/.local/lib/python3.12/site-packages/airflow/example_dags/example_xcom.py
[2025-05-07T13:41:02.651+0000] {logging_mixin.py:190} INFO - [2025-05-07T13:41:02.651+0000] {dag.py:3239} INFO - Sync 1 DAGs
[2025-05-07T13:41:02.717+0000] {logging_mixin.py:190} INFO - [2025-05-07T13:41:02.716+0000] {dag.py:4180} INFO - Setting next_dagrun for example_xcom to 2021-01-01 00:00:00+00:00, run_after=2021-01-01 00:00:00+00:00
[2025-05-07T13:41:02.763+0000] {processor.py:208} INFO - Processing /home/airflow/.local/lib/python3.12/site-packages/airflow/example_dags/example_xcom.py took 0.252 seconds
[2025-05-07T13:41:37.989+0000] {processor.py:186} INFO - Started process (PID=300) to work on /home/airflow/.local/lib/python3.12/site-packages/airflow/example_dags/example_xcom.py
[2025-05-07T13:41:37.991+0000] {processor.py:914} INFO - Processing file /home/airflow/.local/lib/python3.12/site-packages/airflow/example_dags/example_xcom.py for tasks to queue
[2025-05-07T13:41:37.997+0000] {logging_mixin.py:190} INFO - [2025-05-07T13:41:37.996+0000] {dagbag.py:588} INFO - Filling up the DagBag from /home/airflow/.local/lib/python3.12/site-packages/airflow/example_dags/example_xcom.py
[2025-05-07T13:41:38.025+0000] {processor.py:925} INFO - DAG(s) 'example_xcom' retrieved from /home/airflow/.local/lib/python3.12/site-packages/airflow/example_dags/example_xcom.py
[2025-05-07T13:41:38.746+0000] {logging_mixin.py:190} INFO - [2025-05-07T13:41:38.733+0000] {dag.py:3239} INFO - Sync 1 DAGs
[2025-05-07T13:41:38.912+0000] {logging_mixin.py:190} INFO - [2025-05-07T13:41:38.911+0000] {dag.py:4180} INFO - Setting next_dagrun for example_xcom to 2021-01-01 00:00:00+00:00, run_after=2021-01-01 00:00:00+00:00
[2025-05-07T13:41:39.023+0000] {processor.py:208} INFO - Processing /home/airflow/.local/lib/python3.12/site-packages/airflow/example_dags/example_xcom.py took 1.049 seconds
[2025-05-07T13:42:33.243+0000] {processor.py:186} INFO - Started process (PID=363) to work on /home/airflow/.local/lib/python3.12/site-packages/airflow/example_dags/example_xcom.py
[2025-05-07T13:42:33.331+0000] {processor.py:914} INFO - Processing file /home/airflow/.local/lib/python3.12/site-packages/airflow/example_dags/example_xcom.py for tasks to queue
[2025-05-07T13:42:33.342+0000] {logging_mixin.py:190} INFO - [2025-05-07T13:42:33.342+0000] {dagbag.py:588} INFO - Filling up the DagBag from /home/airflow/.local/lib/python3.12/site-packages/airflow/example_dags/example_xcom.py
[2025-05-07T13:42:33.368+0000] {processor.py:925} INFO - DAG(s) 'example_xcom' retrieved from /home/airflow/.local/lib/python3.12/site-packages/airflow/example_dags/example_xcom.py
[2025-05-07T13:42:34.037+0000] {logging_mixin.py:190} INFO - [2025-05-07T13:42:34.036+0000] {dag.py:3239} INFO - Sync 1 DAGs
[2025-05-07T13:42:34.223+0000] {logging_mixin.py:190} INFO - [2025-05-07T13:42:34.223+0000] {dag.py:4180} INFO - Setting next_dagrun for example_xcom to 2021-01-01 00:00:00+00:00, run_after=2021-01-01 00:00:00+00:00
[2025-05-07T13:42:34.727+0000] {processor.py:208} INFO - Processing /home/airflow/.local/lib/python3.12/site-packages/airflow/example_dags/example_xcom.py took 1.488 seconds
[2025-05-07T13:43:37.913+0000] {processor.py:186} INFO - Started process (PID=442) to work on /home/airflow/.local/lib/python3.12/site-packages/airflow/example_dags/example_xcom.py
[2025-05-07T13:43:37.918+0000] {processor.py:914} INFO - Processing file /home/airflow/.local/lib/python3.12/site-packages/airflow/example_dags/example_xcom.py for tasks to queue
[2025-05-07T13:43:37.927+0000] {logging_mixin.py:190} INFO - [2025-05-07T13:43:37.926+0000] {dagbag.py:588} INFO - Filling up the DagBag from /home/airflow/.local/lib/python3.12/site-packages/airflow/example_dags/example_xcom.py
[2025-05-07T13:43:37.952+0000] {processor.py:925} INFO - DAG(s) 'example_xcom' retrieved from /home/airflow/.local/lib/python3.12/site-packages/airflow/example_dags/example_xcom.py
[2025-05-07T13:43:38.440+0000] {logging_mixin.py:190} INFO - [2025-05-07T13:43:38.439+0000] {dag.py:3239} INFO - Sync 1 DAGs
[2025-05-07T13:43:39.070+0000] {logging_mixin.py:190} INFO - [2025-05-07T13:43:39.070+0000] {dag.py:4180} INFO - Setting next_dagrun for example_xcom to 2021-01-01 00:00:00+00:00, run_after=2021-01-01 00:00:00+00:00
[2025-05-07T13:43:39.501+0000] {processor.py:208} INFO - Processing /home/airflow/.local/lib/python3.12/site-packages/airflow/example_dags/example_xcom.py took 1.601 seconds
[2025-05-07T13:45:01.730+0000] {processor.py:186} INFO - Started process (PID=522) to work on /home/airflow/.local/lib/python3.12/site-packages/airflow/example_dags/example_xcom.py
[2025-05-07T13:45:01.736+0000] {processor.py:914} INFO - Processing file /home/airflow/.local/lib/python3.12/site-packages/airflow/example_dags/example_xcom.py for tasks to queue
[2025-05-07T13:45:01.744+0000] {logging_mixin.py:190} INFO - [2025-05-07T13:45:01.743+0000] {dagbag.py:588} INFO - Filling up the DagBag from /home/airflow/.local/lib/python3.12/site-packages/airflow/example_dags/example_xcom.py
[2025-05-07T13:45:01.994+0000] {processor.py:925} INFO - DAG(s) 'example_xcom' retrieved from /home/airflow/.local/lib/python3.12/site-packages/airflow/example_dags/example_xcom.py
[2025-05-07T13:45:02.186+0000] {logging_mixin.py:190} INFO - [2025-05-07T13:45:02.185+0000] {dag.py:3239} INFO - Sync 1 DAGs
[2025-05-07T13:45:02.310+0000] {logging_mixin.py:190} INFO - [2025-05-07T13:45:02.309+0000] {dag.py:4180} INFO - Setting next_dagrun for example_xcom to 2021-01-01 00:00:00+00:00, run_after=2021-01-01 00:00:00+00:00
[2025-05-07T13:45:02.649+0000] {processor.py:208} INFO - Processing /home/airflow/.local/lib/python3.12/site-packages/airflow/example_dags/example_xcom.py took 0.961 seconds
[2025-05-07T13:45:52.396+0000] {processor.py:186} INFO - Started process (PID=589) to work on /home/airflow/.local/lib/python3.12/site-packages/airflow/example_dags/example_xcom.py
[2025-05-07T13:45:52.399+0000] {processor.py:914} INFO - Processing file /home/airflow/.local/lib/python3.12/site-packages/airflow/example_dags/example_xcom.py for tasks to queue
[2025-05-07T13:45:52.406+0000] {logging_mixin.py:190} INFO - [2025-05-07T13:45:52.405+0000] {dagbag.py:588} INFO - Filling up the DagBag from /home/airflow/.local/lib/python3.12/site-packages/airflow/example_dags/example_xcom.py
[2025-05-07T13:45:52.424+0000] {processor.py:925} INFO - DAG(s) 'example_xcom' retrieved from /home/airflow/.local/lib/python3.12/site-packages/airflow/example_dags/example_xcom.py
[2025-05-07T13:45:52.796+0000] {logging_mixin.py:190} INFO - [2025-05-07T13:45:52.795+0000] {dag.py:3239} INFO - Sync 1 DAGs
[2025-05-07T13:45:53.003+0000] {logging_mixin.py:190} INFO - [2025-05-07T13:45:53.003+0000] {dag.py:4180} INFO - Setting next_dagrun for example_xcom to 2021-01-01 00:00:00+00:00, run_after=2021-01-01 00:00:00+00:00
[2025-05-07T13:45:53.178+0000] {processor.py:208} INFO - Processing /home/airflow/.local/lib/python3.12/site-packages/airflow/example_dags/example_xcom.py took 0.798 seconds
[2025-05-07T13:46:27.133+0000] {processor.py:186} INFO - Started process (PID=658) to work on /home/airflow/.local/lib/python3.12/site-packages/airflow/example_dags/example_xcom.py
[2025-05-07T13:46:27.286+0000] {processor.py:914} INFO - Processing file /home/airflow/.local/lib/python3.12/site-packages/airflow/example_dags/example_xcom.py for tasks to queue
[2025-05-07T13:46:27.305+0000] {logging_mixin.py:190} INFO - [2025-05-07T13:46:27.304+0000] {dagbag.py:588} INFO - Filling up the DagBag from /home/airflow/.local/lib/python3.12/site-packages/airflow/example_dags/example_xcom.py
[2025-05-07T13:46:27.329+0000] {processor.py:925} INFO - DAG(s) 'example_xcom' retrieved from /home/airflow/.local/lib/python3.12/site-packages/airflow/example_dags/example_xcom.py
[2025-05-07T13:46:27.427+0000] {logging_mixin.py:190} INFO - [2025-05-07T13:46:27.427+0000] {dag.py:3239} INFO - Sync 1 DAGs
[2025-05-07T13:46:27.494+0000] {logging_mixin.py:190} INFO - [2025-05-07T13:46:27.493+0000] {dag.py:4180} INFO - Setting next_dagrun for example_xcom to 2021-01-01 00:00:00+00:00, run_after=2021-01-01 00:00:00+00:00
[2025-05-07T13:46:27.555+0000] {processor.py:208} INFO - Processing /home/airflow/.local/lib/python3.12/site-packages/airflow/example_dags/example_xcom.py took 0.437 seconds
[2025-05-07T13:47:10.921+0000] {processor.py:186} INFO - Started process (PID=735) to work on /home/airflow/.local/lib/python3.12/site-packages/airflow/example_dags/example_xcom.py
[2025-05-07T13:47:10.924+0000] {processor.py:914} INFO - Processing file /home/airflow/.local/lib/python3.12/site-packages/airflow/example_dags/example_xcom.py for tasks to queue
[2025-05-07T13:47:10.944+0000] {logging_mixin.py:190} INFO - [2025-05-07T13:47:10.943+0000] {dagbag.py:588} INFO - Filling up the DagBag from /home/airflow/.local/lib/python3.12/site-packages/airflow/example_dags/example_xcom.py
[2025-05-07T13:47:10.965+0000] {processor.py:925} INFO - DAG(s) 'example_xcom' retrieved from /home/airflow/.local/lib/python3.12/site-packages/airflow/example_dags/example_xcom.py
[2025-05-07T13:47:11.038+0000] {logging_mixin.py:190} INFO - [2025-05-07T13:47:11.038+0000] {dag.py:3239} INFO - Sync 1 DAGs
[2025-05-07T13:47:11.112+0000] {logging_mixin.py:190} INFO - [2025-05-07T13:47:11.111+0000] {dag.py:4180} INFO - Setting next_dagrun for example_xcom to 2021-01-01 00:00:00+00:00, run_after=2021-01-01 00:00:00+00:00
[2025-05-07T13:47:12.440+0000] {processor.py:208} INFO - Processing /home/airflow/.local/lib/python3.12/site-packages/airflow/example_dags/example_xcom.py took 1.537 seconds
[2025-05-07T13:48:09.356+0000] {processor.py:186} INFO - Started process (PID=803) to work on /home/airflow/.local/lib/python3.12/site-packages/airflow/example_dags/example_xcom.py
[2025-05-07T13:48:09.415+0000] {processor.py:914} INFO - Processing file /home/airflow/.local/lib/python3.12/site-packages/airflow/example_dags/example_xcom.py for tasks to queue
[2025-05-07T13:48:09.422+0000] {logging_mixin.py:190} INFO - [2025-05-07T13:48:09.422+0000] {dagbag.py:588} INFO - Filling up the DagBag from /home/airflow/.local/lib/python3.12/site-packages/airflow/example_dags/example_xcom.py
[2025-05-07T13:48:09.608+0000] {processor.py:925} INFO - DAG(s) 'example_xcom' retrieved from /home/airflow/.local/lib/python3.12/site-packages/airflow/example_dags/example_xcom.py
[2025-05-07T13:48:11.347+0000] {logging_mixin.py:190} INFO - [2025-05-07T13:48:11.347+0000] {dag.py:3239} INFO - Sync 1 DAGs
[2025-05-07T13:48:11.953+0000] {logging_mixin.py:190} INFO - [2025-05-07T13:48:11.952+0000] {dag.py:4180} INFO - Setting next_dagrun for example_xcom to 2021-01-01 00:00:00+00:00, run_after=2021-01-01 00:00:00+00:00
[2025-05-07T13:48:12.879+0000] {processor.py:208} INFO - Processing /home/airflow/.local/lib/python3.12/site-packages/airflow/example_dags/example_xcom.py took 3.540 seconds
[2025-05-07T13:49:26.474+0000] {processor.py:186} INFO - Started process (PID=882) to work on /home/airflow/.local/lib/python3.12/site-packages/airflow/example_dags/example_xcom.py
[2025-05-07T13:49:26.480+0000] {processor.py:914} INFO - Processing file /home/airflow/.local/lib/python3.12/site-packages/airflow/example_dags/example_xcom.py for tasks to queue
[2025-05-07T13:49:26.488+0000] {logging_mixin.py:190} INFO - [2025-05-07T13:49:26.487+0000] {dagbag.py:588} INFO - Filling up the DagBag from /home/airflow/.local/lib/python3.12/site-packages/airflow/example_dags/example_xcom.py
[2025-05-07T13:49:26.511+0000] {processor.py:925} INFO - DAG(s) 'example_xcom' retrieved from /home/airflow/.local/lib/python3.12/site-packages/airflow/example_dags/example_xcom.py
[2025-05-07T13:49:26.577+0000] {logging_mixin.py:190} INFO - [2025-05-07T13:49:26.576+0000] {dag.py:3239} INFO - Sync 1 DAGs
[2025-05-07T13:49:26.651+0000] {logging_mixin.py:190} INFO - [2025-05-07T13:49:26.651+0000] {dag.py:4180} INFO - Setting next_dagrun for example_xcom to 2021-01-01 00:00:00+00:00, run_after=2021-01-01 00:00:00+00:00
[2025-05-07T13:49:26.746+0000] {processor.py:208} INFO - Processing /home/airflow/.local/lib/python3.12/site-packages/airflow/example_dags/example_xcom.py took 0.286 seconds
[2025-05-07T13:50:18.622+0000] {processor.py:186} INFO - Started process (PID=946) to work on /home/airflow/.local/lib/python3.12/site-packages/airflow/example_dags/example_xcom.py
[2025-05-07T13:50:18.625+0000] {processor.py:914} INFO - Processing file /home/airflow/.local/lib/python3.12/site-packages/airflow/example_dags/example_xcom.py for tasks to queue
[2025-05-07T13:50:18.631+0000] {logging_mixin.py:190} INFO - [2025-05-07T13:50:18.630+0000] {dagbag.py:588} INFO - Filling up the DagBag from /home/airflow/.local/lib/python3.12/site-packages/airflow/example_dags/example_xcom.py
[2025-05-07T13:50:18.656+0000] {processor.py:925} INFO - DAG(s) 'example_xcom' retrieved from /home/airflow/.local/lib/python3.12/site-packages/airflow/example_dags/example_xcom.py
[2025-05-07T13:50:19.263+0000] {logging_mixin.py:190} INFO - [2025-05-07T13:50:19.263+0000] {dag.py:3239} INFO - Sync 1 DAGs
[2025-05-07T13:50:19.348+0000] {logging_mixin.py:190} INFO - [2025-05-07T13:50:19.347+0000] {dag.py:4180} INFO - Setting next_dagrun for example_xcom to 2021-01-01 00:00:00+00:00, run_after=2021-01-01 00:00:00+00:00
[2025-05-07T13:50:19.404+0000] {processor.py:208} INFO - Processing /home/airflow/.local/lib/python3.12/site-packages/airflow/example_dags/example_xcom.py took 0.797 seconds
[2025-05-07T13:51:05.101+0000] {processor.py:186} INFO - Started process (PID=1015) to work on /home/airflow/.local/lib/python3.12/site-packages/airflow/example_dags/example_xcom.py
[2025-05-07T13:51:05.104+0000] {processor.py:914} INFO - Processing file /home/airflow/.local/lib/python3.12/site-packages/airflow/example_dags/example_xcom.py for tasks to queue
[2025-05-07T13:51:05.111+0000] {logging_mixin.py:190} INFO - [2025-05-07T13:51:05.110+0000] {dagbag.py:588} INFO - Filling up the DagBag from /home/airflow/.local/lib/python3.12/site-packages/airflow/example_dags/example_xcom.py
[2025-05-07T13:51:05.134+0000] {processor.py:925} INFO - DAG(s) 'example_xcom' retrieved from /home/airflow/.local/lib/python3.12/site-packages/airflow/example_dags/example_xcom.py
[2025-05-07T13:51:05.228+0000] {logging_mixin.py:190} INFO - [2025-05-07T13:51:05.227+0000] {dag.py:3239} INFO - Sync 1 DAGs
[2025-05-07T13:51:05.315+0000] {logging_mixin.py:190} INFO - [2025-05-07T13:51:05.314+0000] {dag.py:4180} INFO - Setting next_dagrun for example_xcom to 2021-01-01 00:00:00+00:00, run_after=2021-01-01 00:00:00+00:00
[2025-05-07T13:51:05.466+0000] {processor.py:208} INFO - Processing /home/airflow/.local/lib/python3.12/site-packages/airflow/example_dags/example_xcom.py took 0.383 seconds
[2025-05-07T13:51:39.304+0000] {processor.py:186} INFO - Started process (PID=1080) to work on /home/airflow/.local/lib/python3.12/site-packages/airflow/example_dags/example_xcom.py
[2025-05-07T13:51:39.307+0000] {processor.py:914} INFO - Processing file /home/airflow/.local/lib/python3.12/site-packages/airflow/example_dags/example_xcom.py for tasks to queue
[2025-05-07T13:51:39.313+0000] {logging_mixin.py:190} INFO - [2025-05-07T13:51:39.312+0000] {dagbag.py:588} INFO - Filling up the DagBag from /home/airflow/.local/lib/python3.12/site-packages/airflow/example_dags/example_xcom.py
[2025-05-07T13:51:39.332+0000] {processor.py:925} INFO - DAG(s) 'example_xcom' retrieved from /home/airflow/.local/lib/python3.12/site-packages/airflow/example_dags/example_xcom.py
[2025-05-07T13:51:39.978+0000] {logging_mixin.py:190} INFO - [2025-05-07T13:51:39.978+0000] {dag.py:3239} INFO - Sync 1 DAGs
[2025-05-07T13:51:40.121+0000] {logging_mixin.py:190} INFO - [2025-05-07T13:51:40.120+0000] {dag.py:4180} INFO - Setting next_dagrun for example_xcom to 2021-01-01 00:00:00+00:00, run_after=2021-01-01 00:00:00+00:00
[2025-05-07T13:51:40.187+0000] {processor.py:208} INFO - Processing /home/airflow/.local/lib/python3.12/site-packages/airflow/example_dags/example_xcom.py took 0.895 seconds
[2025-05-07T13:52:27.272+0000] {processor.py:186} INFO - Started process (PID=1156) to work on /home/airflow/.local/lib/python3.12/site-packages/airflow/example_dags/example_xcom.py
[2025-05-07T13:52:27.275+0000] {processor.py:914} INFO - Processing file /home/airflow/.local/lib/python3.12/site-packages/airflow/example_dags/example_xcom.py for tasks to queue
[2025-05-07T13:52:27.281+0000] {logging_mixin.py:190} INFO - [2025-05-07T13:52:27.280+0000] {dagbag.py:588} INFO - Filling up the DagBag from /home/airflow/.local/lib/python3.12/site-packages/airflow/example_dags/example_xcom.py
[2025-05-07T13:52:27.309+0000] {processor.py:925} INFO - DAG(s) 'example_xcom' retrieved from /home/airflow/.local/lib/python3.12/site-packages/airflow/example_dags/example_xcom.py
[2025-05-07T13:52:27.417+0000] {logging_mixin.py:190} INFO - [2025-05-07T13:52:27.416+0000] {dag.py:3239} INFO - Sync 1 DAGs
[2025-05-07T13:52:27.530+0000] {logging_mixin.py:190} INFO - [2025-05-07T13:52:27.530+0000] {dag.py:4180} INFO - Setting next_dagrun for example_xcom to 2021-01-01 00:00:00+00:00, run_after=2021-01-01 00:00:00+00:00
[2025-05-07T13:52:27.636+0000] {processor.py:208} INFO - Processing /home/airflow/.local/lib/python3.12/site-packages/airflow/example_dags/example_xcom.py took 0.380 seconds
[2025-05-07T13:53:07.551+0000] {processor.py:186} INFO - Started process (PID=1224) to work on /home/airflow/.local/lib/python3.12/site-packages/airflow/example_dags/example_xcom.py
[2025-05-07T13:53:07.565+0000] {processor.py:914} INFO - Processing file /home/airflow/.local/lib/python3.12/site-packages/airflow/example_dags/example_xcom.py for tasks to queue
[2025-05-07T13:53:07.574+0000] {logging_mixin.py:190} INFO - [2025-05-07T13:53:07.573+0000] {dagbag.py:588} INFO - Filling up the DagBag from /home/airflow/.local/lib/python3.12/site-packages/airflow/example_dags/example_xcom.py
[2025-05-07T13:53:07.918+0000] {processor.py:925} INFO - DAG(s) 'example_xcom' retrieved from /home/airflow/.local/lib/python3.12/site-packages/airflow/example_dags/example_xcom.py
[2025-05-07T13:53:08.946+0000] {logging_mixin.py:190} INFO - [2025-05-07T13:53:08.945+0000] {dag.py:3239} INFO - Sync 1 DAGs
[2025-05-07T13:53:09.083+0000] {logging_mixin.py:190} INFO - [2025-05-07T13:53:09.083+0000] {dag.py:4180} INFO - Setting next_dagrun for example_xcom to 2021-01-01 00:00:00+00:00, run_after=2021-01-01 00:00:00+00:00
[2025-05-07T13:53:09.320+0000] {processor.py:208} INFO - Processing /home/airflow/.local/lib/python3.12/site-packages/airflow/example_dags/example_xcom.py took 1.782 seconds
[2025-05-07T13:54:00.752+0000] {processor.py:186} INFO - Started process (PID=1297) to work on /home/airflow/.local/lib/python3.12/site-packages/airflow/example_dags/example_xcom.py
[2025-05-07T13:54:00.755+0000] {processor.py:914} INFO - Processing file /home/airflow/.local/lib/python3.12/site-packages/airflow/example_dags/example_xcom.py for tasks to queue
[2025-05-07T13:54:00.760+0000] {logging_mixin.py:190} INFO - [2025-05-07T13:54:00.759+0000] {dagbag.py:588} INFO - Filling up the DagBag from /home/airflow/.local/lib/python3.12/site-packages/airflow/example_dags/example_xcom.py
[2025-05-07T13:54:00.780+0000] {processor.py:925} INFO - DAG(s) 'example_xcom' retrieved from /home/airflow/.local/lib/python3.12/site-packages/airflow/example_dags/example_xcom.py
[2025-05-07T13:54:01.126+0000] {logging_mixin.py:190} INFO - [2025-05-07T13:54:01.126+0000] {dag.py:3239} INFO - Sync 1 DAGs
[2025-05-07T13:54:01.501+0000] {logging_mixin.py:190} INFO - [2025-05-07T13:54:01.500+0000] {dag.py:4180} INFO - Setting next_dagrun for example_xcom to 2021-01-01 00:00:00+00:00, run_after=2021-01-01 00:00:00+00:00
[2025-05-07T13:54:01.548+0000] {processor.py:208} INFO - Processing /home/airflow/.local/lib/python3.12/site-packages/airflow/example_dags/example_xcom.py took 0.810 seconds
[2025-05-07T13:54:53.126+0000] {processor.py:186} INFO - Started process (PID=1360) to work on /home/airflow/.local/lib/python3.12/site-packages/airflow/example_dags/example_xcom.py
[2025-05-07T13:54:53.294+0000] {processor.py:914} INFO - Processing file /home/airflow/.local/lib/python3.12/site-packages/airflow/example_dags/example_xcom.py for tasks to queue
[2025-05-07T13:54:53.302+0000] {logging_mixin.py:190} INFO - [2025-05-07T13:54:53.301+0000] {dagbag.py:588} INFO - Filling up the DagBag from /home/airflow/.local/lib/python3.12/site-packages/airflow/example_dags/example_xcom.py
[2025-05-07T13:54:53.332+0000] {processor.py:925} INFO - DAG(s) 'example_xcom' retrieved from /home/airflow/.local/lib/python3.12/site-packages/airflow/example_dags/example_xcom.py
[2025-05-07T13:54:53.666+0000] {logging_mixin.py:190} INFO - [2025-05-07T13:54:53.666+0000] {dag.py:3239} INFO - Sync 1 DAGs
[2025-05-07T13:54:53.729+0000] {logging_mixin.py:190} INFO - [2025-05-07T13:54:53.729+0000] {dag.py:4180} INFO - Setting next_dagrun for example_xcom to 2021-01-01 00:00:00+00:00, run_after=2021-01-01 00:00:00+00:00
[2025-05-07T13:54:53.828+0000] {processor.py:208} INFO - Processing /home/airflow/.local/lib/python3.12/site-packages/airflow/example_dags/example_xcom.py took 0.720 seconds
[2025-05-07T13:55:24.403+0000] {processor.py:186} INFO - Started process (PID=1424) to work on /home/airflow/.local/lib/python3.12/site-packages/airflow/example_dags/example_xcom.py
[2025-05-07T13:55:24.406+0000] {processor.py:914} INFO - Processing file /home/airflow/.local/lib/python3.12/site-packages/airflow/example_dags/example_xcom.py for tasks to queue
[2025-05-07T13:55:24.411+0000] {logging_mixin.py:190} INFO - [2025-05-07T13:55:24.411+0000] {dagbag.py:588} INFO - Filling up the DagBag from /home/airflow/.local/lib/python3.12/site-packages/airflow/example_dags/example_xcom.py
[2025-05-07T13:55:24.430+0000] {processor.py:925} INFO - DAG(s) 'example_xcom' retrieved from /home/airflow/.local/lib/python3.12/site-packages/airflow/example_dags/example_xcom.py
[2025-05-07T13:55:24.487+0000] {logging_mixin.py:190} INFO - [2025-05-07T13:55:24.486+0000] {dag.py:3239} INFO - Sync 1 DAGs
[2025-05-07T13:55:24.544+0000] {logging_mixin.py:190} INFO - [2025-05-07T13:55:24.543+0000] {dag.py:4180} INFO - Setting next_dagrun for example_xcom to 2021-01-01 00:00:00+00:00, run_after=2021-01-01 00:00:00+00:00
[2025-05-07T13:55:24.599+0000] {processor.py:208} INFO - Processing /home/airflow/.local/lib/python3.12/site-packages/airflow/example_dags/example_xcom.py took 0.209 seconds
