[2025-05-07T13:39:08.772+0000] {processor.py:186} INFO - Started process (PID=92) to work on /home/airflow/.local/lib/python3.12/site-packages/airflow/example_dags/example_params_ui_tutorial.py
[2025-05-07T13:39:08.774+0000] {processor.py:914} INFO - Processing file /home/airflow/.local/lib/python3.12/site-packages/airflow/example_dags/example_params_ui_tutorial.py for tasks to queue
[2025-05-07T13:39:08.782+0000] {logging_mixin.py:190} INFO - [2025-05-07T13:39:08.780+0000] {dagbag.py:588} INFO - Filling up the DagBag from /home/airflow/.local/lib/python3.12/site-packages/airflow/example_dags/example_params_ui_tutorial.py
[2025-05-07T13:39:08.805+0000] {processor.py:925} INFO - DAG(s) 'example_params_ui_tutorial' retrieved from /home/airflow/.local/lib/python3.12/site-packages/airflow/example_dags/example_params_ui_tutorial.py
[2025-05-07T13:39:10.927+0000] {logging_mixin.py:190} INFO - [2025-05-07T13:39:10.927+0000] {dag.py:3239} INFO - Sync 1 DAGs
[2025-05-07T13:39:11.031+0000] {logging_mixin.py:190} INFO - [2025-05-07T13:39:11.031+0000] {dag.py:4180} INFO - Setting next_dagrun for example_params_ui_tutorial to None, run_after=None
[2025-05-07T13:39:11.183+0000] {processor.py:208} INFO - Processing /home/airflow/.local/lib/python3.12/site-packages/airflow/example_dags/example_params_ui_tutorial.py took 2.429 seconds
[2025-05-07T13:40:13.744+0000] {processor.py:186} INFO - Started process (PID=165) to work on /home/airflow/.local/lib/python3.12/site-packages/airflow/example_dags/example_params_ui_tutorial.py
[2025-05-07T13:40:13.749+0000] {processor.py:914} INFO - Processing file /home/airflow/.local/lib/python3.12/site-packages/airflow/example_dags/example_params_ui_tutorial.py for tasks to queue
[2025-05-07T13:40:13.756+0000] {logging_mixin.py:190} INFO - [2025-05-07T13:40:13.755+0000] {dagbag.py:588} INFO - Filling up the DagBag from /home/airflow/.local/lib/python3.12/site-packages/airflow/example_dags/example_params_ui_tutorial.py
[2025-05-07T13:40:13.775+0000] {processor.py:925} INFO - DAG(s) 'example_params_ui_tutorial' retrieved from /home/airflow/.local/lib/python3.12/site-packages/airflow/example_dags/example_params_ui_tutorial.py
[2025-05-07T13:40:13.963+0000] {logging_mixin.py:190} INFO - [2025-05-07T13:40:13.963+0000] {dag.py:3239} INFO - Sync 1 DAGs
[2025-05-07T13:40:14.011+0000] {logging_mixin.py:190} INFO - [2025-05-07T13:40:14.010+0000] {dag.py:4180} INFO - Setting next_dagrun for example_params_ui_tutorial to None, run_after=None
[2025-05-07T13:40:14.073+0000] {processor.py:208} INFO - Processing /home/airflow/.local/lib/python3.12/site-packages/airflow/example_dags/example_params_ui_tutorial.py took 0.357 seconds
[2025-05-07T13:40:56.560+0000] {processor.py:186} INFO - Started process (PID=231) to work on /home/airflow/.local/lib/python3.12/site-packages/airflow/example_dags/example_params_ui_tutorial.py
[2025-05-07T13:40:56.581+0000] {processor.py:914} INFO - Processing file /home/airflow/.local/lib/python3.12/site-packages/airflow/example_dags/example_params_ui_tutorial.py for tasks to queue
[2025-05-07T13:40:56.602+0000] {logging_mixin.py:190} INFO - [2025-05-07T13:40:56.602+0000] {dagbag.py:588} INFO - Filling up the DagBag from /home/airflow/.local/lib/python3.12/site-packages/airflow/example_dags/example_params_ui_tutorial.py
[2025-05-07T13:40:56.806+0000] {processor.py:925} INFO - DAG(s) 'example_params_ui_tutorial' retrieved from /home/airflow/.local/lib/python3.12/site-packages/airflow/example_dags/example_params_ui_tutorial.py
[2025-05-07T13:40:57.149+0000] {logging_mixin.py:190} INFO - [2025-05-07T13:40:57.149+0000] {dag.py:3239} INFO - Sync 1 DAGs
[2025-05-07T13:40:57.192+0000] {logging_mixin.py:190} INFO - [2025-05-07T13:40:57.191+0000] {dag.py:4180} INFO - Setting next_dagrun for example_params_ui_tutorial to None, run_after=None
[2025-05-07T13:40:57.269+0000] {processor.py:208} INFO - Processing /home/airflow/.local/lib/python3.12/site-packages/airflow/example_dags/example_params_ui_tutorial.py took 0.788 seconds
[2025-05-07T13:41:27.544+0000] {processor.py:186} INFO - Started process (PID=294) to work on /home/airflow/.local/lib/python3.12/site-packages/airflow/example_dags/example_params_ui_tutorial.py
[2025-05-07T13:41:27.546+0000] {processor.py:914} INFO - Processing file /home/airflow/.local/lib/python3.12/site-packages/airflow/example_dags/example_params_ui_tutorial.py for tasks to queue
[2025-05-07T13:41:27.550+0000] {logging_mixin.py:190} INFO - [2025-05-07T13:41:27.550+0000] {dagbag.py:588} INFO - Filling up the DagBag from /home/airflow/.local/lib/python3.12/site-packages/airflow/example_dags/example_params_ui_tutorial.py
[2025-05-07T13:41:27.570+0000] {processor.py:925} INFO - DAG(s) 'example_params_ui_tutorial' retrieved from /home/airflow/.local/lib/python3.12/site-packages/airflow/example_dags/example_params_ui_tutorial.py
[2025-05-07T13:41:27.904+0000] {logging_mixin.py:190} INFO - [2025-05-07T13:41:27.904+0000] {dag.py:3239} INFO - Sync 1 DAGs
[2025-05-07T13:41:28.024+0000] {logging_mixin.py:190} INFO - [2025-05-07T13:41:28.024+0000] {dag.py:4180} INFO - Setting next_dagrun for example_params_ui_tutorial to None, run_after=None
[2025-05-07T13:41:29.069+0000] {processor.py:208} INFO - Processing /home/airflow/.local/lib/python3.12/site-packages/airflow/example_dags/example_params_ui_tutorial.py took 1.540 seconds
[2025-05-07T13:42:29.257+0000] {processor.py:186} INFO - Started process (PID=360) to work on /home/airflow/.local/lib/python3.12/site-packages/airflow/example_dags/example_params_ui_tutorial.py
[2025-05-07T13:42:29.304+0000] {processor.py:914} INFO - Processing file /home/airflow/.local/lib/python3.12/site-packages/airflow/example_dags/example_params_ui_tutorial.py for tasks to queue
[2025-05-07T13:42:29.312+0000] {logging_mixin.py:190} INFO - [2025-05-07T13:42:29.311+0000] {dagbag.py:588} INFO - Filling up the DagBag from /home/airflow/.local/lib/python3.12/site-packages/airflow/example_dags/example_params_ui_tutorial.py
[2025-05-07T13:42:29.335+0000] {processor.py:925} INFO - DAG(s) 'example_params_ui_tutorial' retrieved from /home/airflow/.local/lib/python3.12/site-packages/airflow/example_dags/example_params_ui_tutorial.py
[2025-05-07T13:42:29.693+0000] {logging_mixin.py:190} INFO - [2025-05-07T13:42:29.693+0000] {dag.py:3239} INFO - Sync 1 DAGs
[2025-05-07T13:42:29.729+0000] {logging_mixin.py:190} INFO - [2025-05-07T13:42:29.729+0000] {dag.py:4180} INFO - Setting next_dagrun for example_params_ui_tutorial to None, run_after=None
[2025-05-07T13:42:29.790+0000] {processor.py:208} INFO - Processing /home/airflow/.local/lib/python3.12/site-packages/airflow/example_dags/example_params_ui_tutorial.py took 0.547 seconds
[2025-05-07T13:43:23.507+0000] {processor.py:186} INFO - Started process (PID=430) to work on /home/airflow/.local/lib/python3.12/site-packages/airflow/example_dags/example_params_ui_tutorial.py
[2025-05-07T13:43:23.515+0000] {processor.py:914} INFO - Processing file /home/airflow/.local/lib/python3.12/site-packages/airflow/example_dags/example_params_ui_tutorial.py for tasks to queue
[2025-05-07T13:43:23.522+0000] {logging_mixin.py:190} INFO - [2025-05-07T13:43:23.521+0000] {dagbag.py:588} INFO - Filling up the DagBag from /home/airflow/.local/lib/python3.12/site-packages/airflow/example_dags/example_params_ui_tutorial.py
[2025-05-07T13:43:23.540+0000] {processor.py:925} INFO - DAG(s) 'example_params_ui_tutorial' retrieved from /home/airflow/.local/lib/python3.12/site-packages/airflow/example_dags/example_params_ui_tutorial.py
[2025-05-07T13:43:23.819+0000] {logging_mixin.py:190} INFO - [2025-05-07T13:43:23.819+0000] {dag.py:3239} INFO - Sync 1 DAGs
[2025-05-07T13:43:23.890+0000] {logging_mixin.py:190} INFO - [2025-05-07T13:43:23.890+0000] {dag.py:4180} INFO - Setting next_dagrun for example_params_ui_tutorial to None, run_after=None
[2025-05-07T13:43:24.140+0000] {processor.py:208} INFO - Processing /home/airflow/.local/lib/python3.12/site-packages/airflow/example_dags/example_params_ui_tutorial.py took 0.655 seconds
[2025-05-07T13:44:54.199+0000] {processor.py:186} INFO - Started process (PID=514) to work on /home/airflow/.local/lib/python3.12/site-packages/airflow/example_dags/example_params_ui_tutorial.py
[2025-05-07T13:44:54.228+0000] {processor.py:914} INFO - Processing file /home/airflow/.local/lib/python3.12/site-packages/airflow/example_dags/example_params_ui_tutorial.py for tasks to queue
[2025-05-07T13:44:54.241+0000] {logging_mixin.py:190} INFO - [2025-05-07T13:44:54.240+0000] {dagbag.py:588} INFO - Filling up the DagBag from /home/airflow/.local/lib/python3.12/site-packages/airflow/example_dags/example_params_ui_tutorial.py
[2025-05-07T13:44:54.297+0000] {processor.py:925} INFO - DAG(s) 'example_params_ui_tutorial' retrieved from /home/airflow/.local/lib/python3.12/site-packages/airflow/example_dags/example_params_ui_tutorial.py
[2025-05-07T13:44:55.631+0000] {logging_mixin.py:190} INFO - [2025-05-07T13:44:55.631+0000] {dag.py:3239} INFO - Sync 1 DAGs
[2025-05-07T13:44:55.716+0000] {logging_mixin.py:190} INFO - [2025-05-07T13:44:55.715+0000] {dag.py:4180} INFO - Setting next_dagrun for example_params_ui_tutorial to None, run_after=None
[2025-05-07T13:44:55.981+0000] {processor.py:208} INFO - Processing /home/airflow/.local/lib/python3.12/site-packages/airflow/example_dags/example_params_ui_tutorial.py took 1.802 seconds
[2025-05-07T13:45:48.656+0000] {processor.py:186} INFO - Started process (PID=587) to work on /home/airflow/.local/lib/python3.12/site-packages/airflow/example_dags/example_params_ui_tutorial.py
[2025-05-07T13:45:48.659+0000] {processor.py:914} INFO - Processing file /home/airflow/.local/lib/python3.12/site-packages/airflow/example_dags/example_params_ui_tutorial.py for tasks to queue
[2025-05-07T13:45:48.675+0000] {logging_mixin.py:190} INFO - [2025-05-07T13:45:48.674+0000] {dagbag.py:588} INFO - Filling up the DagBag from /home/airflow/.local/lib/python3.12/site-packages/airflow/example_dags/example_params_ui_tutorial.py
[2025-05-07T13:45:48.701+0000] {processor.py:925} INFO - DAG(s) 'example_params_ui_tutorial' retrieved from /home/airflow/.local/lib/python3.12/site-packages/airflow/example_dags/example_params_ui_tutorial.py
[2025-05-07T13:45:49.592+0000] {logging_mixin.py:190} INFO - [2025-05-07T13:45:49.590+0000] {dag.py:3239} INFO - Sync 1 DAGs
[2025-05-07T13:45:49.647+0000] {logging_mixin.py:190} INFO - [2025-05-07T13:45:49.647+0000] {dag.py:4180} INFO - Setting next_dagrun for example_params_ui_tutorial to None, run_after=None
[2025-05-07T13:45:49.874+0000] {processor.py:208} INFO - Processing /home/airflow/.local/lib/python3.12/site-packages/airflow/example_dags/example_params_ui_tutorial.py took 1.230 seconds
[2025-05-07T13:46:22.842+0000] {processor.py:186} INFO - Started process (PID=651) to work on /home/airflow/.local/lib/python3.12/site-packages/airflow/example_dags/example_params_ui_tutorial.py
[2025-05-07T13:46:22.848+0000] {processor.py:914} INFO - Processing file /home/airflow/.local/lib/python3.12/site-packages/airflow/example_dags/example_params_ui_tutorial.py for tasks to queue
[2025-05-07T13:46:22.853+0000] {logging_mixin.py:190} INFO - [2025-05-07T13:46:22.852+0000] {dagbag.py:588} INFO - Filling up the DagBag from /home/airflow/.local/lib/python3.12/site-packages/airflow/example_dags/example_params_ui_tutorial.py
[2025-05-07T13:46:22.876+0000] {processor.py:925} INFO - DAG(s) 'example_params_ui_tutorial' retrieved from /home/airflow/.local/lib/python3.12/site-packages/airflow/example_dags/example_params_ui_tutorial.py
[2025-05-07T13:46:23.390+0000] {logging_mixin.py:190} INFO - [2025-05-07T13:46:23.389+0000] {dag.py:3239} INFO - Sync 1 DAGs
[2025-05-07T13:46:23.441+0000] {logging_mixin.py:190} INFO - [2025-05-07T13:46:23.440+0000] {dag.py:4180} INFO - Setting next_dagrun for example_params_ui_tutorial to None, run_after=None
[2025-05-07T13:46:23.749+0000] {processor.py:208} INFO - Processing /home/airflow/.local/lib/python3.12/site-packages/airflow/example_dags/example_params_ui_tutorial.py took 0.920 seconds
[2025-05-07T13:47:00.909+0000] {processor.py:186} INFO - Started process (PID=711) to work on /home/airflow/.local/lib/python3.12/site-packages/airflow/example_dags/example_params_ui_tutorial.py
[2025-05-07T13:47:00.912+0000] {processor.py:914} INFO - Processing file /home/airflow/.local/lib/python3.12/site-packages/airflow/example_dags/example_params_ui_tutorial.py for tasks to queue
[2025-05-07T13:47:00.933+0000] {logging_mixin.py:190} INFO - [2025-05-07T13:47:00.932+0000] {dagbag.py:588} INFO - Filling up the DagBag from /home/airflow/.local/lib/python3.12/site-packages/airflow/example_dags/example_params_ui_tutorial.py
[2025-05-07T13:47:00.959+0000] {processor.py:925} INFO - DAG(s) 'example_params_ui_tutorial' retrieved from /home/airflow/.local/lib/python3.12/site-packages/airflow/example_dags/example_params_ui_tutorial.py
[2025-05-07T13:47:01.345+0000] {logging_mixin.py:190} INFO - [2025-05-07T13:47:01.344+0000] {dag.py:3239} INFO - Sync 1 DAGs
[2025-05-07T13:47:01.394+0000] {logging_mixin.py:190} INFO - [2025-05-07T13:47:01.393+0000] {dag.py:4180} INFO - Setting next_dagrun for example_params_ui_tutorial to None, run_after=None
[2025-05-07T13:47:01.465+0000] {processor.py:208} INFO - Processing /home/airflow/.local/lib/python3.12/site-packages/airflow/example_dags/example_params_ui_tutorial.py took 0.577 seconds
[2025-05-07T13:48:02.818+0000] {processor.py:186} INFO - Started process (PID=795) to work on /home/airflow/.local/lib/python3.12/site-packages/airflow/example_dags/example_params_ui_tutorial.py
[2025-05-07T13:48:02.824+0000] {processor.py:914} INFO - Processing file /home/airflow/.local/lib/python3.12/site-packages/airflow/example_dags/example_params_ui_tutorial.py for tasks to queue
[2025-05-07T13:48:02.830+0000] {logging_mixin.py:190} INFO - [2025-05-07T13:48:02.829+0000] {dagbag.py:588} INFO - Filling up the DagBag from /home/airflow/.local/lib/python3.12/site-packages/airflow/example_dags/example_params_ui_tutorial.py
[2025-05-07T13:48:02.852+0000] {processor.py:925} INFO - DAG(s) 'example_params_ui_tutorial' retrieved from /home/airflow/.local/lib/python3.12/site-packages/airflow/example_dags/example_params_ui_tutorial.py
[2025-05-07T13:48:03.441+0000] {logging_mixin.py:190} INFO - [2025-05-07T13:48:03.435+0000] {dag.py:3239} INFO - Sync 1 DAGs
[2025-05-07T13:48:03.822+0000] {logging_mixin.py:190} INFO - [2025-05-07T13:48:03.821+0000] {dag.py:4180} INFO - Setting next_dagrun for example_params_ui_tutorial to None, run_after=None
[2025-05-07T13:48:04.226+0000] {processor.py:208} INFO - Processing /home/airflow/.local/lib/python3.12/site-packages/airflow/example_dags/example_params_ui_tutorial.py took 1.431 seconds
[2025-05-07T13:49:23.991+0000] {processor.py:186} INFO - Started process (PID=880) to work on /home/airflow/.local/lib/python3.12/site-packages/airflow/example_dags/example_params_ui_tutorial.py
[2025-05-07T13:49:23.994+0000] {processor.py:914} INFO - Processing file /home/airflow/.local/lib/python3.12/site-packages/airflow/example_dags/example_params_ui_tutorial.py for tasks to queue
[2025-05-07T13:49:24.002+0000] {logging_mixin.py:190} INFO - [2025-05-07T13:49:24.001+0000] {dagbag.py:588} INFO - Filling up the DagBag from /home/airflow/.local/lib/python3.12/site-packages/airflow/example_dags/example_params_ui_tutorial.py
[2025-05-07T13:49:24.064+0000] {processor.py:925} INFO - DAG(s) 'example_params_ui_tutorial' retrieved from /home/airflow/.local/lib/python3.12/site-packages/airflow/example_dags/example_params_ui_tutorial.py
[2025-05-07T13:49:24.823+0000] {logging_mixin.py:190} INFO - [2025-05-07T13:49:24.822+0000] {dag.py:3239} INFO - Sync 1 DAGs
[2025-05-07T13:49:24.931+0000] {logging_mixin.py:190} INFO - [2025-05-07T13:49:24.930+0000] {dag.py:4180} INFO - Setting next_dagrun for example_params_ui_tutorial to None, run_after=None
[2025-05-07T13:49:25.076+0000] {processor.py:208} INFO - Processing /home/airflow/.local/lib/python3.12/site-packages/airflow/example_dags/example_params_ui_tutorial.py took 1.101 seconds
[2025-05-07T13:50:16.704+0000] {processor.py:186} INFO - Started process (PID=938) to work on /home/airflow/.local/lib/python3.12/site-packages/airflow/example_dags/example_params_ui_tutorial.py
[2025-05-07T13:50:16.707+0000] {processor.py:914} INFO - Processing file /home/airflow/.local/lib/python3.12/site-packages/airflow/example_dags/example_params_ui_tutorial.py for tasks to queue
[2025-05-07T13:50:16.712+0000] {logging_mixin.py:190} INFO - [2025-05-07T13:50:16.712+0000] {dagbag.py:588} INFO - Filling up the DagBag from /home/airflow/.local/lib/python3.12/site-packages/airflow/example_dags/example_params_ui_tutorial.py
[2025-05-07T13:50:16.731+0000] {processor.py:925} INFO - DAG(s) 'example_params_ui_tutorial' retrieved from /home/airflow/.local/lib/python3.12/site-packages/airflow/example_dags/example_params_ui_tutorial.py
[2025-05-07T13:50:17.897+0000] {logging_mixin.py:190} INFO - [2025-05-07T13:50:17.887+0000] {dag.py:3239} INFO - Sync 1 DAGs
[2025-05-07T13:50:18.528+0000] {logging_mixin.py:190} INFO - [2025-05-07T13:50:18.527+0000] {dag.py:4180} INFO - Setting next_dagrun for example_params_ui_tutorial to None, run_after=None
[2025-05-07T13:50:20.279+0000] {processor.py:208} INFO - Processing /home/airflow/.local/lib/python3.12/site-packages/airflow/example_dags/example_params_ui_tutorial.py took 3.588 seconds
[2025-05-07T13:51:03.349+0000] {processor.py:186} INFO - Started process (PID=1013) to work on /home/airflow/.local/lib/python3.12/site-packages/airflow/example_dags/example_params_ui_tutorial.py
[2025-05-07T13:51:03.352+0000] {processor.py:914} INFO - Processing file /home/airflow/.local/lib/python3.12/site-packages/airflow/example_dags/example_params_ui_tutorial.py for tasks to queue
[2025-05-07T13:51:03.363+0000] {logging_mixin.py:190} INFO - [2025-05-07T13:51:03.362+0000] {dagbag.py:588} INFO - Filling up the DagBag from /home/airflow/.local/lib/python3.12/site-packages/airflow/example_dags/example_params_ui_tutorial.py
[2025-05-07T13:51:03.388+0000] {processor.py:925} INFO - DAG(s) 'example_params_ui_tutorial' retrieved from /home/airflow/.local/lib/python3.12/site-packages/airflow/example_dags/example_params_ui_tutorial.py
[2025-05-07T13:51:04.481+0000] {logging_mixin.py:190} INFO - [2025-05-07T13:51:04.480+0000] {dag.py:3239} INFO - Sync 1 DAGs
[2025-05-07T13:51:05.161+0000] {logging_mixin.py:190} INFO - [2025-05-07T13:51:05.161+0000] {dag.py:4180} INFO - Setting next_dagrun for example_params_ui_tutorial to None, run_after=None
[2025-05-07T13:51:06.127+0000] {processor.py:208} INFO - Processing /home/airflow/.local/lib/python3.12/site-packages/airflow/example_dags/example_params_ui_tutorial.py took 2.791 seconds
[2025-05-07T13:51:39.000+0000] {processor.py:186} INFO - Started process (PID=1079) to work on /home/airflow/.local/lib/python3.12/site-packages/airflow/example_dags/example_params_ui_tutorial.py
[2025-05-07T13:51:39.003+0000] {processor.py:914} INFO - Processing file /home/airflow/.local/lib/python3.12/site-packages/airflow/example_dags/example_params_ui_tutorial.py for tasks to queue
[2025-05-07T13:51:39.008+0000] {logging_mixin.py:190} INFO - [2025-05-07T13:51:39.007+0000] {dagbag.py:588} INFO - Filling up the DagBag from /home/airflow/.local/lib/python3.12/site-packages/airflow/example_dags/example_params_ui_tutorial.py
[2025-05-07T13:51:39.024+0000] {processor.py:925} INFO - DAG(s) 'example_params_ui_tutorial' retrieved from /home/airflow/.local/lib/python3.12/site-packages/airflow/example_dags/example_params_ui_tutorial.py
[2025-05-07T13:51:39.121+0000] {logging_mixin.py:190} INFO - [2025-05-07T13:51:39.120+0000] {dag.py:3239} INFO - Sync 1 DAGs
[2025-05-07T13:51:39.187+0000] {logging_mixin.py:190} INFO - [2025-05-07T13:51:39.187+0000] {dag.py:4180} INFO - Setting next_dagrun for example_params_ui_tutorial to None, run_after=None
[2025-05-07T13:51:39.232+0000] {processor.py:208} INFO - Processing /home/airflow/.local/lib/python3.12/site-packages/airflow/example_dags/example_params_ui_tutorial.py took 0.249 seconds
[2025-05-07T13:52:25.942+0000] {processor.py:186} INFO - Started process (PID=1154) to work on /home/airflow/.local/lib/python3.12/site-packages/airflow/example_dags/example_params_ui_tutorial.py
[2025-05-07T13:52:25.948+0000] {processor.py:914} INFO - Processing file /home/airflow/.local/lib/python3.12/site-packages/airflow/example_dags/example_params_ui_tutorial.py for tasks to queue
[2025-05-07T13:52:25.989+0000] {logging_mixin.py:190} INFO - [2025-05-07T13:52:25.988+0000] {dagbag.py:588} INFO - Filling up the DagBag from /home/airflow/.local/lib/python3.12/site-packages/airflow/example_dags/example_params_ui_tutorial.py
[2025-05-07T13:52:26.012+0000] {processor.py:925} INFO - DAG(s) 'example_params_ui_tutorial' retrieved from /home/airflow/.local/lib/python3.12/site-packages/airflow/example_dags/example_params_ui_tutorial.py
[2025-05-07T13:52:26.243+0000] {logging_mixin.py:190} INFO - [2025-05-07T13:52:26.230+0000] {dag.py:3239} INFO - Sync 1 DAGs
[2025-05-07T13:52:26.304+0000] {logging_mixin.py:190} INFO - [2025-05-07T13:52:26.304+0000] {dag.py:4180} INFO - Setting next_dagrun for example_params_ui_tutorial to None, run_after=None
[2025-05-07T13:52:26.424+0000] {processor.py:208} INFO - Processing /home/airflow/.local/lib/python3.12/site-packages/airflow/example_dags/example_params_ui_tutorial.py took 0.495 seconds
[2025-05-07T13:53:05.937+0000] {processor.py:186} INFO - Started process (PID=1222) to work on /home/airflow/.local/lib/python3.12/site-packages/airflow/example_dags/example_params_ui_tutorial.py
[2025-05-07T13:53:05.940+0000] {processor.py:914} INFO - Processing file /home/airflow/.local/lib/python3.12/site-packages/airflow/example_dags/example_params_ui_tutorial.py for tasks to queue
[2025-05-07T13:53:05.948+0000] {logging_mixin.py:190} INFO - [2025-05-07T13:53:05.947+0000] {dagbag.py:588} INFO - Filling up the DagBag from /home/airflow/.local/lib/python3.12/site-packages/airflow/example_dags/example_params_ui_tutorial.py
[2025-05-07T13:53:05.975+0000] {processor.py:925} INFO - DAG(s) 'example_params_ui_tutorial' retrieved from /home/airflow/.local/lib/python3.12/site-packages/airflow/example_dags/example_params_ui_tutorial.py
[2025-05-07T13:53:06.160+0000] {logging_mixin.py:190} INFO - [2025-05-07T13:53:06.159+0000] {dag.py:3239} INFO - Sync 1 DAGs
[2025-05-07T13:53:06.210+0000] {logging_mixin.py:190} INFO - [2025-05-07T13:53:06.209+0000] {dag.py:4180} INFO - Setting next_dagrun for example_params_ui_tutorial to None, run_after=None
[2025-05-07T13:53:06.307+0000] {processor.py:208} INFO - Processing /home/airflow/.local/lib/python3.12/site-packages/airflow/example_dags/example_params_ui_tutorial.py took 0.416 seconds
[2025-05-07T13:53:55.927+0000] {processor.py:186} INFO - Started process (PID=1288) to work on /home/airflow/.local/lib/python3.12/site-packages/airflow/example_dags/example_params_ui_tutorial.py
[2025-05-07T13:53:55.969+0000] {processor.py:914} INFO - Processing file /home/airflow/.local/lib/python3.12/site-packages/airflow/example_dags/example_params_ui_tutorial.py for tasks to queue
[2025-05-07T13:53:55.985+0000] {logging_mixin.py:190} INFO - [2025-05-07T13:53:55.985+0000] {dagbag.py:588} INFO - Filling up the DagBag from /home/airflow/.local/lib/python3.12/site-packages/airflow/example_dags/example_params_ui_tutorial.py
[2025-05-07T13:53:56.056+0000] {processor.py:925} INFO - DAG(s) 'example_params_ui_tutorial' retrieved from /home/airflow/.local/lib/python3.12/site-packages/airflow/example_dags/example_params_ui_tutorial.py
[2025-05-07T13:53:57.004+0000] {logging_mixin.py:190} INFO - [2025-05-07T13:53:57.003+0000] {dag.py:3239} INFO - Sync 1 DAGs
[2025-05-07T13:53:57.380+0000] {logging_mixin.py:190} INFO - [2025-05-07T13:53:57.380+0000] {dag.py:4180} INFO - Setting next_dagrun for example_params_ui_tutorial to None, run_after=None
[2025-05-07T13:53:58.759+0000] {processor.py:208} INFO - Processing /home/airflow/.local/lib/python3.12/site-packages/airflow/example_dags/example_params_ui_tutorial.py took 2.847 seconds
[2025-05-07T13:54:50.447+0000] {processor.py:186} INFO - Started process (PID=1358) to work on /home/airflow/.local/lib/python3.12/site-packages/airflow/example_dags/example_params_ui_tutorial.py
[2025-05-07T13:54:50.593+0000] {processor.py:914} INFO - Processing file /home/airflow/.local/lib/python3.12/site-packages/airflow/example_dags/example_params_ui_tutorial.py for tasks to queue
[2025-05-07T13:54:50.613+0000] {logging_mixin.py:190} INFO - [2025-05-07T13:54:50.612+0000] {dagbag.py:588} INFO - Filling up the DagBag from /home/airflow/.local/lib/python3.12/site-packages/airflow/example_dags/example_params_ui_tutorial.py
[2025-05-07T13:54:50.643+0000] {processor.py:925} INFO - DAG(s) 'example_params_ui_tutorial' retrieved from /home/airflow/.local/lib/python3.12/site-packages/airflow/example_dags/example_params_ui_tutorial.py
[2025-05-07T13:54:50.933+0000] {logging_mixin.py:190} INFO - [2025-05-07T13:54:50.932+0000] {dag.py:3239} INFO - Sync 1 DAGs
[2025-05-07T13:54:50.992+0000] {logging_mixin.py:190} INFO - [2025-05-07T13:54:50.991+0000] {dag.py:4180} INFO - Setting next_dagrun for example_params_ui_tutorial to None, run_after=None
[2025-05-07T13:54:51.049+0000] {processor.py:208} INFO - Processing /home/airflow/.local/lib/python3.12/site-packages/airflow/example_dags/example_params_ui_tutorial.py took 0.616 seconds
[2025-05-07T13:55:21.807+0000] {processor.py:186} INFO - Started process (PID=1422) to work on /home/airflow/.local/lib/python3.12/site-packages/airflow/example_dags/example_params_ui_tutorial.py
[2025-05-07T13:55:21.853+0000] {processor.py:914} INFO - Processing file /home/airflow/.local/lib/python3.12/site-packages/airflow/example_dags/example_params_ui_tutorial.py for tasks to queue
[2025-05-07T13:55:21.861+0000] {logging_mixin.py:190} INFO - [2025-05-07T13:55:21.860+0000] {dagbag.py:588} INFO - Filling up the DagBag from /home/airflow/.local/lib/python3.12/site-packages/airflow/example_dags/example_params_ui_tutorial.py
[2025-05-07T13:55:21.880+0000] {processor.py:925} INFO - DAG(s) 'example_params_ui_tutorial' retrieved from /home/airflow/.local/lib/python3.12/site-packages/airflow/example_dags/example_params_ui_tutorial.py
[2025-05-07T13:55:21.997+0000] {logging_mixin.py:190} INFO - [2025-05-07T13:55:21.997+0000] {dag.py:3239} INFO - Sync 1 DAGs
[2025-05-07T13:55:22.035+0000] {logging_mixin.py:190} INFO - [2025-05-07T13:55:22.035+0000] {dag.py:4180} INFO - Setting next_dagrun for example_params_ui_tutorial to None, run_after=None
[2025-05-07T13:55:22.086+0000] {processor.py:208} INFO - Processing /home/airflow/.local/lib/python3.12/site-packages/airflow/example_dags/example_params_ui_tutorial.py took 0.293 seconds
