[2025-05-07T13:39:23.044+0000] {processor.py:186} INFO - Started process (PID=106) to work on /home/airflow/.local/lib/python3.12/site-packages/airflow/example_dags/example_xcomargs.py
[2025-05-07T13:39:23.046+0000] {processor.py:914} INFO - Processing file /home/airflow/.local/lib/python3.12/site-packages/airflow/example_dags/example_xcomargs.py for tasks to queue
[2025-05-07T13:39:23.054+0000] {logging_mixin.py:190} INFO - [2025-05-07T13:39:23.053+0000] {dagbag.py:588} INFO - Filling up the DagBag from /home/airflow/.local/lib/python3.12/site-packages/airflow/example_dags/example_xcomargs.py
[2025-05-07T13:39:23.129+0000] {processor.py:925} INFO - DAG(s) 'example_xcom_args', 'example_xcom_args_with_operators' retrieved from /home/airflow/.local/lib/python3.12/site-packages/airflow/example_dags/example_xcomargs.py
[2025-05-07T13:39:23.946+0000] {logging_mixin.py:190} INFO - [2025-05-07T13:39:23.945+0000] {dag.py:3239} INFO - Sync 2 DAGs
[2025-05-07T13:39:24.028+0000] {logging_mixin.py:190} INFO - [2025-05-07T13:39:24.028+0000] {dag.py:4180} INFO - Setting next_dagrun for example_xcom_args to None, run_after=None
[2025-05-07T13:39:24.060+0000] {logging_mixin.py:190} INFO - [2025-05-07T13:39:24.060+0000] {dag.py:4180} INFO - Setting next_dagrun for example_xcom_args_with_operators to None, run_after=None
[2025-05-07T13:39:24.187+0000] {processor.py:208} INFO - Processing /home/airflow/.local/lib/python3.12/site-packages/airflow/example_dags/example_xcomargs.py took 1.183 seconds
[2025-05-07T13:40:19.108+0000] {processor.py:186} INFO - Started process (PID=179) to work on /home/airflow/.local/lib/python3.12/site-packages/airflow/example_dags/example_xcomargs.py
[2025-05-07T13:40:19.113+0000] {processor.py:914} INFO - Processing file /home/airflow/.local/lib/python3.12/site-packages/airflow/example_dags/example_xcomargs.py for tasks to queue
[2025-05-07T13:40:19.403+0000] {logging_mixin.py:190} INFO - [2025-05-07T13:40:19.403+0000] {dagbag.py:588} INFO - Filling up the DagBag from /home/airflow/.local/lib/python3.12/site-packages/airflow/example_dags/example_xcomargs.py
[2025-05-07T13:40:19.571+0000] {processor.py:925} INFO - DAG(s) 'example_xcom_args', 'example_xcom_args_with_operators' retrieved from /home/airflow/.local/lib/python3.12/site-packages/airflow/example_dags/example_xcomargs.py
[2025-05-07T13:40:20.898+0000] {logging_mixin.py:190} INFO - [2025-05-07T13:40:20.895+0000] {dag.py:3239} INFO - Sync 2 DAGs
[2025-05-07T13:40:21.009+0000] {logging_mixin.py:190} INFO - [2025-05-07T13:40:21.008+0000] {dag.py:4180} INFO - Setting next_dagrun for example_xcom_args to None, run_after=None
[2025-05-07T13:40:21.052+0000] {logging_mixin.py:190} INFO - [2025-05-07T13:40:21.052+0000] {dag.py:4180} INFO - Setting next_dagrun for example_xcom_args_with_operators to None, run_after=None
[2025-05-07T13:40:21.238+0000] {processor.py:208} INFO - Processing /home/airflow/.local/lib/python3.12/site-packages/airflow/example_dags/example_xcomargs.py took 2.203 seconds
[2025-05-07T13:41:05.998+0000] {processor.py:186} INFO - Started process (PID=247) to work on /home/airflow/.local/lib/python3.12/site-packages/airflow/example_dags/example_xcomargs.py
[2025-05-07T13:41:06.060+0000] {processor.py:914} INFO - Processing file /home/airflow/.local/lib/python3.12/site-packages/airflow/example_dags/example_xcomargs.py for tasks to queue
[2025-05-07T13:41:06.069+0000] {logging_mixin.py:190} INFO - [2025-05-07T13:41:06.068+0000] {dagbag.py:588} INFO - Filling up the DagBag from /home/airflow/.local/lib/python3.12/site-packages/airflow/example_dags/example_xcomargs.py
[2025-05-07T13:41:06.119+0000] {processor.py:925} INFO - DAG(s) 'example_xcom_args', 'example_xcom_args_with_operators' retrieved from /home/airflow/.local/lib/python3.12/site-packages/airflow/example_dags/example_xcomargs.py
[2025-05-07T13:41:06.301+0000] {logging_mixin.py:190} INFO - [2025-05-07T13:41:06.300+0000] {dag.py:3239} INFO - Sync 2 DAGs
[2025-05-07T13:41:06.402+0000] {logging_mixin.py:190} INFO - [2025-05-07T13:41:06.401+0000] {dag.py:4180} INFO - Setting next_dagrun for example_xcom_args to None, run_after=None
[2025-05-07T13:41:06.433+0000] {logging_mixin.py:190} INFO - [2025-05-07T13:41:06.433+0000] {dag.py:4180} INFO - Setting next_dagrun for example_xcom_args_with_operators to None, run_after=None
[2025-05-07T13:41:06.528+0000] {processor.py:208} INFO - Processing /home/airflow/.local/lib/python3.12/site-packages/airflow/example_dags/example_xcomargs.py took 0.548 seconds
[2025-05-07T13:42:05.118+0000] {processor.py:186} INFO - Started process (PID=324) to work on /home/airflow/.local/lib/python3.12/site-packages/airflow/example_dags/example_xcomargs.py
[2025-05-07T13:42:05.123+0000] {processor.py:914} INFO - Processing file /home/airflow/.local/lib/python3.12/site-packages/airflow/example_dags/example_xcomargs.py for tasks to queue
[2025-05-07T13:42:05.131+0000] {logging_mixin.py:190} INFO - [2025-05-07T13:42:05.130+0000] {dagbag.py:588} INFO - Filling up the DagBag from /home/airflow/.local/lib/python3.12/site-packages/airflow/example_dags/example_xcomargs.py
[2025-05-07T13:42:05.160+0000] {processor.py:925} INFO - DAG(s) 'example_xcom_args', 'example_xcom_args_with_operators' retrieved from /home/airflow/.local/lib/python3.12/site-packages/airflow/example_dags/example_xcomargs.py
[2025-05-07T13:42:05.227+0000] {logging_mixin.py:190} INFO - [2025-05-07T13:42:05.226+0000] {dag.py:3239} INFO - Sync 2 DAGs
[2025-05-07T13:42:05.280+0000] {logging_mixin.py:190} INFO - [2025-05-07T13:42:05.279+0000] {dag.py:4180} INFO - Setting next_dagrun for example_xcom_args to None, run_after=None
[2025-05-07T13:42:05.291+0000] {logging_mixin.py:190} INFO - [2025-05-07T13:42:05.290+0000] {dag.py:4180} INFO - Setting next_dagrun for example_xcom_args_with_operators to None, run_after=None
[2025-05-07T13:42:05.372+0000] {processor.py:208} INFO - Processing /home/airflow/.local/lib/python3.12/site-packages/airflow/example_dags/example_xcomargs.py took 0.272 seconds
[2025-05-07T13:42:59.408+0000] {processor.py:186} INFO - Started process (PID=397) to work on /home/airflow/.local/lib/python3.12/site-packages/airflow/example_dags/example_xcomargs.py
[2025-05-07T13:42:59.413+0000] {processor.py:914} INFO - Processing file /home/airflow/.local/lib/python3.12/site-packages/airflow/example_dags/example_xcomargs.py for tasks to queue
[2025-05-07T13:42:59.419+0000] {logging_mixin.py:190} INFO - [2025-05-07T13:42:59.418+0000] {dagbag.py:588} INFO - Filling up the DagBag from /home/airflow/.local/lib/python3.12/site-packages/airflow/example_dags/example_xcomargs.py
[2025-05-07T13:42:59.442+0000] {processor.py:925} INFO - DAG(s) 'example_xcom_args', 'example_xcom_args_with_operators' retrieved from /home/airflow/.local/lib/python3.12/site-packages/airflow/example_dags/example_xcomargs.py
[2025-05-07T13:42:59.497+0000] {logging_mixin.py:190} INFO - [2025-05-07T13:42:59.496+0000] {dag.py:3239} INFO - Sync 2 DAGs
[2025-05-07T13:42:59.534+0000] {logging_mixin.py:190} INFO - [2025-05-07T13:42:59.533+0000] {dag.py:4180} INFO - Setting next_dagrun for example_xcom_args to None, run_after=None
[2025-05-07T13:42:59.541+0000] {logging_mixin.py:190} INFO - [2025-05-07T13:42:59.541+0000] {dag.py:4180} INFO - Setting next_dagrun for example_xcom_args_with_operators to None, run_after=None
[2025-05-07T13:42:59.576+0000] {processor.py:208} INFO - Processing /home/airflow/.local/lib/python3.12/site-packages/airflow/example_dags/example_xcomargs.py took 0.183 seconds
[2025-05-07T13:44:35.323+0000] {processor.py:186} INFO - Started process (PID=493) to work on /home/airflow/.local/lib/python3.12/site-packages/airflow/example_dags/example_xcomargs.py
[2025-05-07T13:44:35.329+0000] {processor.py:914} INFO - Processing file /home/airflow/.local/lib/python3.12/site-packages/airflow/example_dags/example_xcomargs.py for tasks to queue
[2025-05-07T13:44:35.338+0000] {logging_mixin.py:190} INFO - [2025-05-07T13:44:35.337+0000] {dagbag.py:588} INFO - Filling up the DagBag from /home/airflow/.local/lib/python3.12/site-packages/airflow/example_dags/example_xcomargs.py
[2025-05-07T13:44:35.676+0000] {processor.py:925} INFO - DAG(s) 'example_xcom_args_with_operators', 'example_xcom_args' retrieved from /home/airflow/.local/lib/python3.12/site-packages/airflow/example_dags/example_xcomargs.py
[2025-05-07T13:44:36.137+0000] {logging_mixin.py:190} INFO - [2025-05-07T13:44:36.137+0000] {dag.py:3239} INFO - Sync 2 DAGs
[2025-05-07T13:44:36.175+0000] {logging_mixin.py:190} INFO - [2025-05-07T13:44:36.175+0000] {dag.py:4180} INFO - Setting next_dagrun for example_xcom_args to None, run_after=None
[2025-05-07T13:44:36.188+0000] {logging_mixin.py:190} INFO - [2025-05-07T13:44:36.187+0000] {dag.py:4180} INFO - Setting next_dagrun for example_xcom_args_with_operators to None, run_after=None
[2025-05-07T13:44:36.244+0000] {processor.py:208} INFO - Processing /home/airflow/.local/lib/python3.12/site-packages/airflow/example_dags/example_xcomargs.py took 1.006 seconds
[2025-05-07T13:45:31.623+0000] {processor.py:186} INFO - Started process (PID=568) to work on /home/airflow/.local/lib/python3.12/site-packages/airflow/example_dags/example_xcomargs.py
[2025-05-07T13:45:31.629+0000] {processor.py:914} INFO - Processing file /home/airflow/.local/lib/python3.12/site-packages/airflow/example_dags/example_xcomargs.py for tasks to queue
[2025-05-07T13:45:31.638+0000] {logging_mixin.py:190} INFO - [2025-05-07T13:45:31.637+0000] {dagbag.py:588} INFO - Filling up the DagBag from /home/airflow/.local/lib/python3.12/site-packages/airflow/example_dags/example_xcomargs.py
[2025-05-07T13:45:31.672+0000] {processor.py:925} INFO - DAG(s) 'example_xcom_args', 'example_xcom_args_with_operators' retrieved from /home/airflow/.local/lib/python3.12/site-packages/airflow/example_dags/example_xcomargs.py
[2025-05-07T13:45:32.237+0000] {logging_mixin.py:190} INFO - [2025-05-07T13:45:32.237+0000] {dag.py:3239} INFO - Sync 2 DAGs
[2025-05-07T13:45:32.290+0000] {logging_mixin.py:190} INFO - [2025-05-07T13:45:32.290+0000] {dag.py:4180} INFO - Setting next_dagrun for example_xcom_args to None, run_after=None
[2025-05-07T13:45:32.323+0000] {logging_mixin.py:190} INFO - [2025-05-07T13:45:32.318+0000] {dag.py:4180} INFO - Setting next_dagrun for example_xcom_args_with_operators to None, run_after=None
[2025-05-07T13:45:32.383+0000] {processor.py:208} INFO - Processing /home/airflow/.local/lib/python3.12/site-packages/airflow/example_dags/example_xcomargs.py took 0.788 seconds
[2025-05-07T13:46:08.378+0000] {processor.py:186} INFO - Started process (PID=633) to work on /home/airflow/.local/lib/python3.12/site-packages/airflow/example_dags/example_xcomargs.py
[2025-05-07T13:46:08.394+0000] {processor.py:914} INFO - Processing file /home/airflow/.local/lib/python3.12/site-packages/airflow/example_dags/example_xcomargs.py for tasks to queue
[2025-05-07T13:46:08.402+0000] {logging_mixin.py:190} INFO - [2025-05-07T13:46:08.401+0000] {dagbag.py:588} INFO - Filling up the DagBag from /home/airflow/.local/lib/python3.12/site-packages/airflow/example_dags/example_xcomargs.py
[2025-05-07T13:46:08.426+0000] {processor.py:925} INFO - DAG(s) 'example_xcom_args', 'example_xcom_args_with_operators' retrieved from /home/airflow/.local/lib/python3.12/site-packages/airflow/example_dags/example_xcomargs.py
[2025-05-07T13:46:08.579+0000] {logging_mixin.py:190} INFO - [2025-05-07T13:46:08.578+0000] {dag.py:3239} INFO - Sync 2 DAGs
[2025-05-07T13:46:08.640+0000] {logging_mixin.py:190} INFO - [2025-05-07T13:46:08.639+0000] {dag.py:4180} INFO - Setting next_dagrun for example_xcom_args to None, run_after=None
[2025-05-07T13:46:08.660+0000] {logging_mixin.py:190} INFO - [2025-05-07T13:46:08.657+0000] {dag.py:4180} INFO - Setting next_dagrun for example_xcom_args_with_operators to None, run_after=None
[2025-05-07T13:46:08.989+0000] {processor.py:208} INFO - Processing /home/airflow/.local/lib/python3.12/site-packages/airflow/example_dags/example_xcomargs.py took 0.630 seconds
[2025-05-07T13:47:02.638+0000] {processor.py:186} INFO - Started process (PID=714) to work on /home/airflow/.local/lib/python3.12/site-packages/airflow/example_dags/example_xcomargs.py
[2025-05-07T13:47:02.668+0000] {processor.py:914} INFO - Processing file /home/airflow/.local/lib/python3.12/site-packages/airflow/example_dags/example_xcomargs.py for tasks to queue
[2025-05-07T13:47:02.675+0000] {logging_mixin.py:190} INFO - [2025-05-07T13:47:02.674+0000] {dagbag.py:588} INFO - Filling up the DagBag from /home/airflow/.local/lib/python3.12/site-packages/airflow/example_dags/example_xcomargs.py
[2025-05-07T13:47:02.792+0000] {processor.py:925} INFO - DAG(s) 'example_xcom_args', 'example_xcom_args_with_operators' retrieved from /home/airflow/.local/lib/python3.12/site-packages/airflow/example_dags/example_xcomargs.py
[2025-05-07T13:47:03.336+0000] {logging_mixin.py:190} INFO - [2025-05-07T13:47:03.333+0000] {dag.py:3239} INFO - Sync 2 DAGs
[2025-05-07T13:47:03.560+0000] {logging_mixin.py:190} INFO - [2025-05-07T13:47:03.559+0000] {dag.py:4180} INFO - Setting next_dagrun for example_xcom_args to None, run_after=None
[2025-05-07T13:47:03.627+0000] {logging_mixin.py:190} INFO - [2025-05-07T13:47:03.626+0000] {dag.py:4180} INFO - Setting next_dagrun for example_xcom_args_with_operators to None, run_after=None
[2025-05-07T13:47:03.673+0000] {processor.py:208} INFO - Processing /home/airflow/.local/lib/python3.12/site-packages/airflow/example_dags/example_xcomargs.py took 1.049 seconds
[2025-05-07T13:48:13.950+0000] {processor.py:186} INFO - Started process (PID=808) to work on /home/airflow/.local/lib/python3.12/site-packages/airflow/example_dags/example_xcomargs.py
[2025-05-07T13:48:13.955+0000] {processor.py:914} INFO - Processing file /home/airflow/.local/lib/python3.12/site-packages/airflow/example_dags/example_xcomargs.py for tasks to queue
[2025-05-07T13:48:13.960+0000] {logging_mixin.py:190} INFO - [2025-05-07T13:48:13.959+0000] {dagbag.py:588} INFO - Filling up the DagBag from /home/airflow/.local/lib/python3.12/site-packages/airflow/example_dags/example_xcomargs.py
[2025-05-07T13:48:13.978+0000] {processor.py:925} INFO - DAG(s) 'example_xcom_args', 'example_xcom_args_with_operators' retrieved from /home/airflow/.local/lib/python3.12/site-packages/airflow/example_dags/example_xcomargs.py
[2025-05-07T13:48:14.975+0000] {logging_mixin.py:190} INFO - [2025-05-07T13:48:14.974+0000] {dag.py:3239} INFO - Sync 2 DAGs
[2025-05-07T13:48:15.264+0000] {logging_mixin.py:190} INFO - [2025-05-07T13:48:15.263+0000] {dag.py:4180} INFO - Setting next_dagrun for example_xcom_args to None, run_after=None
[2025-05-07T13:48:15.273+0000] {logging_mixin.py:190} INFO - [2025-05-07T13:48:15.273+0000] {dag.py:4180} INFO - Setting next_dagrun for example_xcom_args_with_operators to None, run_after=None
[2025-05-07T13:48:15.322+0000] {processor.py:208} INFO - Processing /home/airflow/.local/lib/python3.12/site-packages/airflow/example_dags/example_xcomargs.py took 1.396 seconds
[2025-05-07T13:49:31.496+0000] {processor.py:186} INFO - Started process (PID=887) to work on /home/airflow/.local/lib/python3.12/site-packages/airflow/example_dags/example_xcomargs.py
[2025-05-07T13:49:31.590+0000] {processor.py:914} INFO - Processing file /home/airflow/.local/lib/python3.12/site-packages/airflow/example_dags/example_xcomargs.py for tasks to queue
[2025-05-07T13:49:31.600+0000] {logging_mixin.py:190} INFO - [2025-05-07T13:49:31.599+0000] {dagbag.py:588} INFO - Filling up the DagBag from /home/airflow/.local/lib/python3.12/site-packages/airflow/example_dags/example_xcomargs.py
[2025-05-07T13:49:31.628+0000] {processor.py:925} INFO - DAG(s) 'example_xcom_args_with_operators', 'example_xcom_args' retrieved from /home/airflow/.local/lib/python3.12/site-packages/airflow/example_dags/example_xcomargs.py
[2025-05-07T13:49:31.843+0000] {logging_mixin.py:190} INFO - [2025-05-07T13:49:31.843+0000] {dag.py:3239} INFO - Sync 2 DAGs
[2025-05-07T13:49:31.918+0000] {logging_mixin.py:190} INFO - [2025-05-07T13:49:31.917+0000] {dag.py:4180} INFO - Setting next_dagrun for example_xcom_args to None, run_after=None
[2025-05-07T13:49:31.941+0000] {logging_mixin.py:190} INFO - [2025-05-07T13:49:31.940+0000] {dag.py:4180} INFO - Setting next_dagrun for example_xcom_args_with_operators to None, run_after=None
[2025-05-07T13:49:31.991+0000] {processor.py:208} INFO - Processing /home/airflow/.local/lib/python3.12/site-packages/airflow/example_dags/example_xcomargs.py took 0.515 seconds
[2025-05-07T13:50:22.571+0000] {processor.py:186} INFO - Started process (PID=951) to work on /home/airflow/.local/lib/python3.12/site-packages/airflow/example_dags/example_xcomargs.py
[2025-05-07T13:50:22.576+0000] {processor.py:914} INFO - Processing file /home/airflow/.local/lib/python3.12/site-packages/airflow/example_dags/example_xcomargs.py for tasks to queue
[2025-05-07T13:50:22.589+0000] {logging_mixin.py:190} INFO - [2025-05-07T13:50:22.589+0000] {dagbag.py:588} INFO - Filling up the DagBag from /home/airflow/.local/lib/python3.12/site-packages/airflow/example_dags/example_xcomargs.py
[2025-05-07T13:50:22.618+0000] {processor.py:925} INFO - DAG(s) 'example_xcom_args_with_operators', 'example_xcom_args' retrieved from /home/airflow/.local/lib/python3.12/site-packages/airflow/example_dags/example_xcomargs.py
[2025-05-07T13:50:22.854+0000] {logging_mixin.py:190} INFO - [2025-05-07T13:50:22.854+0000] {dag.py:3239} INFO - Sync 2 DAGs
[2025-05-07T13:50:22.962+0000] {logging_mixin.py:190} INFO - [2025-05-07T13:50:22.961+0000] {dag.py:4180} INFO - Setting next_dagrun for example_xcom_args to None, run_after=None
[2025-05-07T13:50:23.346+0000] {logging_mixin.py:190} INFO - [2025-05-07T13:50:23.346+0000] {dag.py:4180} INFO - Setting next_dagrun for example_xcom_args_with_operators to None, run_after=None
[2025-05-07T13:50:23.388+0000] {processor.py:208} INFO - Processing /home/airflow/.local/lib/python3.12/site-packages/airflow/example_dags/example_xcomargs.py took 0.872 seconds
[2025-05-07T13:51:08.105+0000] {processor.py:186} INFO - Started process (PID=1020) to work on /home/airflow/.local/lib/python3.12/site-packages/airflow/example_dags/example_xcomargs.py
[2025-05-07T13:51:08.108+0000] {processor.py:914} INFO - Processing file /home/airflow/.local/lib/python3.12/site-packages/airflow/example_dags/example_xcomargs.py for tasks to queue
[2025-05-07T13:51:08.113+0000] {logging_mixin.py:190} INFO - [2025-05-07T13:51:08.113+0000] {dagbag.py:588} INFO - Filling up the DagBag from /home/airflow/.local/lib/python3.12/site-packages/airflow/example_dags/example_xcomargs.py
[2025-05-07T13:51:08.138+0000] {processor.py:925} INFO - DAG(s) 'example_xcom_args', 'example_xcom_args_with_operators' retrieved from /home/airflow/.local/lib/python3.12/site-packages/airflow/example_dags/example_xcomargs.py
[2025-05-07T13:51:08.438+0000] {logging_mixin.py:190} INFO - [2025-05-07T13:51:08.437+0000] {dag.py:3239} INFO - Sync 2 DAGs
[2025-05-07T13:51:08.480+0000] {logging_mixin.py:190} INFO - [2025-05-07T13:51:08.480+0000] {dag.py:4180} INFO - Setting next_dagrun for example_xcom_args to None, run_after=None
[2025-05-07T13:51:08.492+0000] {logging_mixin.py:190} INFO - [2025-05-07T13:51:08.492+0000] {dag.py:4180} INFO - Setting next_dagrun for example_xcom_args_with_operators to None, run_after=None
[2025-05-07T13:51:08.609+0000] {processor.py:208} INFO - Processing /home/airflow/.local/lib/python3.12/site-packages/airflow/example_dags/example_xcomargs.py took 0.518 seconds
[2025-05-07T13:51:44.188+0000] {processor.py:186} INFO - Started process (PID=1086) to work on /home/airflow/.local/lib/python3.12/site-packages/airflow/example_dags/example_xcomargs.py
[2025-05-07T13:51:44.191+0000] {processor.py:914} INFO - Processing file /home/airflow/.local/lib/python3.12/site-packages/airflow/example_dags/example_xcomargs.py for tasks to queue
[2025-05-07T13:51:44.198+0000] {logging_mixin.py:190} INFO - [2025-05-07T13:51:44.197+0000] {dagbag.py:588} INFO - Filling up the DagBag from /home/airflow/.local/lib/python3.12/site-packages/airflow/example_dags/example_xcomargs.py
[2025-05-07T13:51:44.233+0000] {processor.py:925} INFO - DAG(s) 'example_xcom_args', 'example_xcom_args_with_operators' retrieved from /home/airflow/.local/lib/python3.12/site-packages/airflow/example_dags/example_xcomargs.py
[2025-05-07T13:51:44.300+0000] {logging_mixin.py:190} INFO - [2025-05-07T13:51:44.299+0000] {dag.py:3239} INFO - Sync 2 DAGs
[2025-05-07T13:51:44.351+0000] {logging_mixin.py:190} INFO - [2025-05-07T13:51:44.351+0000] {dag.py:4180} INFO - Setting next_dagrun for example_xcom_args to None, run_after=None
[2025-05-07T13:51:44.360+0000] {logging_mixin.py:190} INFO - [2025-05-07T13:51:44.359+0000] {dag.py:4180} INFO - Setting next_dagrun for example_xcom_args_with_operators to None, run_after=None
[2025-05-07T13:51:44.400+0000] {processor.py:208} INFO - Processing /home/airflow/.local/lib/python3.12/site-packages/airflow/example_dags/example_xcomargs.py took 0.229 seconds
[2025-05-07T13:52:29.091+0000] {processor.py:186} INFO - Started process (PID=1161) to work on /home/airflow/.local/lib/python3.12/site-packages/airflow/example_dags/example_xcomargs.py
[2025-05-07T13:52:29.222+0000] {processor.py:914} INFO - Processing file /home/airflow/.local/lib/python3.12/site-packages/airflow/example_dags/example_xcomargs.py for tasks to queue
[2025-05-07T13:52:29.228+0000] {logging_mixin.py:190} INFO - [2025-05-07T13:52:29.228+0000] {dagbag.py:588} INFO - Filling up the DagBag from /home/airflow/.local/lib/python3.12/site-packages/airflow/example_dags/example_xcomargs.py
[2025-05-07T13:52:29.258+0000] {processor.py:925} INFO - DAG(s) 'example_xcom_args', 'example_xcom_args_with_operators' retrieved from /home/airflow/.local/lib/python3.12/site-packages/airflow/example_dags/example_xcomargs.py
[2025-05-07T13:52:29.591+0000] {logging_mixin.py:190} INFO - [2025-05-07T13:52:29.590+0000] {dag.py:3239} INFO - Sync 2 DAGs
[2025-05-07T13:52:30.102+0000] {logging_mixin.py:190} INFO - [2025-05-07T13:52:30.102+0000] {dag.py:4180} INFO - Setting next_dagrun for example_xcom_args to None, run_after=None
[2025-05-07T13:52:30.169+0000] {logging_mixin.py:190} INFO - [2025-05-07T13:52:30.168+0000] {dag.py:4180} INFO - Setting next_dagrun for example_xcom_args_with_operators to None, run_after=None
[2025-05-07T13:52:30.294+0000] {processor.py:208} INFO - Processing /home/airflow/.local/lib/python3.12/site-packages/airflow/example_dags/example_xcomargs.py took 1.218 seconds
[2025-05-07T13:53:10.696+0000] {processor.py:186} INFO - Started process (PID=1229) to work on /home/airflow/.local/lib/python3.12/site-packages/airflow/example_dags/example_xcomargs.py
[2025-05-07T13:53:10.727+0000] {processor.py:914} INFO - Processing file /home/airflow/.local/lib/python3.12/site-packages/airflow/example_dags/example_xcomargs.py for tasks to queue
[2025-05-07T13:53:10.733+0000] {logging_mixin.py:190} INFO - [2025-05-07T13:53:10.732+0000] {dagbag.py:588} INFO - Filling up the DagBag from /home/airflow/.local/lib/python3.12/site-packages/airflow/example_dags/example_xcomargs.py
[2025-05-07T13:53:10.760+0000] {processor.py:925} INFO - DAG(s) 'example_xcom_args', 'example_xcom_args_with_operators' retrieved from /home/airflow/.local/lib/python3.12/site-packages/airflow/example_dags/example_xcomargs.py
[2025-05-07T13:53:10.971+0000] {logging_mixin.py:190} INFO - [2025-05-07T13:53:10.971+0000] {dag.py:3239} INFO - Sync 2 DAGs
[2025-05-07T13:53:11.077+0000] {logging_mixin.py:190} INFO - [2025-05-07T13:53:11.076+0000] {dag.py:4180} INFO - Setting next_dagrun for example_xcom_args to None, run_after=None
[2025-05-07T13:53:11.103+0000] {logging_mixin.py:190} INFO - [2025-05-07T13:53:11.103+0000] {dag.py:4180} INFO - Setting next_dagrun for example_xcom_args_with_operators to None, run_after=None
[2025-05-07T13:53:11.189+0000] {processor.py:208} INFO - Processing /home/airflow/.local/lib/python3.12/site-packages/airflow/example_dags/example_xcomargs.py took 0.507 seconds
[2025-05-07T13:54:04.536+0000] {processor.py:186} INFO - Started process (PID=1302) to work on /home/airflow/.local/lib/python3.12/site-packages/airflow/example_dags/example_xcomargs.py
[2025-05-07T13:54:04.618+0000] {processor.py:914} INFO - Processing file /home/airflow/.local/lib/python3.12/site-packages/airflow/example_dags/example_xcomargs.py for tasks to queue
[2025-05-07T13:54:04.625+0000] {logging_mixin.py:190} INFO - [2025-05-07T13:54:04.624+0000] {dagbag.py:588} INFO - Filling up the DagBag from /home/airflow/.local/lib/python3.12/site-packages/airflow/example_dags/example_xcomargs.py
[2025-05-07T13:54:04.668+0000] {processor.py:925} INFO - DAG(s) 'example_xcom_args', 'example_xcom_args_with_operators' retrieved from /home/airflow/.local/lib/python3.12/site-packages/airflow/example_dags/example_xcomargs.py
[2025-05-07T13:54:04.857+0000] {logging_mixin.py:190} INFO - [2025-05-07T13:54:04.856+0000] {dag.py:3239} INFO - Sync 2 DAGs
[2025-05-07T13:54:04.901+0000] {logging_mixin.py:190} INFO - [2025-05-07T13:54:04.901+0000] {dag.py:4180} INFO - Setting next_dagrun for example_xcom_args to None, run_after=None
[2025-05-07T13:54:04.913+0000] {logging_mixin.py:190} INFO - [2025-05-07T13:54:04.913+0000] {dag.py:4180} INFO - Setting next_dagrun for example_xcom_args_with_operators to None, run_after=None
[2025-05-07T13:54:05.526+0000] {processor.py:208} INFO - Processing /home/airflow/.local/lib/python3.12/site-packages/airflow/example_dags/example_xcomargs.py took 1.010 seconds
[2025-05-07T13:54:55.935+0000] {processor.py:186} INFO - Started process (PID=1368) to work on /home/airflow/.local/lib/python3.12/site-packages/airflow/example_dags/example_xcomargs.py
[2025-05-07T13:54:55.941+0000] {processor.py:914} INFO - Processing file /home/airflow/.local/lib/python3.12/site-packages/airflow/example_dags/example_xcomargs.py for tasks to queue
[2025-05-07T13:54:55.947+0000] {logging_mixin.py:190} INFO - [2025-05-07T13:54:55.946+0000] {dagbag.py:588} INFO - Filling up the DagBag from /home/airflow/.local/lib/python3.12/site-packages/airflow/example_dags/example_xcomargs.py
[2025-05-07T13:54:55.977+0000] {processor.py:925} INFO - DAG(s) 'example_xcom_args', 'example_xcom_args_with_operators' retrieved from /home/airflow/.local/lib/python3.12/site-packages/airflow/example_dags/example_xcomargs.py
[2025-05-07T13:54:56.042+0000] {logging_mixin.py:190} INFO - [2025-05-07T13:54:56.042+0000] {dag.py:3239} INFO - Sync 2 DAGs
[2025-05-07T13:54:56.093+0000] {logging_mixin.py:190} INFO - [2025-05-07T13:54:56.092+0000] {dag.py:4180} INFO - Setting next_dagrun for example_xcom_args to None, run_after=None
[2025-05-07T13:54:56.100+0000] {logging_mixin.py:190} INFO - [2025-05-07T13:54:56.100+0000] {dag.py:4180} INFO - Setting next_dagrun for example_xcom_args_with_operators to None, run_after=None
[2025-05-07T13:54:56.151+0000] {processor.py:208} INFO - Processing /home/airflow/.local/lib/python3.12/site-packages/airflow/example_dags/example_xcomargs.py took 0.229 seconds
[2025-05-07T13:55:26.823+0000] {processor.py:186} INFO - Started process (PID=1431) to work on /home/airflow/.local/lib/python3.12/site-packages/airflow/example_dags/example_xcomargs.py
[2025-05-07T13:55:26.824+0000] {processor.py:914} INFO - Processing file /home/airflow/.local/lib/python3.12/site-packages/airflow/example_dags/example_xcomargs.py for tasks to queue
[2025-05-07T13:55:26.829+0000] {logging_mixin.py:190} INFO - [2025-05-07T13:55:26.828+0000] {dagbag.py:588} INFO - Filling up the DagBag from /home/airflow/.local/lib/python3.12/site-packages/airflow/example_dags/example_xcomargs.py
[2025-05-07T13:55:26.849+0000] {processor.py:925} INFO - DAG(s) 'example_xcom_args', 'example_xcom_args_with_operators' retrieved from /home/airflow/.local/lib/python3.12/site-packages/airflow/example_dags/example_xcomargs.py
[2025-05-07T13:55:26.915+0000] {logging_mixin.py:190} INFO - [2025-05-07T13:55:26.914+0000] {dag.py:3239} INFO - Sync 2 DAGs
[2025-05-07T13:55:26.955+0000] {logging_mixin.py:190} INFO - [2025-05-07T13:55:26.954+0000] {dag.py:4180} INFO - Setting next_dagrun for example_xcom_args to None, run_after=None
[2025-05-07T13:55:26.965+0000] {logging_mixin.py:190} INFO - [2025-05-07T13:55:26.965+0000] {dag.py:4180} INFO - Setting next_dagrun for example_xcom_args_with_operators to None, run_after=None
[2025-05-07T13:55:27.016+0000] {processor.py:208} INFO - Processing /home/airflow/.local/lib/python3.12/site-packages/airflow/example_dags/example_xcomargs.py took 0.204 seconds
