[2025-05-07T13:39:08.082+0000] {processor.py:186} INFO - Started process (PID=91) to work on /home/airflow/.local/lib/python3.12/site-packages/airflow/example_dags/example_outlet_event_extra.py
[2025-05-07T13:39:08.084+0000] {processor.py:914} INFO - Processing file /home/airflow/.local/lib/python3.12/site-packages/airflow/example_dags/example_outlet_event_extra.py for tasks to queue
[2025-05-07T13:39:08.105+0000] {logging_mixin.py:190} INFO - [2025-05-07T13:39:08.105+0000] {dagbag.py:588} INFO - Filling up the DagBag from /home/airflow/.local/lib/python3.12/site-packages/airflow/example_dags/example_outlet_event_extra.py
[2025-05-07T13:39:09.116+0000] {processor.py:925} INFO - DAG(s) 'dataset_with_extra_from_classic_operator', 'dataset_with_extra_by_yield', 'dataset_with_extra_by_context' retrieved from /home/airflow/.local/lib/python3.12/site-packages/airflow/example_dags/example_outlet_event_extra.py
[2025-05-07T13:39:09.946+0000] {logging_mixin.py:190} INFO - [2025-05-07T13:39:09.945+0000] {dag.py:3239} INFO - Sync 3 DAGs
[2025-05-07T13:39:11.007+0000] {logging_mixin.py:190} INFO - [2025-05-07T13:39:11.006+0000] {dag.py:4180} INFO - Setting next_dagrun for dataset_with_extra_by_context to 2025-05-06 00:00:00+00:00, run_after=2025-05-07 00:00:00+00:00
[2025-05-07T13:39:11.019+0000] {logging_mixin.py:190} INFO - [2025-05-07T13:39:11.019+0000] {dag.py:4180} INFO - Setting next_dagrun for dataset_with_extra_by_yield to 2025-05-06 00:00:00+00:00, run_after=2025-05-07 00:00:00+00:00
[2025-05-07T13:39:11.129+0000] {logging_mixin.py:190} INFO - [2025-05-07T13:39:11.128+0000] {dag.py:4180} INFO - Setting next_dagrun for dataset_with_extra_from_classic_operator to 2025-05-06 00:00:00+00:00, run_after=2025-05-07 00:00:00+00:00
[2025-05-07T13:39:11.326+0000] {processor.py:208} INFO - Processing /home/airflow/.local/lib/python3.12/site-packages/airflow/example_dags/example_outlet_event_extra.py took 3.321 seconds
[2025-05-07T13:40:13.180+0000] {processor.py:186} INFO - Started process (PID=164) to work on /home/airflow/.local/lib/python3.12/site-packages/airflow/example_dags/example_outlet_event_extra.py
[2025-05-07T13:40:13.185+0000] {processor.py:914} INFO - Processing file /home/airflow/.local/lib/python3.12/site-packages/airflow/example_dags/example_outlet_event_extra.py for tasks to queue
[2025-05-07T13:40:13.194+0000] {logging_mixin.py:190} INFO - [2025-05-07T13:40:13.193+0000] {dagbag.py:588} INFO - Filling up the DagBag from /home/airflow/.local/lib/python3.12/site-packages/airflow/example_dags/example_outlet_event_extra.py
[2025-05-07T13:40:13.656+0000] {processor.py:925} INFO - DAG(s) 'dataset_with_extra_from_classic_operator', 'dataset_with_extra_by_context', 'dataset_with_extra_by_yield' retrieved from /home/airflow/.local/lib/python3.12/site-packages/airflow/example_dags/example_outlet_event_extra.py
[2025-05-07T13:40:13.761+0000] {logging_mixin.py:190} INFO - [2025-05-07T13:40:13.760+0000] {dag.py:3239} INFO - Sync 3 DAGs
[2025-05-07T13:40:14.318+0000] {logging_mixin.py:190} INFO - [2025-05-07T13:40:14.317+0000] {dag.py:4180} INFO - Setting next_dagrun for dataset_with_extra_by_context to 2025-05-06 00:00:00+00:00, run_after=2025-05-07 00:00:00+00:00
[2025-05-07T13:40:14.329+0000] {logging_mixin.py:190} INFO - [2025-05-07T13:40:14.328+0000] {dag.py:4180} INFO - Setting next_dagrun for dataset_with_extra_by_yield to 2025-05-06 00:00:00+00:00, run_after=2025-05-07 00:00:00+00:00
[2025-05-07T13:40:14.335+0000] {logging_mixin.py:190} INFO - [2025-05-07T13:40:14.334+0000] {dag.py:4180} INFO - Setting next_dagrun for dataset_with_extra_from_classic_operator to 2025-05-06 00:00:00+00:00, run_after=2025-05-07 00:00:00+00:00
[2025-05-07T13:40:14.391+0000] {processor.py:208} INFO - Processing /home/airflow/.local/lib/python3.12/site-packages/airflow/example_dags/example_outlet_event_extra.py took 1.224 seconds
[2025-05-07T13:40:57.348+0000] {processor.py:186} INFO - Started process (PID=232) to work on /home/airflow/.local/lib/python3.12/site-packages/airflow/example_dags/example_outlet_event_extra.py
[2025-05-07T13:40:57.352+0000] {processor.py:914} INFO - Processing file /home/airflow/.local/lib/python3.12/site-packages/airflow/example_dags/example_outlet_event_extra.py for tasks to queue
[2025-05-07T13:40:57.359+0000] {logging_mixin.py:190} INFO - [2025-05-07T13:40:57.358+0000] {dagbag.py:588} INFO - Filling up the DagBag from /home/airflow/.local/lib/python3.12/site-packages/airflow/example_dags/example_outlet_event_extra.py
[2025-05-07T13:40:57.672+0000] {processor.py:925} INFO - DAG(s) 'dataset_with_extra_by_yield', 'dataset_with_extra_by_context', 'dataset_with_extra_from_classic_operator' retrieved from /home/airflow/.local/lib/python3.12/site-packages/airflow/example_dags/example_outlet_event_extra.py
[2025-05-07T13:40:57.970+0000] {logging_mixin.py:190} INFO - [2025-05-07T13:40:57.969+0000] {dag.py:3239} INFO - Sync 3 DAGs
[2025-05-07T13:40:58.319+0000] {logging_mixin.py:190} INFO - [2025-05-07T13:40:58.318+0000] {dag.py:4180} INFO - Setting next_dagrun for dataset_with_extra_by_context to 2025-05-06 00:00:00+00:00, run_after=2025-05-07 00:00:00+00:00
[2025-05-07T13:40:58.780+0000] {logging_mixin.py:190} INFO - [2025-05-07T13:40:58.779+0000] {dag.py:4180} INFO - Setting next_dagrun for dataset_with_extra_by_yield to 2025-05-06 00:00:00+00:00, run_after=2025-05-07 00:00:00+00:00
[2025-05-07T13:40:58.785+0000] {logging_mixin.py:190} INFO - [2025-05-07T13:40:58.784+0000] {dag.py:4180} INFO - Setting next_dagrun for dataset_with_extra_from_classic_operator to 2025-05-06 00:00:00+00:00, run_after=2025-05-07 00:00:00+00:00
[2025-05-07T13:40:58.829+0000] {processor.py:208} INFO - Processing /home/airflow/.local/lib/python3.12/site-packages/airflow/example_dags/example_outlet_event_extra.py took 1.497 seconds
[2025-05-07T13:41:29.364+0000] {processor.py:186} INFO - Started process (PID=295) to work on /home/airflow/.local/lib/python3.12/site-packages/airflow/example_dags/example_outlet_event_extra.py
[2025-05-07T13:41:29.366+0000] {processor.py:914} INFO - Processing file /home/airflow/.local/lib/python3.12/site-packages/airflow/example_dags/example_outlet_event_extra.py for tasks to queue
[2025-05-07T13:41:29.375+0000] {logging_mixin.py:190} INFO - [2025-05-07T13:41:29.374+0000] {dagbag.py:588} INFO - Filling up the DagBag from /home/airflow/.local/lib/python3.12/site-packages/airflow/example_dags/example_outlet_event_extra.py
[2025-05-07T13:41:30.889+0000] {processor.py:925} INFO - DAG(s) 'dataset_with_extra_by_context', 'dataset_with_extra_by_yield', 'dataset_with_extra_from_classic_operator' retrieved from /home/airflow/.local/lib/python3.12/site-packages/airflow/example_dags/example_outlet_event_extra.py
[2025-05-07T13:41:31.297+0000] {logging_mixin.py:190} INFO - [2025-05-07T13:41:31.297+0000] {dag.py:3239} INFO - Sync 3 DAGs
[2025-05-07T13:41:31.523+0000] {logging_mixin.py:190} INFO - [2025-05-07T13:41:31.522+0000] {dag.py:4180} INFO - Setting next_dagrun for dataset_with_extra_by_context to 2025-05-06 00:00:00+00:00, run_after=2025-05-07 00:00:00+00:00
[2025-05-07T13:41:31.681+0000] {logging_mixin.py:190} INFO - [2025-05-07T13:41:31.681+0000] {dag.py:4180} INFO - Setting next_dagrun for dataset_with_extra_by_yield to 2025-05-06 00:00:00+00:00, run_after=2025-05-07 00:00:00+00:00
[2025-05-07T13:41:31.694+0000] {logging_mixin.py:190} INFO - [2025-05-07T13:41:31.693+0000] {dag.py:4180} INFO - Setting next_dagrun for dataset_with_extra_from_classic_operator to 2025-05-06 00:00:00+00:00, run_after=2025-05-07 00:00:00+00:00
[2025-05-07T13:41:32.810+0000] {processor.py:208} INFO - Processing /home/airflow/.local/lib/python3.12/site-packages/airflow/example_dags/example_outlet_event_extra.py took 3.465 seconds
[2025-05-07T13:42:28.623+0000] {processor.py:186} INFO - Started process (PID=359) to work on /home/airflow/.local/lib/python3.12/site-packages/airflow/example_dags/example_outlet_event_extra.py
[2025-05-07T13:42:28.626+0000] {processor.py:914} INFO - Processing file /home/airflow/.local/lib/python3.12/site-packages/airflow/example_dags/example_outlet_event_extra.py for tasks to queue
[2025-05-07T13:42:28.633+0000] {logging_mixin.py:190} INFO - [2025-05-07T13:42:28.632+0000] {dagbag.py:588} INFO - Filling up the DagBag from /home/airflow/.local/lib/python3.12/site-packages/airflow/example_dags/example_outlet_event_extra.py
[2025-05-07T13:42:29.867+0000] {processor.py:925} INFO - DAG(s) 'dataset_with_extra_by_context', 'dataset_with_extra_by_yield', 'dataset_with_extra_from_classic_operator' retrieved from /home/airflow/.local/lib/python3.12/site-packages/airflow/example_dags/example_outlet_event_extra.py
[2025-05-07T13:42:32.102+0000] {logging_mixin.py:190} INFO - [2025-05-07T13:42:32.102+0000] {dag.py:3239} INFO - Sync 3 DAGs
[2025-05-07T13:42:32.175+0000] {logging_mixin.py:190} INFO - [2025-05-07T13:42:32.172+0000] {dag.py:4180} INFO - Setting next_dagrun for dataset_with_extra_by_context to 2025-05-06 00:00:00+00:00, run_after=2025-05-07 00:00:00+00:00
[2025-05-07T13:42:32.189+0000] {logging_mixin.py:190} INFO - [2025-05-07T13:42:32.189+0000] {dag.py:4180} INFO - Setting next_dagrun for dataset_with_extra_by_yield to 2025-05-06 00:00:00+00:00, run_after=2025-05-07 00:00:00+00:00
[2025-05-07T13:42:32.194+0000] {logging_mixin.py:190} INFO - [2025-05-07T13:42:32.194+0000] {dag.py:4180} INFO - Setting next_dagrun for dataset_with_extra_from_classic_operator to 2025-05-06 00:00:00+00:00, run_after=2025-05-07 00:00:00+00:00
[2025-05-07T13:42:32.678+0000] {processor.py:208} INFO - Processing /home/airflow/.local/lib/python3.12/site-packages/airflow/example_dags/example_outlet_event_extra.py took 4.068 seconds
[2025-05-07T13:43:31.151+0000] {processor.py:186} INFO - Started process (PID=440) to work on /home/airflow/.local/lib/python3.12/site-packages/airflow/example_dags/example_outlet_event_extra.py
[2025-05-07T13:43:31.165+0000] {processor.py:914} INFO - Processing file /home/airflow/.local/lib/python3.12/site-packages/airflow/example_dags/example_outlet_event_extra.py for tasks to queue
[2025-05-07T13:43:31.198+0000] {logging_mixin.py:190} INFO - [2025-05-07T13:43:31.198+0000] {dagbag.py:588} INFO - Filling up the DagBag from /home/airflow/.local/lib/python3.12/site-packages/airflow/example_dags/example_outlet_event_extra.py
[2025-05-07T13:43:35.026+0000] {processor.py:925} INFO - DAG(s) 'dataset_with_extra_by_context', 'dataset_with_extra_by_yield', 'dataset_with_extra_from_classic_operator' retrieved from /home/airflow/.local/lib/python3.12/site-packages/airflow/example_dags/example_outlet_event_extra.py
[2025-05-07T13:43:35.710+0000] {logging_mixin.py:190} INFO - [2025-05-07T13:43:35.709+0000] {dag.py:3239} INFO - Sync 3 DAGs
[2025-05-07T13:43:36.424+0000] {logging_mixin.py:190} INFO - [2025-05-07T13:43:36.423+0000] {dag.py:4180} INFO - Setting next_dagrun for dataset_with_extra_by_context to 2025-05-06 00:00:00+00:00, run_after=2025-05-07 00:00:00+00:00
[2025-05-07T13:43:36.436+0000] {logging_mixin.py:190} INFO - [2025-05-07T13:43:36.435+0000] {dag.py:4180} INFO - Setting next_dagrun for dataset_with_extra_by_yield to 2025-05-06 00:00:00+00:00, run_after=2025-05-07 00:00:00+00:00
[2025-05-07T13:43:36.441+0000] {logging_mixin.py:190} INFO - [2025-05-07T13:43:36.440+0000] {dag.py:4180} INFO - Setting next_dagrun for dataset_with_extra_from_classic_operator to 2025-05-06 00:00:00+00:00, run_after=2025-05-07 00:00:00+00:00
[2025-05-07T13:43:36.925+0000] {processor.py:208} INFO - Processing /home/airflow/.local/lib/python3.12/site-packages/airflow/example_dags/example_outlet_event_extra.py took 5.789 seconds
[2025-05-07T13:44:54.006+0000] {processor.py:186} INFO - Started process (PID=513) to work on /home/airflow/.local/lib/python3.12/site-packages/airflow/example_dags/example_outlet_event_extra.py
[2025-05-07T13:44:54.068+0000] {processor.py:914} INFO - Processing file /home/airflow/.local/lib/python3.12/site-packages/airflow/example_dags/example_outlet_event_extra.py for tasks to queue
[2025-05-07T13:44:54.151+0000] {logging_mixin.py:190} INFO - [2025-05-07T13:44:54.150+0000] {dagbag.py:588} INFO - Filling up the DagBag from /home/airflow/.local/lib/python3.12/site-packages/airflow/example_dags/example_outlet_event_extra.py
[2025-05-07T13:44:55.296+0000] {processor.py:925} INFO - DAG(s) 'dataset_with_extra_from_classic_operator', 'dataset_with_extra_by_yield', 'dataset_with_extra_by_context' retrieved from /home/airflow/.local/lib/python3.12/site-packages/airflow/example_dags/example_outlet_event_extra.py
[2025-05-07T13:44:58.862+0000] {logging_mixin.py:190} INFO - [2025-05-07T13:44:58.861+0000] {dag.py:3239} INFO - Sync 3 DAGs
[2025-05-07T13:44:59.274+0000] {logging_mixin.py:190} INFO - [2025-05-07T13:44:59.274+0000] {dag.py:4180} INFO - Setting next_dagrun for dataset_with_extra_by_context to 2025-05-06 00:00:00+00:00, run_after=2025-05-07 00:00:00+00:00
[2025-05-07T13:44:59.300+0000] {logging_mixin.py:190} INFO - [2025-05-07T13:44:59.300+0000] {dag.py:4180} INFO - Setting next_dagrun for dataset_with_extra_by_yield to 2025-05-06 00:00:00+00:00, run_after=2025-05-07 00:00:00+00:00
[2025-05-07T13:44:59.409+0000] {logging_mixin.py:190} INFO - [2025-05-07T13:44:59.409+0000] {dag.py:4180} INFO - Setting next_dagrun for dataset_with_extra_from_classic_operator to 2025-05-06 00:00:00+00:00, run_after=2025-05-07 00:00:00+00:00
[2025-05-07T13:45:00.188+0000] {processor.py:208} INFO - Processing /home/airflow/.local/lib/python3.12/site-packages/airflow/example_dags/example_outlet_event_extra.py took 6.201 seconds
[2025-05-07T13:45:47.696+0000] {processor.py:186} INFO - Started process (PID=586) to work on /home/airflow/.local/lib/python3.12/site-packages/airflow/example_dags/example_outlet_event_extra.py
[2025-05-07T13:45:47.778+0000] {processor.py:914} INFO - Processing file /home/airflow/.local/lib/python3.12/site-packages/airflow/example_dags/example_outlet_event_extra.py for tasks to queue
[2025-05-07T13:45:47.790+0000] {logging_mixin.py:190} INFO - [2025-05-07T13:45:47.788+0000] {dagbag.py:588} INFO - Filling up the DagBag from /home/airflow/.local/lib/python3.12/site-packages/airflow/example_dags/example_outlet_event_extra.py
[2025-05-07T13:45:50.075+0000] {processor.py:925} INFO - DAG(s) 'dataset_with_extra_by_context', 'dataset_with_extra_from_classic_operator', 'dataset_with_extra_by_yield' retrieved from /home/airflow/.local/lib/python3.12/site-packages/airflow/example_dags/example_outlet_event_extra.py
[2025-05-07T13:45:51.345+0000] {logging_mixin.py:190} INFO - [2025-05-07T13:45:51.344+0000] {dag.py:3239} INFO - Sync 3 DAGs
[2025-05-07T13:45:51.463+0000] {logging_mixin.py:190} INFO - [2025-05-07T13:45:51.463+0000] {dag.py:4180} INFO - Setting next_dagrun for dataset_with_extra_by_context to 2025-05-06 00:00:00+00:00, run_after=2025-05-07 00:00:00+00:00
[2025-05-07T13:45:51.475+0000] {logging_mixin.py:190} INFO - [2025-05-07T13:45:51.475+0000] {dag.py:4180} INFO - Setting next_dagrun for dataset_with_extra_by_yield to 2025-05-06 00:00:00+00:00, run_after=2025-05-07 00:00:00+00:00
[2025-05-07T13:45:51.479+0000] {logging_mixin.py:190} INFO - [2025-05-07T13:45:51.479+0000] {dag.py:4180} INFO - Setting next_dagrun for dataset_with_extra_from_classic_operator to 2025-05-06 00:00:00+00:00, run_after=2025-05-07 00:00:00+00:00
[2025-05-07T13:45:51.524+0000] {processor.py:208} INFO - Processing /home/airflow/.local/lib/python3.12/site-packages/airflow/example_dags/example_outlet_event_extra.py took 3.841 seconds
[2025-05-07T13:46:24.011+0000] {processor.py:186} INFO - Started process (PID=652) to work on /home/airflow/.local/lib/python3.12/site-packages/airflow/example_dags/example_outlet_event_extra.py
[2025-05-07T13:46:24.284+0000] {processor.py:914} INFO - Processing file /home/airflow/.local/lib/python3.12/site-packages/airflow/example_dags/example_outlet_event_extra.py for tasks to queue
[2025-05-07T13:46:24.301+0000] {logging_mixin.py:190} INFO - [2025-05-07T13:46:24.300+0000] {dagbag.py:588} INFO - Filling up the DagBag from /home/airflow/.local/lib/python3.12/site-packages/airflow/example_dags/example_outlet_event_extra.py
[2025-05-07T13:46:25.328+0000] {processor.py:925} INFO - DAG(s) 'dataset_with_extra_from_classic_operator', 'dataset_with_extra_by_yield', 'dataset_with_extra_by_context' retrieved from /home/airflow/.local/lib/python3.12/site-packages/airflow/example_dags/example_outlet_event_extra.py
[2025-05-07T13:46:25.385+0000] {logging_mixin.py:190} INFO - [2025-05-07T13:46:25.385+0000] {dag.py:3239} INFO - Sync 3 DAGs
[2025-05-07T13:46:25.438+0000] {logging_mixin.py:190} INFO - [2025-05-07T13:46:25.437+0000] {dag.py:4180} INFO - Setting next_dagrun for dataset_with_extra_by_context to 2025-05-06 00:00:00+00:00, run_after=2025-05-07 00:00:00+00:00
[2025-05-07T13:46:25.448+0000] {logging_mixin.py:190} INFO - [2025-05-07T13:46:25.448+0000] {dag.py:4180} INFO - Setting next_dagrun for dataset_with_extra_by_yield to 2025-05-06 00:00:00+00:00, run_after=2025-05-07 00:00:00+00:00
[2025-05-07T13:46:25.453+0000] {logging_mixin.py:190} INFO - [2025-05-07T13:46:25.453+0000] {dag.py:4180} INFO - Setting next_dagrun for dataset_with_extra_from_classic_operator to 2025-05-06 00:00:00+00:00, run_after=2025-05-07 00:00:00+00:00
[2025-05-07T13:46:25.502+0000] {processor.py:208} INFO - Processing /home/airflow/.local/lib/python3.12/site-packages/airflow/example_dags/example_outlet_event_extra.py took 1.503 seconds
[2025-05-07T13:47:08.021+0000] {processor.py:186} INFO - Started process (PID=733) to work on /home/airflow/.local/lib/python3.12/site-packages/airflow/example_dags/example_outlet_event_extra.py
[2025-05-07T13:47:08.026+0000] {processor.py:914} INFO - Processing file /home/airflow/.local/lib/python3.12/site-packages/airflow/example_dags/example_outlet_event_extra.py for tasks to queue
[2025-05-07T13:47:08.033+0000] {logging_mixin.py:190} INFO - [2025-05-07T13:47:08.032+0000] {dagbag.py:588} INFO - Filling up the DagBag from /home/airflow/.local/lib/python3.12/site-packages/airflow/example_dags/example_outlet_event_extra.py
[2025-05-07T13:47:09.767+0000] {processor.py:925} INFO - DAG(s) 'dataset_with_extra_by_context', 'dataset_with_extra_by_yield', 'dataset_with_extra_from_classic_operator' retrieved from /home/airflow/.local/lib/python3.12/site-packages/airflow/example_dags/example_outlet_event_extra.py
[2025-05-07T13:47:10.067+0000] {logging_mixin.py:190} INFO - [2025-05-07T13:47:10.066+0000] {dag.py:3239} INFO - Sync 3 DAGs
[2025-05-07T13:47:10.131+0000] {logging_mixin.py:190} INFO - [2025-05-07T13:47:10.130+0000] {dag.py:4180} INFO - Setting next_dagrun for dataset_with_extra_by_context to 2025-05-06 00:00:00+00:00, run_after=2025-05-07 00:00:00+00:00
[2025-05-07T13:47:10.146+0000] {logging_mixin.py:190} INFO - [2025-05-07T13:47:10.146+0000] {dag.py:4180} INFO - Setting next_dagrun for dataset_with_extra_by_yield to 2025-05-06 00:00:00+00:00, run_after=2025-05-07 00:00:00+00:00
[2025-05-07T13:47:10.157+0000] {logging_mixin.py:190} INFO - [2025-05-07T13:47:10.156+0000] {dag.py:4180} INFO - Setting next_dagrun for dataset_with_extra_from_classic_operator to 2025-05-06 00:00:00+00:00, run_after=2025-05-07 00:00:00+00:00
[2025-05-07T13:47:10.834+0000] {processor.py:208} INFO - Processing /home/airflow/.local/lib/python3.12/site-packages/airflow/example_dags/example_outlet_event_extra.py took 2.838 seconds
[2025-05-07T13:48:00.633+0000] {processor.py:186} INFO - Started process (PID=794) to work on /home/airflow/.local/lib/python3.12/site-packages/airflow/example_dags/example_outlet_event_extra.py
[2025-05-07T13:48:00.639+0000] {processor.py:914} INFO - Processing file /home/airflow/.local/lib/python3.12/site-packages/airflow/example_dags/example_outlet_event_extra.py for tasks to queue
[2025-05-07T13:48:00.647+0000] {logging_mixin.py:190} INFO - [2025-05-07T13:48:00.646+0000] {dagbag.py:588} INFO - Filling up the DagBag from /home/airflow/.local/lib/python3.12/site-packages/airflow/example_dags/example_outlet_event_extra.py
[2025-05-07T13:48:07.342+0000] {processor.py:925} INFO - DAG(s) 'dataset_with_extra_by_yield', 'dataset_with_extra_by_context', 'dataset_with_extra_from_classic_operator' retrieved from /home/airflow/.local/lib/python3.12/site-packages/airflow/example_dags/example_outlet_event_extra.py
[2025-05-07T13:48:08.457+0000] {logging_mixin.py:190} INFO - [2025-05-07T13:48:08.456+0000] {dag.py:3239} INFO - Sync 3 DAGs
[2025-05-07T13:48:08.879+0000] {logging_mixin.py:190} INFO - [2025-05-07T13:48:08.878+0000] {dag.py:4180} INFO - Setting next_dagrun for dataset_with_extra_by_context to 2025-05-06 00:00:00+00:00, run_after=2025-05-07 00:00:00+00:00
[2025-05-07T13:48:08.889+0000] {logging_mixin.py:190} INFO - [2025-05-07T13:48:08.888+0000] {dag.py:4180} INFO - Setting next_dagrun for dataset_with_extra_by_yield to 2025-05-06 00:00:00+00:00, run_after=2025-05-07 00:00:00+00:00
[2025-05-07T13:48:08.934+0000] {logging_mixin.py:190} INFO - [2025-05-07T13:48:08.934+0000] {dag.py:4180} INFO - Setting next_dagrun for dataset_with_extra_from_classic_operator to 2025-05-06 00:00:00+00:00, run_after=2025-05-07 00:00:00+00:00
[2025-05-07T13:48:09.058+0000] {processor.py:208} INFO - Processing /home/airflow/.local/lib/python3.12/site-packages/airflow/example_dags/example_outlet_event_extra.py took 8.477 seconds
[2025-05-07T13:49:23.900+0000] {processor.py:186} INFO - Started process (PID=879) to work on /home/airflow/.local/lib/python3.12/site-packages/airflow/example_dags/example_outlet_event_extra.py
[2025-05-07T13:49:23.960+0000] {processor.py:914} INFO - Processing file /home/airflow/.local/lib/python3.12/site-packages/airflow/example_dags/example_outlet_event_extra.py for tasks to queue
[2025-05-07T13:49:23.967+0000] {logging_mixin.py:190} INFO - [2025-05-07T13:49:23.966+0000] {dagbag.py:588} INFO - Filling up the DagBag from /home/airflow/.local/lib/python3.12/site-packages/airflow/example_dags/example_outlet_event_extra.py
[2025-05-07T13:49:25.770+0000] {processor.py:925} INFO - DAG(s) 'dataset_with_extra_from_classic_operator', 'dataset_with_extra_by_yield', 'dataset_with_extra_by_context' retrieved from /home/airflow/.local/lib/python3.12/site-packages/airflow/example_dags/example_outlet_event_extra.py
[2025-05-07T13:49:26.073+0000] {logging_mixin.py:190} INFO - [2025-05-07T13:49:26.073+0000] {dag.py:3239} INFO - Sync 3 DAGs
[2025-05-07T13:49:26.189+0000] {logging_mixin.py:190} INFO - [2025-05-07T13:49:26.188+0000] {dag.py:4180} INFO - Setting next_dagrun for dataset_with_extra_by_context to 2025-05-06 00:00:00+00:00, run_after=2025-05-07 00:00:00+00:00
[2025-05-07T13:49:26.203+0000] {logging_mixin.py:190} INFO - [2025-05-07T13:49:26.202+0000] {dag.py:4180} INFO - Setting next_dagrun for dataset_with_extra_by_yield to 2025-05-06 00:00:00+00:00, run_after=2025-05-07 00:00:00+00:00
[2025-05-07T13:49:26.212+0000] {logging_mixin.py:190} INFO - [2025-05-07T13:49:26.211+0000] {dag.py:4180} INFO - Setting next_dagrun for dataset_with_extra_from_classic_operator to 2025-05-06 00:00:00+00:00, run_after=2025-05-07 00:00:00+00:00
[2025-05-07T13:49:26.301+0000] {processor.py:208} INFO - Processing /home/airflow/.local/lib/python3.12/site-packages/airflow/example_dags/example_outlet_event_extra.py took 2.500 seconds
[2025-05-07T13:50:15.585+0000] {processor.py:186} INFO - Started process (PID=937) to work on /home/airflow/.local/lib/python3.12/site-packages/airflow/example_dags/example_outlet_event_extra.py
[2025-05-07T13:50:15.590+0000] {processor.py:914} INFO - Processing file /home/airflow/.local/lib/python3.12/site-packages/airflow/example_dags/example_outlet_event_extra.py for tasks to queue
[2025-05-07T13:50:15.596+0000] {logging_mixin.py:190} INFO - [2025-05-07T13:50:15.595+0000] {dagbag.py:588} INFO - Filling up the DagBag from /home/airflow/.local/lib/python3.12/site-packages/airflow/example_dags/example_outlet_event_extra.py
[2025-05-07T13:50:16.994+0000] {processor.py:925} INFO - DAG(s) 'dataset_with_extra_by_context', 'dataset_with_extra_from_classic_operator', 'dataset_with_extra_by_yield' retrieved from /home/airflow/.local/lib/python3.12/site-packages/airflow/example_dags/example_outlet_event_extra.py
[2025-05-07T13:50:17.646+0000] {logging_mixin.py:190} INFO - [2025-05-07T13:50:17.645+0000] {dag.py:3239} INFO - Sync 3 DAGs
[2025-05-07T13:50:17.891+0000] {logging_mixin.py:190} INFO - [2025-05-07T13:50:17.891+0000] {dag.py:4180} INFO - Setting next_dagrun for dataset_with_extra_by_context to 2025-05-06 00:00:00+00:00, run_after=2025-05-07 00:00:00+00:00
[2025-05-07T13:50:17.909+0000] {logging_mixin.py:190} INFO - [2025-05-07T13:50:17.909+0000] {dag.py:4180} INFO - Setting next_dagrun for dataset_with_extra_by_yield to 2025-05-06 00:00:00+00:00, run_after=2025-05-07 00:00:00+00:00
[2025-05-07T13:50:17.919+0000] {logging_mixin.py:190} INFO - [2025-05-07T13:50:17.918+0000] {dag.py:4180} INFO - Setting next_dagrun for dataset_with_extra_from_classic_operator to 2025-05-06 00:00:00+00:00, run_after=2025-05-07 00:00:00+00:00
[2025-05-07T13:50:17.972+0000] {processor.py:208} INFO - Processing /home/airflow/.local/lib/python3.12/site-packages/airflow/example_dags/example_outlet_event_extra.py took 2.401 seconds
[2025-05-07T13:51:03.049+0000] {processor.py:186} INFO - Started process (PID=1012) to work on /home/airflow/.local/lib/python3.12/site-packages/airflow/example_dags/example_outlet_event_extra.py
[2025-05-07T13:51:03.088+0000] {processor.py:914} INFO - Processing file /home/airflow/.local/lib/python3.12/site-packages/airflow/example_dags/example_outlet_event_extra.py for tasks to queue
[2025-05-07T13:51:03.093+0000] {logging_mixin.py:190} INFO - [2025-05-07T13:51:03.093+0000] {dagbag.py:588} INFO - Filling up the DagBag from /home/airflow/.local/lib/python3.12/site-packages/airflow/example_dags/example_outlet_event_extra.py
[2025-05-07T13:51:04.275+0000] {processor.py:925} INFO - DAG(s) 'dataset_with_extra_by_yield', 'dataset_with_extra_from_classic_operator', 'dataset_with_extra_by_context' retrieved from /home/airflow/.local/lib/python3.12/site-packages/airflow/example_dags/example_outlet_event_extra.py
[2025-05-07T13:51:04.366+0000] {logging_mixin.py:190} INFO - [2025-05-07T13:51:04.365+0000] {dag.py:3239} INFO - Sync 3 DAGs
[2025-05-07T13:51:04.547+0000] {logging_mixin.py:190} INFO - [2025-05-07T13:51:04.546+0000] {dag.py:4180} INFO - Setting next_dagrun for dataset_with_extra_by_context to 2025-05-06 00:00:00+00:00, run_after=2025-05-07 00:00:00+00:00
[2025-05-07T13:51:04.557+0000] {logging_mixin.py:190} INFO - [2025-05-07T13:51:04.556+0000] {dag.py:4180} INFO - Setting next_dagrun for dataset_with_extra_by_yield to 2025-05-06 00:00:00+00:00, run_after=2025-05-07 00:00:00+00:00
[2025-05-07T13:51:04.562+0000] {logging_mixin.py:190} INFO - [2025-05-07T13:51:04.561+0000] {dag.py:4180} INFO - Setting next_dagrun for dataset_with_extra_from_classic_operator to 2025-05-06 00:00:00+00:00, run_after=2025-05-07 00:00:00+00:00
[2025-05-07T13:51:04.608+0000] {processor.py:208} INFO - Processing /home/airflow/.local/lib/python3.12/site-packages/airflow/example_dags/example_outlet_event_extra.py took 1.575 seconds
[2025-05-07T13:51:36.669+0000] {processor.py:186} INFO - Started process (PID=1077) to work on /home/airflow/.local/lib/python3.12/site-packages/airflow/example_dags/example_outlet_event_extra.py
[2025-05-07T13:51:36.672+0000] {processor.py:914} INFO - Processing file /home/airflow/.local/lib/python3.12/site-packages/airflow/example_dags/example_outlet_event_extra.py for tasks to queue
[2025-05-07T13:51:36.680+0000] {logging_mixin.py:190} INFO - [2025-05-07T13:51:36.679+0000] {dagbag.py:588} INFO - Filling up the DagBag from /home/airflow/.local/lib/python3.12/site-packages/airflow/example_dags/example_outlet_event_extra.py
[2025-05-07T13:51:38.006+0000] {processor.py:925} INFO - DAG(s) 'dataset_with_extra_by_yield', 'dataset_with_extra_from_classic_operator', 'dataset_with_extra_by_context' retrieved from /home/airflow/.local/lib/python3.12/site-packages/airflow/example_dags/example_outlet_event_extra.py
[2025-05-07T13:51:38.505+0000] {logging_mixin.py:190} INFO - [2025-05-07T13:51:38.504+0000] {dag.py:3239} INFO - Sync 3 DAGs
[2025-05-07T13:51:38.566+0000] {logging_mixin.py:190} INFO - [2025-05-07T13:51:38.566+0000] {dag.py:4180} INFO - Setting next_dagrun for dataset_with_extra_by_context to 2025-05-06 00:00:00+00:00, run_after=2025-05-07 00:00:00+00:00
[2025-05-07T13:51:38.576+0000] {logging_mixin.py:190} INFO - [2025-05-07T13:51:38.576+0000] {dag.py:4180} INFO - Setting next_dagrun for dataset_with_extra_by_yield to 2025-05-06 00:00:00+00:00, run_after=2025-05-07 00:00:00+00:00
[2025-05-07T13:51:38.581+0000] {logging_mixin.py:190} INFO - [2025-05-07T13:51:38.581+0000] {dag.py:4180} INFO - Setting next_dagrun for dataset_with_extra_from_classic_operator to 2025-05-06 00:00:00+00:00, run_after=2025-05-07 00:00:00+00:00
[2025-05-07T13:51:38.630+0000] {processor.py:208} INFO - Processing /home/airflow/.local/lib/python3.12/site-packages/airflow/example_dags/example_outlet_event_extra.py took 1.984 seconds
[2025-05-07T13:52:25.425+0000] {processor.py:186} INFO - Started process (PID=1153) to work on /home/airflow/.local/lib/python3.12/site-packages/airflow/example_dags/example_outlet_event_extra.py
[2025-05-07T13:52:25.429+0000] {processor.py:914} INFO - Processing file /home/airflow/.local/lib/python3.12/site-packages/airflow/example_dags/example_outlet_event_extra.py for tasks to queue
[2025-05-07T13:52:25.437+0000] {logging_mixin.py:190} INFO - [2025-05-07T13:52:25.436+0000] {dagbag.py:588} INFO - Filling up the DagBag from /home/airflow/.local/lib/python3.12/site-packages/airflow/example_dags/example_outlet_event_extra.py
[2025-05-07T13:52:26.460+0000] {processor.py:925} INFO - DAG(s) 'dataset_with_extra_by_context', 'dataset_with_extra_by_yield', 'dataset_with_extra_from_classic_operator' retrieved from /home/airflow/.local/lib/python3.12/site-packages/airflow/example_dags/example_outlet_event_extra.py
[2025-05-07T13:52:26.918+0000] {logging_mixin.py:190} INFO - [2025-05-07T13:52:26.918+0000] {dag.py:3239} INFO - Sync 3 DAGs
[2025-05-07T13:52:27.056+0000] {logging_mixin.py:190} INFO - [2025-05-07T13:52:27.055+0000] {dag.py:4180} INFO - Setting next_dagrun for dataset_with_extra_by_context to 2025-05-06 00:00:00+00:00, run_after=2025-05-07 00:00:00+00:00
[2025-05-07T13:52:27.069+0000] {logging_mixin.py:190} INFO - [2025-05-07T13:52:27.068+0000] {dag.py:4180} INFO - Setting next_dagrun for dataset_with_extra_by_yield to 2025-05-06 00:00:00+00:00, run_after=2025-05-07 00:00:00+00:00
[2025-05-07T13:52:27.074+0000] {logging_mixin.py:190} INFO - [2025-05-07T13:52:27.074+0000] {dag.py:4180} INFO - Setting next_dagrun for dataset_with_extra_from_classic_operator to 2025-05-06 00:00:00+00:00, run_after=2025-05-07 00:00:00+00:00
[2025-05-07T13:52:27.134+0000] {processor.py:208} INFO - Processing /home/airflow/.local/lib/python3.12/site-packages/airflow/example_dags/example_outlet_event_extra.py took 1.735 seconds
[2025-05-07T13:53:05.857+0000] {processor.py:186} INFO - Started process (PID=1221) to work on /home/airflow/.local/lib/python3.12/site-packages/airflow/example_dags/example_outlet_event_extra.py
[2025-05-07T13:53:05.884+0000] {processor.py:914} INFO - Processing file /home/airflow/.local/lib/python3.12/site-packages/airflow/example_dags/example_outlet_event_extra.py for tasks to queue
[2025-05-07T13:53:05.889+0000] {logging_mixin.py:190} INFO - [2025-05-07T13:53:05.889+0000] {dagbag.py:588} INFO - Filling up the DagBag from /home/airflow/.local/lib/python3.12/site-packages/airflow/example_dags/example_outlet_event_extra.py
[2025-05-07T13:53:07.324+0000] {processor.py:925} INFO - DAG(s) 'dataset_with_extra_by_context', 'dataset_with_extra_by_yield', 'dataset_with_extra_from_classic_operator' retrieved from /home/airflow/.local/lib/python3.12/site-packages/airflow/example_dags/example_outlet_event_extra.py
[2025-05-07T13:53:07.392+0000] {logging_mixin.py:190} INFO - [2025-05-07T13:53:07.392+0000] {dag.py:3239} INFO - Sync 3 DAGs
[2025-05-07T13:53:07.524+0000] {logging_mixin.py:190} INFO - [2025-05-07T13:53:07.523+0000] {dag.py:4180} INFO - Setting next_dagrun for dataset_with_extra_by_context to 2025-05-06 00:00:00+00:00, run_after=2025-05-07 00:00:00+00:00
[2025-05-07T13:53:07.535+0000] {logging_mixin.py:190} INFO - [2025-05-07T13:53:07.535+0000] {dag.py:4180} INFO - Setting next_dagrun for dataset_with_extra_by_yield to 2025-05-06 00:00:00+00:00, run_after=2025-05-07 00:00:00+00:00
[2025-05-07T13:53:07.586+0000] {logging_mixin.py:190} INFO - [2025-05-07T13:53:07.585+0000] {dag.py:4180} INFO - Setting next_dagrun for dataset_with_extra_from_classic_operator to 2025-05-06 00:00:00+00:00, run_after=2025-05-07 00:00:00+00:00
[2025-05-07T13:53:07.911+0000] {processor.py:208} INFO - Processing /home/airflow/.local/lib/python3.12/site-packages/airflow/example_dags/example_outlet_event_extra.py took 2.067 seconds
[2025-05-07T13:53:53.460+0000] {processor.py:186} INFO - Started process (PID=1287) to work on /home/airflow/.local/lib/python3.12/site-packages/airflow/example_dags/example_outlet_event_extra.py
[2025-05-07T13:53:53.498+0000] {processor.py:914} INFO - Processing file /home/airflow/.local/lib/python3.12/site-packages/airflow/example_dags/example_outlet_event_extra.py for tasks to queue
[2025-05-07T13:53:53.504+0000] {logging_mixin.py:190} INFO - [2025-05-07T13:53:53.503+0000] {dagbag.py:588} INFO - Filling up the DagBag from /home/airflow/.local/lib/python3.12/site-packages/airflow/example_dags/example_outlet_event_extra.py
[2025-05-07T13:53:54.740+0000] {processor.py:925} INFO - DAG(s) 'dataset_with_extra_by_context', 'dataset_with_extra_by_yield', 'dataset_with_extra_from_classic_operator' retrieved from /home/airflow/.local/lib/python3.12/site-packages/airflow/example_dags/example_outlet_event_extra.py
[2025-05-07T13:53:55.347+0000] {logging_mixin.py:190} INFO - [2025-05-07T13:53:55.347+0000] {dag.py:3239} INFO - Sync 3 DAGs
[2025-05-07T13:53:55.496+0000] {logging_mixin.py:190} INFO - [2025-05-07T13:53:55.495+0000] {dag.py:4180} INFO - Setting next_dagrun for dataset_with_extra_by_context to 2025-05-06 00:00:00+00:00, run_after=2025-05-07 00:00:00+00:00
[2025-05-07T13:53:55.510+0000] {logging_mixin.py:190} INFO - [2025-05-07T13:53:55.510+0000] {dag.py:4180} INFO - Setting next_dagrun for dataset_with_extra_by_yield to 2025-05-06 00:00:00+00:00, run_after=2025-05-07 00:00:00+00:00
[2025-05-07T13:53:55.522+0000] {logging_mixin.py:190} INFO - [2025-05-07T13:53:55.521+0000] {dag.py:4180} INFO - Setting next_dagrun for dataset_with_extra_from_classic_operator to 2025-05-06 00:00:00+00:00, run_after=2025-05-07 00:00:00+00:00
[2025-05-07T13:53:55.762+0000] {processor.py:208} INFO - Processing /home/airflow/.local/lib/python3.12/site-packages/airflow/example_dags/example_outlet_event_extra.py took 2.319 seconds
[2025-05-07T13:54:46.033+0000] {processor.py:186} INFO - Started process (PID=1356) to work on /home/airflow/.local/lib/python3.12/site-packages/airflow/example_dags/example_outlet_event_extra.py
[2025-05-07T13:54:46.037+0000] {processor.py:914} INFO - Processing file /home/airflow/.local/lib/python3.12/site-packages/airflow/example_dags/example_outlet_event_extra.py for tasks to queue
[2025-05-07T13:54:46.045+0000] {logging_mixin.py:190} INFO - [2025-05-07T13:54:46.044+0000] {dagbag.py:588} INFO - Filling up the DagBag from /home/airflow/.local/lib/python3.12/site-packages/airflow/example_dags/example_outlet_event_extra.py
[2025-05-07T13:54:48.507+0000] {processor.py:925} INFO - DAG(s) 'dataset_with_extra_by_context', 'dataset_with_extra_by_yield', 'dataset_with_extra_from_classic_operator' retrieved from /home/airflow/.local/lib/python3.12/site-packages/airflow/example_dags/example_outlet_event_extra.py
[2025-05-07T13:54:49.552+0000] {logging_mixin.py:190} INFO - [2025-05-07T13:54:49.551+0000] {dag.py:3239} INFO - Sync 3 DAGs
[2025-05-07T13:54:49.821+0000] {logging_mixin.py:190} INFO - [2025-05-07T13:54:49.820+0000] {dag.py:4180} INFO - Setting next_dagrun for dataset_with_extra_by_context to 2025-05-06 00:00:00+00:00, run_after=2025-05-07 00:00:00+00:00
[2025-05-07T13:54:49.850+0000] {logging_mixin.py:190} INFO - [2025-05-07T13:54:49.845+0000] {dag.py:4180} INFO - Setting next_dagrun for dataset_with_extra_by_yield to 2025-05-06 00:00:00+00:00, run_after=2025-05-07 00:00:00+00:00
[2025-05-07T13:54:49.859+0000] {logging_mixin.py:190} INFO - [2025-05-07T13:54:49.859+0000] {dag.py:4180} INFO - Setting next_dagrun for dataset_with_extra_from_classic_operator to 2025-05-06 00:00:00+00:00, run_after=2025-05-07 00:00:00+00:00
[2025-05-07T13:54:49.918+0000] {processor.py:208} INFO - Processing /home/airflow/.local/lib/python3.12/site-packages/airflow/example_dags/example_outlet_event_extra.py took 3.929 seconds
[2025-05-07T13:55:20.704+0000] {processor.py:186} INFO - Started process (PID=1421) to work on /home/airflow/.local/lib/python3.12/site-packages/airflow/example_dags/example_outlet_event_extra.py
[2025-05-07T13:55:20.708+0000] {processor.py:914} INFO - Processing file /home/airflow/.local/lib/python3.12/site-packages/airflow/example_dags/example_outlet_event_extra.py for tasks to queue
[2025-05-07T13:55:20.809+0000] {logging_mixin.py:190} INFO - [2025-05-07T13:55:20.808+0000] {dagbag.py:588} INFO - Filling up the DagBag from /home/airflow/.local/lib/python3.12/site-packages/airflow/example_dags/example_outlet_event_extra.py
[2025-05-07T13:55:21.707+0000] {processor.py:925} INFO - DAG(s) 'dataset_with_extra_by_context', 'dataset_with_extra_by_yield', 'dataset_with_extra_from_classic_operator' retrieved from /home/airflow/.local/lib/python3.12/site-packages/airflow/example_dags/example_outlet_event_extra.py
[2025-05-07T13:55:21.762+0000] {logging_mixin.py:190} INFO - [2025-05-07T13:55:21.761+0000] {dag.py:3239} INFO - Sync 3 DAGs
[2025-05-07T13:55:21.816+0000] {logging_mixin.py:190} INFO - [2025-05-07T13:55:21.816+0000] {dag.py:4180} INFO - Setting next_dagrun for dataset_with_extra_by_context to 2025-05-06 00:00:00+00:00, run_after=2025-05-07 00:00:00+00:00
[2025-05-07T13:55:21.866+0000] {logging_mixin.py:190} INFO - [2025-05-07T13:55:21.865+0000] {dag.py:4180} INFO - Setting next_dagrun for dataset_with_extra_by_yield to 2025-05-06 00:00:00+00:00, run_after=2025-05-07 00:00:00+00:00
[2025-05-07T13:55:21.873+0000] {logging_mixin.py:190} INFO - [2025-05-07T13:55:21.872+0000] {dag.py:4180} INFO - Setting next_dagrun for dataset_with_extra_from_classic_operator to 2025-05-06 00:00:00+00:00, run_after=2025-05-07 00:00:00+00:00
[2025-05-07T13:55:21.922+0000] {processor.py:208} INFO - Processing /home/airflow/.local/lib/python3.12/site-packages/airflow/example_dags/example_outlet_event_extra.py took 1.232 seconds
