[2025-05-07T13:39:05.461+0000] {processor.py:186} INFO - Started process (PID=88) to work on /home/airflow/.local/lib/python3.12/site-packages/airflow/example_dags/example_external_task_marker_dag.py
[2025-05-07T13:39:05.463+0000] {processor.py:914} INFO - Processing file /home/airflow/.local/lib/python3.12/site-packages/airflow/example_dags/example_external_task_marker_dag.py for tasks to queue
[2025-05-07T13:39:05.513+0000] {logging_mixin.py:190} INFO - [2025-05-07T13:39:05.512+0000] {dagbag.py:588} INFO - Filling up the DagBag from /home/airflow/.local/lib/python3.12/site-packages/airflow/example_dags/example_external_task_marker_dag.py
[2025-05-07T13:39:05.530+0000] {processor.py:925} INFO - DAG(s) 'example_external_task_marker_parent', 'example_external_task_marker_child' retrieved from /home/airflow/.local/lib/python3.12/site-packages/airflow/example_dags/example_external_task_marker_dag.py
[2025-05-07T13:39:05.967+0000] {logging_mixin.py:190} INFO - [2025-05-07T13:39:05.966+0000] {dag.py:3239} INFO - Sync 2 DAGs
[2025-05-07T13:39:06.053+0000] {logging_mixin.py:190} INFO - [2025-05-07T13:39:06.052+0000] {dag.py:4180} INFO - Setting next_dagrun for example_external_task_marker_child to None, run_after=None
[2025-05-07T13:39:06.436+0000] {logging_mixin.py:190} INFO - [2025-05-07T13:39:06.436+0000] {dag.py:4180} INFO - Setting next_dagrun for example_external_task_marker_parent to None, run_after=None
[2025-05-07T13:39:06.871+0000] {processor.py:208} INFO - Processing /home/airflow/.local/lib/python3.12/site-packages/airflow/example_dags/example_external_task_marker_dag.py took 1.492 seconds
[2025-05-07T13:40:11.957+0000] {processor.py:186} INFO - Started process (PID=161) to work on /home/airflow/.local/lib/python3.12/site-packages/airflow/example_dags/example_external_task_marker_dag.py
[2025-05-07T13:40:11.961+0000] {processor.py:914} INFO - Processing file /home/airflow/.local/lib/python3.12/site-packages/airflow/example_dags/example_external_task_marker_dag.py for tasks to queue
[2025-05-07T13:40:11.968+0000] {logging_mixin.py:190} INFO - [2025-05-07T13:40:11.967+0000] {dagbag.py:588} INFO - Filling up the DagBag from /home/airflow/.local/lib/python3.12/site-packages/airflow/example_dags/example_external_task_marker_dag.py
[2025-05-07T13:40:11.997+0000] {processor.py:925} INFO - DAG(s) 'example_external_task_marker_child', 'example_external_task_marker_parent' retrieved from /home/airflow/.local/lib/python3.12/site-packages/airflow/example_dags/example_external_task_marker_dag.py
[2025-05-07T13:40:12.056+0000] {logging_mixin.py:190} INFO - [2025-05-07T13:40:12.056+0000] {dag.py:3239} INFO - Sync 2 DAGs
[2025-05-07T13:40:12.095+0000] {logging_mixin.py:190} INFO - [2025-05-07T13:40:12.095+0000] {dag.py:4180} INFO - Setting next_dagrun for example_external_task_marker_child to None, run_after=None
[2025-05-07T13:40:12.102+0000] {logging_mixin.py:190} INFO - [2025-05-07T13:40:12.102+0000] {dag.py:4180} INFO - Setting next_dagrun for example_external_task_marker_parent to None, run_after=None
[2025-05-07T13:40:12.169+0000] {processor.py:208} INFO - Processing /home/airflow/.local/lib/python3.12/site-packages/airflow/example_dags/example_external_task_marker_dag.py took 0.228 seconds
[2025-05-07T13:40:52.179+0000] {processor.py:186} INFO - Started process (PID=228) to work on /home/airflow/.local/lib/python3.12/site-packages/airflow/example_dags/example_external_task_marker_dag.py
[2025-05-07T13:40:52.183+0000] {processor.py:914} INFO - Processing file /home/airflow/.local/lib/python3.12/site-packages/airflow/example_dags/example_external_task_marker_dag.py for tasks to queue
[2025-05-07T13:40:52.190+0000] {logging_mixin.py:190} INFO - [2025-05-07T13:40:52.188+0000] {dagbag.py:588} INFO - Filling up the DagBag from /home/airflow/.local/lib/python3.12/site-packages/airflow/example_dags/example_external_task_marker_dag.py
[2025-05-07T13:40:52.210+0000] {processor.py:925} INFO - DAG(s) 'example_external_task_marker_parent', 'example_external_task_marker_child' retrieved from /home/airflow/.local/lib/python3.12/site-packages/airflow/example_dags/example_external_task_marker_dag.py
[2025-05-07T13:40:52.273+0000] {logging_mixin.py:190} INFO - [2025-05-07T13:40:52.273+0000] {dag.py:3239} INFO - Sync 2 DAGs
[2025-05-07T13:40:52.310+0000] {logging_mixin.py:190} INFO - [2025-05-07T13:40:52.310+0000] {dag.py:4180} INFO - Setting next_dagrun for example_external_task_marker_child to None, run_after=None
[2025-05-07T13:40:52.320+0000] {logging_mixin.py:190} INFO - [2025-05-07T13:40:52.319+0000] {dag.py:4180} INFO - Setting next_dagrun for example_external_task_marker_parent to None, run_after=None
[2025-05-07T13:40:52.365+0000] {processor.py:208} INFO - Processing /home/airflow/.local/lib/python3.12/site-packages/airflow/example_dags/example_external_task_marker_dag.py took 0.200 seconds
[2025-05-07T13:41:25.154+0000] {processor.py:186} INFO - Started process (PID=291) to work on /home/airflow/.local/lib/python3.12/site-packages/airflow/example_dags/example_external_task_marker_dag.py
[2025-05-07T13:41:25.157+0000] {processor.py:914} INFO - Processing file /home/airflow/.local/lib/python3.12/site-packages/airflow/example_dags/example_external_task_marker_dag.py for tasks to queue
[2025-05-07T13:41:25.163+0000] {logging_mixin.py:190} INFO - [2025-05-07T13:41:25.162+0000] {dagbag.py:588} INFO - Filling up the DagBag from /home/airflow/.local/lib/python3.12/site-packages/airflow/example_dags/example_external_task_marker_dag.py
[2025-05-07T13:41:25.183+0000] {processor.py:925} INFO - DAG(s) 'example_external_task_marker_parent', 'example_external_task_marker_child' retrieved from /home/airflow/.local/lib/python3.12/site-packages/airflow/example_dags/example_external_task_marker_dag.py
[2025-05-07T13:41:25.268+0000] {logging_mixin.py:190} INFO - [2025-05-07T13:41:25.267+0000] {dag.py:3239} INFO - Sync 2 DAGs
[2025-05-07T13:41:25.325+0000] {logging_mixin.py:190} INFO - [2025-05-07T13:41:25.324+0000] {dag.py:4180} INFO - Setting next_dagrun for example_external_task_marker_child to None, run_after=None
[2025-05-07T13:41:25.346+0000] {logging_mixin.py:190} INFO - [2025-05-07T13:41:25.346+0000] {dag.py:4180} INFO - Setting next_dagrun for example_external_task_marker_parent to None, run_after=None
[2025-05-07T13:41:25.560+0000] {processor.py:208} INFO - Processing /home/airflow/.local/lib/python3.12/site-packages/airflow/example_dags/example_external_task_marker_dag.py took 0.420 seconds
[2025-05-07T13:42:27.423+0000] {processor.py:186} INFO - Started process (PID=356) to work on /home/airflow/.local/lib/python3.12/site-packages/airflow/example_dags/example_external_task_marker_dag.py
[2025-05-07T13:42:27.426+0000] {processor.py:914} INFO - Processing file /home/airflow/.local/lib/python3.12/site-packages/airflow/example_dags/example_external_task_marker_dag.py for tasks to queue
[2025-05-07T13:42:27.431+0000] {logging_mixin.py:190} INFO - [2025-05-07T13:42:27.430+0000] {dagbag.py:588} INFO - Filling up the DagBag from /home/airflow/.local/lib/python3.12/site-packages/airflow/example_dags/example_external_task_marker_dag.py
[2025-05-07T13:42:27.448+0000] {processor.py:925} INFO - DAG(s) 'example_external_task_marker_parent', 'example_external_task_marker_child' retrieved from /home/airflow/.local/lib/python3.12/site-packages/airflow/example_dags/example_external_task_marker_dag.py
[2025-05-07T13:42:27.723+0000] {logging_mixin.py:190} INFO - [2025-05-07T13:42:27.722+0000] {dag.py:3239} INFO - Sync 2 DAGs
[2025-05-07T13:42:27.780+0000] {logging_mixin.py:190} INFO - [2025-05-07T13:42:27.780+0000] {dag.py:4180} INFO - Setting next_dagrun for example_external_task_marker_child to None, run_after=None
[2025-05-07T13:42:27.790+0000] {logging_mixin.py:190} INFO - [2025-05-07T13:42:27.790+0000] {dag.py:4180} INFO - Setting next_dagrun for example_external_task_marker_parent to None, run_after=None
[2025-05-07T13:42:27.840+0000] {processor.py:208} INFO - Processing /home/airflow/.local/lib/python3.12/site-packages/airflow/example_dags/example_external_task_marker_dag.py took 0.431 seconds
[2025-05-07T13:43:21.462+0000] {processor.py:186} INFO - Started process (PID=427) to work on /home/airflow/.local/lib/python3.12/site-packages/airflow/example_dags/example_external_task_marker_dag.py
[2025-05-07T13:43:21.530+0000] {processor.py:914} INFO - Processing file /home/airflow/.local/lib/python3.12/site-packages/airflow/example_dags/example_external_task_marker_dag.py for tasks to queue
[2025-05-07T13:43:21.564+0000] {logging_mixin.py:190} INFO - [2025-05-07T13:43:21.561+0000] {dagbag.py:588} INFO - Filling up the DagBag from /home/airflow/.local/lib/python3.12/site-packages/airflow/example_dags/example_external_task_marker_dag.py
[2025-05-07T13:43:21.582+0000] {processor.py:925} INFO - DAG(s) 'example_external_task_marker_parent', 'example_external_task_marker_child' retrieved from /home/airflow/.local/lib/python3.12/site-packages/airflow/example_dags/example_external_task_marker_dag.py
[2025-05-07T13:43:22.090+0000] {logging_mixin.py:190} INFO - [2025-05-07T13:43:22.089+0000] {dag.py:3239} INFO - Sync 2 DAGs
[2025-05-07T13:43:22.219+0000] {logging_mixin.py:190} INFO - [2025-05-07T13:43:22.218+0000] {dag.py:4180} INFO - Setting next_dagrun for example_external_task_marker_child to None, run_after=None
[2025-05-07T13:43:22.254+0000] {logging_mixin.py:190} INFO - [2025-05-07T13:43:22.254+0000] {dag.py:4180} INFO - Setting next_dagrun for example_external_task_marker_parent to None, run_after=None
[2025-05-07T13:43:22.451+0000] {processor.py:208} INFO - Processing /home/airflow/.local/lib/python3.12/site-packages/airflow/example_dags/example_external_task_marker_dag.py took 1.031 seconds
[2025-05-07T13:44:51.551+0000] {processor.py:186} INFO - Started process (PID=510) to work on /home/airflow/.local/lib/python3.12/site-packages/airflow/example_dags/example_external_task_marker_dag.py
[2025-05-07T13:44:51.741+0000] {processor.py:914} INFO - Processing file /home/airflow/.local/lib/python3.12/site-packages/airflow/example_dags/example_external_task_marker_dag.py for tasks to queue
[2025-05-07T13:44:51.764+0000] {logging_mixin.py:190} INFO - [2025-05-07T13:44:51.762+0000] {dagbag.py:588} INFO - Filling up the DagBag from /home/airflow/.local/lib/python3.12/site-packages/airflow/example_dags/example_external_task_marker_dag.py
[2025-05-07T13:44:51.781+0000] {processor.py:925} INFO - DAG(s) 'example_external_task_marker_child', 'example_external_task_marker_parent' retrieved from /home/airflow/.local/lib/python3.12/site-packages/airflow/example_dags/example_external_task_marker_dag.py
[2025-05-07T13:44:52.317+0000] {logging_mixin.py:190} INFO - [2025-05-07T13:44:52.317+0000] {dag.py:3239} INFO - Sync 2 DAGs
[2025-05-07T13:44:52.368+0000] {logging_mixin.py:190} INFO - [2025-05-07T13:44:52.367+0000] {dag.py:4180} INFO - Setting next_dagrun for example_external_task_marker_child to None, run_after=None
[2025-05-07T13:44:52.379+0000] {logging_mixin.py:190} INFO - [2025-05-07T13:44:52.378+0000] {dag.py:4180} INFO - Setting next_dagrun for example_external_task_marker_parent to None, run_after=None
[2025-05-07T13:44:52.437+0000] {processor.py:208} INFO - Processing /home/airflow/.local/lib/python3.12/site-packages/airflow/example_dags/example_external_task_marker_dag.py took 0.900 seconds
[2025-05-07T13:45:46.598+0000] {processor.py:186} INFO - Started process (PID=583) to work on /home/airflow/.local/lib/python3.12/site-packages/airflow/example_dags/example_external_task_marker_dag.py
[2025-05-07T13:45:46.602+0000] {processor.py:914} INFO - Processing file /home/airflow/.local/lib/python3.12/site-packages/airflow/example_dags/example_external_task_marker_dag.py for tasks to queue
[2025-05-07T13:45:46.607+0000] {logging_mixin.py:190} INFO - [2025-05-07T13:45:46.607+0000] {dagbag.py:588} INFO - Filling up the DagBag from /home/airflow/.local/lib/python3.12/site-packages/airflow/example_dags/example_external_task_marker_dag.py
[2025-05-07T13:45:46.628+0000] {processor.py:925} INFO - DAG(s) 'example_external_task_marker_child', 'example_external_task_marker_parent' retrieved from /home/airflow/.local/lib/python3.12/site-packages/airflow/example_dags/example_external_task_marker_dag.py
[2025-05-07T13:45:46.990+0000] {logging_mixin.py:190} INFO - [2025-05-07T13:45:46.989+0000] {dag.py:3239} INFO - Sync 2 DAGs
[2025-05-07T13:45:47.080+0000] {logging_mixin.py:190} INFO - [2025-05-07T13:45:47.079+0000] {dag.py:4180} INFO - Setting next_dagrun for example_external_task_marker_child to None, run_after=None
[2025-05-07T13:45:47.116+0000] {logging_mixin.py:190} INFO - [2025-05-07T13:45:47.116+0000] {dag.py:4180} INFO - Setting next_dagrun for example_external_task_marker_parent to None, run_after=None
[2025-05-07T13:45:47.417+0000] {processor.py:208} INFO - Processing /home/airflow/.local/lib/python3.12/site-packages/airflow/example_dags/example_external_task_marker_dag.py took 1.029 seconds
[2025-05-07T13:46:19.002+0000] {processor.py:186} INFO - Started process (PID=647) to work on /home/airflow/.local/lib/python3.12/site-packages/airflow/example_dags/example_external_task_marker_dag.py
[2025-05-07T13:46:19.106+0000] {processor.py:914} INFO - Processing file /home/airflow/.local/lib/python3.12/site-packages/airflow/example_dags/example_external_task_marker_dag.py for tasks to queue
[2025-05-07T13:46:19.114+0000] {logging_mixin.py:190} INFO - [2025-05-07T13:46:19.113+0000] {dagbag.py:588} INFO - Filling up the DagBag from /home/airflow/.local/lib/python3.12/site-packages/airflow/example_dags/example_external_task_marker_dag.py
[2025-05-07T13:46:19.136+0000] {processor.py:925} INFO - DAG(s) 'example_external_task_marker_parent', 'example_external_task_marker_child' retrieved from /home/airflow/.local/lib/python3.12/site-packages/airflow/example_dags/example_external_task_marker_dag.py
[2025-05-07T13:46:19.231+0000] {logging_mixin.py:190} INFO - [2025-05-07T13:46:19.231+0000] {dag.py:3239} INFO - Sync 2 DAGs
[2025-05-07T13:46:19.384+0000] {logging_mixin.py:190} INFO - [2025-05-07T13:46:19.383+0000] {dag.py:4180} INFO - Setting next_dagrun for example_external_task_marker_child to None, run_after=None
[2025-05-07T13:46:19.555+0000] {logging_mixin.py:190} INFO - [2025-05-07T13:46:19.555+0000] {dag.py:4180} INFO - Setting next_dagrun for example_external_task_marker_parent to None, run_after=None
[2025-05-07T13:46:20.110+0000] {processor.py:208} INFO - Processing /home/airflow/.local/lib/python3.12/site-packages/airflow/example_dags/example_external_task_marker_dag.py took 1.126 seconds
[2025-05-07T13:46:59.741+0000] {processor.py:186} INFO - Started process (PID=708) to work on /home/airflow/.local/lib/python3.12/site-packages/airflow/example_dags/example_external_task_marker_dag.py
[2025-05-07T13:46:59.744+0000] {processor.py:914} INFO - Processing file /home/airflow/.local/lib/python3.12/site-packages/airflow/example_dags/example_external_task_marker_dag.py for tasks to queue
[2025-05-07T13:46:59.751+0000] {logging_mixin.py:190} INFO - [2025-05-07T13:46:59.750+0000] {dagbag.py:588} INFO - Filling up the DagBag from /home/airflow/.local/lib/python3.12/site-packages/airflow/example_dags/example_external_task_marker_dag.py
[2025-05-07T13:46:59.772+0000] {processor.py:925} INFO - DAG(s) 'example_external_task_marker_parent', 'example_external_task_marker_child' retrieved from /home/airflow/.local/lib/python3.12/site-packages/airflow/example_dags/example_external_task_marker_dag.py
[2025-05-07T13:46:59.851+0000] {logging_mixin.py:190} INFO - [2025-05-07T13:46:59.850+0000] {dag.py:3239} INFO - Sync 2 DAGs
[2025-05-07T13:46:59.898+0000] {logging_mixin.py:190} INFO - [2025-05-07T13:46:59.898+0000] {dag.py:4180} INFO - Setting next_dagrun for example_external_task_marker_child to None, run_after=None
[2025-05-07T13:46:59.907+0000] {logging_mixin.py:190} INFO - [2025-05-07T13:46:59.906+0000] {dag.py:4180} INFO - Setting next_dagrun for example_external_task_marker_parent to None, run_after=None
[2025-05-07T13:46:59.952+0000] {processor.py:208} INFO - Processing /home/airflow/.local/lib/python3.12/site-packages/airflow/example_dags/example_external_task_marker_dag.py took 0.225 seconds
[2025-05-07T13:47:57.000+0000] {processor.py:186} INFO - Started process (PID=791) to work on /home/airflow/.local/lib/python3.12/site-packages/airflow/example_dags/example_external_task_marker_dag.py
[2025-05-07T13:47:57.004+0000] {processor.py:914} INFO - Processing file /home/airflow/.local/lib/python3.12/site-packages/airflow/example_dags/example_external_task_marker_dag.py for tasks to queue
[2025-05-07T13:47:57.011+0000] {logging_mixin.py:190} INFO - [2025-05-07T13:47:57.011+0000] {dagbag.py:588} INFO - Filling up the DagBag from /home/airflow/.local/lib/python3.12/site-packages/airflow/example_dags/example_external_task_marker_dag.py
[2025-05-07T13:47:57.038+0000] {processor.py:925} INFO - DAG(s) 'example_external_task_marker_parent', 'example_external_task_marker_child' retrieved from /home/airflow/.local/lib/python3.12/site-packages/airflow/example_dags/example_external_task_marker_dag.py
[2025-05-07T13:47:57.749+0000] {logging_mixin.py:190} INFO - [2025-05-07T13:47:57.743+0000] {dag.py:3239} INFO - Sync 2 DAGs
[2025-05-07T13:47:57.889+0000] {logging_mixin.py:190} INFO - [2025-05-07T13:47:57.889+0000] {dag.py:4180} INFO - Setting next_dagrun for example_external_task_marker_child to None, run_after=None
[2025-05-07T13:47:57.961+0000] {logging_mixin.py:190} INFO - [2025-05-07T13:47:57.961+0000] {dag.py:4180} INFO - Setting next_dagrun for example_external_task_marker_parent to None, run_after=None
[2025-05-07T13:47:58.301+0000] {processor.py:208} INFO - Processing /home/airflow/.local/lib/python3.12/site-packages/airflow/example_dags/example_external_task_marker_dag.py took 1.319 seconds
[2025-05-07T13:49:20.989+0000] {processor.py:186} INFO - Started process (PID=876) to work on /home/airflow/.local/lib/python3.12/site-packages/airflow/example_dags/example_external_task_marker_dag.py
[2025-05-07T13:49:20.995+0000] {processor.py:914} INFO - Processing file /home/airflow/.local/lib/python3.12/site-packages/airflow/example_dags/example_external_task_marker_dag.py for tasks to queue
[2025-05-07T13:49:21.002+0000] {logging_mixin.py:190} INFO - [2025-05-07T13:49:21.001+0000] {dagbag.py:588} INFO - Filling up the DagBag from /home/airflow/.local/lib/python3.12/site-packages/airflow/example_dags/example_external_task_marker_dag.py
[2025-05-07T13:49:21.017+0000] {processor.py:925} INFO - DAG(s) 'example_external_task_marker_parent', 'example_external_task_marker_child' retrieved from /home/airflow/.local/lib/python3.12/site-packages/airflow/example_dags/example_external_task_marker_dag.py
[2025-05-07T13:49:21.219+0000] {logging_mixin.py:190} INFO - [2025-05-07T13:49:21.218+0000] {dag.py:3239} INFO - Sync 2 DAGs
[2025-05-07T13:49:21.286+0000] {logging_mixin.py:190} INFO - [2025-05-07T13:49:21.286+0000] {dag.py:4180} INFO - Setting next_dagrun for example_external_task_marker_child to None, run_after=None
[2025-05-07T13:49:21.324+0000] {logging_mixin.py:190} INFO - [2025-05-07T13:49:21.323+0000] {dag.py:4180} INFO - Setting next_dagrun for example_external_task_marker_parent to None, run_after=None
[2025-05-07T13:49:21.792+0000] {processor.py:208} INFO - Processing /home/airflow/.local/lib/python3.12/site-packages/airflow/example_dags/example_external_task_marker_dag.py took 0.866 seconds
[2025-05-07T13:50:14.462+0000] {processor.py:186} INFO - Started process (PID=934) to work on /home/airflow/.local/lib/python3.12/site-packages/airflow/example_dags/example_external_task_marker_dag.py
[2025-05-07T13:50:14.468+0000] {processor.py:914} INFO - Processing file /home/airflow/.local/lib/python3.12/site-packages/airflow/example_dags/example_external_task_marker_dag.py for tasks to queue
[2025-05-07T13:50:14.473+0000] {logging_mixin.py:190} INFO - [2025-05-07T13:50:14.473+0000] {dagbag.py:588} INFO - Filling up the DagBag from /home/airflow/.local/lib/python3.12/site-packages/airflow/example_dags/example_external_task_marker_dag.py
[2025-05-07T13:50:14.490+0000] {processor.py:925} INFO - DAG(s) 'example_external_task_marker_child', 'example_external_task_marker_parent' retrieved from /home/airflow/.local/lib/python3.12/site-packages/airflow/example_dags/example_external_task_marker_dag.py
[2025-05-07T13:50:14.576+0000] {logging_mixin.py:190} INFO - [2025-05-07T13:50:14.575+0000] {dag.py:3239} INFO - Sync 2 DAGs
[2025-05-07T13:50:14.624+0000] {logging_mixin.py:190} INFO - [2025-05-07T13:50:14.623+0000] {dag.py:4180} INFO - Setting next_dagrun for example_external_task_marker_child to None, run_after=None
[2025-05-07T13:50:14.632+0000] {logging_mixin.py:190} INFO - [2025-05-07T13:50:14.631+0000] {dag.py:4180} INFO - Setting next_dagrun for example_external_task_marker_parent to None, run_after=None
[2025-05-07T13:50:14.695+0000] {processor.py:208} INFO - Processing /home/airflow/.local/lib/python3.12/site-packages/airflow/example_dags/example_external_task_marker_dag.py took 0.244 seconds
[2025-05-07T13:51:01.186+0000] {processor.py:186} INFO - Started process (PID=1008) to work on /home/airflow/.local/lib/python3.12/site-packages/airflow/example_dags/example_external_task_marker_dag.py
[2025-05-07T13:51:01.189+0000] {processor.py:914} INFO - Processing file /home/airflow/.local/lib/python3.12/site-packages/airflow/example_dags/example_external_task_marker_dag.py for tasks to queue
[2025-05-07T13:51:01.195+0000] {logging_mixin.py:190} INFO - [2025-05-07T13:51:01.194+0000] {dagbag.py:588} INFO - Filling up the DagBag from /home/airflow/.local/lib/python3.12/site-packages/airflow/example_dags/example_external_task_marker_dag.py
[2025-05-07T13:51:01.213+0000] {processor.py:925} INFO - DAG(s) 'example_external_task_marker_parent', 'example_external_task_marker_child' retrieved from /home/airflow/.local/lib/python3.12/site-packages/airflow/example_dags/example_external_task_marker_dag.py
[2025-05-07T13:51:01.382+0000] {logging_mixin.py:190} INFO - [2025-05-07T13:51:01.381+0000] {dag.py:3239} INFO - Sync 2 DAGs
[2025-05-07T13:51:01.426+0000] {logging_mixin.py:190} INFO - [2025-05-07T13:51:01.425+0000] {dag.py:4180} INFO - Setting next_dagrun for example_external_task_marker_child to None, run_after=None
[2025-05-07T13:51:01.433+0000] {logging_mixin.py:190} INFO - [2025-05-07T13:51:01.433+0000] {dag.py:4180} INFO - Setting next_dagrun for example_external_task_marker_parent to None, run_after=None
[2025-05-07T13:51:01.782+0000] {processor.py:208} INFO - Processing /home/airflow/.local/lib/python3.12/site-packages/airflow/example_dags/example_external_task_marker_dag.py took 0.611 seconds
[2025-05-07T13:51:33.053+0000] {processor.py:186} INFO - Started process (PID=1072) to work on /home/airflow/.local/lib/python3.12/site-packages/airflow/example_dags/example_external_task_marker_dag.py
[2025-05-07T13:51:33.055+0000] {processor.py:914} INFO - Processing file /home/airflow/.local/lib/python3.12/site-packages/airflow/example_dags/example_external_task_marker_dag.py for tasks to queue
[2025-05-07T13:51:33.060+0000] {logging_mixin.py:190} INFO - [2025-05-07T13:51:33.059+0000] {dagbag.py:588} INFO - Filling up the DagBag from /home/airflow/.local/lib/python3.12/site-packages/airflow/example_dags/example_external_task_marker_dag.py
[2025-05-07T13:51:33.077+0000] {processor.py:925} INFO - DAG(s) 'example_external_task_marker_child', 'example_external_task_marker_parent' retrieved from /home/airflow/.local/lib/python3.12/site-packages/airflow/example_dags/example_external_task_marker_dag.py
[2025-05-07T13:51:33.171+0000] {logging_mixin.py:190} INFO - [2025-05-07T13:51:33.170+0000] {dag.py:3239} INFO - Sync 2 DAGs
[2025-05-07T13:51:33.216+0000] {logging_mixin.py:190} INFO - [2025-05-07T13:51:33.216+0000] {dag.py:4180} INFO - Setting next_dagrun for example_external_task_marker_child to None, run_after=None
[2025-05-07T13:51:33.223+0000] {logging_mixin.py:190} INFO - [2025-05-07T13:51:33.223+0000] {dag.py:4180} INFO - Setting next_dagrun for example_external_task_marker_parent to None, run_after=None
[2025-05-07T13:51:33.272+0000] {processor.py:208} INFO - Processing /home/airflow/.local/lib/python3.12/site-packages/airflow/example_dags/example_external_task_marker_dag.py took 0.236 seconds
[2025-05-07T13:52:23.747+0000] {processor.py:186} INFO - Started process (PID=1144) to work on /home/airflow/.local/lib/python3.12/site-packages/airflow/example_dags/example_external_task_marker_dag.py
[2025-05-07T13:52:23.762+0000] {processor.py:914} INFO - Processing file /home/airflow/.local/lib/python3.12/site-packages/airflow/example_dags/example_external_task_marker_dag.py for tasks to queue
[2025-05-07T13:52:23.778+0000] {logging_mixin.py:190} INFO - [2025-05-07T13:52:23.777+0000] {dagbag.py:588} INFO - Filling up the DagBag from /home/airflow/.local/lib/python3.12/site-packages/airflow/example_dags/example_external_task_marker_dag.py
[2025-05-07T13:52:23.796+0000] {processor.py:925} INFO - DAG(s) 'example_external_task_marker_child', 'example_external_task_marker_parent' retrieved from /home/airflow/.local/lib/python3.12/site-packages/airflow/example_dags/example_external_task_marker_dag.py
[2025-05-07T13:52:24.169+0000] {logging_mixin.py:190} INFO - [2025-05-07T13:52:24.168+0000] {dag.py:3239} INFO - Sync 2 DAGs
[2025-05-07T13:52:24.247+0000] {logging_mixin.py:190} INFO - [2025-05-07T13:52:24.246+0000] {dag.py:4180} INFO - Setting next_dagrun for example_external_task_marker_child to None, run_after=None
[2025-05-07T13:52:24.259+0000] {logging_mixin.py:190} INFO - [2025-05-07T13:52:24.259+0000] {dag.py:4180} INFO - Setting next_dagrun for example_external_task_marker_parent to None, run_after=None
[2025-05-07T13:52:24.343+0000] {processor.py:208} INFO - Processing /home/airflow/.local/lib/python3.12/site-packages/airflow/example_dags/example_external_task_marker_dag.py took 0.615 seconds
[2025-05-07T13:53:05.127+0000] {processor.py:186} INFO - Started process (PID=1218) to work on /home/airflow/.local/lib/python3.12/site-packages/airflow/example_dags/example_external_task_marker_dag.py
[2025-05-07T13:53:05.131+0000] {processor.py:914} INFO - Processing file /home/airflow/.local/lib/python3.12/site-packages/airflow/example_dags/example_external_task_marker_dag.py for tasks to queue
[2025-05-07T13:53:05.138+0000] {logging_mixin.py:190} INFO - [2025-05-07T13:53:05.137+0000] {dagbag.py:588} INFO - Filling up the DagBag from /home/airflow/.local/lib/python3.12/site-packages/airflow/example_dags/example_external_task_marker_dag.py
[2025-05-07T13:53:05.160+0000] {processor.py:925} INFO - DAG(s) 'example_external_task_marker_parent', 'example_external_task_marker_child' retrieved from /home/airflow/.local/lib/python3.12/site-packages/airflow/example_dags/example_external_task_marker_dag.py
[2025-05-07T13:53:05.292+0000] {logging_mixin.py:190} INFO - [2025-05-07T13:53:05.291+0000] {dag.py:3239} INFO - Sync 2 DAGs
[2025-05-07T13:53:05.340+0000] {logging_mixin.py:190} INFO - [2025-05-07T13:53:05.340+0000] {dag.py:4180} INFO - Setting next_dagrun for example_external_task_marker_child to None, run_after=None
[2025-05-07T13:53:05.352+0000] {logging_mixin.py:190} INFO - [2025-05-07T13:53:05.352+0000] {dag.py:4180} INFO - Setting next_dagrun for example_external_task_marker_parent to None, run_after=None
[2025-05-07T13:53:05.391+0000] {processor.py:208} INFO - Processing /home/airflow/.local/lib/python3.12/site-packages/airflow/example_dags/example_external_task_marker_dag.py took 0.278 seconds
[2025-05-07T13:53:50.107+0000] {processor.py:186} INFO - Started process (PID=1283) to work on /home/airflow/.local/lib/python3.12/site-packages/airflow/example_dags/example_external_task_marker_dag.py
[2025-05-07T13:53:50.110+0000] {processor.py:914} INFO - Processing file /home/airflow/.local/lib/python3.12/site-packages/airflow/example_dags/example_external_task_marker_dag.py for tasks to queue
[2025-05-07T13:53:50.116+0000] {logging_mixin.py:190} INFO - [2025-05-07T13:53:50.115+0000] {dagbag.py:588} INFO - Filling up the DagBag from /home/airflow/.local/lib/python3.12/site-packages/airflow/example_dags/example_external_task_marker_dag.py
[2025-05-07T13:53:50.133+0000] {processor.py:925} INFO - DAG(s) 'example_external_task_marker_parent', 'example_external_task_marker_child' retrieved from /home/airflow/.local/lib/python3.12/site-packages/airflow/example_dags/example_external_task_marker_dag.py
[2025-05-07T13:53:50.438+0000] {logging_mixin.py:190} INFO - [2025-05-07T13:53:50.438+0000] {dag.py:3239} INFO - Sync 2 DAGs
[2025-05-07T13:53:50.475+0000] {logging_mixin.py:190} INFO - [2025-05-07T13:53:50.474+0000] {dag.py:4180} INFO - Setting next_dagrun for example_external_task_marker_child to None, run_after=None
[2025-05-07T13:53:50.484+0000] {logging_mixin.py:190} INFO - [2025-05-07T13:53:50.484+0000] {dag.py:4180} INFO - Setting next_dagrun for example_external_task_marker_parent to None, run_after=None
[2025-05-07T13:53:50.656+0000] {processor.py:208} INFO - Processing /home/airflow/.local/lib/python3.12/site-packages/airflow/example_dags/example_external_task_marker_dag.py took 0.568 seconds
[2025-05-07T13:54:43.897+0000] {processor.py:186} INFO - Started process (PID=1353) to work on /home/airflow/.local/lib/python3.12/site-packages/airflow/example_dags/example_external_task_marker_dag.py
[2025-05-07T13:54:43.937+0000] {processor.py:914} INFO - Processing file /home/airflow/.local/lib/python3.12/site-packages/airflow/example_dags/example_external_task_marker_dag.py for tasks to queue
[2025-05-07T13:54:43.946+0000] {logging_mixin.py:190} INFO - [2025-05-07T13:54:43.945+0000] {dagbag.py:588} INFO - Filling up the DagBag from /home/airflow/.local/lib/python3.12/site-packages/airflow/example_dags/example_external_task_marker_dag.py
[2025-05-07T13:54:43.970+0000] {processor.py:925} INFO - DAG(s) 'example_external_task_marker_child', 'example_external_task_marker_parent' retrieved from /home/airflow/.local/lib/python3.12/site-packages/airflow/example_dags/example_external_task_marker_dag.py
[2025-05-07T13:54:44.137+0000] {logging_mixin.py:190} INFO - [2025-05-07T13:54:44.136+0000] {dag.py:3239} INFO - Sync 2 DAGs
[2025-05-07T13:54:44.201+0000] {logging_mixin.py:190} INFO - [2025-05-07T13:54:44.199+0000] {dag.py:4180} INFO - Setting next_dagrun for example_external_task_marker_child to None, run_after=None
[2025-05-07T13:54:44.224+0000] {logging_mixin.py:190} INFO - [2025-05-07T13:54:44.223+0000] {dag.py:4180} INFO - Setting next_dagrun for example_external_task_marker_parent to None, run_after=None
[2025-05-07T13:54:44.310+0000] {processor.py:208} INFO - Processing /home/airflow/.local/lib/python3.12/site-packages/airflow/example_dags/example_external_task_marker_dag.py took 0.435 seconds
[2025-05-07T13:55:18.250+0000] {processor.py:186} INFO - Started process (PID=1418) to work on /home/airflow/.local/lib/python3.12/site-packages/airflow/example_dags/example_external_task_marker_dag.py
[2025-05-07T13:55:18.252+0000] {processor.py:914} INFO - Processing file /home/airflow/.local/lib/python3.12/site-packages/airflow/example_dags/example_external_task_marker_dag.py for tasks to queue
[2025-05-07T13:55:18.257+0000] {logging_mixin.py:190} INFO - [2025-05-07T13:55:18.257+0000] {dagbag.py:588} INFO - Filling up the DagBag from /home/airflow/.local/lib/python3.12/site-packages/airflow/example_dags/example_external_task_marker_dag.py
[2025-05-07T13:55:18.274+0000] {processor.py:925} INFO - DAG(s) 'example_external_task_marker_child', 'example_external_task_marker_parent' retrieved from /home/airflow/.local/lib/python3.12/site-packages/airflow/example_dags/example_external_task_marker_dag.py
[2025-05-07T13:55:18.336+0000] {logging_mixin.py:190} INFO - [2025-05-07T13:55:18.335+0000] {dag.py:3239} INFO - Sync 2 DAGs
[2025-05-07T13:55:18.388+0000] {logging_mixin.py:190} INFO - [2025-05-07T13:55:18.387+0000] {dag.py:4180} INFO - Setting next_dagrun for example_external_task_marker_child to None, run_after=None
[2025-05-07T13:55:18.397+0000] {logging_mixin.py:190} INFO - [2025-05-07T13:55:18.396+0000] {dag.py:4180} INFO - Setting next_dagrun for example_external_task_marker_parent to None, run_after=None
[2025-05-07T13:55:18.443+0000] {processor.py:208} INFO - Processing /home/airflow/.local/lib/python3.12/site-packages/airflow/example_dags/example_external_task_marker_dag.py took 0.207 seconds
