[2025-05-07T13:39:24.345+0000] {processor.py:186} INFO - Started process (PID=107) to work on /home/airflow/.local/lib/python3.12/site-packages/airflow/example_dags/example_bash_decorator.py
[2025-05-07T13:39:24.347+0000] {processor.py:914} INFO - Processing file /home/airflow/.local/lib/python3.12/site-packages/airflow/example_dags/example_bash_decorator.py for tasks to queue
[2025-05-07T13:39:24.355+0000] {logging_mixin.py:190} INFO - [2025-05-07T13:39:24.354+0000] {dagbag.py:588} INFO - Filling up the DagBag from /home/airflow/.local/lib/python3.12/site-packages/airflow/example_dags/example_bash_decorator.py
[2025-05-07T13:39:24.401+0000] {processor.py:925} INFO - DAG(s) 'example_bash_decorator' retrieved from /home/airflow/.local/lib/python3.12/site-packages/airflow/example_dags/example_bash_decorator.py
[2025-05-07T13:39:25.147+0000] {logging_mixin.py:190} INFO - [2025-05-07T13:39:25.144+0000] {dag.py:3239} INFO - Sync 1 DAGs
[2025-05-07T13:39:25.241+0000] {logging_mixin.py:190} INFO - [2025-05-07T13:39:25.241+0000] {dag.py:4180} INFO - Setting next_dagrun for example_bash_decorator to None, run_after=None
[2025-05-07T13:39:25.385+0000] {processor.py:208} INFO - Processing /home/airflow/.local/lib/python3.12/site-packages/airflow/example_dags/example_bash_decorator.py took 1.059 seconds
[2025-05-07T13:40:20.767+0000] {processor.py:186} INFO - Started process (PID=180) to work on /home/airflow/.local/lib/python3.12/site-packages/airflow/example_dags/example_bash_decorator.py
[2025-05-07T13:40:20.770+0000] {processor.py:914} INFO - Processing file /home/airflow/.local/lib/python3.12/site-packages/airflow/example_dags/example_bash_decorator.py for tasks to queue
[2025-05-07T13:40:20.776+0000] {logging_mixin.py:190} INFO - [2025-05-07T13:40:20.775+0000] {dagbag.py:588} INFO - Filling up the DagBag from /home/airflow/.local/lib/python3.12/site-packages/airflow/example_dags/example_bash_decorator.py
[2025-05-07T13:40:20.807+0000] {processor.py:925} INFO - DAG(s) 'example_bash_decorator' retrieved from /home/airflow/.local/lib/python3.12/site-packages/airflow/example_dags/example_bash_decorator.py
[2025-05-07T13:40:21.145+0000] {logging_mixin.py:190} INFO - [2025-05-07T13:40:21.144+0000] {dag.py:3239} INFO - Sync 1 DAGs
[2025-05-07T13:40:21.398+0000] {logging_mixin.py:190} INFO - [2025-05-07T13:40:21.397+0000] {dag.py:4180} INFO - Setting next_dagrun for example_bash_decorator to None, run_after=None
[2025-05-07T13:40:21.902+0000] {processor.py:208} INFO - Processing /home/airflow/.local/lib/python3.12/site-packages/airflow/example_dags/example_bash_decorator.py took 1.147 seconds
[2025-05-07T13:41:06.594+0000] {processor.py:186} INFO - Started process (PID=248) to work on /home/airflow/.local/lib/python3.12/site-packages/airflow/example_dags/example_bash_decorator.py
[2025-05-07T13:41:06.597+0000] {processor.py:914} INFO - Processing file /home/airflow/.local/lib/python3.12/site-packages/airflow/example_dags/example_bash_decorator.py for tasks to queue
[2025-05-07T13:41:06.623+0000] {logging_mixin.py:190} INFO - [2025-05-07T13:41:06.622+0000] {dagbag.py:588} INFO - Filling up the DagBag from /home/airflow/.local/lib/python3.12/site-packages/airflow/example_dags/example_bash_decorator.py
[2025-05-07T13:41:06.657+0000] {processor.py:925} INFO - DAG(s) 'example_bash_decorator' retrieved from /home/airflow/.local/lib/python3.12/site-packages/airflow/example_dags/example_bash_decorator.py
[2025-05-07T13:41:06.740+0000] {logging_mixin.py:190} INFO - [2025-05-07T13:41:06.739+0000] {dag.py:3239} INFO - Sync 1 DAGs
[2025-05-07T13:41:06.800+0000] {logging_mixin.py:190} INFO - [2025-05-07T13:41:06.800+0000] {dag.py:4180} INFO - Setting next_dagrun for example_bash_decorator to None, run_after=None
[2025-05-07T13:41:06.872+0000] {processor.py:208} INFO - Processing /home/airflow/.local/lib/python3.12/site-packages/airflow/example_dags/example_bash_decorator.py took 0.292 seconds
[2025-05-07T13:42:05.590+0000] {processor.py:186} INFO - Started process (PID=325) to work on /home/airflow/.local/lib/python3.12/site-packages/airflow/example_dags/example_bash_decorator.py
[2025-05-07T13:42:05.593+0000] {processor.py:914} INFO - Processing file /home/airflow/.local/lib/python3.12/site-packages/airflow/example_dags/example_bash_decorator.py for tasks to queue
[2025-05-07T13:42:05.617+0000] {logging_mixin.py:190} INFO - [2025-05-07T13:42:05.616+0000] {dagbag.py:588} INFO - Filling up the DagBag from /home/airflow/.local/lib/python3.12/site-packages/airflow/example_dags/example_bash_decorator.py
[2025-05-07T13:42:05.754+0000] {processor.py:925} INFO - DAG(s) 'example_bash_decorator' retrieved from /home/airflow/.local/lib/python3.12/site-packages/airflow/example_dags/example_bash_decorator.py
[2025-05-07T13:42:06.646+0000] {logging_mixin.py:190} INFO - [2025-05-07T13:42:06.646+0000] {dag.py:3239} INFO - Sync 1 DAGs
[2025-05-07T13:42:06.736+0000] {logging_mixin.py:190} INFO - [2025-05-07T13:42:06.735+0000] {dag.py:4180} INFO - Setting next_dagrun for example_bash_decorator to None, run_after=None
[2025-05-07T13:42:06.809+0000] {processor.py:208} INFO - Processing /home/airflow/.local/lib/python3.12/site-packages/airflow/example_dags/example_bash_decorator.py took 1.237 seconds
[2025-05-07T13:42:59.646+0000] {processor.py:186} INFO - Started process (PID=398) to work on /home/airflow/.local/lib/python3.12/site-packages/airflow/example_dags/example_bash_decorator.py
[2025-05-07T13:42:59.653+0000] {processor.py:914} INFO - Processing file /home/airflow/.local/lib/python3.12/site-packages/airflow/example_dags/example_bash_decorator.py for tasks to queue
[2025-05-07T13:42:59.659+0000] {logging_mixin.py:190} INFO - [2025-05-07T13:42:59.658+0000] {dagbag.py:588} INFO - Filling up the DagBag from /home/airflow/.local/lib/python3.12/site-packages/airflow/example_dags/example_bash_decorator.py
[2025-05-07T13:42:59.701+0000] {processor.py:925} INFO - DAG(s) 'example_bash_decorator' retrieved from /home/airflow/.local/lib/python3.12/site-packages/airflow/example_dags/example_bash_decorator.py
[2025-05-07T13:42:59.764+0000] {logging_mixin.py:190} INFO - [2025-05-07T13:42:59.764+0000] {dag.py:3239} INFO - Sync 1 DAGs
[2025-05-07T13:42:59.815+0000] {logging_mixin.py:190} INFO - [2025-05-07T13:42:59.815+0000] {dag.py:4180} INFO - Setting next_dagrun for example_bash_decorator to None, run_after=None
[2025-05-07T13:43:00.314+0000] {processor.py:208} INFO - Processing /home/airflow/.local/lib/python3.12/site-packages/airflow/example_dags/example_bash_decorator.py took 0.683 seconds
[2025-05-07T13:44:35.337+0000] {processor.py:186} INFO - Started process (PID=494) to work on /home/airflow/.local/lib/python3.12/site-packages/airflow/example_dags/example_bash_decorator.py
[2025-05-07T13:44:35.405+0000] {processor.py:914} INFO - Processing file /home/airflow/.local/lib/python3.12/site-packages/airflow/example_dags/example_bash_decorator.py for tasks to queue
[2025-05-07T13:44:35.414+0000] {logging_mixin.py:190} INFO - [2025-05-07T13:44:35.413+0000] {dagbag.py:588} INFO - Filling up the DagBag from /home/airflow/.local/lib/python3.12/site-packages/airflow/example_dags/example_bash_decorator.py
[2025-05-07T13:44:35.505+0000] {processor.py:925} INFO - DAG(s) 'example_bash_decorator' retrieved from /home/airflow/.local/lib/python3.12/site-packages/airflow/example_dags/example_bash_decorator.py
[2025-05-07T13:44:35.717+0000] {logging_mixin.py:190} INFO - [2025-05-07T13:44:35.716+0000] {dag.py:3239} INFO - Sync 1 DAGs
[2025-05-07T13:44:35.772+0000] {logging_mixin.py:190} INFO - [2025-05-07T13:44:35.771+0000] {dag.py:4180} INFO - Setting next_dagrun for example_bash_decorator to None, run_after=None
[2025-05-07T13:44:36.182+0000] {processor.py:208} INFO - Processing /home/airflow/.local/lib/python3.12/site-packages/airflow/example_dags/example_bash_decorator.py took 0.862 seconds
[2025-05-07T13:45:32.454+0000] {processor.py:186} INFO - Started process (PID=570) to work on /home/airflow/.local/lib/python3.12/site-packages/airflow/example_dags/example_bash_decorator.py
[2025-05-07T13:45:32.466+0000] {processor.py:914} INFO - Processing file /home/airflow/.local/lib/python3.12/site-packages/airflow/example_dags/example_bash_decorator.py for tasks to queue
[2025-05-07T13:45:32.482+0000] {logging_mixin.py:190} INFO - [2025-05-07T13:45:32.481+0000] {dagbag.py:588} INFO - Filling up the DagBag from /home/airflow/.local/lib/python3.12/site-packages/airflow/example_dags/example_bash_decorator.py
[2025-05-07T13:45:32.531+0000] {processor.py:925} INFO - DAG(s) 'example_bash_decorator' retrieved from /home/airflow/.local/lib/python3.12/site-packages/airflow/example_dags/example_bash_decorator.py
[2025-05-07T13:45:32.749+0000] {logging_mixin.py:190} INFO - [2025-05-07T13:45:32.749+0000] {dag.py:3239} INFO - Sync 1 DAGs
[2025-05-07T13:45:32.814+0000] {logging_mixin.py:190} INFO - [2025-05-07T13:45:32.813+0000] {dag.py:4180} INFO - Setting next_dagrun for example_bash_decorator to None, run_after=None
[2025-05-07T13:45:32.896+0000] {processor.py:208} INFO - Processing /home/airflow/.local/lib/python3.12/site-packages/airflow/example_dags/example_bash_decorator.py took 0.456 seconds
[2025-05-07T13:46:08.928+0000] {processor.py:186} INFO - Started process (PID=634) to work on /home/airflow/.local/lib/python3.12/site-packages/airflow/example_dags/example_bash_decorator.py
[2025-05-07T13:46:08.967+0000] {processor.py:914} INFO - Processing file /home/airflow/.local/lib/python3.12/site-packages/airflow/example_dags/example_bash_decorator.py for tasks to queue
[2025-05-07T13:46:08.997+0000] {logging_mixin.py:190} INFO - [2025-05-07T13:46:08.996+0000] {dagbag.py:588} INFO - Filling up the DagBag from /home/airflow/.local/lib/python3.12/site-packages/airflow/example_dags/example_bash_decorator.py
[2025-05-07T13:46:09.304+0000] {processor.py:925} INFO - DAG(s) 'example_bash_decorator' retrieved from /home/airflow/.local/lib/python3.12/site-packages/airflow/example_dags/example_bash_decorator.py
[2025-05-07T13:46:09.625+0000] {logging_mixin.py:190} INFO - [2025-05-07T13:46:09.624+0000] {dag.py:3239} INFO - Sync 1 DAGs
[2025-05-07T13:46:09.671+0000] {logging_mixin.py:190} INFO - [2025-05-07T13:46:09.670+0000] {dag.py:4180} INFO - Setting next_dagrun for example_bash_decorator to None, run_after=None
[2025-05-07T13:46:09.743+0000] {processor.py:208} INFO - Processing /home/airflow/.local/lib/python3.12/site-packages/airflow/example_dags/example_bash_decorator.py took 0.829 seconds
[2025-05-07T13:47:02.665+0000] {processor.py:186} INFO - Started process (PID=715) to work on /home/airflow/.local/lib/python3.12/site-packages/airflow/example_dags/example_bash_decorator.py
[2025-05-07T13:47:02.708+0000] {processor.py:914} INFO - Processing file /home/airflow/.local/lib/python3.12/site-packages/airflow/example_dags/example_bash_decorator.py for tasks to queue
[2025-05-07T13:47:02.715+0000] {logging_mixin.py:190} INFO - [2025-05-07T13:47:02.714+0000] {dagbag.py:588} INFO - Filling up the DagBag from /home/airflow/.local/lib/python3.12/site-packages/airflow/example_dags/example_bash_decorator.py
[2025-05-07T13:47:02.822+0000] {processor.py:925} INFO - DAG(s) 'example_bash_decorator' retrieved from /home/airflow/.local/lib/python3.12/site-packages/airflow/example_dags/example_bash_decorator.py
[2025-05-07T13:47:02.925+0000] {logging_mixin.py:190} INFO - [2025-05-07T13:47:02.925+0000] {dag.py:3239} INFO - Sync 1 DAGs
[2025-05-07T13:47:02.965+0000] {logging_mixin.py:190} INFO - [2025-05-07T13:47:02.965+0000] {dag.py:4180} INFO - Setting next_dagrun for example_bash_decorator to None, run_after=None
[2025-05-07T13:47:03.022+0000] {processor.py:208} INFO - Processing /home/airflow/.local/lib/python3.12/site-packages/airflow/example_dags/example_bash_decorator.py took 0.371 seconds
[2025-05-07T13:48:15.400+0000] {processor.py:186} INFO - Started process (PID=809) to work on /home/airflow/.local/lib/python3.12/site-packages/airflow/example_dags/example_bash_decorator.py
[2025-05-07T13:48:15.439+0000] {processor.py:914} INFO - Processing file /home/airflow/.local/lib/python3.12/site-packages/airflow/example_dags/example_bash_decorator.py for tasks to queue
[2025-05-07T13:48:15.444+0000] {logging_mixin.py:190} INFO - [2025-05-07T13:48:15.444+0000] {dagbag.py:588} INFO - Filling up the DagBag from /home/airflow/.local/lib/python3.12/site-packages/airflow/example_dags/example_bash_decorator.py
[2025-05-07T13:48:15.590+0000] {processor.py:925} INFO - DAG(s) 'example_bash_decorator' retrieved from /home/airflow/.local/lib/python3.12/site-packages/airflow/example_dags/example_bash_decorator.py
[2025-05-07T13:48:16.281+0000] {logging_mixin.py:190} INFO - [2025-05-07T13:48:16.281+0000] {dag.py:3239} INFO - Sync 1 DAGs
[2025-05-07T13:48:16.523+0000] {logging_mixin.py:190} INFO - [2025-05-07T13:48:16.523+0000] {dag.py:4180} INFO - Setting next_dagrun for example_bash_decorator to None, run_after=None
[2025-05-07T13:48:17.647+0000] {processor.py:208} INFO - Processing /home/airflow/.local/lib/python3.12/site-packages/airflow/example_dags/example_bash_decorator.py took 2.260 seconds
[2025-05-07T13:49:32.848+0000] {processor.py:186} INFO - Started process (PID=888) to work on /home/airflow/.local/lib/python3.12/site-packages/airflow/example_dags/example_bash_decorator.py
[2025-05-07T13:49:32.851+0000] {processor.py:914} INFO - Processing file /home/airflow/.local/lib/python3.12/site-packages/airflow/example_dags/example_bash_decorator.py for tasks to queue
[2025-05-07T13:49:32.864+0000] {logging_mixin.py:190} INFO - [2025-05-07T13:49:32.863+0000] {dagbag.py:588} INFO - Filling up the DagBag from /home/airflow/.local/lib/python3.12/site-packages/airflow/example_dags/example_bash_decorator.py
[2025-05-07T13:49:33.013+0000] {processor.py:925} INFO - DAG(s) 'example_bash_decorator' retrieved from /home/airflow/.local/lib/python3.12/site-packages/airflow/example_dags/example_bash_decorator.py
[2025-05-07T13:49:33.833+0000] {logging_mixin.py:190} INFO - [2025-05-07T13:49:33.833+0000] {dag.py:3239} INFO - Sync 1 DAGs
[2025-05-07T13:49:34.029+0000] {logging_mixin.py:190} INFO - [2025-05-07T13:49:34.028+0000] {dag.py:4180} INFO - Setting next_dagrun for example_bash_decorator to None, run_after=None
[2025-05-07T13:49:34.383+0000] {processor.py:208} INFO - Processing /home/airflow/.local/lib/python3.12/site-packages/airflow/example_dags/example_bash_decorator.py took 1.549 seconds
[2025-05-07T13:50:22.656+0000] {processor.py:186} INFO - Started process (PID=952) to work on /home/airflow/.local/lib/python3.12/site-packages/airflow/example_dags/example_bash_decorator.py
[2025-05-07T13:50:22.660+0000] {processor.py:914} INFO - Processing file /home/airflow/.local/lib/python3.12/site-packages/airflow/example_dags/example_bash_decorator.py for tasks to queue
[2025-05-07T13:50:22.667+0000] {logging_mixin.py:190} INFO - [2025-05-07T13:50:22.667+0000] {dagbag.py:588} INFO - Filling up the DagBag from /home/airflow/.local/lib/python3.12/site-packages/airflow/example_dags/example_bash_decorator.py
[2025-05-07T13:50:22.708+0000] {processor.py:925} INFO - DAG(s) 'example_bash_decorator' retrieved from /home/airflow/.local/lib/python3.12/site-packages/airflow/example_dags/example_bash_decorator.py
[2025-05-07T13:50:22.811+0000] {logging_mixin.py:190} INFO - [2025-05-07T13:50:22.810+0000] {dag.py:3239} INFO - Sync 1 DAGs
[2025-05-07T13:50:22.858+0000] {logging_mixin.py:190} INFO - [2025-05-07T13:50:22.857+0000] {dag.py:4180} INFO - Setting next_dagrun for example_bash_decorator to None, run_after=None
[2025-05-07T13:50:23.010+0000] {processor.py:208} INFO - Processing /home/airflow/.local/lib/python3.12/site-packages/airflow/example_dags/example_bash_decorator.py took 0.373 seconds
[2025-05-07T13:51:08.676+0000] {processor.py:186} INFO - Started process (PID=1021) to work on /home/airflow/.local/lib/python3.12/site-packages/airflow/example_dags/example_bash_decorator.py
[2025-05-07T13:51:08.885+0000] {processor.py:914} INFO - Processing file /home/airflow/.local/lib/python3.12/site-packages/airflow/example_dags/example_bash_decorator.py for tasks to queue
[2025-05-07T13:51:09.120+0000] {logging_mixin.py:190} INFO - [2025-05-07T13:51:08.897+0000] {dagbag.py:588} INFO - Filling up the DagBag from /home/airflow/.local/lib/python3.12/site-packages/airflow/example_dags/example_bash_decorator.py
[2025-05-07T13:51:09.191+0000] {processor.py:925} INFO - DAG(s) 'example_bash_decorator' retrieved from /home/airflow/.local/lib/python3.12/site-packages/airflow/example_dags/example_bash_decorator.py
[2025-05-07T13:51:09.424+0000] {logging_mixin.py:190} INFO - [2025-05-07T13:51:09.423+0000] {dag.py:3239} INFO - Sync 1 DAGs
[2025-05-07T13:51:09.472+0000] {logging_mixin.py:190} INFO - [2025-05-07T13:51:09.471+0000] {dag.py:4180} INFO - Setting next_dagrun for example_bash_decorator to None, run_after=None
[2025-05-07T13:51:09.692+0000] {processor.py:208} INFO - Processing /home/airflow/.local/lib/python3.12/site-packages/airflow/example_dags/example_bash_decorator.py took 1.031 seconds
[2025-05-07T13:51:49.364+0000] {processor.py:186} INFO - Started process (PID=1092) to work on /home/airflow/.local/lib/python3.12/site-packages/airflow/example_dags/example_bash_decorator.py
[2025-05-07T13:51:49.367+0000] {processor.py:914} INFO - Processing file /home/airflow/.local/lib/python3.12/site-packages/airflow/example_dags/example_bash_decorator.py for tasks to queue
[2025-05-07T13:51:49.373+0000] {logging_mixin.py:190} INFO - [2025-05-07T13:51:49.373+0000] {dagbag.py:588} INFO - Filling up the DagBag from /home/airflow/.local/lib/python3.12/site-packages/airflow/example_dags/example_bash_decorator.py
[2025-05-07T13:51:49.424+0000] {processor.py:925} INFO - DAG(s) 'example_bash_decorator' retrieved from /home/airflow/.local/lib/python3.12/site-packages/airflow/example_dags/example_bash_decorator.py
[2025-05-07T13:51:49.495+0000] {logging_mixin.py:190} INFO - [2025-05-07T13:51:49.495+0000] {dag.py:3239} INFO - Sync 1 DAGs
[2025-05-07T13:51:49.531+0000] {logging_mixin.py:190} INFO - [2025-05-07T13:51:49.531+0000] {dag.py:4180} INFO - Setting next_dagrun for example_bash_decorator to None, run_after=None
[2025-05-07T13:51:49.584+0000] {processor.py:208} INFO - Processing /home/airflow/.local/lib/python3.12/site-packages/airflow/example_dags/example_bash_decorator.py took 0.237 seconds
[2025-05-07T13:52:29.291+0000] {processor.py:186} INFO - Started process (PID=1162) to work on /home/airflow/.local/lib/python3.12/site-packages/airflow/example_dags/example_bash_decorator.py
[2025-05-07T13:52:29.297+0000] {processor.py:914} INFO - Processing file /home/airflow/.local/lib/python3.12/site-packages/airflow/example_dags/example_bash_decorator.py for tasks to queue
[2025-05-07T13:52:29.305+0000] {logging_mixin.py:190} INFO - [2025-05-07T13:52:29.304+0000] {dagbag.py:588} INFO - Filling up the DagBag from /home/airflow/.local/lib/python3.12/site-packages/airflow/example_dags/example_bash_decorator.py
[2025-05-07T13:52:29.348+0000] {processor.py:925} INFO - DAG(s) 'example_bash_decorator' retrieved from /home/airflow/.local/lib/python3.12/site-packages/airflow/example_dags/example_bash_decorator.py
[2025-05-07T13:52:29.565+0000] {logging_mixin.py:190} INFO - [2025-05-07T13:52:29.561+0000] {dag.py:3239} INFO - Sync 1 DAGs
[2025-05-07T13:52:29.620+0000] {logging_mixin.py:190} INFO - [2025-05-07T13:52:29.620+0000] {dag.py:4180} INFO - Setting next_dagrun for example_bash_decorator to None, run_after=None
[2025-05-07T13:52:30.435+0000] {processor.py:208} INFO - Processing /home/airflow/.local/lib/python3.12/site-packages/airflow/example_dags/example_bash_decorator.py took 1.158 seconds
[2025-05-07T13:53:10.725+0000] {processor.py:186} INFO - Started process (PID=1230) to work on /home/airflow/.local/lib/python3.12/site-packages/airflow/example_dags/example_bash_decorator.py
[2025-05-07T13:53:10.767+0000] {processor.py:914} INFO - Processing file /home/airflow/.local/lib/python3.12/site-packages/airflow/example_dags/example_bash_decorator.py for tasks to queue
[2025-05-07T13:53:10.775+0000] {logging_mixin.py:190} INFO - [2025-05-07T13:53:10.774+0000] {dagbag.py:588} INFO - Filling up the DagBag from /home/airflow/.local/lib/python3.12/site-packages/airflow/example_dags/example_bash_decorator.py
[2025-05-07T13:53:10.849+0000] {processor.py:925} INFO - DAG(s) 'example_bash_decorator' retrieved from /home/airflow/.local/lib/python3.12/site-packages/airflow/example_dags/example_bash_decorator.py
[2025-05-07T13:53:10.909+0000] {logging_mixin.py:190} INFO - [2025-05-07T13:53:10.909+0000] {dag.py:3239} INFO - Sync 1 DAGs
[2025-05-07T13:53:10.977+0000] {logging_mixin.py:190} INFO - [2025-05-07T13:53:10.977+0000] {dag.py:4180} INFO - Setting next_dagrun for example_bash_decorator to None, run_after=None
[2025-05-07T13:53:11.110+0000] {processor.py:208} INFO - Processing /home/airflow/.local/lib/python3.12/site-packages/airflow/example_dags/example_bash_decorator.py took 0.403 seconds
[2025-05-07T13:54:04.905+0000] {processor.py:186} INFO - Started process (PID=1303) to work on /home/airflow/.local/lib/python3.12/site-packages/airflow/example_dags/example_bash_decorator.py
[2025-05-07T13:54:04.931+0000] {processor.py:914} INFO - Processing file /home/airflow/.local/lib/python3.12/site-packages/airflow/example_dags/example_bash_decorator.py for tasks to queue
[2025-05-07T13:54:04.936+0000] {logging_mixin.py:190} INFO - [2025-05-07T13:54:04.935+0000] {dagbag.py:588} INFO - Filling up the DagBag from /home/airflow/.local/lib/python3.12/site-packages/airflow/example_dags/example_bash_decorator.py
[2025-05-07T13:54:05.165+0000] {processor.py:925} INFO - DAG(s) 'example_bash_decorator' retrieved from /home/airflow/.local/lib/python3.12/site-packages/airflow/example_dags/example_bash_decorator.py
[2025-05-07T13:54:05.298+0000] {logging_mixin.py:190} INFO - [2025-05-07T13:54:05.297+0000] {dag.py:3239} INFO - Sync 1 DAGs
[2025-05-07T13:54:05.336+0000] {logging_mixin.py:190} INFO - [2025-05-07T13:54:05.335+0000] {dag.py:4180} INFO - Setting next_dagrun for example_bash_decorator to None, run_after=None
[2025-05-07T13:54:05.685+0000] {processor.py:208} INFO - Processing /home/airflow/.local/lib/python3.12/site-packages/airflow/example_dags/example_bash_decorator.py took 0.795 seconds
[2025-05-07T13:54:56.238+0000] {processor.py:186} INFO - Started process (PID=1369) to work on /home/airflow/.local/lib/python3.12/site-packages/airflow/example_dags/example_bash_decorator.py
[2025-05-07T13:54:56.244+0000] {processor.py:914} INFO - Processing file /home/airflow/.local/lib/python3.12/site-packages/airflow/example_dags/example_bash_decorator.py for tasks to queue
[2025-05-07T13:54:56.250+0000] {logging_mixin.py:190} INFO - [2025-05-07T13:54:56.250+0000] {dagbag.py:588} INFO - Filling up the DagBag from /home/airflow/.local/lib/python3.12/site-packages/airflow/example_dags/example_bash_decorator.py
[2025-05-07T13:54:56.313+0000] {processor.py:925} INFO - DAG(s) 'example_bash_decorator' retrieved from /home/airflow/.local/lib/python3.12/site-packages/airflow/example_dags/example_bash_decorator.py
[2025-05-07T13:54:56.796+0000] {logging_mixin.py:190} INFO - [2025-05-07T13:54:56.796+0000] {dag.py:3239} INFO - Sync 1 DAGs
[2025-05-07T13:54:56.894+0000] {logging_mixin.py:190} INFO - [2025-05-07T13:54:56.894+0000] {dag.py:4180} INFO - Setting next_dagrun for example_bash_decorator to None, run_after=None
[2025-05-07T13:54:57.047+0000] {processor.py:208} INFO - Processing /home/airflow/.local/lib/python3.12/site-packages/airflow/example_dags/example_bash_decorator.py took 0.823 seconds
[2025-05-07T13:55:27.186+0000] {processor.py:186} INFO - Started process (PID=1432) to work on /home/airflow/.local/lib/python3.12/site-packages/airflow/example_dags/example_bash_decorator.py
[2025-05-07T13:55:27.187+0000] {processor.py:914} INFO - Processing file /home/airflow/.local/lib/python3.12/site-packages/airflow/example_dags/example_bash_decorator.py for tasks to queue
[2025-05-07T13:55:27.192+0000] {logging_mixin.py:190} INFO - [2025-05-07T13:55:27.192+0000] {dagbag.py:588} INFO - Filling up the DagBag from /home/airflow/.local/lib/python3.12/site-packages/airflow/example_dags/example_bash_decorator.py
[2025-05-07T13:55:27.225+0000] {processor.py:925} INFO - DAG(s) 'example_bash_decorator' retrieved from /home/airflow/.local/lib/python3.12/site-packages/airflow/example_dags/example_bash_decorator.py
[2025-05-07T13:55:27.304+0000] {logging_mixin.py:190} INFO - [2025-05-07T13:55:27.304+0000] {dag.py:3239} INFO - Sync 1 DAGs
[2025-05-07T13:55:27.347+0000] {logging_mixin.py:190} INFO - [2025-05-07T13:55:27.347+0000] {dag.py:4180} INFO - Setting next_dagrun for example_bash_decorator to None, run_after=None
[2025-05-07T13:55:27.453+0000] {processor.py:208} INFO - Processing /home/airflow/.local/lib/python3.12/site-packages/airflow/example_dags/example_bash_decorator.py took 0.280 seconds
