[2025-05-07T13:39:11.428+0000] {processor.py:186} INFO - Started process (PID=94) to work on /home/airflow/.local/lib/python3.12/site-packages/airflow/example_dags/example_inlet_event_extra.py
[2025-05-07T13:39:11.430+0000] {processor.py:914} INFO - Processing file /home/airflow/.local/lib/python3.12/site-packages/airflow/example_dags/example_inlet_event_extra.py for tasks to queue
[2025-05-07T13:39:11.438+0000] {logging_mixin.py:190} INFO - [2025-05-07T13:39:11.437+0000] {dagbag.py:588} INFO - Filling up the DagBag from /home/airflow/.local/lib/python3.12/site-packages/airflow/example_dags/example_inlet_event_extra.py
[2025-05-07T13:39:12.412+0000] {processor.py:925} INFO - DAG(s) 'read_dataset_event', 'read_dataset_event_from_classic' retrieved from /home/airflow/.local/lib/python3.12/site-packages/airflow/example_dags/example_inlet_event_extra.py
[2025-05-07T13:39:12.484+0000] {logging_mixin.py:190} INFO - [2025-05-07T13:39:12.484+0000] {dag.py:3239} INFO - Sync 2 DAGs
[2025-05-07T13:39:13.446+0000] {logging_mixin.py:190} INFO - [2025-05-07T13:39:13.445+0000] {dag.py:4180} INFO - Setting next_dagrun for read_dataset_event to 2025-05-06 00:00:00+00:00, run_after=2025-05-07 00:00:00+00:00
[2025-05-07T13:39:13.512+0000] {logging_mixin.py:190} INFO - [2025-05-07T13:39:13.512+0000] {dag.py:4180} INFO - Setting next_dagrun for read_dataset_event_from_classic to 2025-05-06 00:00:00+00:00, run_after=2025-05-07 00:00:00+00:00
[2025-05-07T13:39:14.259+0000] {processor.py:208} INFO - Processing /home/airflow/.local/lib/python3.12/site-packages/airflow/example_dags/example_inlet_event_extra.py took 2.849 seconds
[2025-05-07T13:40:14.452+0000] {processor.py:186} INFO - Started process (PID=167) to work on /home/airflow/.local/lib/python3.12/site-packages/airflow/example_dags/example_inlet_event_extra.py
[2025-05-07T13:40:14.455+0000] {processor.py:914} INFO - Processing file /home/airflow/.local/lib/python3.12/site-packages/airflow/example_dags/example_inlet_event_extra.py for tasks to queue
[2025-05-07T13:40:14.461+0000] {logging_mixin.py:190} INFO - [2025-05-07T13:40:14.460+0000] {dagbag.py:588} INFO - Filling up the DagBag from /home/airflow/.local/lib/python3.12/site-packages/airflow/example_dags/example_inlet_event_extra.py
[2025-05-07T13:40:14.892+0000] {processor.py:925} INFO - DAG(s) 'read_dataset_event', 'read_dataset_event_from_classic' retrieved from /home/airflow/.local/lib/python3.12/site-packages/airflow/example_dags/example_inlet_event_extra.py
[2025-05-07T13:40:14.947+0000] {logging_mixin.py:190} INFO - [2025-05-07T13:40:14.946+0000] {dag.py:3239} INFO - Sync 2 DAGs
[2025-05-07T13:40:15.475+0000] {logging_mixin.py:190} INFO - [2025-05-07T13:40:15.474+0000] {dag.py:4180} INFO - Setting next_dagrun for read_dataset_event to 2025-05-06 00:00:00+00:00, run_after=2025-05-07 00:00:00+00:00
[2025-05-07T13:40:15.485+0000] {logging_mixin.py:190} INFO - [2025-05-07T13:40:15.484+0000] {dag.py:4180} INFO - Setting next_dagrun for read_dataset_event_from_classic to 2025-05-06 00:00:00+00:00, run_after=2025-05-07 00:00:00+00:00
[2025-05-07T13:40:15.519+0000] {processor.py:208} INFO - Processing /home/airflow/.local/lib/python3.12/site-packages/airflow/example_dags/example_inlet_event_extra.py took 1.081 seconds
[2025-05-07T13:40:59.412+0000] {processor.py:186} INFO - Started process (PID=234) to work on /home/airflow/.local/lib/python3.12/site-packages/airflow/example_dags/example_inlet_event_extra.py
[2025-05-07T13:40:59.421+0000] {processor.py:914} INFO - Processing file /home/airflow/.local/lib/python3.12/site-packages/airflow/example_dags/example_inlet_event_extra.py for tasks to queue
[2025-05-07T13:40:59.429+0000] {logging_mixin.py:190} INFO - [2025-05-07T13:40:59.427+0000] {dagbag.py:588} INFO - Filling up the DagBag from /home/airflow/.local/lib/python3.12/site-packages/airflow/example_dags/example_inlet_event_extra.py
[2025-05-07T13:41:00.421+0000] {processor.py:925} INFO - DAG(s) 'read_dataset_event_from_classic', 'read_dataset_event' retrieved from /home/airflow/.local/lib/python3.12/site-packages/airflow/example_dags/example_inlet_event_extra.py
[2025-05-07T13:41:00.871+0000] {logging_mixin.py:190} INFO - [2025-05-07T13:41:00.871+0000] {dag.py:3239} INFO - Sync 2 DAGs
[2025-05-07T13:41:01.213+0000] {logging_mixin.py:190} INFO - [2025-05-07T13:41:01.213+0000] {dag.py:4180} INFO - Setting next_dagrun for read_dataset_event to 2025-05-06 00:00:00+00:00, run_after=2025-05-07 00:00:00+00:00
[2025-05-07T13:41:02.519+0000] {logging_mixin.py:190} INFO - [2025-05-07T13:41:02.519+0000] {dag.py:4180} INFO - Setting next_dagrun for read_dataset_event_from_classic to 2025-05-06 00:00:00+00:00, run_after=2025-05-07 00:00:00+00:00
[2025-05-07T13:41:02.616+0000] {processor.py:208} INFO - Processing /home/airflow/.local/lib/python3.12/site-packages/airflow/example_dags/example_inlet_event_extra.py took 3.485 seconds
[2025-05-07T13:41:33.859+0000] {processor.py:186} INFO - Started process (PID=299) to work on /home/airflow/.local/lib/python3.12/site-packages/airflow/example_dags/example_inlet_event_extra.py
[2025-05-07T13:41:33.919+0000] {processor.py:914} INFO - Processing file /home/airflow/.local/lib/python3.12/site-packages/airflow/example_dags/example_inlet_event_extra.py for tasks to queue
[2025-05-07T13:41:33.928+0000] {logging_mixin.py:190} INFO - [2025-05-07T13:41:33.927+0000] {dagbag.py:588} INFO - Filling up the DagBag from /home/airflow/.local/lib/python3.12/site-packages/airflow/example_dags/example_inlet_event_extra.py
[2025-05-07T13:41:37.687+0000] {processor.py:925} INFO - DAG(s) 'read_dataset_event_from_classic', 'read_dataset_event' retrieved from /home/airflow/.local/lib/python3.12/site-packages/airflow/example_dags/example_inlet_event_extra.py
[2025-05-07T13:41:37.750+0000] {logging_mixin.py:190} INFO - [2025-05-07T13:41:37.749+0000] {dag.py:3239} INFO - Sync 2 DAGs
[2025-05-07T13:41:37.814+0000] {logging_mixin.py:190} INFO - [2025-05-07T13:41:37.813+0000] {dag.py:4180} INFO - Setting next_dagrun for read_dataset_event to 2025-05-06 00:00:00+00:00, run_after=2025-05-07 00:00:00+00:00
[2025-05-07T13:41:37.826+0000] {logging_mixin.py:190} INFO - [2025-05-07T13:41:37.826+0000] {dag.py:4180} INFO - Setting next_dagrun for read_dataset_event_from_classic to 2025-05-06 00:00:00+00:00, run_after=2025-05-07 00:00:00+00:00
[2025-05-07T13:41:37.878+0000] {processor.py:208} INFO - Processing /home/airflow/.local/lib/python3.12/site-packages/airflow/example_dags/example_inlet_event_extra.py took 4.037 seconds
[2025-05-07T13:42:31.662+0000] {processor.py:186} INFO - Started process (PID=362) to work on /home/airflow/.local/lib/python3.12/site-packages/airflow/example_dags/example_inlet_event_extra.py
[2025-05-07T13:42:31.703+0000] {processor.py:914} INFO - Processing file /home/airflow/.local/lib/python3.12/site-packages/airflow/example_dags/example_inlet_event_extra.py for tasks to queue
[2025-05-07T13:42:31.977+0000] {logging_mixin.py:190} INFO - [2025-05-07T13:42:31.977+0000] {dagbag.py:588} INFO - Filling up the DagBag from /home/airflow/.local/lib/python3.12/site-packages/airflow/example_dags/example_inlet_event_extra.py
[2025-05-07T13:42:33.702+0000] {processor.py:925} INFO - DAG(s) 'read_dataset_event_from_classic', 'read_dataset_event' retrieved from /home/airflow/.local/lib/python3.12/site-packages/airflow/example_dags/example_inlet_event_extra.py
[2025-05-07T13:42:35.414+0000] {logging_mixin.py:190} INFO - [2025-05-07T13:42:35.413+0000] {dag.py:3239} INFO - Sync 2 DAGs
[2025-05-07T13:42:35.636+0000] {logging_mixin.py:190} INFO - [2025-05-07T13:42:35.636+0000] {dag.py:4180} INFO - Setting next_dagrun for read_dataset_event to 2025-05-06 00:00:00+00:00, run_after=2025-05-07 00:00:00+00:00
[2025-05-07T13:42:35.740+0000] {logging_mixin.py:190} INFO - [2025-05-07T13:42:35.740+0000] {dag.py:4180} INFO - Setting next_dagrun for read_dataset_event_from_classic to 2025-05-06 00:00:00+00:00, run_after=2025-05-07 00:00:00+00:00
[2025-05-07T13:42:35.887+0000] {processor.py:208} INFO - Processing /home/airflow/.local/lib/python3.12/site-packages/airflow/example_dags/example_inlet_event_extra.py took 4.237 seconds
[2025-05-07T13:43:33.768+0000] {processor.py:186} INFO - Started process (PID=441) to work on /home/airflow/.local/lib/python3.12/site-packages/airflow/example_dags/example_inlet_event_extra.py
[2025-05-07T13:43:33.834+0000] {processor.py:914} INFO - Processing file /home/airflow/.local/lib/python3.12/site-packages/airflow/example_dags/example_inlet_event_extra.py for tasks to queue
[2025-05-07T13:43:33.840+0000] {logging_mixin.py:190} INFO - [2025-05-07T13:43:33.840+0000] {dagbag.py:588} INFO - Filling up the DagBag from /home/airflow/.local/lib/python3.12/site-packages/airflow/example_dags/example_inlet_event_extra.py
[2025-05-07T13:43:37.813+0000] {processor.py:925} INFO - DAG(s) 'read_dataset_event_from_classic', 'read_dataset_event' retrieved from /home/airflow/.local/lib/python3.12/site-packages/airflow/example_dags/example_inlet_event_extra.py
[2025-05-07T13:43:38.836+0000] {logging_mixin.py:190} INFO - [2025-05-07T13:43:38.833+0000] {dag.py:3239} INFO - Sync 2 DAGs
[2025-05-07T13:43:39.081+0000] {logging_mixin.py:190} INFO - [2025-05-07T13:43:39.072+0000] {dag.py:4180} INFO - Setting next_dagrun for read_dataset_event to 2025-05-06 00:00:00+00:00, run_after=2025-05-07 00:00:00+00:00
[2025-05-07T13:43:39.247+0000] {logging_mixin.py:190} INFO - [2025-05-07T13:43:39.246+0000] {dag.py:4180} INFO - Setting next_dagrun for read_dataset_event_from_classic to 2025-05-06 00:00:00+00:00, run_after=2025-05-07 00:00:00+00:00
[2025-05-07T13:43:39.511+0000] {processor.py:208} INFO - Processing /home/airflow/.local/lib/python3.12/site-packages/airflow/example_dags/example_inlet_event_extra.py took 5.867 seconds
[2025-05-07T13:45:00.769+0000] {processor.py:186} INFO - Started process (PID=521) to work on /home/airflow/.local/lib/python3.12/site-packages/airflow/example_dags/example_inlet_event_extra.py
[2025-05-07T13:45:00.843+0000] {processor.py:914} INFO - Processing file /home/airflow/.local/lib/python3.12/site-packages/airflow/example_dags/example_inlet_event_extra.py for tasks to queue
[2025-05-07T13:45:00.851+0000] {logging_mixin.py:190} INFO - [2025-05-07T13:45:00.850+0000] {dagbag.py:588} INFO - Filling up the DagBag from /home/airflow/.local/lib/python3.12/site-packages/airflow/example_dags/example_inlet_event_extra.py
[2025-05-07T13:45:04.845+0000] {processor.py:925} INFO - DAG(s) 'read_dataset_event_from_classic', 'read_dataset_event' retrieved from /home/airflow/.local/lib/python3.12/site-packages/airflow/example_dags/example_inlet_event_extra.py
[2025-05-07T13:45:04.948+0000] {logging_mixin.py:190} INFO - [2025-05-07T13:45:04.948+0000] {dag.py:3239} INFO - Sync 2 DAGs
[2025-05-07T13:45:05.067+0000] {logging_mixin.py:190} INFO - [2025-05-07T13:45:05.066+0000] {dag.py:4180} INFO - Setting next_dagrun for read_dataset_event to 2025-05-06 00:00:00+00:00, run_after=2025-05-07 00:00:00+00:00
[2025-05-07T13:45:05.090+0000] {logging_mixin.py:190} INFO - [2025-05-07T13:45:05.089+0000] {dag.py:4180} INFO - Setting next_dagrun for read_dataset_event_from_classic to 2025-05-06 00:00:00+00:00, run_after=2025-05-07 00:00:00+00:00
[2025-05-07T13:45:05.158+0000] {processor.py:208} INFO - Processing /home/airflow/.local/lib/python3.12/site-packages/airflow/example_dags/example_inlet_event_extra.py took 4.587 seconds
[2025-05-07T13:45:58.347+0000] {processor.py:186} INFO - Started process (PID=601) to work on /home/airflow/.local/lib/python3.12/site-packages/airflow/example_dags/example_inlet_event_extra.py
[2025-05-07T13:45:58.351+0000] {processor.py:914} INFO - Processing file /home/airflow/.local/lib/python3.12/site-packages/airflow/example_dags/example_inlet_event_extra.py for tasks to queue
[2025-05-07T13:45:58.358+0000] {logging_mixin.py:190} INFO - [2025-05-07T13:45:58.357+0000] {dagbag.py:588} INFO - Filling up the DagBag from /home/airflow/.local/lib/python3.12/site-packages/airflow/example_dags/example_inlet_event_extra.py
[2025-05-07T13:45:59.471+0000] {processor.py:925} INFO - DAG(s) 'read_dataset_event_from_classic', 'read_dataset_event' retrieved from /home/airflow/.local/lib/python3.12/site-packages/airflow/example_dags/example_inlet_event_extra.py
[2025-05-07T13:46:00.733+0000] {logging_mixin.py:190} INFO - [2025-05-07T13:46:00.732+0000] {dag.py:3239} INFO - Sync 2 DAGs
[2025-05-07T13:46:01.072+0000] {logging_mixin.py:190} INFO - [2025-05-07T13:46:01.071+0000] {dag.py:4180} INFO - Setting next_dagrun for read_dataset_event to 2025-05-06 00:00:00+00:00, run_after=2025-05-07 00:00:00+00:00
[2025-05-07T13:46:01.130+0000] {logging_mixin.py:190} INFO - [2025-05-07T13:46:01.129+0000] {dag.py:4180} INFO - Setting next_dagrun for read_dataset_event_from_classic to 2025-05-06 00:00:00+00:00, run_after=2025-05-07 00:00:00+00:00
[2025-05-07T13:46:01.334+0000] {processor.py:208} INFO - Processing /home/airflow/.local/lib/python3.12/site-packages/airflow/example_dags/example_inlet_event_extra.py took 3.028 seconds
[2025-05-07T13:46:33.449+0000] {processor.py:186} INFO - Started process (PID=675) to work on /home/airflow/.local/lib/python3.12/site-packages/airflow/example_dags/example_inlet_event_extra.py
[2025-05-07T13:46:33.461+0000] {processor.py:914} INFO - Processing file /home/airflow/.local/lib/python3.12/site-packages/airflow/example_dags/example_inlet_event_extra.py for tasks to queue
[2025-05-07T13:46:33.471+0000] {logging_mixin.py:190} INFO - [2025-05-07T13:46:33.470+0000] {dagbag.py:588} INFO - Filling up the DagBag from /home/airflow/.local/lib/python3.12/site-packages/airflow/example_dags/example_inlet_event_extra.py
[2025-05-07T13:46:35.137+0000] {processor.py:925} INFO - DAG(s) 'read_dataset_event', 'read_dataset_event_from_classic' retrieved from /home/airflow/.local/lib/python3.12/site-packages/airflow/example_dags/example_inlet_event_extra.py
[2025-05-07T13:46:36.403+0000] {logging_mixin.py:190} INFO - [2025-05-07T13:46:36.402+0000] {dag.py:3239} INFO - Sync 2 DAGs
[2025-05-07T13:46:36.491+0000] {logging_mixin.py:190} INFO - [2025-05-07T13:46:36.491+0000] {dag.py:4180} INFO - Setting next_dagrun for read_dataset_event to 2025-05-06 00:00:00+00:00, run_after=2025-05-07 00:00:00+00:00
[2025-05-07T13:46:36.504+0000] {logging_mixin.py:190} INFO - [2025-05-07T13:46:36.504+0000] {dag.py:4180} INFO - Setting next_dagrun for read_dataset_event_from_classic to 2025-05-06 00:00:00+00:00, run_after=2025-05-07 00:00:00+00:00
[2025-05-07T13:46:36.635+0000] {processor.py:208} INFO - Processing /home/airflow/.local/lib/python3.12/site-packages/airflow/example_dags/example_inlet_event_extra.py took 3.211 seconds
[2025-05-07T13:47:16.580+0000] {processor.py:186} INFO - Started process (PID=745) to work on /home/airflow/.local/lib/python3.12/site-packages/airflow/example_dags/example_inlet_event_extra.py
[2025-05-07T13:47:16.582+0000] {processor.py:914} INFO - Processing file /home/airflow/.local/lib/python3.12/site-packages/airflow/example_dags/example_inlet_event_extra.py for tasks to queue
[2025-05-07T13:47:16.588+0000] {logging_mixin.py:190} INFO - [2025-05-07T13:47:16.587+0000] {dagbag.py:588} INFO - Filling up the DagBag from /home/airflow/.local/lib/python3.12/site-packages/airflow/example_dags/example_inlet_event_extra.py
[2025-05-07T13:47:17.631+0000] {processor.py:925} INFO - DAG(s) 'read_dataset_event_from_classic', 'read_dataset_event' retrieved from /home/airflow/.local/lib/python3.12/site-packages/airflow/example_dags/example_inlet_event_extra.py
[2025-05-07T13:47:17.765+0000] {logging_mixin.py:190} INFO - [2025-05-07T13:47:17.765+0000] {dag.py:3239} INFO - Sync 2 DAGs
[2025-05-07T13:47:17.819+0000] {logging_mixin.py:190} INFO - [2025-05-07T13:47:17.818+0000] {dag.py:4180} INFO - Setting next_dagrun for read_dataset_event to 2025-05-06 00:00:00+00:00, run_after=2025-05-07 00:00:00+00:00
[2025-05-07T13:47:17.874+0000] {logging_mixin.py:190} INFO - [2025-05-07T13:47:17.874+0000] {dag.py:4180} INFO - Setting next_dagrun for read_dataset_event_from_classic to 2025-05-06 00:00:00+00:00, run_after=2025-05-07 00:00:00+00:00
[2025-05-07T13:47:17.922+0000] {processor.py:208} INFO - Processing /home/airflow/.local/lib/python3.12/site-packages/airflow/example_dags/example_inlet_event_extra.py took 1.355 seconds
[2025-05-07T13:48:52.596+0000] {processor.py:186} INFO - Started process (PID=837) to work on /home/airflow/.local/lib/python3.12/site-packages/airflow/example_dags/example_inlet_event_extra.py
[2025-05-07T13:48:52.601+0000] {processor.py:914} INFO - Processing file /home/airflow/.local/lib/python3.12/site-packages/airflow/example_dags/example_inlet_event_extra.py for tasks to queue
[2025-05-07T13:48:52.607+0000] {logging_mixin.py:190} INFO - [2025-05-07T13:48:52.606+0000] {dagbag.py:588} INFO - Filling up the DagBag from /home/airflow/.local/lib/python3.12/site-packages/airflow/example_dags/example_inlet_event_extra.py
[2025-05-07T13:48:54.250+0000] {processor.py:925} INFO - DAG(s) 'read_dataset_event_from_classic', 'read_dataset_event' retrieved from /home/airflow/.local/lib/python3.12/site-packages/airflow/example_dags/example_inlet_event_extra.py
[2025-05-07T13:48:54.827+0000] {logging_mixin.py:190} INFO - [2025-05-07T13:48:54.825+0000] {dag.py:3239} INFO - Sync 2 DAGs
[2025-05-07T13:48:55.095+0000] {logging_mixin.py:190} INFO - [2025-05-07T13:48:55.095+0000] {dag.py:4180} INFO - Setting next_dagrun for read_dataset_event to 2025-05-06 00:00:00+00:00, run_after=2025-05-07 00:00:00+00:00
[2025-05-07T13:48:55.126+0000] {logging_mixin.py:190} INFO - [2025-05-07T13:48:55.121+0000] {dag.py:4180} INFO - Setting next_dagrun for read_dataset_event_from_classic to 2025-05-06 00:00:00+00:00, run_after=2025-05-07 00:00:00+00:00
[2025-05-07T13:48:55.859+0000] {processor.py:208} INFO - Processing /home/airflow/.local/lib/python3.12/site-packages/airflow/example_dags/example_inlet_event_extra.py took 3.334 seconds
[2025-05-07T13:49:51.542+0000] {processor.py:186} INFO - Started process (PID=909) to work on /home/airflow/.local/lib/python3.12/site-packages/airflow/example_dags/example_inlet_event_extra.py
[2025-05-07T13:49:51.547+0000] {processor.py:914} INFO - Processing file /home/airflow/.local/lib/python3.12/site-packages/airflow/example_dags/example_inlet_event_extra.py for tasks to queue
[2025-05-07T13:49:51.562+0000] {logging_mixin.py:190} INFO - [2025-05-07T13:49:51.561+0000] {dagbag.py:588} INFO - Filling up the DagBag from /home/airflow/.local/lib/python3.12/site-packages/airflow/example_dags/example_inlet_event_extra.py
[2025-05-07T13:49:55.597+0000] {processor.py:925} INFO - DAG(s) 'read_dataset_event_from_classic', 'read_dataset_event' retrieved from /home/airflow/.local/lib/python3.12/site-packages/airflow/example_dags/example_inlet_event_extra.py
[2025-05-07T13:49:58.573+0000] {logging_mixin.py:190} INFO - [2025-05-07T13:49:58.569+0000] {dag.py:3239} INFO - Sync 2 DAGs
[2025-05-07T13:49:59.682+0000] {logging_mixin.py:190} INFO - [2025-05-07T13:49:59.681+0000] {dag.py:4180} INFO - Setting next_dagrun for read_dataset_event to 2025-05-06 00:00:00+00:00, run_after=2025-05-07 00:00:00+00:00
[2025-05-07T13:49:59.752+0000] {logging_mixin.py:190} INFO - [2025-05-07T13:49:59.752+0000] {dag.py:4180} INFO - Setting next_dagrun for read_dataset_event_from_classic to 2025-05-06 00:00:00+00:00, run_after=2025-05-07 00:00:00+00:00
[2025-05-07T13:49:59.903+0000] {processor.py:208} INFO - Processing /home/airflow/.local/lib/python3.12/site-packages/airflow/example_dags/example_inlet_event_extra.py took 8.380 seconds
[2025-05-07T13:50:35.871+0000] {processor.py:186} INFO - Started process (PID=974) to work on /home/airflow/.local/lib/python3.12/site-packages/airflow/example_dags/example_inlet_event_extra.py
[2025-05-07T13:50:35.891+0000] {processor.py:914} INFO - Processing file /home/airflow/.local/lib/python3.12/site-packages/airflow/example_dags/example_inlet_event_extra.py for tasks to queue
[2025-05-07T13:50:35.918+0000] {logging_mixin.py:190} INFO - [2025-05-07T13:50:35.917+0000] {dagbag.py:588} INFO - Filling up the DagBag from /home/airflow/.local/lib/python3.12/site-packages/airflow/example_dags/example_inlet_event_extra.py
[2025-05-07T13:50:37.170+0000] {processor.py:925} INFO - DAG(s) 'read_dataset_event', 'read_dataset_event_from_classic' retrieved from /home/airflow/.local/lib/python3.12/site-packages/airflow/example_dags/example_inlet_event_extra.py
[2025-05-07T13:50:37.226+0000] {logging_mixin.py:190} INFO - [2025-05-07T13:50:37.226+0000] {dag.py:3239} INFO - Sync 2 DAGs
[2025-05-07T13:50:37.308+0000] {logging_mixin.py:190} INFO - [2025-05-07T13:50:37.307+0000] {dag.py:4180} INFO - Setting next_dagrun for read_dataset_event to 2025-05-06 00:00:00+00:00, run_after=2025-05-07 00:00:00+00:00
[2025-05-07T13:50:37.325+0000] {logging_mixin.py:190} INFO - [2025-05-07T13:50:37.324+0000] {dag.py:4180} INFO - Setting next_dagrun for read_dataset_event_from_classic to 2025-05-06 00:00:00+00:00, run_after=2025-05-07 00:00:00+00:00
[2025-05-07T13:50:37.376+0000] {processor.py:208} INFO - Processing /home/airflow/.local/lib/python3.12/site-packages/airflow/example_dags/example_inlet_event_extra.py took 1.520 seconds
[2025-05-07T13:51:17.173+0000] {processor.py:186} INFO - Started process (PID=1045) to work on /home/airflow/.local/lib/python3.12/site-packages/airflow/example_dags/example_inlet_event_extra.py
[2025-05-07T13:51:17.175+0000] {processor.py:914} INFO - Processing file /home/airflow/.local/lib/python3.12/site-packages/airflow/example_dags/example_inlet_event_extra.py for tasks to queue
[2025-05-07T13:51:17.181+0000] {logging_mixin.py:190} INFO - [2025-05-07T13:51:17.180+0000] {dagbag.py:588} INFO - Filling up the DagBag from /home/airflow/.local/lib/python3.12/site-packages/airflow/example_dags/example_inlet_event_extra.py
[2025-05-07T13:51:18.590+0000] {processor.py:925} INFO - DAG(s) 'read_dataset_event_from_classic', 'read_dataset_event' retrieved from /home/airflow/.local/lib/python3.12/site-packages/airflow/example_dags/example_inlet_event_extra.py
[2025-05-07T13:51:18.706+0000] {logging_mixin.py:190} INFO - [2025-05-07T13:51:18.705+0000] {dag.py:3239} INFO - Sync 2 DAGs
[2025-05-07T13:51:18.784+0000] {logging_mixin.py:190} INFO - [2025-05-07T13:51:18.783+0000] {dag.py:4180} INFO - Setting next_dagrun for read_dataset_event to 2025-05-06 00:00:00+00:00, run_after=2025-05-07 00:00:00+00:00
[2025-05-07T13:51:19.016+0000] {logging_mixin.py:190} INFO - [2025-05-07T13:51:19.016+0000] {dag.py:4180} INFO - Setting next_dagrun for read_dataset_event_from_classic to 2025-05-06 00:00:00+00:00, run_after=2025-05-07 00:00:00+00:00
[2025-05-07T13:51:19.174+0000] {processor.py:208} INFO - Processing /home/airflow/.local/lib/python3.12/site-packages/airflow/example_dags/example_inlet_event_extra.py took 2.017 seconds
[2025-05-07T13:52:12.955+0000] {processor.py:186} INFO - Started process (PID=1128) to work on /home/airflow/.local/lib/python3.12/site-packages/airflow/example_dags/example_inlet_event_extra.py
[2025-05-07T13:52:12.958+0000] {processor.py:914} INFO - Processing file /home/airflow/.local/lib/python3.12/site-packages/airflow/example_dags/example_inlet_event_extra.py for tasks to queue
[2025-05-07T13:52:12.966+0000] {logging_mixin.py:190} INFO - [2025-05-07T13:52:12.965+0000] {dagbag.py:588} INFO - Filling up the DagBag from /home/airflow/.local/lib/python3.12/site-packages/airflow/example_dags/example_inlet_event_extra.py
[2025-05-07T13:52:14.816+0000] {processor.py:925} INFO - DAG(s) 'read_dataset_event', 'read_dataset_event_from_classic' retrieved from /home/airflow/.local/lib/python3.12/site-packages/airflow/example_dags/example_inlet_event_extra.py
[2025-05-07T13:52:14.894+0000] {logging_mixin.py:190} INFO - [2025-05-07T13:52:14.894+0000] {dag.py:3239} INFO - Sync 2 DAGs
[2025-05-07T13:52:14.971+0000] {logging_mixin.py:190} INFO - [2025-05-07T13:52:14.970+0000] {dag.py:4180} INFO - Setting next_dagrun for read_dataset_event to 2025-05-06 00:00:00+00:00, run_after=2025-05-07 00:00:00+00:00
[2025-05-07T13:52:14.982+0000] {logging_mixin.py:190} INFO - [2025-05-07T13:52:14.982+0000] {dag.py:4180} INFO - Setting next_dagrun for read_dataset_event_from_classic to 2025-05-06 00:00:00+00:00, run_after=2025-05-07 00:00:00+00:00
[2025-05-07T13:52:15.027+0000] {processor.py:208} INFO - Processing /home/airflow/.local/lib/python3.12/site-packages/airflow/example_dags/example_inlet_event_extra.py took 2.089 seconds
[2025-05-07T13:52:54.533+0000] {processor.py:186} INFO - Started process (PID=1197) to work on /home/airflow/.local/lib/python3.12/site-packages/airflow/example_dags/example_inlet_event_extra.py
[2025-05-07T13:52:54.536+0000] {processor.py:914} INFO - Processing file /home/airflow/.local/lib/python3.12/site-packages/airflow/example_dags/example_inlet_event_extra.py for tasks to queue
[2025-05-07T13:52:54.544+0000] {logging_mixin.py:190} INFO - [2025-05-07T13:52:54.543+0000] {dagbag.py:588} INFO - Filling up the DagBag from /home/airflow/.local/lib/python3.12/site-packages/airflow/example_dags/example_inlet_event_extra.py
[2025-05-07T13:52:55.561+0000] {processor.py:925} INFO - DAG(s) 'read_dataset_event_from_classic', 'read_dataset_event' retrieved from /home/airflow/.local/lib/python3.12/site-packages/airflow/example_dags/example_inlet_event_extra.py
[2025-05-07T13:52:56.133+0000] {logging_mixin.py:190} INFO - [2025-05-07T13:52:56.132+0000] {dag.py:3239} INFO - Sync 2 DAGs
[2025-05-07T13:52:56.304+0000] {logging_mixin.py:190} INFO - [2025-05-07T13:52:56.304+0000] {dag.py:4180} INFO - Setting next_dagrun for read_dataset_event to 2025-05-06 00:00:00+00:00, run_after=2025-05-07 00:00:00+00:00
[2025-05-07T13:52:56.319+0000] {logging_mixin.py:190} INFO - [2025-05-07T13:52:56.318+0000] {dag.py:4180} INFO - Setting next_dagrun for read_dataset_event_from_classic to 2025-05-06 00:00:00+00:00, run_after=2025-05-07 00:00:00+00:00
[2025-05-07T13:52:56.415+0000] {processor.py:208} INFO - Processing /home/airflow/.local/lib/python3.12/site-packages/airflow/example_dags/example_inlet_event_extra.py took 1.900 seconds
[2025-05-07T13:53:26.975+0000] {processor.py:186} INFO - Started process (PID=1261) to work on /home/airflow/.local/lib/python3.12/site-packages/airflow/example_dags/example_inlet_event_extra.py
[2025-05-07T13:53:26.988+0000] {processor.py:914} INFO - Processing file /home/airflow/.local/lib/python3.12/site-packages/airflow/example_dags/example_inlet_event_extra.py for tasks to queue
[2025-05-07T13:53:26.994+0000] {logging_mixin.py:190} INFO - [2025-05-07T13:53:26.993+0000] {dagbag.py:588} INFO - Filling up the DagBag from /home/airflow/.local/lib/python3.12/site-packages/airflow/example_dags/example_inlet_event_extra.py
[2025-05-07T13:53:27.945+0000] {processor.py:925} INFO - DAG(s) 'read_dataset_event', 'read_dataset_event_from_classic' retrieved from /home/airflow/.local/lib/python3.12/site-packages/airflow/example_dags/example_inlet_event_extra.py
[2025-05-07T13:53:28.892+0000] {logging_mixin.py:190} INFO - [2025-05-07T13:53:28.891+0000] {dag.py:3239} INFO - Sync 2 DAGs
[2025-05-07T13:53:28.990+0000] {logging_mixin.py:190} INFO - [2025-05-07T13:53:28.989+0000] {dag.py:4180} INFO - Setting next_dagrun for read_dataset_event to 2025-05-06 00:00:00+00:00, run_after=2025-05-07 00:00:00+00:00
[2025-05-07T13:53:29.003+0000] {logging_mixin.py:190} INFO - [2025-05-07T13:53:29.003+0000] {dag.py:4180} INFO - Setting next_dagrun for read_dataset_event_from_classic to 2025-05-06 00:00:00+00:00, run_after=2025-05-07 00:00:00+00:00
[2025-05-07T13:53:29.305+0000] {processor.py:208} INFO - Processing /home/airflow/.local/lib/python3.12/site-packages/airflow/example_dags/example_inlet_event_extra.py took 2.343 seconds
[2025-05-07T13:54:22.227+0000] {processor.py:186} INFO - Started process (PID=1324) to work on /home/airflow/.local/lib/python3.12/site-packages/airflow/example_dags/example_inlet_event_extra.py
[2025-05-07T13:54:22.301+0000] {processor.py:914} INFO - Processing file /home/airflow/.local/lib/python3.12/site-packages/airflow/example_dags/example_inlet_event_extra.py for tasks to queue
[2025-05-07T13:54:22.315+0000] {logging_mixin.py:190} INFO - [2025-05-07T13:54:22.314+0000] {dagbag.py:588} INFO - Filling up the DagBag from /home/airflow/.local/lib/python3.12/site-packages/airflow/example_dags/example_inlet_event_extra.py
[2025-05-07T13:54:27.151+0000] {processor.py:925} INFO - DAG(s) 'read_dataset_event', 'read_dataset_event_from_classic' retrieved from /home/airflow/.local/lib/python3.12/site-packages/airflow/example_dags/example_inlet_event_extra.py
[2025-05-07T13:54:27.532+0000] {logging_mixin.py:190} INFO - [2025-05-07T13:54:27.530+0000] {dag.py:3239} INFO - Sync 2 DAGs
[2025-05-07T13:54:28.245+0000] {logging_mixin.py:190} INFO - [2025-05-07T13:54:28.245+0000] {dag.py:4180} INFO - Setting next_dagrun for read_dataset_event to 2025-05-06 00:00:00+00:00, run_after=2025-05-07 00:00:00+00:00
[2025-05-07T13:54:28.265+0000] {logging_mixin.py:190} INFO - [2025-05-07T13:54:28.264+0000] {dag.py:4180} INFO - Setting next_dagrun for read_dataset_event_from_classic to 2025-05-06 00:00:00+00:00, run_after=2025-05-07 00:00:00+00:00
[2025-05-07T13:54:28.867+0000] {processor.py:208} INFO - Processing /home/airflow/.local/lib/python3.12/site-packages/airflow/example_dags/example_inlet_event_extra.py took 6.654 seconds
[2025-05-07T13:55:11.901+0000] {processor.py:186} INFO - Started process (PID=1400) to work on /home/airflow/.local/lib/python3.12/site-packages/airflow/example_dags/example_inlet_event_extra.py
[2025-05-07T13:55:11.906+0000] {processor.py:914} INFO - Processing file /home/airflow/.local/lib/python3.12/site-packages/airflow/example_dags/example_inlet_event_extra.py for tasks to queue
[2025-05-07T13:55:11.912+0000] {logging_mixin.py:190} INFO - [2025-05-07T13:55:11.911+0000] {dagbag.py:588} INFO - Filling up the DagBag from /home/airflow/.local/lib/python3.12/site-packages/airflow/example_dags/example_inlet_event_extra.py
[2025-05-07T13:55:12.690+0000] {processor.py:925} INFO - DAG(s) 'read_dataset_event', 'read_dataset_event_from_classic' retrieved from /home/airflow/.local/lib/python3.12/site-packages/airflow/example_dags/example_inlet_event_extra.py
[2025-05-07T13:55:12.902+0000] {logging_mixin.py:190} INFO - [2025-05-07T13:55:12.902+0000] {dag.py:3239} INFO - Sync 2 DAGs
[2025-05-07T13:55:12.992+0000] {logging_mixin.py:190} INFO - [2025-05-07T13:55:12.991+0000] {dag.py:4180} INFO - Setting next_dagrun for read_dataset_event to 2025-05-06 00:00:00+00:00, run_after=2025-05-07 00:00:00+00:00
[2025-05-07T13:55:13.072+0000] {logging_mixin.py:190} INFO - [2025-05-07T13:55:13.072+0000] {dag.py:4180} INFO - Setting next_dagrun for read_dataset_event_from_classic to 2025-05-06 00:00:00+00:00, run_after=2025-05-07 00:00:00+00:00
[2025-05-07T13:55:13.215+0000] {processor.py:208} INFO - Processing /home/airflow/.local/lib/python3.12/site-packages/airflow/example_dags/example_inlet_event_extra.py took 1.328 seconds
