[2025-05-07T13:39:29.217+0000] {processor.py:186} INFO - Started process (PID=115) to work on /home/airflow/.local/lib/python3.12/site-packages/airflow/example_dags/example_python_operator.py
[2025-05-07T13:39:29.219+0000] {processor.py:914} INFO - Processing file /home/airflow/.local/lib/python3.12/site-packages/airflow/example_dags/example_python_operator.py for tasks to queue
[2025-05-07T13:39:29.228+0000] {logging_mixin.py:190} INFO - [2025-05-07T13:39:29.227+0000] {dagbag.py:588} INFO - Filling up the DagBag from /home/airflow/.local/lib/python3.12/site-packages/airflow/example_dags/example_python_operator.py
[2025-05-07T13:39:29.268+0000] {processor.py:925} INFO - DAG(s) 'example_python_operator' retrieved from /home/airflow/.local/lib/python3.12/site-packages/airflow/example_dags/example_python_operator.py
[2025-05-07T13:39:32.358+0000] {logging_mixin.py:190} INFO - [2025-05-07T13:39:32.358+0000] {dag.py:3239} INFO - Sync 1 DAGs
[2025-05-07T13:39:32.387+0000] {logging_mixin.py:190} INFO - [2025-05-07T13:39:32.386+0000] {dag.py:4180} INFO - Setting next_dagrun for example_python_operator to None, run_after=None
[2025-05-07T13:39:32.553+0000] {processor.py:208} INFO - Processing /home/airflow/.local/lib/python3.12/site-packages/airflow/example_dags/example_python_operator.py took 3.407 seconds
[2025-05-07T13:40:26.860+0000] {processor.py:186} INFO - Started process (PID=188) to work on /home/airflow/.local/lib/python3.12/site-packages/airflow/example_dags/example_python_operator.py
[2025-05-07T13:40:26.865+0000] {processor.py:914} INFO - Processing file /home/airflow/.local/lib/python3.12/site-packages/airflow/example_dags/example_python_operator.py for tasks to queue
[2025-05-07T13:40:26.872+0000] {logging_mixin.py:190} INFO - [2025-05-07T13:40:26.871+0000] {dagbag.py:588} INFO - Filling up the DagBag from /home/airflow/.local/lib/python3.12/site-packages/airflow/example_dags/example_python_operator.py
[2025-05-07T13:40:26.905+0000] {processor.py:925} INFO - DAG(s) 'example_python_operator' retrieved from /home/airflow/.local/lib/python3.12/site-packages/airflow/example_dags/example_python_operator.py
[2025-05-07T13:40:27.819+0000] {logging_mixin.py:190} INFO - [2025-05-07T13:40:27.819+0000] {dag.py:3239} INFO - Sync 1 DAGs
[2025-05-07T13:40:27.994+0000] {logging_mixin.py:190} INFO - [2025-05-07T13:40:27.993+0000] {dag.py:4180} INFO - Setting next_dagrun for example_python_operator to None, run_after=None
[2025-05-07T13:40:28.095+0000] {processor.py:208} INFO - Processing /home/airflow/.local/lib/python3.12/site-packages/airflow/example_dags/example_python_operator.py took 1.263 seconds
[2025-05-07T13:41:17.354+0000] {processor.py:186} INFO - Started process (PID=272) to work on /home/airflow/.local/lib/python3.12/site-packages/airflow/example_dags/example_python_operator.py
[2025-05-07T13:41:17.363+0000] {processor.py:914} INFO - Processing file /home/airflow/.local/lib/python3.12/site-packages/airflow/example_dags/example_python_operator.py for tasks to queue
[2025-05-07T13:41:17.374+0000] {logging_mixin.py:190} INFO - [2025-05-07T13:41:17.373+0000] {dagbag.py:588} INFO - Filling up the DagBag from /home/airflow/.local/lib/python3.12/site-packages/airflow/example_dags/example_python_operator.py
[2025-05-07T13:41:17.408+0000] {processor.py:925} INFO - DAG(s) 'example_python_operator' retrieved from /home/airflow/.local/lib/python3.12/site-packages/airflow/example_dags/example_python_operator.py
[2025-05-07T13:41:18.195+0000] {logging_mixin.py:190} INFO - [2025-05-07T13:41:18.195+0000] {dag.py:3239} INFO - Sync 1 DAGs
[2025-05-07T13:41:18.236+0000] {logging_mixin.py:190} INFO - [2025-05-07T13:41:18.236+0000] {dag.py:4180} INFO - Setting next_dagrun for example_python_operator to None, run_after=None
[2025-05-07T13:41:18.305+0000] {processor.py:208} INFO - Processing /home/airflow/.local/lib/python3.12/site-packages/airflow/example_dags/example_python_operator.py took 0.968 seconds
[2025-05-07T13:42:36.429+0000] {processor.py:186} INFO - Started process (PID=367) to work on /home/airflow/.local/lib/python3.12/site-packages/airflow/example_dags/example_python_operator.py
[2025-05-07T13:42:36.433+0000] {processor.py:914} INFO - Processing file /home/airflow/.local/lib/python3.12/site-packages/airflow/example_dags/example_python_operator.py for tasks to queue
[2025-05-07T13:42:36.449+0000] {logging_mixin.py:190} INFO - [2025-05-07T13:42:36.447+0000] {dagbag.py:588} INFO - Filling up the DagBag from /home/airflow/.local/lib/python3.12/site-packages/airflow/example_dags/example_python_operator.py
[2025-05-07T13:42:36.498+0000] {processor.py:925} INFO - DAG(s) 'example_python_operator' retrieved from /home/airflow/.local/lib/python3.12/site-packages/airflow/example_dags/example_python_operator.py
[2025-05-07T13:42:36.630+0000] {logging_mixin.py:190} INFO - [2025-05-07T13:42:36.629+0000] {dag.py:3239} INFO - Sync 1 DAGs
[2025-05-07T13:42:36.750+0000] {logging_mixin.py:190} INFO - [2025-05-07T13:42:36.749+0000] {dag.py:4180} INFO - Setting next_dagrun for example_python_operator to None, run_after=None
[2025-05-07T13:42:36.912+0000] {processor.py:208} INFO - Processing /home/airflow/.local/lib/python3.12/site-packages/airflow/example_dags/example_python_operator.py took 0.504 seconds
[2025-05-07T13:43:45.020+0000] {processor.py:186} INFO - Started process (PID=452) to work on /home/airflow/.local/lib/python3.12/site-packages/airflow/example_dags/example_python_operator.py
[2025-05-07T13:43:45.051+0000] {processor.py:914} INFO - Processing file /home/airflow/.local/lib/python3.12/site-packages/airflow/example_dags/example_python_operator.py for tasks to queue
[2025-05-07T13:43:45.059+0000] {logging_mixin.py:190} INFO - [2025-05-07T13:43:45.058+0000] {dagbag.py:588} INFO - Filling up the DagBag from /home/airflow/.local/lib/python3.12/site-packages/airflow/example_dags/example_python_operator.py
[2025-05-07T13:43:45.085+0000] {processor.py:925} INFO - DAG(s) 'example_python_operator' retrieved from /home/airflow/.local/lib/python3.12/site-packages/airflow/example_dags/example_python_operator.py
[2025-05-07T13:43:45.393+0000] {logging_mixin.py:190} INFO - [2025-05-07T13:43:45.392+0000] {dag.py:3239} INFO - Sync 1 DAGs
[2025-05-07T13:43:45.517+0000] {logging_mixin.py:190} INFO - [2025-05-07T13:43:45.516+0000] {dag.py:4180} INFO - Setting next_dagrun for example_python_operator to None, run_after=None
[2025-05-07T13:43:45.739+0000] {processor.py:208} INFO - Processing /home/airflow/.local/lib/python3.12/site-packages/airflow/example_dags/example_python_operator.py took 0.734 seconds
[2025-05-07T13:45:12.401+0000] {processor.py:186} INFO - Started process (PID=535) to work on /home/airflow/.local/lib/python3.12/site-packages/airflow/example_dags/example_python_operator.py
[2025-05-07T13:45:12.418+0000] {processor.py:914} INFO - Processing file /home/airflow/.local/lib/python3.12/site-packages/airflow/example_dags/example_python_operator.py for tasks to queue
[2025-05-07T13:45:12.425+0000] {logging_mixin.py:190} INFO - [2025-05-07T13:45:12.424+0000] {dagbag.py:588} INFO - Filling up the DagBag from /home/airflow/.local/lib/python3.12/site-packages/airflow/example_dags/example_python_operator.py
[2025-05-07T13:45:12.459+0000] {processor.py:925} INFO - DAG(s) 'example_python_operator' retrieved from /home/airflow/.local/lib/python3.12/site-packages/airflow/example_dags/example_python_operator.py
[2025-05-07T13:45:13.359+0000] {logging_mixin.py:190} INFO - [2025-05-07T13:45:13.350+0000] {dag.py:3239} INFO - Sync 1 DAGs
[2025-05-07T13:45:13.529+0000] {logging_mixin.py:190} INFO - [2025-05-07T13:45:13.529+0000] {dag.py:4180} INFO - Setting next_dagrun for example_python_operator to None, run_after=None
[2025-05-07T13:45:13.868+0000] {processor.py:208} INFO - Processing /home/airflow/.local/lib/python3.12/site-packages/airflow/example_dags/example_python_operator.py took 1.510 seconds
[2025-05-07T13:46:03.682+0000] {processor.py:186} INFO - Started process (PID=618) to work on /home/airflow/.local/lib/python3.12/site-packages/airflow/example_dags/example_python_operator.py
[2025-05-07T13:46:03.687+0000] {processor.py:914} INFO - Processing file /home/airflow/.local/lib/python3.12/site-packages/airflow/example_dags/example_python_operator.py for tasks to queue
[2025-05-07T13:46:03.695+0000] {logging_mixin.py:190} INFO - [2025-05-07T13:46:03.694+0000] {dagbag.py:588} INFO - Filling up the DagBag from /home/airflow/.local/lib/python3.12/site-packages/airflow/example_dags/example_python_operator.py
[2025-05-07T13:46:03.805+0000] {processor.py:925} INFO - DAG(s) 'example_python_operator' retrieved from /home/airflow/.local/lib/python3.12/site-packages/airflow/example_dags/example_python_operator.py
[2025-05-07T13:46:03.894+0000] {logging_mixin.py:190} INFO - [2025-05-07T13:46:03.893+0000] {dag.py:3239} INFO - Sync 1 DAGs
[2025-05-07T13:46:03.968+0000] {logging_mixin.py:190} INFO - [2025-05-07T13:46:03.968+0000] {dag.py:4180} INFO - Setting next_dagrun for example_python_operator to None, run_after=None
[2025-05-07T13:46:04.038+0000] {processor.py:208} INFO - Processing /home/airflow/.local/lib/python3.12/site-packages/airflow/example_dags/example_python_operator.py took 0.404 seconds
[2025-05-07T13:46:52.377+0000] {processor.py:186} INFO - Started process (PID=693) to work on /home/airflow/.local/lib/python3.12/site-packages/airflow/example_dags/example_python_operator.py
[2025-05-07T13:46:52.401+0000] {processor.py:914} INFO - Processing file /home/airflow/.local/lib/python3.12/site-packages/airflow/example_dags/example_python_operator.py for tasks to queue
[2025-05-07T13:46:52.407+0000] {logging_mixin.py:190} INFO - [2025-05-07T13:46:52.406+0000] {dagbag.py:588} INFO - Filling up the DagBag from /home/airflow/.local/lib/python3.12/site-packages/airflow/example_dags/example_python_operator.py
[2025-05-07T13:46:52.430+0000] {processor.py:925} INFO - DAG(s) 'example_python_operator' retrieved from /home/airflow/.local/lib/python3.12/site-packages/airflow/example_dags/example_python_operator.py
[2025-05-07T13:46:52.715+0000] {logging_mixin.py:190} INFO - [2025-05-07T13:46:52.713+0000] {dag.py:3239} INFO - Sync 1 DAGs
[2025-05-07T13:46:52.773+0000] {logging_mixin.py:190} INFO - [2025-05-07T13:46:52.772+0000] {dag.py:4180} INFO - Setting next_dagrun for example_python_operator to None, run_after=None
[2025-05-07T13:46:53.083+0000] {processor.py:208} INFO - Processing /home/airflow/.local/lib/python3.12/site-packages/airflow/example_dags/example_python_operator.py took 0.722 seconds
[2025-05-07T13:47:40.956+0000] {processor.py:186} INFO - Started process (PID=774) to work on /home/airflow/.local/lib/python3.12/site-packages/airflow/example_dags/example_python_operator.py
[2025-05-07T13:47:40.959+0000] {processor.py:914} INFO - Processing file /home/airflow/.local/lib/python3.12/site-packages/airflow/example_dags/example_python_operator.py for tasks to queue
[2025-05-07T13:47:40.964+0000] {logging_mixin.py:190} INFO - [2025-05-07T13:47:40.963+0000] {dagbag.py:588} INFO - Filling up the DagBag from /home/airflow/.local/lib/python3.12/site-packages/airflow/example_dags/example_python_operator.py
[2025-05-07T13:47:40.991+0000] {processor.py:925} INFO - DAG(s) 'example_python_operator' retrieved from /home/airflow/.local/lib/python3.12/site-packages/airflow/example_dags/example_python_operator.py
[2025-05-07T13:47:41.551+0000] {logging_mixin.py:190} INFO - [2025-05-07T13:47:41.551+0000] {dag.py:3239} INFO - Sync 1 DAGs
[2025-05-07T13:47:41.649+0000] {logging_mixin.py:190} INFO - [2025-05-07T13:47:41.648+0000] {dag.py:4180} INFO - Setting next_dagrun for example_python_operator to None, run_after=None
[2025-05-07T13:47:41.867+0000] {processor.py:208} INFO - Processing /home/airflow/.local/lib/python3.12/site-packages/airflow/example_dags/example_python_operator.py took 0.924 seconds
[2025-05-07T13:49:06.579+0000] {processor.py:186} INFO - Started process (PID=849) to work on /home/airflow/.local/lib/python3.12/site-packages/airflow/example_dags/example_python_operator.py
[2025-05-07T13:49:06.583+0000] {processor.py:914} INFO - Processing file /home/airflow/.local/lib/python3.12/site-packages/airflow/example_dags/example_python_operator.py for tasks to queue
[2025-05-07T13:49:06.596+0000] {logging_mixin.py:190} INFO - [2025-05-07T13:49:06.594+0000] {dagbag.py:588} INFO - Filling up the DagBag from /home/airflow/.local/lib/python3.12/site-packages/airflow/example_dags/example_python_operator.py
[2025-05-07T13:49:06.732+0000] {processor.py:925} INFO - DAG(s) 'example_python_operator' retrieved from /home/airflow/.local/lib/python3.12/site-packages/airflow/example_dags/example_python_operator.py
[2025-05-07T13:49:08.328+0000] {logging_mixin.py:190} INFO - [2025-05-07T13:49:08.328+0000] {dag.py:3239} INFO - Sync 1 DAGs
[2025-05-07T13:49:08.383+0000] {logging_mixin.py:190} INFO - [2025-05-07T13:49:08.382+0000] {dag.py:4180} INFO - Setting next_dagrun for example_python_operator to None, run_after=None
[2025-05-07T13:49:08.583+0000] {processor.py:208} INFO - Processing /home/airflow/.local/lib/python3.12/site-packages/airflow/example_dags/example_python_operator.py took 2.027 seconds
[2025-05-07T13:50:28.080+0000] {processor.py:186} INFO - Started process (PID=959) to work on /home/airflow/.local/lib/python3.12/site-packages/airflow/example_dags/example_python_operator.py
[2025-05-07T13:50:28.145+0000] {processor.py:914} INFO - Processing file /home/airflow/.local/lib/python3.12/site-packages/airflow/example_dags/example_python_operator.py for tasks to queue
[2025-05-07T13:50:28.152+0000] {logging_mixin.py:190} INFO - [2025-05-07T13:50:28.151+0000] {dagbag.py:588} INFO - Filling up the DagBag from /home/airflow/.local/lib/python3.12/site-packages/airflow/example_dags/example_python_operator.py
[2025-05-07T13:50:28.190+0000] {processor.py:925} INFO - DAG(s) 'example_python_operator' retrieved from /home/airflow/.local/lib/python3.12/site-packages/airflow/example_dags/example_python_operator.py
[2025-05-07T13:50:28.552+0000] {logging_mixin.py:190} INFO - [2025-05-07T13:50:28.552+0000] {dag.py:3239} INFO - Sync 1 DAGs
[2025-05-07T13:50:28.601+0000] {logging_mixin.py:190} INFO - [2025-05-07T13:50:28.601+0000] {dag.py:4180} INFO - Setting next_dagrun for example_python_operator to None, run_after=None
[2025-05-07T13:50:28.756+0000] {processor.py:208} INFO - Processing /home/airflow/.local/lib/python3.12/site-packages/airflow/example_dags/example_python_operator.py took 0.693 seconds
[2025-05-07T13:51:10.999+0000] {processor.py:186} INFO - Started process (PID=1028) to work on /home/airflow/.local/lib/python3.12/site-packages/airflow/example_dags/example_python_operator.py
[2025-05-07T13:51:11.050+0000] {processor.py:914} INFO - Processing file /home/airflow/.local/lib/python3.12/site-packages/airflow/example_dags/example_python_operator.py for tasks to queue
[2025-05-07T13:51:11.056+0000] {logging_mixin.py:190} INFO - [2025-05-07T13:51:11.055+0000] {dagbag.py:588} INFO - Filling up the DagBag from /home/airflow/.local/lib/python3.12/site-packages/airflow/example_dags/example_python_operator.py
[2025-05-07T13:51:11.083+0000] {processor.py:925} INFO - DAG(s) 'example_python_operator' retrieved from /home/airflow/.local/lib/python3.12/site-packages/airflow/example_dags/example_python_operator.py
[2025-05-07T13:51:11.268+0000] {logging_mixin.py:190} INFO - [2025-05-07T13:51:11.267+0000] {dag.py:3239} INFO - Sync 1 DAGs
[2025-05-07T13:51:11.305+0000] {logging_mixin.py:190} INFO - [2025-05-07T13:51:11.304+0000] {dag.py:4180} INFO - Setting next_dagrun for example_python_operator to None, run_after=None
[2025-05-07T13:51:11.343+0000] {processor.py:208} INFO - Processing /home/airflow/.local/lib/python3.12/site-packages/airflow/example_dags/example_python_operator.py took 0.357 seconds
[2025-05-07T13:51:57.077+0000] {processor.py:186} INFO - Started process (PID=1106) to work on /home/airflow/.local/lib/python3.12/site-packages/airflow/example_dags/example_python_operator.py
[2025-05-07T13:51:57.208+0000] {processor.py:914} INFO - Processing file /home/airflow/.local/lib/python3.12/site-packages/airflow/example_dags/example_python_operator.py for tasks to queue
[2025-05-07T13:51:57.216+0000] {logging_mixin.py:190} INFO - [2025-05-07T13:51:57.215+0000] {dagbag.py:588} INFO - Filling up the DagBag from /home/airflow/.local/lib/python3.12/site-packages/airflow/example_dags/example_python_operator.py
[2025-05-07T13:51:57.429+0000] {processor.py:925} INFO - DAG(s) 'example_python_operator' retrieved from /home/airflow/.local/lib/python3.12/site-packages/airflow/example_dags/example_python_operator.py
[2025-05-07T13:51:58.198+0000] {logging_mixin.py:190} INFO - [2025-05-07T13:51:58.198+0000] {dag.py:3239} INFO - Sync 1 DAGs
[2025-05-07T13:51:58.252+0000] {logging_mixin.py:190} INFO - [2025-05-07T13:51:58.251+0000] {dag.py:4180} INFO - Setting next_dagrun for example_python_operator to None, run_after=None
[2025-05-07T13:51:58.398+0000] {processor.py:208} INFO - Processing /home/airflow/.local/lib/python3.12/site-packages/airflow/example_dags/example_python_operator.py took 1.338 seconds
[2025-05-07T13:52:35.466+0000] {processor.py:186} INFO - Started process (PID=1171) to work on /home/airflow/.local/lib/python3.12/site-packages/airflow/example_dags/example_python_operator.py
[2025-05-07T13:52:35.469+0000] {processor.py:914} INFO - Processing file /home/airflow/.local/lib/python3.12/site-packages/airflow/example_dags/example_python_operator.py for tasks to queue
[2025-05-07T13:52:35.475+0000] {logging_mixin.py:190} INFO - [2025-05-07T13:52:35.474+0000] {dagbag.py:588} INFO - Filling up the DagBag from /home/airflow/.local/lib/python3.12/site-packages/airflow/example_dags/example_python_operator.py
[2025-05-07T13:52:35.761+0000] {processor.py:925} INFO - DAG(s) 'example_python_operator' retrieved from /home/airflow/.local/lib/python3.12/site-packages/airflow/example_dags/example_python_operator.py
[2025-05-07T13:52:35.873+0000] {logging_mixin.py:190} INFO - [2025-05-07T13:52:35.872+0000] {dag.py:3239} INFO - Sync 1 DAGs
[2025-05-07T13:52:35.949+0000] {logging_mixin.py:190} INFO - [2025-05-07T13:52:35.948+0000] {dag.py:4180} INFO - Setting next_dagrun for example_python_operator to None, run_after=None
[2025-05-07T13:52:36.007+0000] {processor.py:208} INFO - Processing /home/airflow/.local/lib/python3.12/site-packages/airflow/example_dags/example_python_operator.py took 0.612 seconds
[2025-05-07T13:53:17.242+0000] {processor.py:186} INFO - Started process (PID=1241) to work on /home/airflow/.local/lib/python3.12/site-packages/airflow/example_dags/example_python_operator.py
[2025-05-07T13:53:17.247+0000] {processor.py:914} INFO - Processing file /home/airflow/.local/lib/python3.12/site-packages/airflow/example_dags/example_python_operator.py for tasks to queue
[2025-05-07T13:53:17.254+0000] {logging_mixin.py:190} INFO - [2025-05-07T13:53:17.253+0000] {dagbag.py:588} INFO - Filling up the DagBag from /home/airflow/.local/lib/python3.12/site-packages/airflow/example_dags/example_python_operator.py
[2025-05-07T13:53:17.293+0000] {processor.py:925} INFO - DAG(s) 'example_python_operator' retrieved from /home/airflow/.local/lib/python3.12/site-packages/airflow/example_dags/example_python_operator.py
[2025-05-07T13:53:17.364+0000] {logging_mixin.py:190} INFO - [2025-05-07T13:53:17.364+0000] {dag.py:3239} INFO - Sync 1 DAGs
[2025-05-07T13:53:17.406+0000] {logging_mixin.py:190} INFO - [2025-05-07T13:53:17.406+0000] {dag.py:4180} INFO - Setting next_dagrun for example_python_operator to None, run_after=None
[2025-05-07T13:53:17.462+0000] {processor.py:208} INFO - Processing /home/airflow/.local/lib/python3.12/site-packages/airflow/example_dags/example_python_operator.py took 0.239 seconds
[2025-05-07T13:54:34.280+0000] {processor.py:186} INFO - Started process (PID=1340) to work on /home/airflow/.local/lib/python3.12/site-packages/airflow/example_dags/example_python_operator.py
[2025-05-07T13:54:34.369+0000] {processor.py:914} INFO - Processing file /home/airflow/.local/lib/python3.12/site-packages/airflow/example_dags/example_python_operator.py for tasks to queue
[2025-05-07T13:54:34.380+0000] {logging_mixin.py:190} INFO - [2025-05-07T13:54:34.379+0000] {dagbag.py:588} INFO - Filling up the DagBag from /home/airflow/.local/lib/python3.12/site-packages/airflow/example_dags/example_python_operator.py
[2025-05-07T13:54:34.420+0000] {processor.py:925} INFO - DAG(s) 'example_python_operator' retrieved from /home/airflow/.local/lib/python3.12/site-packages/airflow/example_dags/example_python_operator.py
[2025-05-07T13:54:34.825+0000] {logging_mixin.py:190} INFO - [2025-05-07T13:54:34.824+0000] {dag.py:3239} INFO - Sync 1 DAGs
[2025-05-07T13:54:35.048+0000] {logging_mixin.py:190} INFO - [2025-05-07T13:54:35.048+0000] {dag.py:4180} INFO - Setting next_dagrun for example_python_operator to None, run_after=None
[2025-05-07T13:54:35.145+0000] {processor.py:208} INFO - Processing /home/airflow/.local/lib/python3.12/site-packages/airflow/example_dags/example_python_operator.py took 0.957 seconds
[2025-05-07T13:55:15.105+0000] {processor.py:186} INFO - Started process (PID=1409) to work on /home/airflow/.local/lib/python3.12/site-packages/airflow/example_dags/example_python_operator.py
[2025-05-07T13:55:15.207+0000] {processor.py:914} INFO - Processing file /home/airflow/.local/lib/python3.12/site-packages/airflow/example_dags/example_python_operator.py for tasks to queue
[2025-05-07T13:55:15.215+0000] {logging_mixin.py:190} INFO - [2025-05-07T13:55:15.214+0000] {dagbag.py:588} INFO - Filling up the DagBag from /home/airflow/.local/lib/python3.12/site-packages/airflow/example_dags/example_python_operator.py
[2025-05-07T13:55:15.244+0000] {processor.py:925} INFO - DAG(s) 'example_python_operator' retrieved from /home/airflow/.local/lib/python3.12/site-packages/airflow/example_dags/example_python_operator.py
[2025-05-07T13:55:15.480+0000] {logging_mixin.py:190} INFO - [2025-05-07T13:55:15.479+0000] {dag.py:3239} INFO - Sync 1 DAGs
[2025-05-07T13:55:15.592+0000] {logging_mixin.py:190} INFO - [2025-05-07T13:55:15.592+0000] {dag.py:4180} INFO - Setting next_dagrun for example_python_operator to None, run_after=None
[2025-05-07T13:55:16.201+0000] {processor.py:208} INFO - Processing /home/airflow/.local/lib/python3.12/site-packages/airflow/example_dags/example_python_operator.py took 1.109 seconds
