[2025-05-07T13:39:14.317+0000] {processor.py:186} INFO - Started process (PID=96) to work on /home/airflow/.local/lib/python3.12/site-packages/airflow/example_dags/example_setup_teardown.py
[2025-05-07T13:39:14.319+0000] {processor.py:914} INFO - Processing file /home/airflow/.local/lib/python3.12/site-packages/airflow/example_dags/example_setup_teardown.py for tasks to queue
[2025-05-07T13:39:14.328+0000] {logging_mixin.py:190} INFO - [2025-05-07T13:39:14.327+0000] {dagbag.py:588} INFO - Filling up the DagBag from /home/airflow/.local/lib/python3.12/site-packages/airflow/example_dags/example_setup_teardown.py
[2025-05-07T13:39:14.700+0000] {processor.py:925} INFO - DAG(s) 'example_setup_teardown' retrieved from /home/airflow/.local/lib/python3.12/site-packages/airflow/example_dags/example_setup_teardown.py
[2025-05-07T13:39:16.277+0000] {logging_mixin.py:190} INFO - [2025-05-07T13:39:16.277+0000] {dag.py:3239} INFO - Sync 1 DAGs
[2025-05-07T13:39:17.000+0000] {logging_mixin.py:190} INFO - [2025-05-07T13:39:16.954+0000] {dag.py:4180} INFO - Setting next_dagrun for example_setup_teardown to None, run_after=None
[2025-05-07T13:39:17.829+0000] {processor.py:208} INFO - Processing /home/airflow/.local/lib/python3.12/site-packages/airflow/example_dags/example_setup_teardown.py took 3.571 seconds
[2025-05-07T13:40:14.801+0000] {processor.py:186} INFO - Started process (PID=169) to work on /home/airflow/.local/lib/python3.12/site-packages/airflow/example_dags/example_setup_teardown.py
[2025-05-07T13:40:14.804+0000] {processor.py:914} INFO - Processing file /home/airflow/.local/lib/python3.12/site-packages/airflow/example_dags/example_setup_teardown.py for tasks to queue
[2025-05-07T13:40:14.810+0000] {logging_mixin.py:190} INFO - [2025-05-07T13:40:14.809+0000] {dagbag.py:588} INFO - Filling up the DagBag from /home/airflow/.local/lib/python3.12/site-packages/airflow/example_dags/example_setup_teardown.py
[2025-05-07T13:40:14.827+0000] {processor.py:925} INFO - DAG(s) 'example_setup_teardown' retrieved from /home/airflow/.local/lib/python3.12/site-packages/airflow/example_dags/example_setup_teardown.py
[2025-05-07T13:40:14.879+0000] {logging_mixin.py:190} INFO - [2025-05-07T13:40:14.878+0000] {dag.py:3239} INFO - Sync 1 DAGs
[2025-05-07T13:40:14.918+0000] {logging_mixin.py:190} INFO - [2025-05-07T13:40:14.918+0000] {dag.py:4180} INFO - Setting next_dagrun for example_setup_teardown to None, run_after=None
[2025-05-07T13:40:14.961+0000] {processor.py:208} INFO - Processing /home/airflow/.local/lib/python3.12/site-packages/airflow/example_dags/example_setup_teardown.py took 0.181 seconds
[2025-05-07T13:41:02.801+0000] {processor.py:186} INFO - Started process (PID=237) to work on /home/airflow/.local/lib/python3.12/site-packages/airflow/example_dags/example_setup_teardown.py
[2025-05-07T13:41:02.841+0000] {processor.py:914} INFO - Processing file /home/airflow/.local/lib/python3.12/site-packages/airflow/example_dags/example_setup_teardown.py for tasks to queue
[2025-05-07T13:41:02.848+0000] {logging_mixin.py:190} INFO - [2025-05-07T13:41:02.847+0000] {dagbag.py:588} INFO - Filling up the DagBag from /home/airflow/.local/lib/python3.12/site-packages/airflow/example_dags/example_setup_teardown.py
[2025-05-07T13:41:02.865+0000] {processor.py:925} INFO - DAG(s) 'example_setup_teardown' retrieved from /home/airflow/.local/lib/python3.12/site-packages/airflow/example_dags/example_setup_teardown.py
[2025-05-07T13:41:03.131+0000] {logging_mixin.py:190} INFO - [2025-05-07T13:41:03.130+0000] {dag.py:3239} INFO - Sync 1 DAGs
[2025-05-07T13:41:03.207+0000] {logging_mixin.py:190} INFO - [2025-05-07T13:41:03.207+0000] {dag.py:4180} INFO - Setting next_dagrun for example_setup_teardown to None, run_after=None
[2025-05-07T13:41:03.272+0000] {processor.py:208} INFO - Processing /home/airflow/.local/lib/python3.12/site-packages/airflow/example_dags/example_setup_teardown.py took 0.483 seconds
[2025-05-07T13:41:39.137+0000] {processor.py:186} INFO - Started process (PID=301) to work on /home/airflow/.local/lib/python3.12/site-packages/airflow/example_dags/example_setup_teardown.py
[2025-05-07T13:41:39.241+0000] {processor.py:914} INFO - Processing file /home/airflow/.local/lib/python3.12/site-packages/airflow/example_dags/example_setup_teardown.py for tasks to queue
[2025-05-07T13:41:39.251+0000] {logging_mixin.py:190} INFO - [2025-05-07T13:41:39.250+0000] {dagbag.py:588} INFO - Filling up the DagBag from /home/airflow/.local/lib/python3.12/site-packages/airflow/example_dags/example_setup_teardown.py
[2025-05-07T13:41:39.290+0000] {processor.py:925} INFO - DAG(s) 'example_setup_teardown' retrieved from /home/airflow/.local/lib/python3.12/site-packages/airflow/example_dags/example_setup_teardown.py
[2025-05-07T13:41:39.340+0000] {logging_mixin.py:190} INFO - [2025-05-07T13:41:39.339+0000] {dag.py:3239} INFO - Sync 1 DAGs
[2025-05-07T13:41:39.381+0000] {logging_mixin.py:190} INFO - [2025-05-07T13:41:39.380+0000] {dag.py:4180} INFO - Setting next_dagrun for example_setup_teardown to None, run_after=None
[2025-05-07T13:41:39.493+0000] {processor.py:208} INFO - Processing /home/airflow/.local/lib/python3.12/site-packages/airflow/example_dags/example_setup_teardown.py took 0.371 seconds
[2025-05-07T13:42:34.833+0000] {processor.py:186} INFO - Started process (PID=364) to work on /home/airflow/.local/lib/python3.12/site-packages/airflow/example_dags/example_setup_teardown.py
[2025-05-07T13:42:34.838+0000] {processor.py:914} INFO - Processing file /home/airflow/.local/lib/python3.12/site-packages/airflow/example_dags/example_setup_teardown.py for tasks to queue
[2025-05-07T13:42:34.846+0000] {logging_mixin.py:190} INFO - [2025-05-07T13:42:34.844+0000] {dagbag.py:588} INFO - Filling up the DagBag from /home/airflow/.local/lib/python3.12/site-packages/airflow/example_dags/example_setup_teardown.py
[2025-05-07T13:42:35.034+0000] {processor.py:925} INFO - DAG(s) 'example_setup_teardown' retrieved from /home/airflow/.local/lib/python3.12/site-packages/airflow/example_dags/example_setup_teardown.py
[2025-05-07T13:42:35.206+0000] {logging_mixin.py:190} INFO - [2025-05-07T13:42:35.205+0000] {dag.py:3239} INFO - Sync 1 DAGs
[2025-05-07T13:42:35.241+0000] {logging_mixin.py:190} INFO - [2025-05-07T13:42:35.241+0000] {dag.py:4180} INFO - Setting next_dagrun for example_setup_teardown to None, run_after=None
[2025-05-07T13:42:35.626+0000] {processor.py:208} INFO - Processing /home/airflow/.local/lib/python3.12/site-packages/airflow/example_dags/example_setup_teardown.py took 0.809 seconds
[2025-05-07T13:43:39.636+0000] {processor.py:186} INFO - Started process (PID=443) to work on /home/airflow/.local/lib/python3.12/site-packages/airflow/example_dags/example_setup_teardown.py
[2025-05-07T13:43:39.640+0000] {processor.py:914} INFO - Processing file /home/airflow/.local/lib/python3.12/site-packages/airflow/example_dags/example_setup_teardown.py for tasks to queue
[2025-05-07T13:43:39.647+0000] {logging_mixin.py:190} INFO - [2025-05-07T13:43:39.646+0000] {dagbag.py:588} INFO - Filling up the DagBag from /home/airflow/.local/lib/python3.12/site-packages/airflow/example_dags/example_setup_teardown.py
[2025-05-07T13:43:39.666+0000] {processor.py:925} INFO - DAG(s) 'example_setup_teardown' retrieved from /home/airflow/.local/lib/python3.12/site-packages/airflow/example_dags/example_setup_teardown.py
[2025-05-07T13:43:39.727+0000] {logging_mixin.py:190} INFO - [2025-05-07T13:43:39.727+0000] {dag.py:3239} INFO - Sync 1 DAGs
[2025-05-07T13:43:39.766+0000] {logging_mixin.py:190} INFO - [2025-05-07T13:43:39.766+0000] {dag.py:4180} INFO - Setting next_dagrun for example_setup_teardown to None, run_after=None
[2025-05-07T13:43:39.823+0000] {processor.py:208} INFO - Processing /home/airflow/.local/lib/python3.12/site-packages/airflow/example_dags/example_setup_teardown.py took 0.204 seconds
[2025-05-07T13:45:02.769+0000] {processor.py:186} INFO - Started process (PID=523) to work on /home/airflow/.local/lib/python3.12/site-packages/airflow/example_dags/example_setup_teardown.py
[2025-05-07T13:45:02.835+0000] {processor.py:914} INFO - Processing file /home/airflow/.local/lib/python3.12/site-packages/airflow/example_dags/example_setup_teardown.py for tasks to queue
[2025-05-07T13:45:02.846+0000] {logging_mixin.py:190} INFO - [2025-05-07T13:45:02.845+0000] {dagbag.py:588} INFO - Filling up the DagBag from /home/airflow/.local/lib/python3.12/site-packages/airflow/example_dags/example_setup_teardown.py
[2025-05-07T13:45:02.873+0000] {processor.py:925} INFO - DAG(s) 'example_setup_teardown' retrieved from /home/airflow/.local/lib/python3.12/site-packages/airflow/example_dags/example_setup_teardown.py
[2025-05-07T13:45:02.978+0000] {logging_mixin.py:190} INFO - [2025-05-07T13:45:02.977+0000] {dag.py:3239} INFO - Sync 1 DAGs
[2025-05-07T13:45:03.020+0000] {logging_mixin.py:190} INFO - [2025-05-07T13:45:03.019+0000] {dag.py:4180} INFO - Setting next_dagrun for example_setup_teardown to None, run_after=None
[2025-05-07T13:45:03.064+0000] {processor.py:208} INFO - Processing /home/airflow/.local/lib/python3.12/site-packages/airflow/example_dags/example_setup_teardown.py took 0.314 seconds
[2025-05-07T13:45:52.612+0000] {processor.py:186} INFO - Started process (PID=590) to work on /home/airflow/.local/lib/python3.12/site-packages/airflow/example_dags/example_setup_teardown.py
[2025-05-07T13:45:52.687+0000] {processor.py:914} INFO - Processing file /home/airflow/.local/lib/python3.12/site-packages/airflow/example_dags/example_setup_teardown.py for tasks to queue
[2025-05-07T13:45:52.699+0000] {logging_mixin.py:190} INFO - [2025-05-07T13:45:52.699+0000] {dagbag.py:588} INFO - Filling up the DagBag from /home/airflow/.local/lib/python3.12/site-packages/airflow/example_dags/example_setup_teardown.py
[2025-05-07T13:45:52.726+0000] {processor.py:925} INFO - DAG(s) 'example_setup_teardown' retrieved from /home/airflow/.local/lib/python3.12/site-packages/airflow/example_dags/example_setup_teardown.py
[2025-05-07T13:45:53.304+0000] {logging_mixin.py:190} INFO - [2025-05-07T13:45:53.304+0000] {dag.py:3239} INFO - Sync 1 DAGs
[2025-05-07T13:45:53.394+0000] {logging_mixin.py:190} INFO - [2025-05-07T13:45:53.393+0000] {dag.py:4180} INFO - Setting next_dagrun for example_setup_teardown to None, run_after=None
[2025-05-07T13:45:53.482+0000] {processor.py:208} INFO - Processing /home/airflow/.local/lib/python3.12/site-packages/airflow/example_dags/example_setup_teardown.py took 0.973 seconds
[2025-05-07T13:46:27.628+0000] {processor.py:186} INFO - Started process (PID=659) to work on /home/airflow/.local/lib/python3.12/site-packages/airflow/example_dags/example_setup_teardown.py
[2025-05-07T13:46:27.631+0000] {processor.py:914} INFO - Processing file /home/airflow/.local/lib/python3.12/site-packages/airflow/example_dags/example_setup_teardown.py for tasks to queue
[2025-05-07T13:46:27.636+0000] {logging_mixin.py:190} INFO - [2025-05-07T13:46:27.635+0000] {dagbag.py:588} INFO - Filling up the DagBag from /home/airflow/.local/lib/python3.12/site-packages/airflow/example_dags/example_setup_teardown.py
[2025-05-07T13:46:27.653+0000] {processor.py:925} INFO - DAG(s) 'example_setup_teardown' retrieved from /home/airflow/.local/lib/python3.12/site-packages/airflow/example_dags/example_setup_teardown.py
[2025-05-07T13:46:27.724+0000] {logging_mixin.py:190} INFO - [2025-05-07T13:46:27.723+0000] {dag.py:3239} INFO - Sync 1 DAGs
[2025-05-07T13:46:27.763+0000] {logging_mixin.py:190} INFO - [2025-05-07T13:46:27.763+0000] {dag.py:4180} INFO - Setting next_dagrun for example_setup_teardown to None, run_after=None
[2025-05-07T13:46:27.823+0000] {processor.py:208} INFO - Processing /home/airflow/.local/lib/python3.12/site-packages/airflow/example_dags/example_setup_teardown.py took 0.207 seconds
[2025-05-07T13:47:12.963+0000] {processor.py:186} INFO - Started process (PID=736) to work on /home/airflow/.local/lib/python3.12/site-packages/airflow/example_dags/example_setup_teardown.py
[2025-05-07T13:47:12.967+0000] {processor.py:914} INFO - Processing file /home/airflow/.local/lib/python3.12/site-packages/airflow/example_dags/example_setup_teardown.py for tasks to queue
[2025-05-07T13:47:12.972+0000] {logging_mixin.py:190} INFO - [2025-05-07T13:47:12.972+0000] {dagbag.py:588} INFO - Filling up the DagBag from /home/airflow/.local/lib/python3.12/site-packages/airflow/example_dags/example_setup_teardown.py
[2025-05-07T13:47:12.988+0000] {processor.py:925} INFO - DAG(s) 'example_setup_teardown' retrieved from /home/airflow/.local/lib/python3.12/site-packages/airflow/example_dags/example_setup_teardown.py
[2025-05-07T13:47:13.062+0000] {logging_mixin.py:190} INFO - [2025-05-07T13:47:13.060+0000] {dag.py:3239} INFO - Sync 1 DAGs
[2025-05-07T13:47:13.129+0000] {logging_mixin.py:190} INFO - [2025-05-07T13:47:13.129+0000] {dag.py:4180} INFO - Setting next_dagrun for example_setup_teardown to None, run_after=None
[2025-05-07T13:47:13.178+0000] {processor.py:208} INFO - Processing /home/airflow/.local/lib/python3.12/site-packages/airflow/example_dags/example_setup_teardown.py took 0.232 seconds
[2025-05-07T13:48:09.311+0000] {processor.py:186} INFO - Started process (PID=804) to work on /home/airflow/.local/lib/python3.12/site-packages/airflow/example_dags/example_setup_teardown.py
[2025-05-07T13:48:09.314+0000] {processor.py:914} INFO - Processing file /home/airflow/.local/lib/python3.12/site-packages/airflow/example_dags/example_setup_teardown.py for tasks to queue
[2025-05-07T13:48:09.320+0000] {logging_mixin.py:190} INFO - [2025-05-07T13:48:09.319+0000] {dagbag.py:588} INFO - Filling up the DagBag from /home/airflow/.local/lib/python3.12/site-packages/airflow/example_dags/example_setup_teardown.py
[2025-05-07T13:48:09.429+0000] {processor.py:925} INFO - DAG(s) 'example_setup_teardown' retrieved from /home/airflow/.local/lib/python3.12/site-packages/airflow/example_dags/example_setup_teardown.py
[2025-05-07T13:48:09.569+0000] {logging_mixin.py:190} INFO - [2025-05-07T13:48:09.568+0000] {dag.py:3239} INFO - Sync 1 DAGs
[2025-05-07T13:48:09.638+0000] {logging_mixin.py:190} INFO - [2025-05-07T13:48:09.638+0000] {dag.py:4180} INFO - Setting next_dagrun for example_setup_teardown to None, run_after=None
[2025-05-07T13:48:09.835+0000] {processor.py:208} INFO - Processing /home/airflow/.local/lib/python3.12/site-packages/airflow/example_dags/example_setup_teardown.py took 0.571 seconds
[2025-05-07T13:49:26.508+0000] {processor.py:186} INFO - Started process (PID=883) to work on /home/airflow/.local/lib/python3.12/site-packages/airflow/example_dags/example_setup_teardown.py
[2025-05-07T13:49:26.683+0000] {processor.py:914} INFO - Processing file /home/airflow/.local/lib/python3.12/site-packages/airflow/example_dags/example_setup_teardown.py for tasks to queue
[2025-05-07T13:49:26.696+0000] {logging_mixin.py:190} INFO - [2025-05-07T13:49:26.695+0000] {dagbag.py:588} INFO - Filling up the DagBag from /home/airflow/.local/lib/python3.12/site-packages/airflow/example_dags/example_setup_teardown.py
[2025-05-07T13:49:26.786+0000] {processor.py:925} INFO - DAG(s) 'example_setup_teardown' retrieved from /home/airflow/.local/lib/python3.12/site-packages/airflow/example_dags/example_setup_teardown.py
[2025-05-07T13:49:28.907+0000] {logging_mixin.py:190} INFO - [2025-05-07T13:49:28.906+0000] {dag.py:3239} INFO - Sync 1 DAGs
[2025-05-07T13:49:29.235+0000] {logging_mixin.py:190} INFO - [2025-05-07T13:49:29.235+0000] {dag.py:4180} INFO - Setting next_dagrun for example_setup_teardown to None, run_after=None
[2025-05-07T13:49:29.444+0000] {processor.py:208} INFO - Processing /home/airflow/.local/lib/python3.12/site-packages/airflow/example_dags/example_setup_teardown.py took 2.951 seconds
[2025-05-07T13:50:19.479+0000] {processor.py:186} INFO - Started process (PID=947) to work on /home/airflow/.local/lib/python3.12/site-packages/airflow/example_dags/example_setup_teardown.py
[2025-05-07T13:50:19.484+0000] {processor.py:914} INFO - Processing file /home/airflow/.local/lib/python3.12/site-packages/airflow/example_dags/example_setup_teardown.py for tasks to queue
[2025-05-07T13:50:19.490+0000] {logging_mixin.py:190} INFO - [2025-05-07T13:50:19.489+0000] {dagbag.py:588} INFO - Filling up the DagBag from /home/airflow/.local/lib/python3.12/site-packages/airflow/example_dags/example_setup_teardown.py
[2025-05-07T13:50:19.509+0000] {processor.py:925} INFO - DAG(s) 'example_setup_teardown' retrieved from /home/airflow/.local/lib/python3.12/site-packages/airflow/example_dags/example_setup_teardown.py
[2025-05-07T13:50:19.805+0000] {logging_mixin.py:190} INFO - [2025-05-07T13:50:19.805+0000] {dag.py:3239} INFO - Sync 1 DAGs
[2025-05-07T13:50:20.501+0000] {logging_mixin.py:190} INFO - [2025-05-07T13:50:20.501+0000] {dag.py:4180} INFO - Setting next_dagrun for example_setup_teardown to None, run_after=None
[2025-05-07T13:50:20.551+0000] {processor.py:208} INFO - Processing /home/airflow/.local/lib/python3.12/site-packages/airflow/example_dags/example_setup_teardown.py took 1.091 seconds
[2025-05-07T13:51:05.578+0000] {processor.py:186} INFO - Started process (PID=1016) to work on /home/airflow/.local/lib/python3.12/site-packages/airflow/example_dags/example_setup_teardown.py
[2025-05-07T13:51:05.752+0000] {processor.py:914} INFO - Processing file /home/airflow/.local/lib/python3.12/site-packages/airflow/example_dags/example_setup_teardown.py for tasks to queue
[2025-05-07T13:51:05.780+0000] {logging_mixin.py:190} INFO - [2025-05-07T13:51:05.780+0000] {dagbag.py:588} INFO - Filling up the DagBag from /home/airflow/.local/lib/python3.12/site-packages/airflow/example_dags/example_setup_teardown.py
[2025-05-07T13:51:05.958+0000] {processor.py:925} INFO - DAG(s) 'example_setup_teardown' retrieved from /home/airflow/.local/lib/python3.12/site-packages/airflow/example_dags/example_setup_teardown.py
[2025-05-07T13:51:06.871+0000] {logging_mixin.py:190} INFO - [2025-05-07T13:51:06.870+0000] {dag.py:3239} INFO - Sync 1 DAGs
[2025-05-07T13:51:06.950+0000] {logging_mixin.py:190} INFO - [2025-05-07T13:51:06.950+0000] {dag.py:4180} INFO - Setting next_dagrun for example_setup_teardown to None, run_after=None
[2025-05-07T13:51:07.033+0000] {processor.py:208} INFO - Processing /home/airflow/.local/lib/python3.12/site-packages/airflow/example_dags/example_setup_teardown.py took 1.518 seconds
[2025-05-07T13:51:40.492+0000] {processor.py:186} INFO - Started process (PID=1082) to work on /home/airflow/.local/lib/python3.12/site-packages/airflow/example_dags/example_setup_teardown.py
[2025-05-07T13:51:40.494+0000] {processor.py:914} INFO - Processing file /home/airflow/.local/lib/python3.12/site-packages/airflow/example_dags/example_setup_teardown.py for tasks to queue
[2025-05-07T13:51:40.499+0000] {logging_mixin.py:190} INFO - [2025-05-07T13:51:40.499+0000] {dagbag.py:588} INFO - Filling up the DagBag from /home/airflow/.local/lib/python3.12/site-packages/airflow/example_dags/example_setup_teardown.py
[2025-05-07T13:51:40.517+0000] {processor.py:925} INFO - DAG(s) 'example_setup_teardown' retrieved from /home/airflow/.local/lib/python3.12/site-packages/airflow/example_dags/example_setup_teardown.py
[2025-05-07T13:51:40.800+0000] {logging_mixin.py:190} INFO - [2025-05-07T13:51:40.799+0000] {dag.py:3239} INFO - Sync 1 DAGs
[2025-05-07T13:51:40.850+0000] {logging_mixin.py:190} INFO - [2025-05-07T13:51:40.850+0000] {dag.py:4180} INFO - Setting next_dagrun for example_setup_teardown to None, run_after=None
[2025-05-07T13:51:40.991+0000] {processor.py:208} INFO - Processing /home/airflow/.local/lib/python3.12/site-packages/airflow/example_dags/example_setup_teardown.py took 0.513 seconds
[2025-05-07T13:52:27.743+0000] {processor.py:186} INFO - Started process (PID=1157) to work on /home/airflow/.local/lib/python3.12/site-packages/airflow/example_dags/example_setup_teardown.py
[2025-05-07T13:52:27.751+0000] {processor.py:914} INFO - Processing file /home/airflow/.local/lib/python3.12/site-packages/airflow/example_dags/example_setup_teardown.py for tasks to queue
[2025-05-07T13:52:27.757+0000] {logging_mixin.py:190} INFO - [2025-05-07T13:52:27.756+0000] {dagbag.py:588} INFO - Filling up the DagBag from /home/airflow/.local/lib/python3.12/site-packages/airflow/example_dags/example_setup_teardown.py
[2025-05-07T13:52:27.779+0000] {processor.py:925} INFO - DAG(s) 'example_setup_teardown' retrieved from /home/airflow/.local/lib/python3.12/site-packages/airflow/example_dags/example_setup_teardown.py
[2025-05-07T13:52:27.961+0000] {logging_mixin.py:190} INFO - [2025-05-07T13:52:27.957+0000] {dag.py:3239} INFO - Sync 1 DAGs
[2025-05-07T13:52:28.046+0000] {logging_mixin.py:190} INFO - [2025-05-07T13:52:28.046+0000] {dag.py:4180} INFO - Setting next_dagrun for example_setup_teardown to None, run_after=None
[2025-05-07T13:52:28.200+0000] {processor.py:208} INFO - Processing /home/airflow/.local/lib/python3.12/site-packages/airflow/example_dags/example_setup_teardown.py took 0.475 seconds
[2025-05-07T13:53:08.541+0000] {processor.py:186} INFO - Started process (PID=1225) to work on /home/airflow/.local/lib/python3.12/site-packages/airflow/example_dags/example_setup_teardown.py
[2025-05-07T13:53:08.611+0000] {processor.py:914} INFO - Processing file /home/airflow/.local/lib/python3.12/site-packages/airflow/example_dags/example_setup_teardown.py for tasks to queue
[2025-05-07T13:53:08.625+0000] {logging_mixin.py:190} INFO - [2025-05-07T13:53:08.624+0000] {dagbag.py:588} INFO - Filling up the DagBag from /home/airflow/.local/lib/python3.12/site-packages/airflow/example_dags/example_setup_teardown.py
[2025-05-07T13:53:08.649+0000] {processor.py:925} INFO - DAG(s) 'example_setup_teardown' retrieved from /home/airflow/.local/lib/python3.12/site-packages/airflow/example_dags/example_setup_teardown.py
[2025-05-07T13:53:09.493+0000] {logging_mixin.py:190} INFO - [2025-05-07T13:53:09.492+0000] {dag.py:3239} INFO - Sync 1 DAGs
[2025-05-07T13:53:09.692+0000] {logging_mixin.py:190} INFO - [2025-05-07T13:53:09.691+0000] {dag.py:4180} INFO - Setting next_dagrun for example_setup_teardown to None, run_after=None
[2025-05-07T13:53:09.777+0000] {processor.py:208} INFO - Processing /home/airflow/.local/lib/python3.12/site-packages/airflow/example_dags/example_setup_teardown.py took 1.259 seconds
[2025-05-07T13:54:00.892+0000] {processor.py:186} INFO - Started process (PID=1298) to work on /home/airflow/.local/lib/python3.12/site-packages/airflow/example_dags/example_setup_teardown.py
[2025-05-07T13:54:00.923+0000] {processor.py:914} INFO - Processing file /home/airflow/.local/lib/python3.12/site-packages/airflow/example_dags/example_setup_teardown.py for tasks to queue
[2025-05-07T13:54:00.930+0000] {logging_mixin.py:190} INFO - [2025-05-07T13:54:00.929+0000] {dagbag.py:588} INFO - Filling up the DagBag from /home/airflow/.local/lib/python3.12/site-packages/airflow/example_dags/example_setup_teardown.py
[2025-05-07T13:54:00.955+0000] {processor.py:925} INFO - DAG(s) 'example_setup_teardown' retrieved from /home/airflow/.local/lib/python3.12/site-packages/airflow/example_dags/example_setup_teardown.py
[2025-05-07T13:54:01.191+0000] {logging_mixin.py:190} INFO - [2025-05-07T13:54:01.191+0000] {dag.py:3239} INFO - Sync 1 DAGs
[2025-05-07T13:54:01.251+0000] {logging_mixin.py:190} INFO - [2025-05-07T13:54:01.250+0000] {dag.py:4180} INFO - Setting next_dagrun for example_setup_teardown to None, run_after=None
[2025-05-07T13:54:01.448+0000] {processor.py:208} INFO - Processing /home/airflow/.local/lib/python3.12/site-packages/airflow/example_dags/example_setup_teardown.py took 0.590 seconds
[2025-05-07T13:54:53.944+0000] {processor.py:186} INFO - Started process (PID=1362) to work on /home/airflow/.local/lib/python3.12/site-packages/airflow/example_dags/example_setup_teardown.py
[2025-05-07T13:54:53.950+0000] {processor.py:914} INFO - Processing file /home/airflow/.local/lib/python3.12/site-packages/airflow/example_dags/example_setup_teardown.py for tasks to queue
[2025-05-07T13:54:53.957+0000] {logging_mixin.py:190} INFO - [2025-05-07T13:54:53.956+0000] {dagbag.py:588} INFO - Filling up the DagBag from /home/airflow/.local/lib/python3.12/site-packages/airflow/example_dags/example_setup_teardown.py
[2025-05-07T13:54:53.976+0000] {processor.py:925} INFO - DAG(s) 'example_setup_teardown' retrieved from /home/airflow/.local/lib/python3.12/site-packages/airflow/example_dags/example_setup_teardown.py
[2025-05-07T13:54:54.120+0000] {logging_mixin.py:190} INFO - [2025-05-07T13:54:54.120+0000] {dag.py:3239} INFO - Sync 1 DAGs
[2025-05-07T13:54:54.179+0000] {logging_mixin.py:190} INFO - [2025-05-07T13:54:54.179+0000] {dag.py:4180} INFO - Setting next_dagrun for example_setup_teardown to None, run_after=None
[2025-05-07T13:54:54.238+0000] {processor.py:208} INFO - Processing /home/airflow/.local/lib/python3.12/site-packages/airflow/example_dags/example_setup_teardown.py took 0.309 seconds
[2025-05-07T13:55:24.420+0000] {processor.py:186} INFO - Started process (PID=1425) to work on /home/airflow/.local/lib/python3.12/site-packages/airflow/example_dags/example_setup_teardown.py
[2025-05-07T13:55:24.422+0000] {processor.py:914} INFO - Processing file /home/airflow/.local/lib/python3.12/site-packages/airflow/example_dags/example_setup_teardown.py for tasks to queue
[2025-05-07T13:55:24.427+0000] {logging_mixin.py:190} INFO - [2025-05-07T13:55:24.427+0000] {dagbag.py:588} INFO - Filling up the DagBag from /home/airflow/.local/lib/python3.12/site-packages/airflow/example_dags/example_setup_teardown.py
[2025-05-07T13:55:24.445+0000] {processor.py:925} INFO - DAG(s) 'example_setup_teardown' retrieved from /home/airflow/.local/lib/python3.12/site-packages/airflow/example_dags/example_setup_teardown.py
[2025-05-07T13:55:24.503+0000] {logging_mixin.py:190} INFO - [2025-05-07T13:55:24.503+0000] {dag.py:3239} INFO - Sync 1 DAGs
[2025-05-07T13:55:24.542+0000] {logging_mixin.py:190} INFO - [2025-05-07T13:55:24.542+0000] {dag.py:4180} INFO - Setting next_dagrun for example_setup_teardown to None, run_after=None
[2025-05-07T13:55:24.601+0000] {processor.py:208} INFO - Processing /home/airflow/.local/lib/python3.12/site-packages/airflow/example_dags/example_setup_teardown.py took 0.193 seconds
