[2025-05-07T13:39:25.995+0000] {processor.py:186} INFO - Started process (PID=109) to work on /home/airflow/.local/lib/python3.12/site-packages/airflow/example_dags/example_branch_python_dop_operator_3.py
[2025-05-07T13:39:25.997+0000] {processor.py:914} INFO - Processing file /home/airflow/.local/lib/python3.12/site-packages/airflow/example_dags/example_branch_python_dop_operator_3.py for tasks to queue
[2025-05-07T13:39:26.005+0000] {logging_mixin.py:190} INFO - [2025-05-07T13:39:26.004+0000] {dagbag.py:588} INFO - Filling up the DagBag from /home/airflow/.local/lib/python3.12/site-packages/airflow/example_dags/example_branch_python_dop_operator_3.py
[2025-05-07T13:39:26.041+0000] {processor.py:925} INFO - DAG(s) 'example_branch_dop_operator_v3' retrieved from /home/airflow/.local/lib/python3.12/site-packages/airflow/example_dags/example_branch_python_dop_operator_3.py
[2025-05-07T13:39:26.243+0000] {logging_mixin.py:190} INFO - [2025-05-07T13:39:26.243+0000] {dag.py:3239} INFO - Sync 1 DAGs
[2025-05-07T13:39:26.490+0000] {logging_mixin.py:190} INFO - [2025-05-07T13:39:26.489+0000] {dag.py:4180} INFO - Setting next_dagrun for example_branch_dop_operator_v3 to 2025-05-07 13:38:00+00:00, run_after=2025-05-07 13:39:00+00:00
[2025-05-07T13:39:26.659+0000] {processor.py:208} INFO - Processing /home/airflow/.local/lib/python3.12/site-packages/airflow/example_dags/example_branch_python_dop_operator_3.py took 0.680 seconds
[2025-05-07T13:40:22.757+0000] {processor.py:186} INFO - Started process (PID=182) to work on /home/airflow/.local/lib/python3.12/site-packages/airflow/example_dags/example_branch_python_dop_operator_3.py
[2025-05-07T13:40:22.781+0000] {processor.py:914} INFO - Processing file /home/airflow/.local/lib/python3.12/site-packages/airflow/example_dags/example_branch_python_dop_operator_3.py for tasks to queue
[2025-05-07T13:40:22.924+0000] {logging_mixin.py:190} INFO - [2025-05-07T13:40:22.922+0000] {dagbag.py:588} INFO - Filling up the DagBag from /home/airflow/.local/lib/python3.12/site-packages/airflow/example_dags/example_branch_python_dop_operator_3.py
[2025-05-07T13:40:22.955+0000] {processor.py:925} INFO - DAG(s) 'example_branch_dop_operator_v3' retrieved from /home/airflow/.local/lib/python3.12/site-packages/airflow/example_dags/example_branch_python_dop_operator_3.py
[2025-05-07T13:40:23.453+0000] {logging_mixin.py:190} INFO - [2025-05-07T13:40:23.453+0000] {dag.py:3239} INFO - Sync 1 DAGs
[2025-05-07T13:40:23.625+0000] {logging_mixin.py:190} INFO - [2025-05-07T13:40:23.625+0000] {dag.py:4180} INFO - Setting next_dagrun for example_branch_dop_operator_v3 to 2025-05-07 13:39:00+00:00, run_after=2025-05-07 13:40:00+00:00
[2025-05-07T13:40:23.716+0000] {processor.py:208} INFO - Processing /home/airflow/.local/lib/python3.12/site-packages/airflow/example_dags/example_branch_python_dop_operator_3.py took 0.977 seconds
[2025-05-07T13:41:06.983+0000] {processor.py:186} INFO - Started process (PID=250) to work on /home/airflow/.local/lib/python3.12/site-packages/airflow/example_dags/example_branch_python_dop_operator_3.py
[2025-05-07T13:41:07.033+0000] {processor.py:914} INFO - Processing file /home/airflow/.local/lib/python3.12/site-packages/airflow/example_dags/example_branch_python_dop_operator_3.py for tasks to queue
[2025-05-07T13:41:07.042+0000] {logging_mixin.py:190} INFO - [2025-05-07T13:41:07.040+0000] {dagbag.py:588} INFO - Filling up the DagBag from /home/airflow/.local/lib/python3.12/site-packages/airflow/example_dags/example_branch_python_dop_operator_3.py
[2025-05-07T13:41:07.069+0000] {processor.py:925} INFO - DAG(s) 'example_branch_dop_operator_v3' retrieved from /home/airflow/.local/lib/python3.12/site-packages/airflow/example_dags/example_branch_python_dop_operator_3.py
[2025-05-07T13:41:07.185+0000] {logging_mixin.py:190} INFO - [2025-05-07T13:41:07.184+0000] {dag.py:3239} INFO - Sync 1 DAGs
[2025-05-07T13:41:07.364+0000] {logging_mixin.py:190} INFO - [2025-05-07T13:41:07.363+0000] {dag.py:4180} INFO - Setting next_dagrun for example_branch_dop_operator_v3 to 2025-05-07 13:40:00+00:00, run_after=2025-05-07 13:41:00+00:00
[2025-05-07T13:41:07.509+0000] {processor.py:208} INFO - Processing /home/airflow/.local/lib/python3.12/site-packages/airflow/example_dags/example_branch_python_dop_operator_3.py took 0.540 seconds
[2025-05-07T13:42:06.930+0000] {processor.py:186} INFO - Started process (PID=327) to work on /home/airflow/.local/lib/python3.12/site-packages/airflow/example_dags/example_branch_python_dop_operator_3.py
[2025-05-07T13:42:06.935+0000] {processor.py:914} INFO - Processing file /home/airflow/.local/lib/python3.12/site-packages/airflow/example_dags/example_branch_python_dop_operator_3.py for tasks to queue
[2025-05-07T13:42:06.963+0000] {logging_mixin.py:190} INFO - [2025-05-07T13:42:06.962+0000] {dagbag.py:588} INFO - Filling up the DagBag from /home/airflow/.local/lib/python3.12/site-packages/airflow/example_dags/example_branch_python_dop_operator_3.py
[2025-05-07T13:42:06.984+0000] {processor.py:925} INFO - DAG(s) 'example_branch_dop_operator_v3' retrieved from /home/airflow/.local/lib/python3.12/site-packages/airflow/example_dags/example_branch_python_dop_operator_3.py
[2025-05-07T13:42:07.104+0000] {logging_mixin.py:190} INFO - [2025-05-07T13:42:07.104+0000] {dag.py:3239} INFO - Sync 1 DAGs
[2025-05-07T13:42:07.210+0000] {logging_mixin.py:190} INFO - [2025-05-07T13:42:07.210+0000] {dag.py:4180} INFO - Setting next_dagrun for example_branch_dop_operator_v3 to 2025-05-07 13:41:00+00:00, run_after=2025-05-07 13:42:00+00:00
[2025-05-07T13:42:07.260+0000] {processor.py:208} INFO - Processing /home/airflow/.local/lib/python3.12/site-packages/airflow/example_dags/example_branch_python_dop_operator_3.py took 0.343 seconds
[2025-05-07T13:43:00.392+0000] {processor.py:186} INFO - Started process (PID=399) to work on /home/airflow/.local/lib/python3.12/site-packages/airflow/example_dags/example_branch_python_dop_operator_3.py
[2025-05-07T13:43:00.395+0000] {processor.py:914} INFO - Processing file /home/airflow/.local/lib/python3.12/site-packages/airflow/example_dags/example_branch_python_dop_operator_3.py for tasks to queue
[2025-05-07T13:43:00.401+0000] {logging_mixin.py:190} INFO - [2025-05-07T13:43:00.400+0000] {dagbag.py:588} INFO - Filling up the DagBag from /home/airflow/.local/lib/python3.12/site-packages/airflow/example_dags/example_branch_python_dop_operator_3.py
[2025-05-07T13:43:00.440+0000] {processor.py:925} INFO - DAG(s) 'example_branch_dop_operator_v3' retrieved from /home/airflow/.local/lib/python3.12/site-packages/airflow/example_dags/example_branch_python_dop_operator_3.py
[2025-05-07T13:43:00.497+0000] {logging_mixin.py:190} INFO - [2025-05-07T13:43:00.496+0000] {dag.py:3239} INFO - Sync 1 DAGs
[2025-05-07T13:43:00.557+0000] {logging_mixin.py:190} INFO - [2025-05-07T13:43:00.556+0000] {dag.py:4180} INFO - Setting next_dagrun for example_branch_dop_operator_v3 to 2025-05-07 13:42:00+00:00, run_after=2025-05-07 13:43:00+00:00
[2025-05-07T13:43:00.618+0000] {processor.py:208} INFO - Processing /home/airflow/.local/lib/python3.12/site-packages/airflow/example_dags/example_branch_python_dop_operator_3.py took 0.238 seconds
[2025-05-07T13:44:36.699+0000] {processor.py:186} INFO - Started process (PID=495) to work on /home/airflow/.local/lib/python3.12/site-packages/airflow/example_dags/example_branch_python_dop_operator_3.py
[2025-05-07T13:44:36.850+0000] {processor.py:914} INFO - Processing file /home/airflow/.local/lib/python3.12/site-packages/airflow/example_dags/example_branch_python_dop_operator_3.py for tasks to queue
[2025-05-07T13:44:36.856+0000] {logging_mixin.py:190} INFO - [2025-05-07T13:44:36.855+0000] {dagbag.py:588} INFO - Filling up the DagBag from /home/airflow/.local/lib/python3.12/site-packages/airflow/example_dags/example_branch_python_dop_operator_3.py
[2025-05-07T13:44:36.877+0000] {processor.py:925} INFO - DAG(s) 'example_branch_dop_operator_v3' retrieved from /home/airflow/.local/lib/python3.12/site-packages/airflow/example_dags/example_branch_python_dop_operator_3.py
[2025-05-07T13:44:37.549+0000] {logging_mixin.py:190} INFO - [2025-05-07T13:44:37.549+0000] {dag.py:3239} INFO - Sync 1 DAGs
[2025-05-07T13:44:37.879+0000] {logging_mixin.py:190} INFO - [2025-05-07T13:44:37.878+0000] {dag.py:4180} INFO - Setting next_dagrun for example_branch_dop_operator_v3 to 2025-05-07 13:43:00+00:00, run_after=2025-05-07 13:44:00+00:00
[2025-05-07T13:44:38.787+0000] {processor.py:208} INFO - Processing /home/airflow/.local/lib/python3.12/site-packages/airflow/example_dags/example_branch_python_dop_operator_3.py took 2.100 seconds
[2025-05-07T13:45:33.037+0000] {processor.py:186} INFO - Started process (PID=571) to work on /home/airflow/.local/lib/python3.12/site-packages/airflow/example_dags/example_branch_python_dop_operator_3.py
[2025-05-07T13:45:33.041+0000] {processor.py:914} INFO - Processing file /home/airflow/.local/lib/python3.12/site-packages/airflow/example_dags/example_branch_python_dop_operator_3.py for tasks to queue
[2025-05-07T13:45:33.054+0000] {logging_mixin.py:190} INFO - [2025-05-07T13:45:33.053+0000] {dagbag.py:588} INFO - Filling up the DagBag from /home/airflow/.local/lib/python3.12/site-packages/airflow/example_dags/example_branch_python_dop_operator_3.py
[2025-05-07T13:45:33.102+0000] {processor.py:925} INFO - DAG(s) 'example_branch_dop_operator_v3' retrieved from /home/airflow/.local/lib/python3.12/site-packages/airflow/example_dags/example_branch_python_dop_operator_3.py
[2025-05-07T13:45:33.202+0000] {logging_mixin.py:190} INFO - [2025-05-07T13:45:33.202+0000] {dag.py:3239} INFO - Sync 1 DAGs
[2025-05-07T13:45:33.279+0000] {logging_mixin.py:190} INFO - [2025-05-07T13:45:33.278+0000] {dag.py:4180} INFO - Setting next_dagrun for example_branch_dop_operator_v3 to 2025-05-07 13:44:00+00:00, run_after=2025-05-07 13:45:00+00:00
[2025-05-07T13:45:33.324+0000] {processor.py:208} INFO - Processing /home/airflow/.local/lib/python3.12/site-packages/airflow/example_dags/example_branch_python_dop_operator_3.py took 0.330 seconds
[2025-05-07T13:46:09.744+0000] {processor.py:186} INFO - Started process (PID=635) to work on /home/airflow/.local/lib/python3.12/site-packages/airflow/example_dags/example_branch_python_dop_operator_3.py
[2025-05-07T13:46:09.749+0000] {processor.py:914} INFO - Processing file /home/airflow/.local/lib/python3.12/site-packages/airflow/example_dags/example_branch_python_dop_operator_3.py for tasks to queue
[2025-05-07T13:46:09.755+0000] {logging_mixin.py:190} INFO - [2025-05-07T13:46:09.754+0000] {dagbag.py:588} INFO - Filling up the DagBag from /home/airflow/.local/lib/python3.12/site-packages/airflow/example_dags/example_branch_python_dop_operator_3.py
[2025-05-07T13:46:09.779+0000] {processor.py:925} INFO - DAG(s) 'example_branch_dop_operator_v3' retrieved from /home/airflow/.local/lib/python3.12/site-packages/airflow/example_dags/example_branch_python_dop_operator_3.py
[2025-05-07T13:46:10.527+0000] {logging_mixin.py:190} INFO - [2025-05-07T13:46:10.526+0000] {dag.py:3239} INFO - Sync 1 DAGs
[2025-05-07T13:46:10.625+0000] {logging_mixin.py:190} INFO - [2025-05-07T13:46:10.624+0000] {dag.py:4180} INFO - Setting next_dagrun for example_branch_dop_operator_v3 to 2025-05-07 13:45:00+00:00, run_after=2025-05-07 13:46:00+00:00
[2025-05-07T13:46:11.026+0000] {processor.py:208} INFO - Processing /home/airflow/.local/lib/python3.12/site-packages/airflow/example_dags/example_branch_python_dop_operator_3.py took 1.301 seconds
[2025-05-07T13:47:03.171+0000] {processor.py:186} INFO - Started process (PID=716) to work on /home/airflow/.local/lib/python3.12/site-packages/airflow/example_dags/example_branch_python_dop_operator_3.py
[2025-05-07T13:47:03.305+0000] {processor.py:914} INFO - Processing file /home/airflow/.local/lib/python3.12/site-packages/airflow/example_dags/example_branch_python_dop_operator_3.py for tasks to queue
[2025-05-07T13:47:03.313+0000] {logging_mixin.py:190} INFO - [2025-05-07T13:47:03.312+0000] {dagbag.py:588} INFO - Filling up the DagBag from /home/airflow/.local/lib/python3.12/site-packages/airflow/example_dags/example_branch_python_dop_operator_3.py
[2025-05-07T13:47:03.342+0000] {processor.py:925} INFO - DAG(s) 'example_branch_dop_operator_v3' retrieved from /home/airflow/.local/lib/python3.12/site-packages/airflow/example_dags/example_branch_python_dop_operator_3.py
[2025-05-07T13:47:03.623+0000] {logging_mixin.py:190} INFO - [2025-05-07T13:47:03.623+0000] {dag.py:3239} INFO - Sync 1 DAGs
[2025-05-07T13:47:03.698+0000] {logging_mixin.py:190} INFO - [2025-05-07T13:47:03.698+0000] {dag.py:4180} INFO - Setting next_dagrun for example_branch_dop_operator_v3 to 2025-05-07 13:46:00+00:00, run_after=2025-05-07 13:47:00+00:00
[2025-05-07T13:47:04.478+0000] {processor.py:208} INFO - Processing /home/airflow/.local/lib/python3.12/site-packages/airflow/example_dags/example_branch_python_dop_operator_3.py took 1.323 seconds
[2025-05-07T13:48:16.539+0000] {processor.py:186} INFO - Started process (PID=810) to work on /home/airflow/.local/lib/python3.12/site-packages/airflow/example_dags/example_branch_python_dop_operator_3.py
[2025-05-07T13:48:16.567+0000] {processor.py:914} INFO - Processing file /home/airflow/.local/lib/python3.12/site-packages/airflow/example_dags/example_branch_python_dop_operator_3.py for tasks to queue
[2025-05-07T13:48:16.587+0000] {logging_mixin.py:190} INFO - [2025-05-07T13:48:16.586+0000] {dagbag.py:588} INFO - Filling up the DagBag from /home/airflow/.local/lib/python3.12/site-packages/airflow/example_dags/example_branch_python_dop_operator_3.py
[2025-05-07T13:48:17.241+0000] {processor.py:925} INFO - DAG(s) 'example_branch_dop_operator_v3' retrieved from /home/airflow/.local/lib/python3.12/site-packages/airflow/example_dags/example_branch_python_dop_operator_3.py
[2025-05-07T13:48:17.428+0000] {logging_mixin.py:190} INFO - [2025-05-07T13:48:17.428+0000] {dag.py:3239} INFO - Sync 1 DAGs
[2025-05-07T13:48:17.697+0000] {logging_mixin.py:190} INFO - [2025-05-07T13:48:17.696+0000] {dag.py:4180} INFO - Setting next_dagrun for example_branch_dop_operator_v3 to 2025-05-07 13:47:00+00:00, run_after=2025-05-07 13:48:00+00:00
[2025-05-07T13:48:17.830+0000] {processor.py:208} INFO - Processing /home/airflow/.local/lib/python3.12/site-packages/airflow/example_dags/example_branch_python_dop_operator_3.py took 1.305 seconds
[2025-05-07T13:49:33.081+0000] {processor.py:186} INFO - Started process (PID=889) to work on /home/airflow/.local/lib/python3.12/site-packages/airflow/example_dags/example_branch_python_dop_operator_3.py
[2025-05-07T13:49:33.097+0000] {processor.py:914} INFO - Processing file /home/airflow/.local/lib/python3.12/site-packages/airflow/example_dags/example_branch_python_dop_operator_3.py for tasks to queue
[2025-05-07T13:49:33.117+0000] {logging_mixin.py:190} INFO - [2025-05-07T13:49:33.116+0000] {dagbag.py:588} INFO - Filling up the DagBag from /home/airflow/.local/lib/python3.12/site-packages/airflow/example_dags/example_branch_python_dop_operator_3.py
[2025-05-07T13:49:33.140+0000] {processor.py:925} INFO - DAG(s) 'example_branch_dop_operator_v3' retrieved from /home/airflow/.local/lib/python3.12/site-packages/airflow/example_dags/example_branch_python_dop_operator_3.py
[2025-05-07T13:49:33.447+0000] {logging_mixin.py:190} INFO - [2025-05-07T13:49:33.447+0000] {dag.py:3239} INFO - Sync 1 DAGs
[2025-05-07T13:49:33.618+0000] {logging_mixin.py:190} INFO - [2025-05-07T13:49:33.617+0000] {dag.py:4180} INFO - Setting next_dagrun for example_branch_dop_operator_v3 to 2025-05-07 13:48:00+00:00, run_after=2025-05-07 13:49:00+00:00
[2025-05-07T13:49:33.862+0000] {processor.py:208} INFO - Processing /home/airflow/.local/lib/python3.12/site-packages/airflow/example_dags/example_branch_python_dop_operator_3.py took 0.801 seconds
[2025-05-07T13:50:23.071+0000] {processor.py:186} INFO - Started process (PID=953) to work on /home/airflow/.local/lib/python3.12/site-packages/airflow/example_dags/example_branch_python_dop_operator_3.py
[2025-05-07T13:50:23.166+0000] {processor.py:914} INFO - Processing file /home/airflow/.local/lib/python3.12/site-packages/airflow/example_dags/example_branch_python_dop_operator_3.py for tasks to queue
[2025-05-07T13:50:23.171+0000] {logging_mixin.py:190} INFO - [2025-05-07T13:50:23.171+0000] {dagbag.py:588} INFO - Filling up the DagBag from /home/airflow/.local/lib/python3.12/site-packages/airflow/example_dags/example_branch_python_dop_operator_3.py
[2025-05-07T13:50:23.199+0000] {processor.py:925} INFO - DAG(s) 'example_branch_dop_operator_v3' retrieved from /home/airflow/.local/lib/python3.12/site-packages/airflow/example_dags/example_branch_python_dop_operator_3.py
[2025-05-07T13:50:23.296+0000] {logging_mixin.py:190} INFO - [2025-05-07T13:50:23.296+0000] {dag.py:3239} INFO - Sync 1 DAGs
[2025-05-07T13:50:23.487+0000] {logging_mixin.py:190} INFO - [2025-05-07T13:50:23.486+0000] {dag.py:4180} INFO - Setting next_dagrun for example_branch_dop_operator_v3 to 2025-05-07 13:49:00+00:00, run_after=2025-05-07 13:50:00+00:00
[2025-05-07T13:50:23.571+0000] {processor.py:208} INFO - Processing /home/airflow/.local/lib/python3.12/site-packages/airflow/example_dags/example_branch_python_dop_operator_3.py took 0.513 seconds
[2025-05-07T13:51:08.913+0000] {processor.py:186} INFO - Started process (PID=1022) to work on /home/airflow/.local/lib/python3.12/site-packages/airflow/example_dags/example_branch_python_dop_operator_3.py
[2025-05-07T13:51:08.915+0000] {processor.py:914} INFO - Processing file /home/airflow/.local/lib/python3.12/site-packages/airflow/example_dags/example_branch_python_dop_operator_3.py for tasks to queue
[2025-05-07T13:51:08.923+0000] {logging_mixin.py:190} INFO - [2025-05-07T13:51:08.922+0000] {dagbag.py:588} INFO - Filling up the DagBag from /home/airflow/.local/lib/python3.12/site-packages/airflow/example_dags/example_branch_python_dop_operator_3.py
[2025-05-07T13:51:08.955+0000] {processor.py:925} INFO - DAG(s) 'example_branch_dop_operator_v3' retrieved from /home/airflow/.local/lib/python3.12/site-packages/airflow/example_dags/example_branch_python_dop_operator_3.py
[2025-05-07T13:51:09.225+0000] {logging_mixin.py:190} INFO - [2025-05-07T13:51:09.224+0000] {dag.py:3239} INFO - Sync 1 DAGs
[2025-05-07T13:51:09.326+0000] {logging_mixin.py:190} INFO - [2025-05-07T13:51:09.325+0000] {dag.py:4180} INFO - Setting next_dagrun for example_branch_dop_operator_v3 to 2025-05-07 13:50:00+00:00, run_after=2025-05-07 13:51:00+00:00
[2025-05-07T13:51:09.490+0000] {processor.py:208} INFO - Processing /home/airflow/.local/lib/python3.12/site-packages/airflow/example_dags/example_branch_python_dop_operator_3.py took 0.597 seconds
[2025-05-07T13:51:49.652+0000] {processor.py:186} INFO - Started process (PID=1093) to work on /home/airflow/.local/lib/python3.12/site-packages/airflow/example_dags/example_branch_python_dop_operator_3.py
[2025-05-07T13:51:49.655+0000] {processor.py:914} INFO - Processing file /home/airflow/.local/lib/python3.12/site-packages/airflow/example_dags/example_branch_python_dop_operator_3.py for tasks to queue
[2025-05-07T13:51:49.661+0000] {logging_mixin.py:190} INFO - [2025-05-07T13:51:49.661+0000] {dagbag.py:588} INFO - Filling up the DagBag from /home/airflow/.local/lib/python3.12/site-packages/airflow/example_dags/example_branch_python_dop_operator_3.py
[2025-05-07T13:51:49.683+0000] {processor.py:925} INFO - DAG(s) 'example_branch_dop_operator_v3' retrieved from /home/airflow/.local/lib/python3.12/site-packages/airflow/example_dags/example_branch_python_dop_operator_3.py
[2025-05-07T13:51:49.745+0000] {logging_mixin.py:190} INFO - [2025-05-07T13:51:49.745+0000] {dag.py:3239} INFO - Sync 1 DAGs
[2025-05-07T13:51:49.822+0000] {logging_mixin.py:190} INFO - [2025-05-07T13:51:49.821+0000] {dag.py:4180} INFO - Setting next_dagrun for example_branch_dop_operator_v3 to 2025-05-07 13:50:00+00:00, run_after=2025-05-07 13:51:00+00:00
[2025-05-07T13:51:49.883+0000] {processor.py:208} INFO - Processing /home/airflow/.local/lib/python3.12/site-packages/airflow/example_dags/example_branch_python_dop_operator_3.py took 0.246 seconds
[2025-05-07T13:52:30.604+0000] {processor.py:186} INFO - Started process (PID=1164) to work on /home/airflow/.local/lib/python3.12/site-packages/airflow/example_dags/example_branch_python_dop_operator_3.py
[2025-05-07T13:52:30.610+0000] {processor.py:914} INFO - Processing file /home/airflow/.local/lib/python3.12/site-packages/airflow/example_dags/example_branch_python_dop_operator_3.py for tasks to queue
[2025-05-07T13:52:30.617+0000] {logging_mixin.py:190} INFO - [2025-05-07T13:52:30.616+0000] {dagbag.py:588} INFO - Filling up the DagBag from /home/airflow/.local/lib/python3.12/site-packages/airflow/example_dags/example_branch_python_dop_operator_3.py
[2025-05-07T13:52:30.641+0000] {processor.py:925} INFO - DAG(s) 'example_branch_dop_operator_v3' retrieved from /home/airflow/.local/lib/python3.12/site-packages/airflow/example_dags/example_branch_python_dop_operator_3.py
[2025-05-07T13:52:30.783+0000] {logging_mixin.py:190} INFO - [2025-05-07T13:52:30.782+0000] {dag.py:3239} INFO - Sync 1 DAGs
[2025-05-07T13:52:31.221+0000] {logging_mixin.py:190} INFO - [2025-05-07T13:52:31.221+0000] {dag.py:4180} INFO - Setting next_dagrun for example_branch_dop_operator_v3 to 2025-05-07 13:51:00+00:00, run_after=2025-05-07 13:52:00+00:00
[2025-05-07T13:52:31.293+0000] {processor.py:208} INFO - Processing /home/airflow/.local/lib/python3.12/site-packages/airflow/example_dags/example_branch_python_dop_operator_3.py took 0.732 seconds
[2025-05-07T13:53:11.465+0000] {processor.py:186} INFO - Started process (PID=1231) to work on /home/airflow/.local/lib/python3.12/site-packages/airflow/example_dags/example_branch_python_dop_operator_3.py
[2025-05-07T13:53:11.472+0000] {processor.py:914} INFO - Processing file /home/airflow/.local/lib/python3.12/site-packages/airflow/example_dags/example_branch_python_dop_operator_3.py for tasks to queue
[2025-05-07T13:53:11.481+0000] {logging_mixin.py:190} INFO - [2025-05-07T13:53:11.480+0000] {dagbag.py:588} INFO - Filling up the DagBag from /home/airflow/.local/lib/python3.12/site-packages/airflow/example_dags/example_branch_python_dop_operator_3.py
[2025-05-07T13:53:11.531+0000] {processor.py:925} INFO - DAG(s) 'example_branch_dop_operator_v3' retrieved from /home/airflow/.local/lib/python3.12/site-packages/airflow/example_dags/example_branch_python_dop_operator_3.py
[2025-05-07T13:53:11.629+0000] {logging_mixin.py:190} INFO - [2025-05-07T13:53:11.629+0000] {dag.py:3239} INFO - Sync 1 DAGs
[2025-05-07T13:53:11.717+0000] {logging_mixin.py:190} INFO - [2025-05-07T13:53:11.717+0000] {dag.py:4180} INFO - Setting next_dagrun for example_branch_dop_operator_v3 to 2025-05-07 13:52:00+00:00, run_after=2025-05-07 13:53:00+00:00
[2025-05-07T13:53:11.824+0000] {processor.py:208} INFO - Processing /home/airflow/.local/lib/python3.12/site-packages/airflow/example_dags/example_branch_python_dop_operator_3.py took 0.385 seconds
[2025-05-07T13:54:05.811+0000] {processor.py:186} INFO - Started process (PID=1304) to work on /home/airflow/.local/lib/python3.12/site-packages/airflow/example_dags/example_branch_python_dop_operator_3.py
[2025-05-07T13:54:05.829+0000] {processor.py:914} INFO - Processing file /home/airflow/.local/lib/python3.12/site-packages/airflow/example_dags/example_branch_python_dop_operator_3.py for tasks to queue
[2025-05-07T13:54:05.840+0000] {logging_mixin.py:190} INFO - [2025-05-07T13:54:05.838+0000] {dagbag.py:588} INFO - Filling up the DagBag from /home/airflow/.local/lib/python3.12/site-packages/airflow/example_dags/example_branch_python_dop_operator_3.py
[2025-05-07T13:54:05.865+0000] {processor.py:925} INFO - DAG(s) 'example_branch_dop_operator_v3' retrieved from /home/airflow/.local/lib/python3.12/site-packages/airflow/example_dags/example_branch_python_dop_operator_3.py
[2025-05-07T13:54:06.361+0000] {logging_mixin.py:190} INFO - [2025-05-07T13:54:06.361+0000] {dag.py:3239} INFO - Sync 1 DAGs
[2025-05-07T13:54:06.852+0000] {logging_mixin.py:190} INFO - [2025-05-07T13:54:06.851+0000] {dag.py:4180} INFO - Setting next_dagrun for example_branch_dop_operator_v3 to 2025-05-07 13:53:00+00:00, run_after=2025-05-07 13:54:00+00:00
[2025-05-07T13:54:07.117+0000] {processor.py:208} INFO - Processing /home/airflow/.local/lib/python3.12/site-packages/airflow/example_dags/example_branch_python_dop_operator_3.py took 1.323 seconds
[2025-05-07T13:55:11.123+0000] {processor.py:186} INFO - Started process (PID=1397) to work on /home/airflow/.local/lib/python3.12/site-packages/airflow/example_dags/example_branch_python_dop_operator_3.py
[2025-05-07T13:55:11.129+0000] {processor.py:914} INFO - Processing file /home/airflow/.local/lib/python3.12/site-packages/airflow/example_dags/example_branch_python_dop_operator_3.py for tasks to queue
[2025-05-07T13:55:11.136+0000] {logging_mixin.py:190} INFO - [2025-05-07T13:55:11.135+0000] {dagbag.py:588} INFO - Filling up the DagBag from /home/airflow/.local/lib/python3.12/site-packages/airflow/example_dags/example_branch_python_dop_operator_3.py
[2025-05-07T13:55:11.168+0000] {processor.py:925} INFO - DAG(s) 'example_branch_dop_operator_v3' retrieved from /home/airflow/.local/lib/python3.12/site-packages/airflow/example_dags/example_branch_python_dop_operator_3.py
[2025-05-07T13:55:11.281+0000] {logging_mixin.py:190} INFO - [2025-05-07T13:55:11.280+0000] {dag.py:3239} INFO - Sync 1 DAGs
[2025-05-07T13:55:11.453+0000] {logging_mixin.py:190} INFO - [2025-05-07T13:55:11.452+0000] {dag.py:4180} INFO - Setting next_dagrun for example_branch_dop_operator_v3 to 2025-05-07 13:54:00+00:00, run_after=2025-05-07 13:55:00+00:00
[2025-05-07T13:55:11.499+0000] {processor.py:208} INFO - Processing /home/airflow/.local/lib/python3.12/site-packages/airflow/example_dags/example_branch_python_dop_operator_3.py took 0.391 seconds
