[2025-05-07T13:39:18.345+0000] {processor.py:186} INFO - Started process (PID=99) to work on /home/airflow/.local/lib/python3.12/site-packages/airflow/example_dags/example_latest_only_with_trigger.py
[2025-05-07T13:39:18.346+0000] {processor.py:914} INFO - Processing file /home/airflow/.local/lib/python3.12/site-packages/airflow/example_dags/example_latest_only_with_trigger.py for tasks to queue
[2025-05-07T13:39:18.357+0000] {logging_mixin.py:190} INFO - [2025-05-07T13:39:18.356+0000] {dagbag.py:588} INFO - Filling up the DagBag from /home/airflow/.local/lib/python3.12/site-packages/airflow/example_dags/example_latest_only_with_trigger.py
[2025-05-07T13:39:18.412+0000] {processor.py:925} INFO - DAG(s) 'latest_only_with_trigger' retrieved from /home/airflow/.local/lib/python3.12/site-packages/airflow/example_dags/example_latest_only_with_trigger.py
[2025-05-07T13:39:18.954+0000] {logging_mixin.py:190} INFO - [2025-05-07T13:39:18.953+0000] {dag.py:3239} INFO - Sync 1 DAGs
[2025-05-07T13:39:19.033+0000] {logging_mixin.py:190} INFO - [2025-05-07T13:39:19.032+0000] {dag.py:4180} INFO - Setting next_dagrun for latest_only_with_trigger to 2025-05-07 08:00:00+00:00, run_after=2025-05-07 12:00:00+00:00
[2025-05-07T13:39:19.114+0000] {processor.py:208} INFO - Processing /home/airflow/.local/lib/python3.12/site-packages/airflow/example_dags/example_latest_only_with_trigger.py took 1.088 seconds
[2025-05-07T13:40:15.596+0000] {processor.py:186} INFO - Started process (PID=172) to work on /home/airflow/.local/lib/python3.12/site-packages/airflow/example_dags/example_latest_only_with_trigger.py
[2025-05-07T13:40:15.599+0000] {processor.py:914} INFO - Processing file /home/airflow/.local/lib/python3.12/site-packages/airflow/example_dags/example_latest_only_with_trigger.py for tasks to queue
[2025-05-07T13:40:15.604+0000] {logging_mixin.py:190} INFO - [2025-05-07T13:40:15.604+0000] {dagbag.py:588} INFO - Filling up the DagBag from /home/airflow/.local/lib/python3.12/site-packages/airflow/example_dags/example_latest_only_with_trigger.py
[2025-05-07T13:40:15.618+0000] {processor.py:925} INFO - DAG(s) 'latest_only_with_trigger' retrieved from /home/airflow/.local/lib/python3.12/site-packages/airflow/example_dags/example_latest_only_with_trigger.py
[2025-05-07T13:40:15.702+0000] {logging_mixin.py:190} INFO - [2025-05-07T13:40:15.702+0000] {dag.py:3239} INFO - Sync 1 DAGs
[2025-05-07T13:40:15.776+0000] {logging_mixin.py:190} INFO - [2025-05-07T13:40:15.776+0000] {dag.py:4180} INFO - Setting next_dagrun for latest_only_with_trigger to 2025-05-07 08:00:00+00:00, run_after=2025-05-07 12:00:00+00:00
[2025-05-07T13:40:15.890+0000] {processor.py:208} INFO - Processing /home/airflow/.local/lib/python3.12/site-packages/airflow/example_dags/example_latest_only_with_trigger.py took 0.309 seconds
[2025-05-07T13:41:03.738+0000] {processor.py:186} INFO - Started process (PID=240) to work on /home/airflow/.local/lib/python3.12/site-packages/airflow/example_dags/example_latest_only_with_trigger.py
[2025-05-07T13:41:03.865+0000] {processor.py:914} INFO - Processing file /home/airflow/.local/lib/python3.12/site-packages/airflow/example_dags/example_latest_only_with_trigger.py for tasks to queue
[2025-05-07T13:41:03.882+0000] {logging_mixin.py:190} INFO - [2025-05-07T13:41:03.881+0000] {dagbag.py:588} INFO - Filling up the DagBag from /home/airflow/.local/lib/python3.12/site-packages/airflow/example_dags/example_latest_only_with_trigger.py
[2025-05-07T13:41:03.907+0000] {processor.py:925} INFO - DAG(s) 'latest_only_with_trigger' retrieved from /home/airflow/.local/lib/python3.12/site-packages/airflow/example_dags/example_latest_only_with_trigger.py
[2025-05-07T13:41:05.015+0000] {logging_mixin.py:190} INFO - [2025-05-07T13:41:05.014+0000] {dag.py:3239} INFO - Sync 1 DAGs
[2025-05-07T13:41:05.247+0000] {logging_mixin.py:190} INFO - [2025-05-07T13:41:05.247+0000] {dag.py:4180} INFO - Setting next_dagrun for latest_only_with_trigger to 2025-05-07 08:00:00+00:00, run_after=2025-05-07 12:00:00+00:00
[2025-05-07T13:41:05.349+0000] {processor.py:208} INFO - Processing /home/airflow/.local/lib/python3.12/site-packages/airflow/example_dags/example_latest_only_with_trigger.py took 1.627 seconds
[2025-05-07T13:41:57.863+0000] {processor.py:186} INFO - Started process (PID=316) to work on /home/airflow/.local/lib/python3.12/site-packages/airflow/example_dags/example_latest_only_with_trigger.py
[2025-05-07T13:41:57.866+0000] {processor.py:914} INFO - Processing file /home/airflow/.local/lib/python3.12/site-packages/airflow/example_dags/example_latest_only_with_trigger.py for tasks to queue
[2025-05-07T13:41:57.872+0000] {logging_mixin.py:190} INFO - [2025-05-07T13:41:57.872+0000] {dagbag.py:588} INFO - Filling up the DagBag from /home/airflow/.local/lib/python3.12/site-packages/airflow/example_dags/example_latest_only_with_trigger.py
[2025-05-07T13:41:57.892+0000] {processor.py:925} INFO - DAG(s) 'latest_only_with_trigger' retrieved from /home/airflow/.local/lib/python3.12/site-packages/airflow/example_dags/example_latest_only_with_trigger.py
[2025-05-07T13:41:58.143+0000] {logging_mixin.py:190} INFO - [2025-05-07T13:41:58.143+0000] {dag.py:3239} INFO - Sync 1 DAGs
[2025-05-07T13:41:58.376+0000] {logging_mixin.py:190} INFO - [2025-05-07T13:41:58.375+0000] {dag.py:4180} INFO - Setting next_dagrun for latest_only_with_trigger to 2025-05-07 08:00:00+00:00, run_after=2025-05-07 12:00:00+00:00
[2025-05-07T13:41:58.617+0000] {processor.py:208} INFO - Processing /home/airflow/.local/lib/python3.12/site-packages/airflow/example_dags/example_latest_only_with_trigger.py took 0.798 seconds
[2025-05-07T13:42:49.779+0000] {processor.py:186} INFO - Started process (PID=388) to work on /home/airflow/.local/lib/python3.12/site-packages/airflow/example_dags/example_latest_only_with_trigger.py
[2025-05-07T13:42:49.793+0000] {processor.py:914} INFO - Processing file /home/airflow/.local/lib/python3.12/site-packages/airflow/example_dags/example_latest_only_with_trigger.py for tasks to queue
[2025-05-07T13:42:49.799+0000] {logging_mixin.py:190} INFO - [2025-05-07T13:42:49.798+0000] {dagbag.py:588} INFO - Filling up the DagBag from /home/airflow/.local/lib/python3.12/site-packages/airflow/example_dags/example_latest_only_with_trigger.py
[2025-05-07T13:42:49.812+0000] {processor.py:925} INFO - DAG(s) 'latest_only_with_trigger' retrieved from /home/airflow/.local/lib/python3.12/site-packages/airflow/example_dags/example_latest_only_with_trigger.py
[2025-05-07T13:42:50.234+0000] {logging_mixin.py:190} INFO - [2025-05-07T13:42:50.233+0000] {dag.py:3239} INFO - Sync 1 DAGs
[2025-05-07T13:42:50.360+0000] {logging_mixin.py:190} INFO - [2025-05-07T13:42:50.360+0000] {dag.py:4180} INFO - Setting next_dagrun for latest_only_with_trigger to 2025-05-07 08:00:00+00:00, run_after=2025-05-07 12:00:00+00:00
[2025-05-07T13:42:50.437+0000] {processor.py:208} INFO - Processing /home/airflow/.local/lib/python3.12/site-packages/airflow/example_dags/example_latest_only_with_trigger.py took 0.734 seconds
[2025-05-07T13:43:40.347+0000] {processor.py:186} INFO - Started process (PID=446) to work on /home/airflow/.local/lib/python3.12/site-packages/airflow/example_dags/example_latest_only_with_trigger.py
[2025-05-07T13:43:40.351+0000] {processor.py:914} INFO - Processing file /home/airflow/.local/lib/python3.12/site-packages/airflow/example_dags/example_latest_only_with_trigger.py for tasks to queue
[2025-05-07T13:43:40.356+0000] {logging_mixin.py:190} INFO - [2025-05-07T13:43:40.356+0000] {dagbag.py:588} INFO - Filling up the DagBag from /home/airflow/.local/lib/python3.12/site-packages/airflow/example_dags/example_latest_only_with_trigger.py
[2025-05-07T13:43:40.369+0000] {processor.py:925} INFO - DAG(s) 'latest_only_with_trigger' retrieved from /home/airflow/.local/lib/python3.12/site-packages/airflow/example_dags/example_latest_only_with_trigger.py
[2025-05-07T13:43:40.732+0000] {logging_mixin.py:190} INFO - [2025-05-07T13:43:40.731+0000] {dag.py:3239} INFO - Sync 1 DAGs
[2025-05-07T13:43:40.843+0000] {logging_mixin.py:190} INFO - [2025-05-07T13:43:40.843+0000] {dag.py:4180} INFO - Setting next_dagrun for latest_only_with_trigger to 2025-05-07 08:00:00+00:00, run_after=2025-05-07 12:00:00+00:00
[2025-05-07T13:43:41.141+0000] {processor.py:208} INFO - Processing /home/airflow/.local/lib/python3.12/site-packages/airflow/example_dags/example_latest_only_with_trigger.py took 0.810 seconds
[2025-05-07T13:45:05.668+0000] {processor.py:186} INFO - Started process (PID=526) to work on /home/airflow/.local/lib/python3.12/site-packages/airflow/example_dags/example_latest_only_with_trigger.py
[2025-05-07T13:45:05.675+0000] {processor.py:914} INFO - Processing file /home/airflow/.local/lib/python3.12/site-packages/airflow/example_dags/example_latest_only_with_trigger.py for tasks to queue
[2025-05-07T13:45:05.685+0000] {logging_mixin.py:190} INFO - [2025-05-07T13:45:05.684+0000] {dagbag.py:588} INFO - Filling up the DagBag from /home/airflow/.local/lib/python3.12/site-packages/airflow/example_dags/example_latest_only_with_trigger.py
[2025-05-07T13:45:05.700+0000] {processor.py:925} INFO - DAG(s) 'latest_only_with_trigger' retrieved from /home/airflow/.local/lib/python3.12/site-packages/airflow/example_dags/example_latest_only_with_trigger.py
[2025-05-07T13:45:06.380+0000] {logging_mixin.py:190} INFO - [2025-05-07T13:45:06.379+0000] {dag.py:3239} INFO - Sync 1 DAGs
[2025-05-07T13:45:06.623+0000] {logging_mixin.py:190} INFO - [2025-05-07T13:45:06.623+0000] {dag.py:4180} INFO - Setting next_dagrun for latest_only_with_trigger to 2025-05-07 08:00:00+00:00, run_after=2025-05-07 12:00:00+00:00
[2025-05-07T13:45:06.861+0000] {processor.py:208} INFO - Processing /home/airflow/.local/lib/python3.12/site-packages/airflow/example_dags/example_latest_only_with_trigger.py took 1.374 seconds
[2025-05-07T13:45:59.070+0000] {processor.py:186} INFO - Started process (PID=603) to work on /home/airflow/.local/lib/python3.12/site-packages/airflow/example_dags/example_latest_only_with_trigger.py
[2025-05-07T13:45:59.075+0000] {processor.py:914} INFO - Processing file /home/airflow/.local/lib/python3.12/site-packages/airflow/example_dags/example_latest_only_with_trigger.py for tasks to queue
[2025-05-07T13:45:59.081+0000] {logging_mixin.py:190} INFO - [2025-05-07T13:45:59.080+0000] {dagbag.py:588} INFO - Filling up the DagBag from /home/airflow/.local/lib/python3.12/site-packages/airflow/example_dags/example_latest_only_with_trigger.py
[2025-05-07T13:45:59.098+0000] {processor.py:925} INFO - DAG(s) 'latest_only_with_trigger' retrieved from /home/airflow/.local/lib/python3.12/site-packages/airflow/example_dags/example_latest_only_with_trigger.py
[2025-05-07T13:46:00.317+0000] {logging_mixin.py:190} INFO - [2025-05-07T13:46:00.317+0000] {dag.py:3239} INFO - Sync 1 DAGs
[2025-05-07T13:46:00.370+0000] {logging_mixin.py:190} INFO - [2025-05-07T13:46:00.369+0000] {dag.py:4180} INFO - Setting next_dagrun for latest_only_with_trigger to 2025-05-07 08:00:00+00:00, run_after=2025-05-07 12:00:00+00:00
[2025-05-07T13:46:01.010+0000] {processor.py:208} INFO - Processing /home/airflow/.local/lib/python3.12/site-packages/airflow/example_dags/example_latest_only_with_trigger.py took 1.954 seconds
[2025-05-07T13:46:36.733+0000] {processor.py:186} INFO - Started process (PID=676) to work on /home/airflow/.local/lib/python3.12/site-packages/airflow/example_dags/example_latest_only_with_trigger.py
[2025-05-07T13:46:36.736+0000] {processor.py:914} INFO - Processing file /home/airflow/.local/lib/python3.12/site-packages/airflow/example_dags/example_latest_only_with_trigger.py for tasks to queue
[2025-05-07T13:46:36.741+0000] {logging_mixin.py:190} INFO - [2025-05-07T13:46:36.741+0000] {dagbag.py:588} INFO - Filling up the DagBag from /home/airflow/.local/lib/python3.12/site-packages/airflow/example_dags/example_latest_only_with_trigger.py
[2025-05-07T13:46:36.754+0000] {processor.py:925} INFO - DAG(s) 'latest_only_with_trigger' retrieved from /home/airflow/.local/lib/python3.12/site-packages/airflow/example_dags/example_latest_only_with_trigger.py
[2025-05-07T13:46:36.825+0000] {logging_mixin.py:190} INFO - [2025-05-07T13:46:36.825+0000] {dag.py:3239} INFO - Sync 1 DAGs
[2025-05-07T13:46:36.899+0000] {logging_mixin.py:190} INFO - [2025-05-07T13:46:36.898+0000] {dag.py:4180} INFO - Setting next_dagrun for latest_only_with_trigger to 2025-05-07 08:00:00+00:00, run_after=2025-05-07 12:00:00+00:00
[2025-05-07T13:46:36.981+0000] {processor.py:208} INFO - Processing /home/airflow/.local/lib/python3.12/site-packages/airflow/example_dags/example_latest_only_with_trigger.py took 0.264 seconds
[2025-05-07T13:47:17.457+0000] {processor.py:186} INFO - Started process (PID=746) to work on /home/airflow/.local/lib/python3.12/site-packages/airflow/example_dags/example_latest_only_with_trigger.py
[2025-05-07T13:47:17.459+0000] {processor.py:914} INFO - Processing file /home/airflow/.local/lib/python3.12/site-packages/airflow/example_dags/example_latest_only_with_trigger.py for tasks to queue
[2025-05-07T13:47:17.465+0000] {logging_mixin.py:190} INFO - [2025-05-07T13:47:17.464+0000] {dagbag.py:588} INFO - Filling up the DagBag from /home/airflow/.local/lib/python3.12/site-packages/airflow/example_dags/example_latest_only_with_trigger.py
[2025-05-07T13:47:17.479+0000] {processor.py:925} INFO - DAG(s) 'latest_only_with_trigger' retrieved from /home/airflow/.local/lib/python3.12/site-packages/airflow/example_dags/example_latest_only_with_trigger.py
[2025-05-07T13:47:17.556+0000] {logging_mixin.py:190} INFO - [2025-05-07T13:47:17.555+0000] {dag.py:3239} INFO - Sync 1 DAGs
[2025-05-07T13:47:17.618+0000] {logging_mixin.py:190} INFO - [2025-05-07T13:47:17.618+0000] {dag.py:4180} INFO - Setting next_dagrun for latest_only_with_trigger to 2025-05-07 08:00:00+00:00, run_after=2025-05-07 12:00:00+00:00
[2025-05-07T13:47:17.678+0000] {processor.py:208} INFO - Processing /home/airflow/.local/lib/python3.12/site-packages/airflow/example_dags/example_latest_only_with_trigger.py took 0.236 seconds
[2025-05-07T13:48:54.558+0000] {processor.py:186} INFO - Started process (PID=839) to work on /home/airflow/.local/lib/python3.12/site-packages/airflow/example_dags/example_latest_only_with_trigger.py
[2025-05-07T13:48:54.628+0000] {processor.py:914} INFO - Processing file /home/airflow/.local/lib/python3.12/site-packages/airflow/example_dags/example_latest_only_with_trigger.py for tasks to queue
[2025-05-07T13:48:54.656+0000] {logging_mixin.py:190} INFO - [2025-05-07T13:48:54.655+0000] {dagbag.py:588} INFO - Filling up the DagBag from /home/airflow/.local/lib/python3.12/site-packages/airflow/example_dags/example_latest_only_with_trigger.py
[2025-05-07T13:48:54.668+0000] {processor.py:925} INFO - DAG(s) 'latest_only_with_trigger' retrieved from /home/airflow/.local/lib/python3.12/site-packages/airflow/example_dags/example_latest_only_with_trigger.py
[2025-05-07T13:48:56.052+0000] {logging_mixin.py:190} INFO - [2025-05-07T13:48:56.051+0000] {dag.py:3239} INFO - Sync 1 DAGs
[2025-05-07T13:48:56.476+0000] {logging_mixin.py:190} INFO - [2025-05-07T13:48:56.475+0000] {dag.py:4180} INFO - Setting next_dagrun for latest_only_with_trigger to 2025-05-07 08:00:00+00:00, run_after=2025-05-07 12:00:00+00:00
[2025-05-07T13:48:58.255+0000] {processor.py:208} INFO - Processing /home/airflow/.local/lib/python3.12/site-packages/airflow/example_dags/example_latest_only_with_trigger.py took 3.852 seconds
[2025-05-07T13:50:00.628+0000] {processor.py:186} INFO - Started process (PID=912) to work on /home/airflow/.local/lib/python3.12/site-packages/airflow/example_dags/example_latest_only_with_trigger.py
[2025-05-07T13:50:00.631+0000] {processor.py:914} INFO - Processing file /home/airflow/.local/lib/python3.12/site-packages/airflow/example_dags/example_latest_only_with_trigger.py for tasks to queue
[2025-05-07T13:50:00.637+0000] {logging_mixin.py:190} INFO - [2025-05-07T13:50:00.636+0000] {dagbag.py:588} INFO - Filling up the DagBag from /home/airflow/.local/lib/python3.12/site-packages/airflow/example_dags/example_latest_only_with_trigger.py
[2025-05-07T13:50:00.649+0000] {processor.py:925} INFO - DAG(s) 'latest_only_with_trigger' retrieved from /home/airflow/.local/lib/python3.12/site-packages/airflow/example_dags/example_latest_only_with_trigger.py
[2025-05-07T13:50:00.772+0000] {logging_mixin.py:190} INFO - [2025-05-07T13:50:00.771+0000] {dag.py:3239} INFO - Sync 1 DAGs
[2025-05-07T13:50:00.952+0000] {logging_mixin.py:190} INFO - [2025-05-07T13:50:00.952+0000] {dag.py:4180} INFO - Setting next_dagrun for latest_only_with_trigger to 2025-05-07 08:00:00+00:00, run_after=2025-05-07 12:00:00+00:00
[2025-05-07T13:50:01.316+0000] {processor.py:208} INFO - Processing /home/airflow/.local/lib/python3.12/site-packages/airflow/example_dags/example_latest_only_with_trigger.py took 0.707 seconds
[2025-05-07T13:50:37.447+0000] {processor.py:186} INFO - Started process (PID=976) to work on /home/airflow/.local/lib/python3.12/site-packages/airflow/example_dags/example_latest_only_with_trigger.py
[2025-05-07T13:50:37.450+0000] {processor.py:914} INFO - Processing file /home/airflow/.local/lib/python3.12/site-packages/airflow/example_dags/example_latest_only_with_trigger.py for tasks to queue
[2025-05-07T13:50:37.456+0000] {logging_mixin.py:190} INFO - [2025-05-07T13:50:37.455+0000] {dagbag.py:588} INFO - Filling up the DagBag from /home/airflow/.local/lib/python3.12/site-packages/airflow/example_dags/example_latest_only_with_trigger.py
[2025-05-07T13:50:37.470+0000] {processor.py:925} INFO - DAG(s) 'latest_only_with_trigger' retrieved from /home/airflow/.local/lib/python3.12/site-packages/airflow/example_dags/example_latest_only_with_trigger.py
[2025-05-07T13:50:37.525+0000] {logging_mixin.py:190} INFO - [2025-05-07T13:50:37.525+0000] {dag.py:3239} INFO - Sync 1 DAGs
[2025-05-07T13:50:37.593+0000] {logging_mixin.py:190} INFO - [2025-05-07T13:50:37.593+0000] {dag.py:4180} INFO - Setting next_dagrun for latest_only_with_trigger to 2025-05-07 08:00:00+00:00, run_after=2025-05-07 12:00:00+00:00
[2025-05-07T13:50:37.639+0000] {processor.py:208} INFO - Processing /home/airflow/.local/lib/python3.12/site-packages/airflow/example_dags/example_latest_only_with_trigger.py took 0.207 seconds
[2025-05-07T13:51:19.090+0000] {processor.py:186} INFO - Started process (PID=1047) to work on /home/airflow/.local/lib/python3.12/site-packages/airflow/example_dags/example_latest_only_with_trigger.py
[2025-05-07T13:51:19.155+0000] {processor.py:914} INFO - Processing file /home/airflow/.local/lib/python3.12/site-packages/airflow/example_dags/example_latest_only_with_trigger.py for tasks to queue
[2025-05-07T13:51:19.161+0000] {logging_mixin.py:190} INFO - [2025-05-07T13:51:19.160+0000] {dagbag.py:588} INFO - Filling up the DagBag from /home/airflow/.local/lib/python3.12/site-packages/airflow/example_dags/example_latest_only_with_trigger.py
[2025-05-07T13:51:19.177+0000] {processor.py:925} INFO - DAG(s) 'latest_only_with_trigger' retrieved from /home/airflow/.local/lib/python3.12/site-packages/airflow/example_dags/example_latest_only_with_trigger.py
[2025-05-07T13:51:19.902+0000] {logging_mixin.py:190} INFO - [2025-05-07T13:51:19.902+0000] {dag.py:3239} INFO - Sync 1 DAGs
[2025-05-07T13:51:19.978+0000] {logging_mixin.py:190} INFO - [2025-05-07T13:51:19.978+0000] {dag.py:4180} INFO - Setting next_dagrun for latest_only_with_trigger to 2025-05-07 08:00:00+00:00, run_after=2025-05-07 12:00:00+00:00
[2025-05-07T13:51:20.028+0000] {processor.py:208} INFO - Processing /home/airflow/.local/lib/python3.12/site-packages/airflow/example_dags/example_latest_only_with_trigger.py took 1.007 seconds
[2025-05-07T13:52:15.224+0000] {processor.py:186} INFO - Started process (PID=1130) to work on /home/airflow/.local/lib/python3.12/site-packages/airflow/example_dags/example_latest_only_with_trigger.py
[2025-05-07T13:52:15.239+0000] {processor.py:914} INFO - Processing file /home/airflow/.local/lib/python3.12/site-packages/airflow/example_dags/example_latest_only_with_trigger.py for tasks to queue
[2025-05-07T13:52:15.262+0000] {logging_mixin.py:190} INFO - [2025-05-07T13:52:15.261+0000] {dagbag.py:588} INFO - Filling up the DagBag from /home/airflow/.local/lib/python3.12/site-packages/airflow/example_dags/example_latest_only_with_trigger.py
[2025-05-07T13:52:15.285+0000] {processor.py:925} INFO - DAG(s) 'latest_only_with_trigger' retrieved from /home/airflow/.local/lib/python3.12/site-packages/airflow/example_dags/example_latest_only_with_trigger.py
[2025-05-07T13:52:15.359+0000] {logging_mixin.py:190} INFO - [2025-05-07T13:52:15.358+0000] {dag.py:3239} INFO - Sync 1 DAGs
[2025-05-07T13:52:15.435+0000] {logging_mixin.py:190} INFO - [2025-05-07T13:52:15.434+0000] {dag.py:4180} INFO - Setting next_dagrun for latest_only_with_trigger to 2025-05-07 08:00:00+00:00, run_after=2025-05-07 12:00:00+00:00
[2025-05-07T13:52:15.517+0000] {processor.py:208} INFO - Processing /home/airflow/.local/lib/python3.12/site-packages/airflow/example_dags/example_latest_only_with_trigger.py took 0.325 seconds
[2025-05-07T13:52:57.721+0000] {processor.py:186} INFO - Started process (PID=1205) to work on /home/airflow/.local/lib/python3.12/site-packages/airflow/example_dags/example_latest_only_with_trigger.py
[2025-05-07T13:52:57.725+0000] {processor.py:914} INFO - Processing file /home/airflow/.local/lib/python3.12/site-packages/airflow/example_dags/example_latest_only_with_trigger.py for tasks to queue
[2025-05-07T13:52:57.730+0000] {logging_mixin.py:190} INFO - [2025-05-07T13:52:57.730+0000] {dagbag.py:588} INFO - Filling up the DagBag from /home/airflow/.local/lib/python3.12/site-packages/airflow/example_dags/example_latest_only_with_trigger.py
[2025-05-07T13:52:57.745+0000] {processor.py:925} INFO - DAG(s) 'latest_only_with_trigger' retrieved from /home/airflow/.local/lib/python3.12/site-packages/airflow/example_dags/example_latest_only_with_trigger.py
[2025-05-07T13:52:57.958+0000] {logging_mixin.py:190} INFO - [2025-05-07T13:52:57.957+0000] {dag.py:3239} INFO - Sync 1 DAGs
[2025-05-07T13:52:58.050+0000] {logging_mixin.py:190} INFO - [2025-05-07T13:52:58.050+0000] {dag.py:4180} INFO - Setting next_dagrun for latest_only_with_trigger to 2025-05-07 08:00:00+00:00, run_after=2025-05-07 12:00:00+00:00
[2025-05-07T13:52:58.096+0000] {processor.py:208} INFO - Processing /home/airflow/.local/lib/python3.12/site-packages/airflow/example_dags/example_latest_only_with_trigger.py took 0.387 seconds
[2025-05-07T13:53:30.530+0000] {processor.py:186} INFO - Started process (PID=1268) to work on /home/airflow/.local/lib/python3.12/site-packages/airflow/example_dags/example_latest_only_with_trigger.py
[2025-05-07T13:53:30.532+0000] {processor.py:914} INFO - Processing file /home/airflow/.local/lib/python3.12/site-packages/airflow/example_dags/example_latest_only_with_trigger.py for tasks to queue
[2025-05-07T13:53:30.538+0000] {logging_mixin.py:190} INFO - [2025-05-07T13:53:30.537+0000] {dagbag.py:588} INFO - Filling up the DagBag from /home/airflow/.local/lib/python3.12/site-packages/airflow/example_dags/example_latest_only_with_trigger.py
[2025-05-07T13:53:30.552+0000] {processor.py:925} INFO - DAG(s) 'latest_only_with_trigger' retrieved from /home/airflow/.local/lib/python3.12/site-packages/airflow/example_dags/example_latest_only_with_trigger.py
[2025-05-07T13:53:31.135+0000] {logging_mixin.py:190} INFO - [2025-05-07T13:53:31.124+0000] {dag.py:3239} INFO - Sync 1 DAGs
[2025-05-07T13:53:32.714+0000] {logging_mixin.py:190} INFO - [2025-05-07T13:53:32.713+0000] {dag.py:4180} INFO - Setting next_dagrun for latest_only_with_trigger to 2025-05-07 08:00:00+00:00, run_after=2025-05-07 12:00:00+00:00
[2025-05-07T13:53:33.184+0000] {processor.py:208} INFO - Processing /home/airflow/.local/lib/python3.12/site-packages/airflow/example_dags/example_latest_only_with_trigger.py took 2.670 seconds
[2025-05-07T13:54:28.245+0000] {processor.py:186} INFO - Started process (PID=1326) to work on /home/airflow/.local/lib/python3.12/site-packages/airflow/example_dags/example_latest_only_with_trigger.py
[2025-05-07T13:54:28.254+0000] {processor.py:914} INFO - Processing file /home/airflow/.local/lib/python3.12/site-packages/airflow/example_dags/example_latest_only_with_trigger.py for tasks to queue
[2025-05-07T13:54:28.302+0000] {logging_mixin.py:190} INFO - [2025-05-07T13:54:28.301+0000] {dagbag.py:588} INFO - Filling up the DagBag from /home/airflow/.local/lib/python3.12/site-packages/airflow/example_dags/example_latest_only_with_trigger.py
[2025-05-07T13:54:28.403+0000] {processor.py:925} INFO - DAG(s) 'latest_only_with_trigger' retrieved from /home/airflow/.local/lib/python3.12/site-packages/airflow/example_dags/example_latest_only_with_trigger.py
[2025-05-07T13:54:28.841+0000] {logging_mixin.py:190} INFO - [2025-05-07T13:54:28.841+0000] {dag.py:3239} INFO - Sync 1 DAGs
[2025-05-07T13:54:29.351+0000] {logging_mixin.py:190} INFO - [2025-05-07T13:54:29.351+0000] {dag.py:4180} INFO - Setting next_dagrun for latest_only_with_trigger to 2025-05-07 08:00:00+00:00, run_after=2025-05-07 12:00:00+00:00
[2025-05-07T13:54:29.707+0000] {processor.py:208} INFO - Processing /home/airflow/.local/lib/python3.12/site-packages/airflow/example_dags/example_latest_only_with_trigger.py took 1.515 seconds
[2025-05-07T13:55:12.241+0000] {processor.py:186} INFO - Started process (PID=1401) to work on /home/airflow/.local/lib/python3.12/site-packages/airflow/example_dags/example_latest_only_with_trigger.py
[2025-05-07T13:55:12.277+0000] {processor.py:914} INFO - Processing file /home/airflow/.local/lib/python3.12/site-packages/airflow/example_dags/example_latest_only_with_trigger.py for tasks to queue
[2025-05-07T13:55:12.282+0000] {logging_mixin.py:190} INFO - [2025-05-07T13:55:12.282+0000] {dagbag.py:588} INFO - Filling up the DagBag from /home/airflow/.local/lib/python3.12/site-packages/airflow/example_dags/example_latest_only_with_trigger.py
[2025-05-07T13:55:12.296+0000] {processor.py:925} INFO - DAG(s) 'latest_only_with_trigger' retrieved from /home/airflow/.local/lib/python3.12/site-packages/airflow/example_dags/example_latest_only_with_trigger.py
[2025-05-07T13:55:12.471+0000] {logging_mixin.py:190} INFO - [2025-05-07T13:55:12.470+0000] {dag.py:3239} INFO - Sync 1 DAGs
[2025-05-07T13:55:12.551+0000] {logging_mixin.py:190} INFO - [2025-05-07T13:55:12.551+0000] {dag.py:4180} INFO - Setting next_dagrun for latest_only_with_trigger to 2025-05-07 08:00:00+00:00, run_after=2025-05-07 12:00:00+00:00
[2025-05-07T13:55:12.613+0000] {processor.py:208} INFO - Processing /home/airflow/.local/lib/python3.12/site-packages/airflow/example_dags/example_latest_only_with_trigger.py took 0.385 seconds
