[2025-05-07T13:39:19.414+0000] {processor.py:186} INFO - Started process (PID=102) to work on /home/airflow/.local/lib/python3.12/site-packages/airflow/example_dags/example_dag_decorator.py
[2025-05-07T13:39:19.415+0000] {processor.py:914} INFO - Processing file /home/airflow/.local/lib/python3.12/site-packages/airflow/example_dags/example_dag_decorator.py for tasks to queue
[2025-05-07T13:39:19.421+0000] {logging_mixin.py:190} INFO - [2025-05-07T13:39:19.420+0000] {dagbag.py:588} INFO - Filling up the DagBag from /home/airflow/.local/lib/python3.12/site-packages/airflow/example_dags/example_dag_decorator.py
[2025-05-07T13:39:19.446+0000] {processor.py:925} INFO - DAG(s) 'example_dag_decorator' retrieved from /home/airflow/.local/lib/python3.12/site-packages/airflow/example_dags/example_dag_decorator.py
[2025-05-07T13:39:20.053+0000] {logging_mixin.py:190} INFO - [2025-05-07T13:39:20.053+0000] {dag.py:3239} INFO - Sync 1 DAGs
[2025-05-07T13:39:20.084+0000] {logging_mixin.py:190} INFO - [2025-05-07T13:39:20.083+0000] {dag.py:4180} INFO - Setting next_dagrun for example_dag_decorator to None, run_after=None
[2025-05-07T13:39:20.132+0000] {processor.py:208} INFO - Processing /home/airflow/.local/lib/python3.12/site-packages/airflow/example_dags/example_dag_decorator.py took 0.731 seconds
[2025-05-07T13:40:16.038+0000] {processor.py:186} INFO - Started process (PID=175) to work on /home/airflow/.local/lib/python3.12/site-packages/airflow/example_dags/example_dag_decorator.py
[2025-05-07T13:40:16.041+0000] {processor.py:914} INFO - Processing file /home/airflow/.local/lib/python3.12/site-packages/airflow/example_dags/example_dag_decorator.py for tasks to queue
[2025-05-07T13:40:16.063+0000] {logging_mixin.py:190} INFO - [2025-05-07T13:40:16.061+0000] {dagbag.py:588} INFO - Filling up the DagBag from /home/airflow/.local/lib/python3.12/site-packages/airflow/example_dags/example_dag_decorator.py
[2025-05-07T13:40:16.097+0000] {processor.py:925} INFO - DAG(s) 'example_dag_decorator' retrieved from /home/airflow/.local/lib/python3.12/site-packages/airflow/example_dags/example_dag_decorator.py
[2025-05-07T13:40:16.247+0000] {logging_mixin.py:190} INFO - [2025-05-07T13:40:16.247+0000] {dag.py:3239} INFO - Sync 1 DAGs
[2025-05-07T13:40:16.281+0000] {logging_mixin.py:190} INFO - [2025-05-07T13:40:16.280+0000] {dag.py:4180} INFO - Setting next_dagrun for example_dag_decorator to None, run_after=None
[2025-05-07T13:40:16.880+0000] {processor.py:208} INFO - Processing /home/airflow/.local/lib/python3.12/site-packages/airflow/example_dags/example_dag_decorator.py took 0.856 seconds
[2025-05-07T13:41:04.558+0000] {processor.py:186} INFO - Started process (PID=243) to work on /home/airflow/.local/lib/python3.12/site-packages/airflow/example_dags/example_dag_decorator.py
[2025-05-07T13:41:04.569+0000] {processor.py:914} INFO - Processing file /home/airflow/.local/lib/python3.12/site-packages/airflow/example_dags/example_dag_decorator.py for tasks to queue
[2025-05-07T13:41:04.577+0000] {logging_mixin.py:190} INFO - [2025-05-07T13:41:04.576+0000] {dagbag.py:588} INFO - Filling up the DagBag from /home/airflow/.local/lib/python3.12/site-packages/airflow/example_dags/example_dag_decorator.py
[2025-05-07T13:41:04.602+0000] {processor.py:925} INFO - DAG(s) 'example_dag_decorator' retrieved from /home/airflow/.local/lib/python3.12/site-packages/airflow/example_dags/example_dag_decorator.py
[2025-05-07T13:41:04.862+0000] {logging_mixin.py:190} INFO - [2025-05-07T13:41:04.861+0000] {dag.py:3239} INFO - Sync 1 DAGs
[2025-05-07T13:41:04.898+0000] {logging_mixin.py:190} INFO - [2025-05-07T13:41:04.897+0000] {dag.py:4180} INFO - Setting next_dagrun for example_dag_decorator to None, run_after=None
[2025-05-07T13:41:05.005+0000] {processor.py:208} INFO - Processing /home/airflow/.local/lib/python3.12/site-packages/airflow/example_dags/example_dag_decorator.py took 0.476 seconds
[2025-05-07T13:42:00.403+0000] {processor.py:186} INFO - Started process (PID=320) to work on /home/airflow/.local/lib/python3.12/site-packages/airflow/example_dags/example_dag_decorator.py
[2025-05-07T13:42:00.469+0000] {processor.py:914} INFO - Processing file /home/airflow/.local/lib/python3.12/site-packages/airflow/example_dags/example_dag_decorator.py for tasks to queue
[2025-05-07T13:42:00.867+0000] {logging_mixin.py:190} INFO - [2025-05-07T13:42:00.867+0000] {dagbag.py:588} INFO - Filling up the DagBag from /home/airflow/.local/lib/python3.12/site-packages/airflow/example_dags/example_dag_decorator.py
[2025-05-07T13:42:00.923+0000] {processor.py:925} INFO - DAG(s) 'example_dag_decorator' retrieved from /home/airflow/.local/lib/python3.12/site-packages/airflow/example_dags/example_dag_decorator.py
[2025-05-07T13:42:01.432+0000] {logging_mixin.py:190} INFO - [2025-05-07T13:42:01.431+0000] {dag.py:3239} INFO - Sync 1 DAGs
[2025-05-07T13:42:01.638+0000] {logging_mixin.py:190} INFO - [2025-05-07T13:42:01.638+0000] {dag.py:4180} INFO - Setting next_dagrun for example_dag_decorator to None, run_after=None
[2025-05-07T13:42:01.685+0000] {processor.py:208} INFO - Processing /home/airflow/.local/lib/python3.12/site-packages/airflow/example_dags/example_dag_decorator.py took 1.295 seconds
[2025-05-07T13:42:54.324+0000] {processor.py:186} INFO - Started process (PID=392) to work on /home/airflow/.local/lib/python3.12/site-packages/airflow/example_dags/example_dag_decorator.py
[2025-05-07T13:42:54.330+0000] {processor.py:914} INFO - Processing file /home/airflow/.local/lib/python3.12/site-packages/airflow/example_dags/example_dag_decorator.py for tasks to queue
[2025-05-07T13:42:54.338+0000] {logging_mixin.py:190} INFO - [2025-05-07T13:42:54.337+0000] {dagbag.py:588} INFO - Filling up the DagBag from /home/airflow/.local/lib/python3.12/site-packages/airflow/example_dags/example_dag_decorator.py
[2025-05-07T13:42:54.363+0000] {processor.py:925} INFO - DAG(s) 'example_dag_decorator' retrieved from /home/airflow/.local/lib/python3.12/site-packages/airflow/example_dags/example_dag_decorator.py
[2025-05-07T13:42:54.597+0000] {logging_mixin.py:190} INFO - [2025-05-07T13:42:54.597+0000] {dag.py:3239} INFO - Sync 1 DAGs
[2025-05-07T13:42:54.627+0000] {logging_mixin.py:190} INFO - [2025-05-07T13:42:54.626+0000] {dag.py:4180} INFO - Setting next_dagrun for example_dag_decorator to None, run_after=None
[2025-05-07T13:42:54.845+0000] {processor.py:208} INFO - Processing /home/airflow/.local/lib/python3.12/site-packages/airflow/example_dags/example_dag_decorator.py took 0.539 seconds
[2025-05-07T13:43:42.683+0000] {processor.py:186} INFO - Started process (PID=449) to work on /home/airflow/.local/lib/python3.12/site-packages/airflow/example_dags/example_dag_decorator.py
[2025-05-07T13:43:42.687+0000] {processor.py:914} INFO - Processing file /home/airflow/.local/lib/python3.12/site-packages/airflow/example_dags/example_dag_decorator.py for tasks to queue
[2025-05-07T13:43:42.693+0000] {logging_mixin.py:190} INFO - [2025-05-07T13:43:42.692+0000] {dagbag.py:588} INFO - Filling up the DagBag from /home/airflow/.local/lib/python3.12/site-packages/airflow/example_dags/example_dag_decorator.py
[2025-05-07T13:43:42.728+0000] {processor.py:925} INFO - DAG(s) 'example_dag_decorator' retrieved from /home/airflow/.local/lib/python3.12/site-packages/airflow/example_dags/example_dag_decorator.py
[2025-05-07T13:43:43.128+0000] {logging_mixin.py:190} INFO - [2025-05-07T13:43:43.128+0000] {dag.py:3239} INFO - Sync 1 DAGs
[2025-05-07T13:43:43.158+0000] {logging_mixin.py:190} INFO - [2025-05-07T13:43:43.158+0000] {dag.py:4180} INFO - Setting next_dagrun for example_dag_decorator to None, run_after=None
[2025-05-07T13:43:43.355+0000] {processor.py:208} INFO - Processing /home/airflow/.local/lib/python3.12/site-packages/airflow/example_dags/example_dag_decorator.py took 0.696 seconds
[2025-05-07T13:45:08.024+0000] {processor.py:186} INFO - Started process (PID=529) to work on /home/airflow/.local/lib/python3.12/site-packages/airflow/example_dags/example_dag_decorator.py
[2025-05-07T13:45:08.126+0000] {processor.py:914} INFO - Processing file /home/airflow/.local/lib/python3.12/site-packages/airflow/example_dags/example_dag_decorator.py for tasks to queue
[2025-05-07T13:45:08.135+0000] {logging_mixin.py:190} INFO - [2025-05-07T13:45:08.134+0000] {dagbag.py:588} INFO - Filling up the DagBag from /home/airflow/.local/lib/python3.12/site-packages/airflow/example_dags/example_dag_decorator.py
[2025-05-07T13:45:08.164+0000] {processor.py:925} INFO - DAG(s) 'example_dag_decorator' retrieved from /home/airflow/.local/lib/python3.12/site-packages/airflow/example_dags/example_dag_decorator.py
[2025-05-07T13:45:08.718+0000] {logging_mixin.py:190} INFO - [2025-05-07T13:45:08.717+0000] {dag.py:3239} INFO - Sync 1 DAGs
[2025-05-07T13:45:08.848+0000] {logging_mixin.py:190} INFO - [2025-05-07T13:45:08.848+0000] {dag.py:4180} INFO - Setting next_dagrun for example_dag_decorator to None, run_after=None
[2025-05-07T13:45:09.103+0000] {processor.py:208} INFO - Processing /home/airflow/.local/lib/python3.12/site-packages/airflow/example_dags/example_dag_decorator.py took 1.148 seconds
[2025-05-07T13:46:02.113+0000] {processor.py:186} INFO - Started process (PID=612) to work on /home/airflow/.local/lib/python3.12/site-packages/airflow/example_dags/example_dag_decorator.py
[2025-05-07T13:46:02.116+0000] {processor.py:914} INFO - Processing file /home/airflow/.local/lib/python3.12/site-packages/airflow/example_dags/example_dag_decorator.py for tasks to queue
[2025-05-07T13:46:02.122+0000] {logging_mixin.py:190} INFO - [2025-05-07T13:46:02.121+0000] {dagbag.py:588} INFO - Filling up the DagBag from /home/airflow/.local/lib/python3.12/site-packages/airflow/example_dags/example_dag_decorator.py
[2025-05-07T13:46:02.184+0000] {processor.py:925} INFO - DAG(s) 'example_dag_decorator' retrieved from /home/airflow/.local/lib/python3.12/site-packages/airflow/example_dags/example_dag_decorator.py
[2025-05-07T13:46:02.397+0000] {logging_mixin.py:190} INFO - [2025-05-07T13:46:02.396+0000] {dag.py:3239} INFO - Sync 1 DAGs
[2025-05-07T13:46:02.451+0000] {logging_mixin.py:190} INFO - [2025-05-07T13:46:02.450+0000] {dag.py:4180} INFO - Setting next_dagrun for example_dag_decorator to None, run_after=None
[2025-05-07T13:46:02.525+0000] {processor.py:208} INFO - Processing /home/airflow/.local/lib/python3.12/site-packages/airflow/example_dags/example_dag_decorator.py took 0.430 seconds
[2025-05-07T13:46:44.422+0000] {processor.py:186} INFO - Started process (PID=686) to work on /home/airflow/.local/lib/python3.12/site-packages/airflow/example_dags/example_dag_decorator.py
[2025-05-07T13:46:44.424+0000] {processor.py:914} INFO - Processing file /home/airflow/.local/lib/python3.12/site-packages/airflow/example_dags/example_dag_decorator.py for tasks to queue
[2025-05-07T13:46:44.430+0000] {logging_mixin.py:190} INFO - [2025-05-07T13:46:44.429+0000] {dagbag.py:588} INFO - Filling up the DagBag from /home/airflow/.local/lib/python3.12/site-packages/airflow/example_dags/example_dag_decorator.py
[2025-05-07T13:46:44.461+0000] {processor.py:925} INFO - DAG(s) 'example_dag_decorator' retrieved from /home/airflow/.local/lib/python3.12/site-packages/airflow/example_dags/example_dag_decorator.py
[2025-05-07T13:46:45.678+0000] {logging_mixin.py:190} INFO - [2025-05-07T13:46:45.677+0000] {dag.py:3239} INFO - Sync 1 DAGs
[2025-05-07T13:46:45.709+0000] {logging_mixin.py:190} INFO - [2025-05-07T13:46:45.709+0000] {dag.py:4180} INFO - Setting next_dagrun for example_dag_decorator to None, run_after=None
[2025-05-07T13:46:45.856+0000] {processor.py:208} INFO - Processing /home/airflow/.local/lib/python3.12/site-packages/airflow/example_dags/example_dag_decorator.py took 1.449 seconds
[2025-05-07T13:47:20.328+0000] {processor.py:186} INFO - Started process (PID=751) to work on /home/airflow/.local/lib/python3.12/site-packages/airflow/example_dags/example_dag_decorator.py
[2025-05-07T13:47:20.332+0000] {processor.py:914} INFO - Processing file /home/airflow/.local/lib/python3.12/site-packages/airflow/example_dags/example_dag_decorator.py for tasks to queue
[2025-05-07T13:47:20.340+0000] {logging_mixin.py:190} INFO - [2025-05-07T13:47:20.339+0000] {dagbag.py:588} INFO - Filling up the DagBag from /home/airflow/.local/lib/python3.12/site-packages/airflow/example_dags/example_dag_decorator.py
[2025-05-07T13:47:20.365+0000] {processor.py:925} INFO - DAG(s) 'example_dag_decorator' retrieved from /home/airflow/.local/lib/python3.12/site-packages/airflow/example_dags/example_dag_decorator.py
[2025-05-07T13:47:20.526+0000] {logging_mixin.py:190} INFO - [2025-05-07T13:47:20.525+0000] {dag.py:3239} INFO - Sync 1 DAGs
[2025-05-07T13:47:20.555+0000] {logging_mixin.py:190} INFO - [2025-05-07T13:47:20.555+0000] {dag.py:4180} INFO - Setting next_dagrun for example_dag_decorator to None, run_after=None
[2025-05-07T13:47:20.608+0000] {processor.py:208} INFO - Processing /home/airflow/.local/lib/python3.12/site-packages/airflow/example_dags/example_dag_decorator.py took 0.292 seconds
[2025-05-07T13:49:00.049+0000] {processor.py:186} INFO - Started process (PID=842) to work on /home/airflow/.local/lib/python3.12/site-packages/airflow/example_dags/example_dag_decorator.py
[2025-05-07T13:49:00.108+0000] {processor.py:914} INFO - Processing file /home/airflow/.local/lib/python3.12/site-packages/airflow/example_dags/example_dag_decorator.py for tasks to queue
[2025-05-07T13:49:00.116+0000] {logging_mixin.py:190} INFO - [2025-05-07T13:49:00.115+0000] {dagbag.py:588} INFO - Filling up the DagBag from /home/airflow/.local/lib/python3.12/site-packages/airflow/example_dags/example_dag_decorator.py
[2025-05-07T13:49:00.146+0000] {processor.py:925} INFO - DAG(s) 'example_dag_decorator' retrieved from /home/airflow/.local/lib/python3.12/site-packages/airflow/example_dags/example_dag_decorator.py
[2025-05-07T13:49:00.926+0000] {logging_mixin.py:190} INFO - [2025-05-07T13:49:00.926+0000] {dag.py:3239} INFO - Sync 1 DAGs
[2025-05-07T13:49:00.984+0000] {logging_mixin.py:190} INFO - [2025-05-07T13:49:00.983+0000] {dag.py:4180} INFO - Setting next_dagrun for example_dag_decorator to None, run_after=None
[2025-05-07T13:49:01.251+0000] {processor.py:208} INFO - Processing /home/airflow/.local/lib/python3.12/site-packages/airflow/example_dags/example_dag_decorator.py took 1.218 seconds
[2025-05-07T13:50:03.499+0000] {processor.py:186} INFO - Started process (PID=916) to work on /home/airflow/.local/lib/python3.12/site-packages/airflow/example_dags/example_dag_decorator.py
[2025-05-07T13:50:03.504+0000] {processor.py:914} INFO - Processing file /home/airflow/.local/lib/python3.12/site-packages/airflow/example_dags/example_dag_decorator.py for tasks to queue
[2025-05-07T13:50:03.510+0000] {logging_mixin.py:190} INFO - [2025-05-07T13:50:03.509+0000] {dagbag.py:588} INFO - Filling up the DagBag from /home/airflow/.local/lib/python3.12/site-packages/airflow/example_dags/example_dag_decorator.py
[2025-05-07T13:50:03.653+0000] {processor.py:925} INFO - DAG(s) 'example_dag_decorator' retrieved from /home/airflow/.local/lib/python3.12/site-packages/airflow/example_dags/example_dag_decorator.py
[2025-05-07T13:50:03.961+0000] {logging_mixin.py:190} INFO - [2025-05-07T13:50:03.961+0000] {dag.py:3239} INFO - Sync 1 DAGs
[2025-05-07T13:50:04.062+0000] {logging_mixin.py:190} INFO - [2025-05-07T13:50:04.062+0000] {dag.py:4180} INFO - Setting next_dagrun for example_dag_decorator to None, run_after=None
[2025-05-07T13:50:04.207+0000] {processor.py:208} INFO - Processing /home/airflow/.local/lib/python3.12/site-packages/airflow/example_dags/example_dag_decorator.py took 0.722 seconds
[2025-05-07T13:50:41.175+0000] {processor.py:186} INFO - Started process (PID=984) to work on /home/airflow/.local/lib/python3.12/site-packages/airflow/example_dags/example_dag_decorator.py
[2025-05-07T13:50:41.198+0000] {processor.py:914} INFO - Processing file /home/airflow/.local/lib/python3.12/site-packages/airflow/example_dags/example_dag_decorator.py for tasks to queue
[2025-05-07T13:50:42.138+0000] {logging_mixin.py:190} INFO - [2025-05-07T13:50:42.137+0000] {dagbag.py:588} INFO - Filling up the DagBag from /home/airflow/.local/lib/python3.12/site-packages/airflow/example_dags/example_dag_decorator.py
[2025-05-07T13:50:42.172+0000] {processor.py:925} INFO - DAG(s) 'example_dag_decorator' retrieved from /home/airflow/.local/lib/python3.12/site-packages/airflow/example_dags/example_dag_decorator.py
[2025-05-07T13:50:43.638+0000] {logging_mixin.py:190} INFO - [2025-05-07T13:50:43.637+0000] {dag.py:3239} INFO - Sync 1 DAGs
[2025-05-07T13:50:43.747+0000] {logging_mixin.py:190} INFO - [2025-05-07T13:50:43.746+0000] {dag.py:4180} INFO - Setting next_dagrun for example_dag_decorator to None, run_after=None
[2025-05-07T13:50:43.786+0000] {processor.py:208} INFO - Processing /home/airflow/.local/lib/python3.12/site-packages/airflow/example_dags/example_dag_decorator.py took 2.628 seconds
[2025-05-07T13:51:21.634+0000] {processor.py:186} INFO - Started process (PID=1052) to work on /home/airflow/.local/lib/python3.12/site-packages/airflow/example_dags/example_dag_decorator.py
[2025-05-07T13:51:21.637+0000] {processor.py:914} INFO - Processing file /home/airflow/.local/lib/python3.12/site-packages/airflow/example_dags/example_dag_decorator.py for tasks to queue
[2025-05-07T13:51:21.642+0000] {logging_mixin.py:190} INFO - [2025-05-07T13:51:21.642+0000] {dagbag.py:588} INFO - Filling up the DagBag from /home/airflow/.local/lib/python3.12/site-packages/airflow/example_dags/example_dag_decorator.py
[2025-05-07T13:51:21.667+0000] {processor.py:925} INFO - DAG(s) 'example_dag_decorator' retrieved from /home/airflow/.local/lib/python3.12/site-packages/airflow/example_dags/example_dag_decorator.py
[2025-05-07T13:51:21.960+0000] {logging_mixin.py:190} INFO - [2025-05-07T13:51:21.959+0000] {dag.py:3239} INFO - Sync 1 DAGs
[2025-05-07T13:51:22.003+0000] {logging_mixin.py:190} INFO - [2025-05-07T13:51:22.003+0000] {dag.py:4180} INFO - Setting next_dagrun for example_dag_decorator to None, run_after=None
[2025-05-07T13:51:22.044+0000] {processor.py:208} INFO - Processing /home/airflow/.local/lib/python3.12/site-packages/airflow/example_dags/example_dag_decorator.py took 0.422 seconds
[2025-05-07T13:52:16.322+0000] {processor.py:186} INFO - Started process (PID=1133) to work on /home/airflow/.local/lib/python3.12/site-packages/airflow/example_dags/example_dag_decorator.py
[2025-05-07T13:52:16.344+0000] {processor.py:914} INFO - Processing file /home/airflow/.local/lib/python3.12/site-packages/airflow/example_dags/example_dag_decorator.py for tasks to queue
[2025-05-07T13:52:16.355+0000] {logging_mixin.py:190} INFO - [2025-05-07T13:52:16.355+0000] {dagbag.py:588} INFO - Filling up the DagBag from /home/airflow/.local/lib/python3.12/site-packages/airflow/example_dags/example_dag_decorator.py
[2025-05-07T13:52:16.381+0000] {processor.py:925} INFO - DAG(s) 'example_dag_decorator' retrieved from /home/airflow/.local/lib/python3.12/site-packages/airflow/example_dags/example_dag_decorator.py
[2025-05-07T13:52:19.518+0000] {logging_mixin.py:190} INFO - [2025-05-07T13:52:19.518+0000] {dag.py:3239} INFO - Sync 1 DAGs
[2025-05-07T13:52:19.568+0000] {logging_mixin.py:190} INFO - [2025-05-07T13:52:19.568+0000] {dag.py:4180} INFO - Setting next_dagrun for example_dag_decorator to None, run_after=None
[2025-05-07T13:52:19.644+0000] {processor.py:208} INFO - Processing /home/airflow/.local/lib/python3.12/site-packages/airflow/example_dags/example_dag_decorator.py took 3.348 seconds
[2025-05-07T13:53:00.182+0000] {processor.py:186} INFO - Started process (PID=1209) to work on /home/airflow/.local/lib/python3.12/site-packages/airflow/example_dags/example_dag_decorator.py
[2025-05-07T13:53:00.212+0000] {processor.py:914} INFO - Processing file /home/airflow/.local/lib/python3.12/site-packages/airflow/example_dags/example_dag_decorator.py for tasks to queue
[2025-05-07T13:53:00.219+0000] {logging_mixin.py:190} INFO - [2025-05-07T13:53:00.218+0000] {dagbag.py:588} INFO - Filling up the DagBag from /home/airflow/.local/lib/python3.12/site-packages/airflow/example_dags/example_dag_decorator.py
[2025-05-07T13:53:00.249+0000] {processor.py:925} INFO - DAG(s) 'example_dag_decorator' retrieved from /home/airflow/.local/lib/python3.12/site-packages/airflow/example_dags/example_dag_decorator.py
[2025-05-07T13:53:01.103+0000] {logging_mixin.py:190} INFO - [2025-05-07T13:53:01.103+0000] {dag.py:3239} INFO - Sync 1 DAGs
[2025-05-07T13:53:01.282+0000] {logging_mixin.py:190} INFO - [2025-05-07T13:53:01.282+0000] {dag.py:4180} INFO - Setting next_dagrun for example_dag_decorator to None, run_after=None
[2025-05-07T13:53:01.687+0000] {processor.py:208} INFO - Processing /home/airflow/.local/lib/python3.12/site-packages/airflow/example_dags/example_dag_decorator.py took 1.523 seconds
[2025-05-07T13:53:37.717+0000] {processor.py:186} INFO - Started process (PID=1276) to work on /home/airflow/.local/lib/python3.12/site-packages/airflow/example_dags/example_dag_decorator.py
[2025-05-07T13:53:37.853+0000] {processor.py:914} INFO - Processing file /home/airflow/.local/lib/python3.12/site-packages/airflow/example_dags/example_dag_decorator.py for tasks to queue
[2025-05-07T13:53:38.019+0000] {logging_mixin.py:190} INFO - [2025-05-07T13:53:38.018+0000] {dagbag.py:588} INFO - Filling up the DagBag from /home/airflow/.local/lib/python3.12/site-packages/airflow/example_dags/example_dag_decorator.py
[2025-05-07T13:53:38.218+0000] {processor.py:925} INFO - DAG(s) 'example_dag_decorator' retrieved from /home/airflow/.local/lib/python3.12/site-packages/airflow/example_dags/example_dag_decorator.py
[2025-05-07T13:53:39.991+0000] {logging_mixin.py:190} INFO - [2025-05-07T13:53:39.990+0000] {dag.py:3239} INFO - Sync 1 DAGs
[2025-05-07T13:53:40.239+0000] {logging_mixin.py:190} INFO - [2025-05-07T13:53:40.239+0000] {dag.py:4180} INFO - Setting next_dagrun for example_dag_decorator to None, run_after=None
[2025-05-07T13:53:40.868+0000] {processor.py:208} INFO - Processing /home/airflow/.local/lib/python3.12/site-packages/airflow/example_dags/example_dag_decorator.py took 3.194 seconds
[2025-05-07T13:54:54.639+0000] {processor.py:186} INFO - Started process (PID=1364) to work on /home/airflow/.local/lib/python3.12/site-packages/airflow/example_dags/example_dag_decorator.py
[2025-05-07T13:54:54.645+0000] {processor.py:914} INFO - Processing file /home/airflow/.local/lib/python3.12/site-packages/airflow/example_dags/example_dag_decorator.py for tasks to queue
[2025-05-07T13:54:54.651+0000] {logging_mixin.py:190} INFO - [2025-05-07T13:54:54.650+0000] {dagbag.py:588} INFO - Filling up the DagBag from /home/airflow/.local/lib/python3.12/site-packages/airflow/example_dags/example_dag_decorator.py
[2025-05-07T13:54:54.688+0000] {processor.py:925} INFO - DAG(s) 'example_dag_decorator' retrieved from /home/airflow/.local/lib/python3.12/site-packages/airflow/example_dags/example_dag_decorator.py
[2025-05-07T13:54:54.876+0000] {logging_mixin.py:190} INFO - [2025-05-07T13:54:54.876+0000] {dag.py:3239} INFO - Sync 1 DAGs
[2025-05-07T13:54:54.933+0000] {logging_mixin.py:190} INFO - [2025-05-07T13:54:54.933+0000] {dag.py:4180} INFO - Setting next_dagrun for example_dag_decorator to None, run_after=None
[2025-05-07T13:54:54.988+0000] {processor.py:208} INFO - Processing /home/airflow/.local/lib/python3.12/site-packages/airflow/example_dags/example_dag_decorator.py took 0.367 seconds
[2025-05-07T13:55:25.376+0000] {processor.py:186} INFO - Started process (PID=1427) to work on /home/airflow/.local/lib/python3.12/site-packages/airflow/example_dags/example_dag_decorator.py
[2025-05-07T13:55:25.379+0000] {processor.py:914} INFO - Processing file /home/airflow/.local/lib/python3.12/site-packages/airflow/example_dags/example_dag_decorator.py for tasks to queue
[2025-05-07T13:55:25.387+0000] {logging_mixin.py:190} INFO - [2025-05-07T13:55:25.387+0000] {dagbag.py:588} INFO - Filling up the DagBag from /home/airflow/.local/lib/python3.12/site-packages/airflow/example_dags/example_dag_decorator.py
[2025-05-07T13:55:25.419+0000] {processor.py:925} INFO - DAG(s) 'example_dag_decorator' retrieved from /home/airflow/.local/lib/python3.12/site-packages/airflow/example_dags/example_dag_decorator.py
[2025-05-07T13:55:25.614+0000] {logging_mixin.py:190} INFO - [2025-05-07T13:55:25.613+0000] {dag.py:3239} INFO - Sync 1 DAGs
[2025-05-07T13:55:26.296+0000] {logging_mixin.py:190} INFO - [2025-05-07T13:55:26.296+0000] {dag.py:4180} INFO - Setting next_dagrun for example_dag_decorator to None, run_after=None
[2025-05-07T13:55:26.360+0000] {processor.py:208} INFO - Processing /home/airflow/.local/lib/python3.12/site-packages/airflow/example_dags/example_dag_decorator.py took 0.999 seconds
