[2025-05-07T13:39:15.274+0000] {processor.py:186} INFO - Started process (PID=98) to work on /home/airflow/.local/lib/python3.12/site-packages/airflow/example_dags/example_branch_operator.py
[2025-05-07T13:39:15.275+0000] {processor.py:914} INFO - Processing file /home/airflow/.local/lib/python3.12/site-packages/airflow/example_dags/example_branch_operator.py for tasks to queue
[2025-05-07T13:39:15.281+0000] {logging_mixin.py:190} INFO - [2025-05-07T13:39:15.280+0000] {dagbag.py:588} INFO - Filling up the DagBag from /home/airflow/.local/lib/python3.12/site-packages/airflow/example_dags/example_branch_operator.py
[2025-05-07T13:39:15.321+0000] {processor.py:925} INFO - DAG(s) 'example_branch_operator' retrieved from /home/airflow/.local/lib/python3.12/site-packages/airflow/example_dags/example_branch_operator.py
[2025-05-07T13:39:16.194+0000] {logging_mixin.py:190} INFO - [2025-05-07T13:39:16.194+0000] {dag.py:3239} INFO - Sync 1 DAGs
[2025-05-07T13:39:16.372+0000] {logging_mixin.py:190} INFO - [2025-05-07T13:39:16.372+0000] {dag.py:4180} INFO - Setting next_dagrun for example_branch_operator to 2025-05-06 00:00:00+00:00, run_after=2025-05-07 00:00:00+00:00
[2025-05-07T13:39:16.625+0000] {processor.py:208} INFO - Processing /home/airflow/.local/lib/python3.12/site-packages/airflow/example_dags/example_branch_operator.py took 1.365 seconds
[2025-05-07T13:40:15.319+0000] {processor.py:186} INFO - Started process (PID=171) to work on /home/airflow/.local/lib/python3.12/site-packages/airflow/example_dags/example_branch_operator.py
[2025-05-07T13:40:15.325+0000] {processor.py:914} INFO - Processing file /home/airflow/.local/lib/python3.12/site-packages/airflow/example_dags/example_branch_operator.py for tasks to queue
[2025-05-07T13:40:15.331+0000] {logging_mixin.py:190} INFO - [2025-05-07T13:40:15.330+0000] {dagbag.py:588} INFO - Filling up the DagBag from /home/airflow/.local/lib/python3.12/site-packages/airflow/example_dags/example_branch_operator.py
[2025-05-07T13:40:15.372+0000] {processor.py:925} INFO - DAG(s) 'example_branch_operator' retrieved from /home/airflow/.local/lib/python3.12/site-packages/airflow/example_dags/example_branch_operator.py
[2025-05-07T13:40:15.458+0000] {logging_mixin.py:190} INFO - [2025-05-07T13:40:15.457+0000] {dag.py:3239} INFO - Sync 1 DAGs
[2025-05-07T13:40:15.523+0000] {logging_mixin.py:190} INFO - [2025-05-07T13:40:15.523+0000] {dag.py:4180} INFO - Setting next_dagrun for example_branch_operator to 2025-05-06 00:00:00+00:00, run_after=2025-05-07 00:00:00+00:00
[2025-05-07T13:40:15.595+0000] {processor.py:208} INFO - Processing /home/airflow/.local/lib/python3.12/site-packages/airflow/example_dags/example_branch_operator.py took 0.290 seconds
[2025-05-07T13:41:03.428+0000] {processor.py:186} INFO - Started process (PID=239) to work on /home/airflow/.local/lib/python3.12/site-packages/airflow/example_dags/example_branch_operator.py
[2025-05-07T13:41:03.438+0000] {processor.py:914} INFO - Processing file /home/airflow/.local/lib/python3.12/site-packages/airflow/example_dags/example_branch_operator.py for tasks to queue
[2025-05-07T13:41:03.446+0000] {logging_mixin.py:190} INFO - [2025-05-07T13:41:03.446+0000] {dagbag.py:588} INFO - Filling up the DagBag from /home/airflow/.local/lib/python3.12/site-packages/airflow/example_dags/example_branch_operator.py
[2025-05-07T13:41:03.565+0000] {processor.py:925} INFO - DAG(s) 'example_branch_operator' retrieved from /home/airflow/.local/lib/python3.12/site-packages/airflow/example_dags/example_branch_operator.py
[2025-05-07T13:41:03.682+0000] {logging_mixin.py:190} INFO - [2025-05-07T13:41:03.682+0000] {dag.py:3239} INFO - Sync 1 DAGs
[2025-05-07T13:41:03.770+0000] {logging_mixin.py:190} INFO - [2025-05-07T13:41:03.768+0000] {dag.py:4180} INFO - Setting next_dagrun for example_branch_operator to 2025-05-06 00:00:00+00:00, run_after=2025-05-07 00:00:00+00:00
[2025-05-07T13:41:03.833+0000] {processor.py:208} INFO - Processing /home/airflow/.local/lib/python3.12/site-packages/airflow/example_dags/example_branch_operator.py took 0.424 seconds
[2025-05-07T13:41:42.242+0000] {processor.py:186} INFO - Started process (PID=309) to work on /home/airflow/.local/lib/python3.12/site-packages/airflow/example_dags/example_branch_operator.py
[2025-05-07T13:41:42.370+0000] {processor.py:914} INFO - Processing file /home/airflow/.local/lib/python3.12/site-packages/airflow/example_dags/example_branch_operator.py for tasks to queue
[2025-05-07T13:41:42.376+0000] {logging_mixin.py:190} INFO - [2025-05-07T13:41:42.375+0000] {dagbag.py:588} INFO - Filling up the DagBag from /home/airflow/.local/lib/python3.12/site-packages/airflow/example_dags/example_branch_operator.py
[2025-05-07T13:41:42.441+0000] {processor.py:925} INFO - DAG(s) 'example_branch_operator' retrieved from /home/airflow/.local/lib/python3.12/site-packages/airflow/example_dags/example_branch_operator.py
[2025-05-07T13:41:43.256+0000] {logging_mixin.py:190} INFO - [2025-05-07T13:41:43.255+0000] {dag.py:3239} INFO - Sync 1 DAGs
[2025-05-07T13:41:43.670+0000] {logging_mixin.py:190} INFO - [2025-05-07T13:41:43.665+0000] {dag.py:4180} INFO - Setting next_dagrun for example_branch_operator to 2025-05-06 00:00:00+00:00, run_after=2025-05-07 00:00:00+00:00
[2025-05-07T13:41:44.174+0000] {processor.py:208} INFO - Processing /home/airflow/.local/lib/python3.12/site-packages/airflow/example_dags/example_branch_operator.py took 2.026 seconds
[2025-05-07T13:42:48.695+0000] {processor.py:186} INFO - Started process (PID=387) to work on /home/airflow/.local/lib/python3.12/site-packages/airflow/example_dags/example_branch_operator.py
[2025-05-07T13:42:48.698+0000] {processor.py:914} INFO - Processing file /home/airflow/.local/lib/python3.12/site-packages/airflow/example_dags/example_branch_operator.py for tasks to queue
[2025-05-07T13:42:48.752+0000] {logging_mixin.py:190} INFO - [2025-05-07T13:42:48.742+0000] {dagbag.py:588} INFO - Filling up the DagBag from /home/airflow/.local/lib/python3.12/site-packages/airflow/example_dags/example_branch_operator.py
[2025-05-07T13:42:49.014+0000] {processor.py:925} INFO - DAG(s) 'example_branch_operator' retrieved from /home/airflow/.local/lib/python3.12/site-packages/airflow/example_dags/example_branch_operator.py
[2025-05-07T13:42:49.209+0000] {logging_mixin.py:190} INFO - [2025-05-07T13:42:49.207+0000] {dag.py:3239} INFO - Sync 1 DAGs
[2025-05-07T13:42:49.404+0000] {logging_mixin.py:190} INFO - [2025-05-07T13:42:49.403+0000] {dag.py:4180} INFO - Setting next_dagrun for example_branch_operator to 2025-05-06 00:00:00+00:00, run_after=2025-05-07 00:00:00+00:00
[2025-05-07T13:42:49.554+0000] {processor.py:208} INFO - Processing /home/airflow/.local/lib/python3.12/site-packages/airflow/example_dags/example_branch_operator.py took 0.996 seconds
[2025-05-07T13:43:40.306+0000] {processor.py:186} INFO - Started process (PID=445) to work on /home/airflow/.local/lib/python3.12/site-packages/airflow/example_dags/example_branch_operator.py
[2025-05-07T13:43:40.326+0000] {processor.py:914} INFO - Processing file /home/airflow/.local/lib/python3.12/site-packages/airflow/example_dags/example_branch_operator.py for tasks to queue
[2025-05-07T13:43:40.331+0000] {logging_mixin.py:190} INFO - [2025-05-07T13:43:40.331+0000] {dagbag.py:588} INFO - Filling up the DagBag from /home/airflow/.local/lib/python3.12/site-packages/airflow/example_dags/example_branch_operator.py
[2025-05-07T13:43:40.555+0000] {processor.py:925} INFO - DAG(s) 'example_branch_operator' retrieved from /home/airflow/.local/lib/python3.12/site-packages/airflow/example_dags/example_branch_operator.py
[2025-05-07T13:43:41.810+0000] {logging_mixin.py:190} INFO - [2025-05-07T13:43:41.809+0000] {dag.py:3239} INFO - Sync 1 DAGs
[2025-05-07T13:43:42.083+0000] {logging_mixin.py:190} INFO - [2025-05-07T13:43:42.082+0000] {dag.py:4180} INFO - Setting next_dagrun for example_branch_operator to 2025-05-06 00:00:00+00:00, run_after=2025-05-07 00:00:00+00:00
[2025-05-07T13:43:42.239+0000] {processor.py:208} INFO - Processing /home/airflow/.local/lib/python3.12/site-packages/airflow/example_dags/example_branch_operator.py took 1.946 seconds
[2025-05-07T13:45:04.430+0000] {processor.py:186} INFO - Started process (PID=525) to work on /home/airflow/.local/lib/python3.12/site-packages/airflow/example_dags/example_branch_operator.py
[2025-05-07T13:45:04.527+0000] {processor.py:914} INFO - Processing file /home/airflow/.local/lib/python3.12/site-packages/airflow/example_dags/example_branch_operator.py for tasks to queue
[2025-05-07T13:45:04.534+0000] {logging_mixin.py:190} INFO - [2025-05-07T13:45:04.534+0000] {dagbag.py:588} INFO - Filling up the DagBag from /home/airflow/.local/lib/python3.12/site-packages/airflow/example_dags/example_branch_operator.py
[2025-05-07T13:45:04.592+0000] {processor.py:925} INFO - DAG(s) 'example_branch_operator' retrieved from /home/airflow/.local/lib/python3.12/site-packages/airflow/example_dags/example_branch_operator.py
[2025-05-07T13:45:04.981+0000] {logging_mixin.py:190} INFO - [2025-05-07T13:45:04.980+0000] {dag.py:3239} INFO - Sync 1 DAGs
[2025-05-07T13:45:05.142+0000] {logging_mixin.py:190} INFO - [2025-05-07T13:45:05.142+0000] {dag.py:4180} INFO - Setting next_dagrun for example_branch_operator to 2025-05-06 00:00:00+00:00, run_after=2025-05-07 00:00:00+00:00
[2025-05-07T13:45:05.242+0000] {processor.py:208} INFO - Processing /home/airflow/.local/lib/python3.12/site-packages/airflow/example_dags/example_branch_operator.py took 0.829 seconds
[2025-05-07T13:45:58.606+0000] {processor.py:186} INFO - Started process (PID=602) to work on /home/airflow/.local/lib/python3.12/site-packages/airflow/example_dags/example_branch_operator.py
[2025-05-07T13:45:58.610+0000] {processor.py:914} INFO - Processing file /home/airflow/.local/lib/python3.12/site-packages/airflow/example_dags/example_branch_operator.py for tasks to queue
[2025-05-07T13:45:58.617+0000] {logging_mixin.py:190} INFO - [2025-05-07T13:45:58.616+0000] {dagbag.py:588} INFO - Filling up the DagBag from /home/airflow/.local/lib/python3.12/site-packages/airflow/example_dags/example_branch_operator.py
[2025-05-07T13:45:58.671+0000] {processor.py:925} INFO - DAG(s) 'example_branch_operator' retrieved from /home/airflow/.local/lib/python3.12/site-packages/airflow/example_dags/example_branch_operator.py
[2025-05-07T13:45:58.860+0000] {logging_mixin.py:190} INFO - [2025-05-07T13:45:58.860+0000] {dag.py:3239} INFO - Sync 1 DAGs
[2025-05-07T13:45:58.924+0000] {logging_mixin.py:190} INFO - [2025-05-07T13:45:58.924+0000] {dag.py:4180} INFO - Setting next_dagrun for example_branch_operator to 2025-05-06 00:00:00+00:00, run_after=2025-05-07 00:00:00+00:00
[2025-05-07T13:45:58.975+0000] {processor.py:208} INFO - Processing /home/airflow/.local/lib/python3.12/site-packages/airflow/example_dags/example_branch_operator.py took 0.384 seconds
[2025-05-07T13:46:32.078+0000] {processor.py:186} INFO - Started process (PID=668) to work on /home/airflow/.local/lib/python3.12/site-packages/airflow/example_dags/example_branch_operator.py
[2025-05-07T13:46:32.081+0000] {processor.py:914} INFO - Processing file /home/airflow/.local/lib/python3.12/site-packages/airflow/example_dags/example_branch_operator.py for tasks to queue
[2025-05-07T13:46:32.087+0000] {logging_mixin.py:190} INFO - [2025-05-07T13:46:32.086+0000] {dagbag.py:588} INFO - Filling up the DagBag from /home/airflow/.local/lib/python3.12/site-packages/airflow/example_dags/example_branch_operator.py
[2025-05-07T13:46:32.143+0000] {processor.py:925} INFO - DAG(s) 'example_branch_operator' retrieved from /home/airflow/.local/lib/python3.12/site-packages/airflow/example_dags/example_branch_operator.py
[2025-05-07T13:46:32.259+0000] {logging_mixin.py:190} INFO - [2025-05-07T13:46:32.259+0000] {dag.py:3239} INFO - Sync 1 DAGs
[2025-05-07T13:46:32.397+0000] {logging_mixin.py:190} INFO - [2025-05-07T13:46:32.396+0000] {dag.py:4180} INFO - Setting next_dagrun for example_branch_operator to 2025-05-06 00:00:00+00:00, run_after=2025-05-07 00:00:00+00:00
[2025-05-07T13:46:32.435+0000] {processor.py:208} INFO - Processing /home/airflow/.local/lib/python3.12/site-packages/airflow/example_dags/example_branch_operator.py took 0.372 seconds
[2025-05-07T13:47:13.536+0000] {processor.py:186} INFO - Started process (PID=738) to work on /home/airflow/.local/lib/python3.12/site-packages/airflow/example_dags/example_branch_operator.py
[2025-05-07T13:47:13.539+0000] {processor.py:914} INFO - Processing file /home/airflow/.local/lib/python3.12/site-packages/airflow/example_dags/example_branch_operator.py for tasks to queue
[2025-05-07T13:47:13.545+0000] {logging_mixin.py:190} INFO - [2025-05-07T13:47:13.544+0000] {dagbag.py:588} INFO - Filling up the DagBag from /home/airflow/.local/lib/python3.12/site-packages/airflow/example_dags/example_branch_operator.py
[2025-05-07T13:47:14.273+0000] {processor.py:925} INFO - DAG(s) 'example_branch_operator' retrieved from /home/airflow/.local/lib/python3.12/site-packages/airflow/example_dags/example_branch_operator.py
[2025-05-07T13:47:14.492+0000] {logging_mixin.py:190} INFO - [2025-05-07T13:47:14.491+0000] {dag.py:3239} INFO - Sync 1 DAGs
[2025-05-07T13:47:14.552+0000] {logging_mixin.py:190} INFO - [2025-05-07T13:47:14.552+0000] {dag.py:4180} INFO - Setting next_dagrun for example_branch_operator to 2025-05-06 00:00:00+00:00, run_after=2025-05-07 00:00:00+00:00
[2025-05-07T13:47:14.617+0000] {processor.py:208} INFO - Processing /home/airflow/.local/lib/python3.12/site-packages/airflow/example_dags/example_branch_operator.py took 1.156 seconds
[2025-05-07T13:48:53.078+0000] {processor.py:186} INFO - Started process (PID=838) to work on /home/airflow/.local/lib/python3.12/site-packages/airflow/example_dags/example_branch_operator.py
[2025-05-07T13:48:53.084+0000] {processor.py:914} INFO - Processing file /home/airflow/.local/lib/python3.12/site-packages/airflow/example_dags/example_branch_operator.py for tasks to queue
[2025-05-07T13:48:53.091+0000] {logging_mixin.py:190} INFO - [2025-05-07T13:48:53.090+0000] {dagbag.py:588} INFO - Filling up the DagBag from /home/airflow/.local/lib/python3.12/site-packages/airflow/example_dags/example_branch_operator.py
[2025-05-07T13:48:53.308+0000] {processor.py:925} INFO - DAG(s) 'example_branch_operator' retrieved from /home/airflow/.local/lib/python3.12/site-packages/airflow/example_dags/example_branch_operator.py
[2025-05-07T13:48:53.577+0000] {logging_mixin.py:190} INFO - [2025-05-07T13:48:53.576+0000] {dag.py:3239} INFO - Sync 1 DAGs
[2025-05-07T13:48:53.761+0000] {logging_mixin.py:190} INFO - [2025-05-07T13:48:53.761+0000] {dag.py:4180} INFO - Setting next_dagrun for example_branch_operator to 2025-05-06 00:00:00+00:00, run_after=2025-05-07 00:00:00+00:00
[2025-05-07T13:48:54.112+0000] {processor.py:208} INFO - Processing /home/airflow/.local/lib/python3.12/site-packages/airflow/example_dags/example_branch_operator.py took 1.054 seconds
[2025-05-07T13:50:00.057+0000] {processor.py:186} INFO - Started process (PID=911) to work on /home/airflow/.local/lib/python3.12/site-packages/airflow/example_dags/example_branch_operator.py
[2025-05-07T13:50:00.107+0000] {processor.py:914} INFO - Processing file /home/airflow/.local/lib/python3.12/site-packages/airflow/example_dags/example_branch_operator.py for tasks to queue
[2025-05-07T13:50:00.127+0000] {logging_mixin.py:190} INFO - [2025-05-07T13:50:00.126+0000] {dagbag.py:588} INFO - Filling up the DagBag from /home/airflow/.local/lib/python3.12/site-packages/airflow/example_dags/example_branch_operator.py
[2025-05-07T13:50:00.169+0000] {processor.py:925} INFO - DAG(s) 'example_branch_operator' retrieved from /home/airflow/.local/lib/python3.12/site-packages/airflow/example_dags/example_branch_operator.py
[2025-05-07T13:50:00.281+0000] {logging_mixin.py:190} INFO - [2025-05-07T13:50:00.281+0000] {dag.py:3239} INFO - Sync 1 DAGs
[2025-05-07T13:50:00.387+0000] {logging_mixin.py:190} INFO - [2025-05-07T13:50:00.386+0000] {dag.py:4180} INFO - Setting next_dagrun for example_branch_operator to 2025-05-06 00:00:00+00:00, run_after=2025-05-07 00:00:00+00:00
[2025-05-07T13:50:00.514+0000] {processor.py:208} INFO - Processing /home/airflow/.local/lib/python3.12/site-packages/airflow/example_dags/example_branch_operator.py took 0.500 seconds
[2025-05-07T13:50:35.913+0000] {processor.py:186} INFO - Started process (PID=975) to work on /home/airflow/.local/lib/python3.12/site-packages/airflow/example_dags/example_branch_operator.py
[2025-05-07T13:50:36.152+0000] {processor.py:914} INFO - Processing file /home/airflow/.local/lib/python3.12/site-packages/airflow/example_dags/example_branch_operator.py for tasks to queue
[2025-05-07T13:50:36.168+0000] {logging_mixin.py:190} INFO - [2025-05-07T13:50:36.162+0000] {dagbag.py:588} INFO - Filling up the DagBag from /home/airflow/.local/lib/python3.12/site-packages/airflow/example_dags/example_branch_operator.py
[2025-05-07T13:50:36.218+0000] {processor.py:925} INFO - DAG(s) 'example_branch_operator' retrieved from /home/airflow/.local/lib/python3.12/site-packages/airflow/example_dags/example_branch_operator.py
[2025-05-07T13:50:36.543+0000] {logging_mixin.py:190} INFO - [2025-05-07T13:50:36.542+0000] {dag.py:3239} INFO - Sync 1 DAGs
[2025-05-07T13:50:36.717+0000] {logging_mixin.py:190} INFO - [2025-05-07T13:50:36.716+0000] {dag.py:4180} INFO - Setting next_dagrun for example_branch_operator to 2025-05-06 00:00:00+00:00, run_after=2025-05-07 00:00:00+00:00
[2025-05-07T13:50:36.904+0000] {processor.py:208} INFO - Processing /home/airflow/.local/lib/python3.12/site-packages/airflow/example_dags/example_branch_operator.py took 1.018 seconds
[2025-05-07T13:51:18.213+0000] {processor.py:186} INFO - Started process (PID=1046) to work on /home/airflow/.local/lib/python3.12/site-packages/airflow/example_dags/example_branch_operator.py
[2025-05-07T13:51:18.334+0000] {processor.py:914} INFO - Processing file /home/airflow/.local/lib/python3.12/site-packages/airflow/example_dags/example_branch_operator.py for tasks to queue
[2025-05-07T13:51:18.341+0000] {logging_mixin.py:190} INFO - [2025-05-07T13:51:18.340+0000] {dagbag.py:588} INFO - Filling up the DagBag from /home/airflow/.local/lib/python3.12/site-packages/airflow/example_dags/example_branch_operator.py
[2025-05-07T13:51:18.394+0000] {processor.py:925} INFO - DAG(s) 'example_branch_operator' retrieved from /home/airflow/.local/lib/python3.12/site-packages/airflow/example_dags/example_branch_operator.py
[2025-05-07T13:51:18.727+0000] {logging_mixin.py:190} INFO - [2025-05-07T13:51:18.727+0000] {dag.py:3239} INFO - Sync 1 DAGs
[2025-05-07T13:51:18.822+0000] {logging_mixin.py:190} INFO - [2025-05-07T13:51:18.821+0000] {dag.py:4180} INFO - Setting next_dagrun for example_branch_operator to 2025-05-06 00:00:00+00:00, run_after=2025-05-07 00:00:00+00:00
[2025-05-07T13:51:18.873+0000] {processor.py:208} INFO - Processing /home/airflow/.local/lib/python3.12/site-packages/airflow/example_dags/example_branch_operator.py took 0.672 seconds
[2025-05-07T13:52:15.119+0000] {processor.py:186} INFO - Started process (PID=1129) to work on /home/airflow/.local/lib/python3.12/site-packages/airflow/example_dags/example_branch_operator.py
[2025-05-07T13:52:15.125+0000] {processor.py:914} INFO - Processing file /home/airflow/.local/lib/python3.12/site-packages/airflow/example_dags/example_branch_operator.py for tasks to queue
[2025-05-07T13:52:15.131+0000] {logging_mixin.py:190} INFO - [2025-05-07T13:52:15.130+0000] {dagbag.py:588} INFO - Filling up the DagBag from /home/airflow/.local/lib/python3.12/site-packages/airflow/example_dags/example_branch_operator.py
[2025-05-07T13:52:15.201+0000] {processor.py:925} INFO - DAG(s) 'example_branch_operator' retrieved from /home/airflow/.local/lib/python3.12/site-packages/airflow/example_dags/example_branch_operator.py
[2025-05-07T13:52:15.713+0000] {logging_mixin.py:190} INFO - [2025-05-07T13:52:15.713+0000] {dag.py:3239} INFO - Sync 1 DAGs
[2025-05-07T13:52:15.984+0000] {logging_mixin.py:190} INFO - [2025-05-07T13:52:15.983+0000] {dag.py:4180} INFO - Setting next_dagrun for example_branch_operator to 2025-05-06 00:00:00+00:00, run_after=2025-05-07 00:00:00+00:00
[2025-05-07T13:52:16.082+0000] {processor.py:208} INFO - Processing /home/airflow/.local/lib/python3.12/site-packages/airflow/example_dags/example_branch_operator.py took 0.977 seconds
[2025-05-07T13:52:56.531+0000] {processor.py:186} INFO - Started process (PID=1204) to work on /home/airflow/.local/lib/python3.12/site-packages/airflow/example_dags/example_branch_operator.py
[2025-05-07T13:52:56.534+0000] {processor.py:914} INFO - Processing file /home/airflow/.local/lib/python3.12/site-packages/airflow/example_dags/example_branch_operator.py for tasks to queue
[2025-05-07T13:52:56.541+0000] {logging_mixin.py:190} INFO - [2025-05-07T13:52:56.540+0000] {dagbag.py:588} INFO - Filling up the DagBag from /home/airflow/.local/lib/python3.12/site-packages/airflow/example_dags/example_branch_operator.py
[2025-05-07T13:52:56.585+0000] {processor.py:925} INFO - DAG(s) 'example_branch_operator' retrieved from /home/airflow/.local/lib/python3.12/site-packages/airflow/example_dags/example_branch_operator.py
[2025-05-07T13:52:57.241+0000] {logging_mixin.py:190} INFO - [2025-05-07T13:52:57.241+0000] {dag.py:3239} INFO - Sync 1 DAGs
[2025-05-07T13:52:57.367+0000] {logging_mixin.py:190} INFO - [2025-05-07T13:52:57.366+0000] {dag.py:4180} INFO - Setting next_dagrun for example_branch_operator to 2025-05-06 00:00:00+00:00, run_after=2025-05-07 00:00:00+00:00
[2025-05-07T13:52:57.652+0000] {processor.py:208} INFO - Processing /home/airflow/.local/lib/python3.12/site-packages/airflow/example_dags/example_branch_operator.py took 1.134 seconds
[2025-05-07T13:53:28.794+0000] {processor.py:186} INFO - Started process (PID=1267) to work on /home/airflow/.local/lib/python3.12/site-packages/airflow/example_dags/example_branch_operator.py
[2025-05-07T13:53:28.796+0000] {processor.py:914} INFO - Processing file /home/airflow/.local/lib/python3.12/site-packages/airflow/example_dags/example_branch_operator.py for tasks to queue
[2025-05-07T13:53:28.802+0000] {logging_mixin.py:190} INFO - [2025-05-07T13:53:28.801+0000] {dagbag.py:588} INFO - Filling up the DagBag from /home/airflow/.local/lib/python3.12/site-packages/airflow/example_dags/example_branch_operator.py
[2025-05-07T13:53:28.849+0000] {processor.py:925} INFO - DAG(s) 'example_branch_operator' retrieved from /home/airflow/.local/lib/python3.12/site-packages/airflow/example_dags/example_branch_operator.py
[2025-05-07T13:53:29.676+0000] {logging_mixin.py:190} INFO - [2025-05-07T13:53:29.675+0000] {dag.py:3239} INFO - Sync 1 DAGs
[2025-05-07T13:53:29.970+0000] {logging_mixin.py:190} INFO - [2025-05-07T13:53:29.970+0000] {dag.py:4180} INFO - Setting next_dagrun for example_branch_operator to 2025-05-06 00:00:00+00:00, run_after=2025-05-07 00:00:00+00:00
[2025-05-07T13:53:30.279+0000] {processor.py:208} INFO - Processing /home/airflow/.local/lib/python3.12/site-packages/airflow/example_dags/example_branch_operator.py took 1.786 seconds
[2025-05-07T13:54:23.321+0000] {processor.py:186} INFO - Started process (PID=1325) to work on /home/airflow/.local/lib/python3.12/site-packages/airflow/example_dags/example_branch_operator.py
[2025-05-07T13:54:23.432+0000] {processor.py:914} INFO - Processing file /home/airflow/.local/lib/python3.12/site-packages/airflow/example_dags/example_branch_operator.py for tasks to queue
[2025-05-07T13:54:23.438+0000] {logging_mixin.py:190} INFO - [2025-05-07T13:54:23.437+0000] {dagbag.py:588} INFO - Filling up the DagBag from /home/airflow/.local/lib/python3.12/site-packages/airflow/example_dags/example_branch_operator.py
[2025-05-07T13:54:23.955+0000] {processor.py:925} INFO - DAG(s) 'example_branch_operator' retrieved from /home/airflow/.local/lib/python3.12/site-packages/airflow/example_dags/example_branch_operator.py
[2025-05-07T13:54:24.908+0000] {logging_mixin.py:190} INFO - [2025-05-07T13:54:24.890+0000] {dag.py:3239} INFO - Sync 1 DAGs
[2025-05-07T13:54:25.993+0000] {logging_mixin.py:190} INFO - [2025-05-07T13:54:25.992+0000] {dag.py:4180} INFO - Setting next_dagrun for example_branch_operator to 2025-05-06 00:00:00+00:00, run_after=2025-05-07 00:00:00+00:00
[2025-05-07T13:54:26.295+0000] {processor.py:208} INFO - Processing /home/airflow/.local/lib/python3.12/site-packages/airflow/example_dags/example_branch_operator.py took 3.070 seconds
[2025-05-07T13:55:10.770+0000] {processor.py:186} INFO - Started process (PID=1396) to work on /home/airflow/.local/lib/python3.12/site-packages/airflow/example_dags/example_branch_operator.py
[2025-05-07T13:55:10.773+0000] {processor.py:914} INFO - Processing file /home/airflow/.local/lib/python3.12/site-packages/airflow/example_dags/example_branch_operator.py for tasks to queue
[2025-05-07T13:55:10.779+0000] {logging_mixin.py:190} INFO - [2025-05-07T13:55:10.778+0000] {dagbag.py:588} INFO - Filling up the DagBag from /home/airflow/.local/lib/python3.12/site-packages/airflow/example_dags/example_branch_operator.py
[2025-05-07T13:55:10.822+0000] {processor.py:925} INFO - DAG(s) 'example_branch_operator' retrieved from /home/airflow/.local/lib/python3.12/site-packages/airflow/example_dags/example_branch_operator.py
[2025-05-07T13:55:10.943+0000] {logging_mixin.py:190} INFO - [2025-05-07T13:55:10.942+0000] {dag.py:3239} INFO - Sync 1 DAGs
[2025-05-07T13:55:11.009+0000] {logging_mixin.py:190} INFO - [2025-05-07T13:55:11.009+0000] {dag.py:4180} INFO - Setting next_dagrun for example_branch_operator to 2025-05-06 00:00:00+00:00, run_after=2025-05-07 00:00:00+00:00
[2025-05-07T13:55:11.063+0000] {processor.py:208} INFO - Processing /home/airflow/.local/lib/python3.12/site-packages/airflow/example_dags/example_branch_operator.py took 0.308 seconds
