[2025-05-07T13:39:20.948+0000] {processor.py:186} INFO - Started process (PID=103) to work on /home/airflow/.local/lib/python3.12/site-packages/airflow/example_dags/example_sla_dag.py
[2025-05-07T13:39:20.949+0000] {processor.py:914} INFO - Processing file /home/airflow/.local/lib/python3.12/site-packages/airflow/example_dags/example_sla_dag.py for tasks to queue
[2025-05-07T13:39:20.956+0000] {logging_mixin.py:190} INFO - [2025-05-07T13:39:20.955+0000] {dagbag.py:588} INFO - Filling up the DagBag from /home/airflow/.local/lib/python3.12/site-packages/airflow/example_dags/example_sla_dag.py
[2025-05-07T13:39:20.978+0000] {processor.py:925} INFO - DAG(s) 'example_sla_dag' retrieved from /home/airflow/.local/lib/python3.12/site-packages/airflow/example_dags/example_sla_dag.py
[2025-05-07T13:39:21.675+0000] {logging_mixin.py:190} INFO - [2025-05-07T13:39:21.675+0000] {dag.py:3239} INFO - Sync 1 DAGs
[2025-05-07T13:39:21.905+0000] {logging_mixin.py:190} INFO - [2025-05-07T13:39:21.905+0000] {dag.py:4180} INFO - Setting next_dagrun for example_sla_dag to 2025-05-07 13:36:00+00:00, run_after=2025-05-07 13:38:00+00:00
[2025-05-07T13:39:21.973+0000] {processor.py:208} INFO - Processing /home/airflow/.local/lib/python3.12/site-packages/airflow/example_dags/example_sla_dag.py took 1.041 seconds
[2025-05-07T13:40:17.253+0000] {processor.py:186} INFO - Started process (PID=176) to work on /home/airflow/.local/lib/python3.12/site-packages/airflow/example_dags/example_sla_dag.py
[2025-05-07T13:40:17.256+0000] {processor.py:914} INFO - Processing file /home/airflow/.local/lib/python3.12/site-packages/airflow/example_dags/example_sla_dag.py for tasks to queue
[2025-05-07T13:40:17.263+0000] {logging_mixin.py:190} INFO - [2025-05-07T13:40:17.262+0000] {dagbag.py:588} INFO - Filling up the DagBag from /home/airflow/.local/lib/python3.12/site-packages/airflow/example_dags/example_sla_dag.py
[2025-05-07T13:40:17.285+0000] {processor.py:925} INFO - DAG(s) 'example_sla_dag' retrieved from /home/airflow/.local/lib/python3.12/site-packages/airflow/example_dags/example_sla_dag.py
[2025-05-07T13:40:17.345+0000] {logging_mixin.py:190} INFO - [2025-05-07T13:40:17.344+0000] {dag.py:3239} INFO - Sync 1 DAGs
[2025-05-07T13:40:17.409+0000] {logging_mixin.py:190} INFO - [2025-05-07T13:40:17.409+0000] {dag.py:4180} INFO - Setting next_dagrun for example_sla_dag to 2025-05-07 13:38:00+00:00, run_after=2025-05-07 13:40:00+00:00
[2025-05-07T13:40:17.883+0000] {processor.py:208} INFO - Processing /home/airflow/.local/lib/python3.12/site-packages/airflow/example_dags/example_sla_dag.py took 0.648 seconds
[2025-05-07T13:41:05.188+0000] {processor.py:186} INFO - Started process (PID=244) to work on /home/airflow/.local/lib/python3.12/site-packages/airflow/example_dags/example_sla_dag.py
[2025-05-07T13:41:05.193+0000] {processor.py:914} INFO - Processing file /home/airflow/.local/lib/python3.12/site-packages/airflow/example_dags/example_sla_dag.py for tasks to queue
[2025-05-07T13:41:05.203+0000] {logging_mixin.py:190} INFO - [2025-05-07T13:41:05.200+0000] {dagbag.py:588} INFO - Filling up the DagBag from /home/airflow/.local/lib/python3.12/site-packages/airflow/example_dags/example_sla_dag.py
[2025-05-07T13:41:05.288+0000] {processor.py:925} INFO - DAG(s) 'example_sla_dag' retrieved from /home/airflow/.local/lib/python3.12/site-packages/airflow/example_dags/example_sla_dag.py
[2025-05-07T13:41:05.423+0000] {logging_mixin.py:190} INFO - [2025-05-07T13:41:05.423+0000] {dag.py:3239} INFO - Sync 1 DAGs
[2025-05-07T13:41:05.494+0000] {logging_mixin.py:190} INFO - [2025-05-07T13:41:05.494+0000] {dag.py:4180} INFO - Setting next_dagrun for example_sla_dag to 2025-05-07 13:38:00+00:00, run_after=2025-05-07 13:40:00+00:00
[2025-05-07T13:41:05.540+0000] {processor.py:208} INFO - Processing /home/airflow/.local/lib/python3.12/site-packages/airflow/example_dags/example_sla_dag.py took 0.383 seconds
[2025-05-07T13:42:01.982+0000] {processor.py:186} INFO - Started process (PID=321) to work on /home/airflow/.local/lib/python3.12/site-packages/airflow/example_dags/example_sla_dag.py
[2025-05-07T13:42:01.988+0000] {processor.py:914} INFO - Processing file /home/airflow/.local/lib/python3.12/site-packages/airflow/example_dags/example_sla_dag.py for tasks to queue
[2025-05-07T13:42:01.995+0000] {logging_mixin.py:190} INFO - [2025-05-07T13:42:01.994+0000] {dagbag.py:588} INFO - Filling up the DagBag from /home/airflow/.local/lib/python3.12/site-packages/airflow/example_dags/example_sla_dag.py
[2025-05-07T13:42:02.261+0000] {processor.py:925} INFO - DAG(s) 'example_sla_dag' retrieved from /home/airflow/.local/lib/python3.12/site-packages/airflow/example_dags/example_sla_dag.py
[2025-05-07T13:42:02.514+0000] {logging_mixin.py:190} INFO - [2025-05-07T13:42:02.513+0000] {dag.py:3239} INFO - Sync 1 DAGs
[2025-05-07T13:42:02.697+0000] {logging_mixin.py:190} INFO - [2025-05-07T13:42:02.697+0000] {dag.py:4180} INFO - Setting next_dagrun for example_sla_dag to 2025-05-07 13:40:00+00:00, run_after=2025-05-07 13:42:00+00:00
[2025-05-07T13:42:04.440+0000] {processor.py:208} INFO - Processing /home/airflow/.local/lib/python3.12/site-packages/airflow/example_dags/example_sla_dag.py took 2.525 seconds
[2025-05-07T13:42:54.968+0000] {processor.py:186} INFO - Started process (PID=393) to work on /home/airflow/.local/lib/python3.12/site-packages/airflow/example_dags/example_sla_dag.py
[2025-05-07T13:42:54.974+0000] {processor.py:914} INFO - Processing file /home/airflow/.local/lib/python3.12/site-packages/airflow/example_dags/example_sla_dag.py for tasks to queue
[2025-05-07T13:42:54.983+0000] {logging_mixin.py:190} INFO - [2025-05-07T13:42:54.982+0000] {dagbag.py:588} INFO - Filling up the DagBag from /home/airflow/.local/lib/python3.12/site-packages/airflow/example_dags/example_sla_dag.py
[2025-05-07T13:42:55.006+0000] {processor.py:925} INFO - DAG(s) 'example_sla_dag' retrieved from /home/airflow/.local/lib/python3.12/site-packages/airflow/example_dags/example_sla_dag.py
[2025-05-07T13:42:55.414+0000] {logging_mixin.py:190} INFO - [2025-05-07T13:42:55.413+0000] {dag.py:3239} INFO - Sync 1 DAGs
[2025-05-07T13:42:56.100+0000] {logging_mixin.py:190} INFO - [2025-05-07T13:42:56.099+0000] {dag.py:4180} INFO - Setting next_dagrun for example_sla_dag to 2025-05-07 13:40:00+00:00, run_after=2025-05-07 13:42:00+00:00
[2025-05-07T13:42:56.535+0000] {processor.py:208} INFO - Processing /home/airflow/.local/lib/python3.12/site-packages/airflow/example_dags/example_sla_dag.py took 1.582 seconds
[2025-05-07T13:44:31.190+0000] {processor.py:186} INFO - Started process (PID=490) to work on /home/airflow/.local/lib/python3.12/site-packages/airflow/example_dags/example_sla_dag.py
[2025-05-07T13:44:31.245+0000] {processor.py:914} INFO - Processing file /home/airflow/.local/lib/python3.12/site-packages/airflow/example_dags/example_sla_dag.py for tasks to queue
[2025-05-07T13:44:31.486+0000] {logging_mixin.py:190} INFO - [2025-05-07T13:44:31.485+0000] {dagbag.py:588} INFO - Filling up the DagBag from /home/airflow/.local/lib/python3.12/site-packages/airflow/example_dags/example_sla_dag.py
[2025-05-07T13:44:31.512+0000] {processor.py:925} INFO - DAG(s) 'example_sla_dag' retrieved from /home/airflow/.local/lib/python3.12/site-packages/airflow/example_dags/example_sla_dag.py
[2025-05-07T13:44:33.201+0000] {logging_mixin.py:190} INFO - [2025-05-07T13:44:33.200+0000] {dag.py:3239} INFO - Sync 1 DAGs
[2025-05-07T13:44:33.838+0000] {logging_mixin.py:190} INFO - [2025-05-07T13:44:33.838+0000] {dag.py:4180} INFO - Setting next_dagrun for example_sla_dag to 2025-05-07 13:42:00+00:00, run_after=2025-05-07 13:44:00+00:00
[2025-05-07T13:44:34.342+0000] {processor.py:208} INFO - Processing /home/airflow/.local/lib/python3.12/site-packages/airflow/example_dags/example_sla_dag.py took 3.167 seconds
[2025-05-07T13:45:30.290+0000] {processor.py:186} INFO - Started process (PID=565) to work on /home/airflow/.local/lib/python3.12/site-packages/airflow/example_dags/example_sla_dag.py
[2025-05-07T13:45:30.298+0000] {processor.py:914} INFO - Processing file /home/airflow/.local/lib/python3.12/site-packages/airflow/example_dags/example_sla_dag.py for tasks to queue
[2025-05-07T13:45:30.311+0000] {logging_mixin.py:190} INFO - [2025-05-07T13:45:30.309+0000] {dagbag.py:588} INFO - Filling up the DagBag from /home/airflow/.local/lib/python3.12/site-packages/airflow/example_dags/example_sla_dag.py
[2025-05-07T13:45:30.379+0000] {processor.py:925} INFO - DAG(s) 'example_sla_dag' retrieved from /home/airflow/.local/lib/python3.12/site-packages/airflow/example_dags/example_sla_dag.py
[2025-05-07T13:45:30.469+0000] {logging_mixin.py:190} INFO - [2025-05-07T13:45:30.468+0000] {dag.py:3239} INFO - Sync 1 DAGs
[2025-05-07T13:45:30.551+0000] {logging_mixin.py:190} INFO - [2025-05-07T13:45:30.551+0000] {dag.py:4180} INFO - Setting next_dagrun for example_sla_dag to 2025-05-07 13:42:00+00:00, run_after=2025-05-07 13:44:00+00:00
[2025-05-07T13:45:30.681+0000] {processor.py:208} INFO - Processing /home/airflow/.local/lib/python3.12/site-packages/airflow/example_dags/example_sla_dag.py took 0.409 seconds
[2025-05-07T13:46:07.553+0000] {processor.py:186} INFO - Started process (PID=630) to work on /home/airflow/.local/lib/python3.12/site-packages/airflow/example_dags/example_sla_dag.py
[2025-05-07T13:46:07.556+0000] {processor.py:914} INFO - Processing file /home/airflow/.local/lib/python3.12/site-packages/airflow/example_dags/example_sla_dag.py for tasks to queue
[2025-05-07T13:46:07.561+0000] {logging_mixin.py:190} INFO - [2025-05-07T13:46:07.560+0000] {dagbag.py:588} INFO - Filling up the DagBag from /home/airflow/.local/lib/python3.12/site-packages/airflow/example_dags/example_sla_dag.py
[2025-05-07T13:46:07.617+0000] {processor.py:925} INFO - DAG(s) 'example_sla_dag' retrieved from /home/airflow/.local/lib/python3.12/site-packages/airflow/example_dags/example_sla_dag.py
[2025-05-07T13:46:07.741+0000] {logging_mixin.py:190} INFO - [2025-05-07T13:46:07.740+0000] {dag.py:3239} INFO - Sync 1 DAGs
[2025-05-07T13:46:07.889+0000] {logging_mixin.py:190} INFO - [2025-05-07T13:46:07.889+0000] {dag.py:4180} INFO - Setting next_dagrun for example_sla_dag to 2025-05-07 13:44:00+00:00, run_after=2025-05-07 13:46:00+00:00
[2025-05-07T13:46:07.939+0000] {processor.py:208} INFO - Processing /home/airflow/.local/lib/python3.12/site-packages/airflow/example_dags/example_sla_dag.py took 0.399 seconds
[2025-05-07T13:46:44.581+0000] {processor.py:186} INFO - Started process (PID=687) to work on /home/airflow/.local/lib/python3.12/site-packages/airflow/example_dags/example_sla_dag.py
[2025-05-07T13:46:44.596+0000] {processor.py:914} INFO - Processing file /home/airflow/.local/lib/python3.12/site-packages/airflow/example_dags/example_sla_dag.py for tasks to queue
[2025-05-07T13:46:44.615+0000] {logging_mixin.py:190} INFO - [2025-05-07T13:46:44.615+0000] {dagbag.py:588} INFO - Filling up the DagBag from /home/airflow/.local/lib/python3.12/site-packages/airflow/example_dags/example_sla_dag.py
[2025-05-07T13:46:44.643+0000] {processor.py:925} INFO - DAG(s) 'example_sla_dag' retrieved from /home/airflow/.local/lib/python3.12/site-packages/airflow/example_dags/example_sla_dag.py
[2025-05-07T13:46:44.771+0000] {logging_mixin.py:190} INFO - [2025-05-07T13:46:44.769+0000] {dag.py:3239} INFO - Sync 1 DAGs
[2025-05-07T13:46:44.858+0000] {logging_mixin.py:190} INFO - [2025-05-07T13:46:44.858+0000] {dag.py:4180} INFO - Setting next_dagrun for example_sla_dag to 2025-05-07 13:44:00+00:00, run_after=2025-05-07 13:46:00+00:00
[2025-05-07T13:46:44.916+0000] {processor.py:208} INFO - Processing /home/airflow/.local/lib/python3.12/site-packages/airflow/example_dags/example_sla_dag.py took 0.353 seconds
[2025-05-07T13:47:20.668+0000] {processor.py:186} INFO - Started process (PID=752) to work on /home/airflow/.local/lib/python3.12/site-packages/airflow/example_dags/example_sla_dag.py
[2025-05-07T13:47:20.670+0000] {processor.py:914} INFO - Processing file /home/airflow/.local/lib/python3.12/site-packages/airflow/example_dags/example_sla_dag.py for tasks to queue
[2025-05-07T13:47:20.676+0000] {logging_mixin.py:190} INFO - [2025-05-07T13:47:20.676+0000] {dagbag.py:588} INFO - Filling up the DagBag from /home/airflow/.local/lib/python3.12/site-packages/airflow/example_dags/example_sla_dag.py
[2025-05-07T13:47:20.697+0000] {processor.py:925} INFO - DAG(s) 'example_sla_dag' retrieved from /home/airflow/.local/lib/python3.12/site-packages/airflow/example_dags/example_sla_dag.py
[2025-05-07T13:47:20.753+0000] {logging_mixin.py:190} INFO - [2025-05-07T13:47:20.752+0000] {dag.py:3239} INFO - Sync 1 DAGs
[2025-05-07T13:47:20.819+0000] {logging_mixin.py:190} INFO - [2025-05-07T13:47:20.819+0000] {dag.py:4180} INFO - Setting next_dagrun for example_sla_dag to 2025-05-07 13:44:00+00:00, run_after=2025-05-07 13:46:00+00:00
[2025-05-07T13:47:20.871+0000] {processor.py:208} INFO - Processing /home/airflow/.local/lib/python3.12/site-packages/airflow/example_dags/example_sla_dag.py took 0.216 seconds
[2025-05-07T13:49:01.869+0000] {processor.py:186} INFO - Started process (PID=843) to work on /home/airflow/.local/lib/python3.12/site-packages/airflow/example_dags/example_sla_dag.py
[2025-05-07T13:49:01.958+0000] {processor.py:914} INFO - Processing file /home/airflow/.local/lib/python3.12/site-packages/airflow/example_dags/example_sla_dag.py for tasks to queue
[2025-05-07T13:49:02.039+0000] {logging_mixin.py:190} INFO - [2025-05-07T13:49:02.037+0000] {dagbag.py:588} INFO - Filling up the DagBag from /home/airflow/.local/lib/python3.12/site-packages/airflow/example_dags/example_sla_dag.py
[2025-05-07T13:49:02.074+0000] {processor.py:925} INFO - DAG(s) 'example_sla_dag' retrieved from /home/airflow/.local/lib/python3.12/site-packages/airflow/example_dags/example_sla_dag.py
[2025-05-07T13:49:02.761+0000] {logging_mixin.py:190} INFO - [2025-05-07T13:49:02.760+0000] {dag.py:3239} INFO - Sync 1 DAGs
[2025-05-07T13:49:03.024+0000] {logging_mixin.py:190} INFO - [2025-05-07T13:49:03.024+0000] {dag.py:4180} INFO - Setting next_dagrun for example_sla_dag to 2025-05-07 13:46:00+00:00, run_after=2025-05-07 13:48:00+00:00
[2025-05-07T13:49:03.108+0000] {processor.py:208} INFO - Processing /home/airflow/.local/lib/python3.12/site-packages/airflow/example_dags/example_sla_dag.py took 1.257 seconds
[2025-05-07T13:50:04.273+0000] {processor.py:186} INFO - Started process (PID=917) to work on /home/airflow/.local/lib/python3.12/site-packages/airflow/example_dags/example_sla_dag.py
[2025-05-07T13:50:04.612+0000] {processor.py:914} INFO - Processing file /home/airflow/.local/lib/python3.12/site-packages/airflow/example_dags/example_sla_dag.py for tasks to queue
[2025-05-07T13:50:04.618+0000] {logging_mixin.py:190} INFO - [2025-05-07T13:50:04.617+0000] {dagbag.py:588} INFO - Filling up the DagBag from /home/airflow/.local/lib/python3.12/site-packages/airflow/example_dags/example_sla_dag.py
[2025-05-07T13:50:04.641+0000] {processor.py:925} INFO - DAG(s) 'example_sla_dag' retrieved from /home/airflow/.local/lib/python3.12/site-packages/airflow/example_dags/example_sla_dag.py
[2025-05-07T13:50:04.750+0000] {logging_mixin.py:190} INFO - [2025-05-07T13:50:04.746+0000] {dag.py:3239} INFO - Sync 1 DAGs
[2025-05-07T13:50:04.860+0000] {logging_mixin.py:190} INFO - [2025-05-07T13:50:04.860+0000] {dag.py:4180} INFO - Setting next_dagrun for example_sla_dag to 2025-05-07 13:48:00+00:00, run_after=2025-05-07 13:50:00+00:00
[2025-05-07T13:50:04.947+0000] {processor.py:208} INFO - Processing /home/airflow/.local/lib/python3.12/site-packages/airflow/example_dags/example_sla_dag.py took 0.686 seconds
[2025-05-07T13:50:45.257+0000] {processor.py:186} INFO - Started process (PID=986) to work on /home/airflow/.local/lib/python3.12/site-packages/airflow/example_dags/example_sla_dag.py
[2025-05-07T13:50:45.412+0000] {processor.py:914} INFO - Processing file /home/airflow/.local/lib/python3.12/site-packages/airflow/example_dags/example_sla_dag.py for tasks to queue
[2025-05-07T13:50:45.418+0000] {logging_mixin.py:190} INFO - [2025-05-07T13:50:45.417+0000] {dagbag.py:588} INFO - Filling up the DagBag from /home/airflow/.local/lib/python3.12/site-packages/airflow/example_dags/example_sla_dag.py
[2025-05-07T13:50:45.446+0000] {processor.py:925} INFO - DAG(s) 'example_sla_dag' retrieved from /home/airflow/.local/lib/python3.12/site-packages/airflow/example_dags/example_sla_dag.py
[2025-05-07T13:50:45.985+0000] {logging_mixin.py:190} INFO - [2025-05-07T13:50:45.985+0000] {dag.py:3239} INFO - Sync 1 DAGs
[2025-05-07T13:50:46.071+0000] {logging_mixin.py:190} INFO - [2025-05-07T13:50:46.070+0000] {dag.py:4180} INFO - Setting next_dagrun for example_sla_dag to 2025-05-07 13:48:00+00:00, run_after=2025-05-07 13:50:00+00:00
[2025-05-07T13:50:46.574+0000] {processor.py:208} INFO - Processing /home/airflow/.local/lib/python3.12/site-packages/airflow/example_dags/example_sla_dag.py took 1.332 seconds
[2025-05-07T13:51:22.257+0000] {processor.py:186} INFO - Started process (PID=1053) to work on /home/airflow/.local/lib/python3.12/site-packages/airflow/example_dags/example_sla_dag.py
[2025-05-07T13:51:22.394+0000] {processor.py:914} INFO - Processing file /home/airflow/.local/lib/python3.12/site-packages/airflow/example_dags/example_sla_dag.py for tasks to queue
[2025-05-07T13:51:22.427+0000] {logging_mixin.py:190} INFO - [2025-05-07T13:51:22.426+0000] {dagbag.py:588} INFO - Filling up the DagBag from /home/airflow/.local/lib/python3.12/site-packages/airflow/example_dags/example_sla_dag.py
[2025-05-07T13:51:22.457+0000] {processor.py:925} INFO - DAG(s) 'example_sla_dag' retrieved from /home/airflow/.local/lib/python3.12/site-packages/airflow/example_dags/example_sla_dag.py
[2025-05-07T13:51:22.756+0000] {logging_mixin.py:190} INFO - [2025-05-07T13:51:22.756+0000] {dag.py:3239} INFO - Sync 1 DAGs
[2025-05-07T13:51:22.833+0000] {logging_mixin.py:190} INFO - [2025-05-07T13:51:22.833+0000] {dag.py:4180} INFO - Setting next_dagrun for example_sla_dag to 2025-05-07 13:48:00+00:00, run_after=2025-05-07 13:50:00+00:00
[2025-05-07T13:51:23.695+0000] {processor.py:208} INFO - Processing /home/airflow/.local/lib/python3.12/site-packages/airflow/example_dags/example_sla_dag.py took 1.491 seconds
[2025-05-07T13:52:16.975+0000] {processor.py:186} INFO - Started process (PID=1134) to work on /home/airflow/.local/lib/python3.12/site-packages/airflow/example_dags/example_sla_dag.py
[2025-05-07T13:52:16.982+0000] {processor.py:914} INFO - Processing file /home/airflow/.local/lib/python3.12/site-packages/airflow/example_dags/example_sla_dag.py for tasks to queue
[2025-05-07T13:52:16.993+0000] {logging_mixin.py:190} INFO - [2025-05-07T13:52:16.992+0000] {dagbag.py:588} INFO - Filling up the DagBag from /home/airflow/.local/lib/python3.12/site-packages/airflow/example_dags/example_sla_dag.py
[2025-05-07T13:52:17.025+0000] {processor.py:925} INFO - DAG(s) 'example_sla_dag' retrieved from /home/airflow/.local/lib/python3.12/site-packages/airflow/example_dags/example_sla_dag.py
[2025-05-07T13:52:19.026+0000] {logging_mixin.py:190} INFO - [2025-05-07T13:52:19.025+0000] {dag.py:3239} INFO - Sync 1 DAGs
[2025-05-07T13:52:19.429+0000] {logging_mixin.py:190} INFO - [2025-05-07T13:52:19.429+0000] {dag.py:4180} INFO - Setting next_dagrun for example_sla_dag to 2025-05-07 13:50:00+00:00, run_after=2025-05-07 13:52:00+00:00
[2025-05-07T13:52:19.582+0000] {processor.py:208} INFO - Processing /home/airflow/.local/lib/python3.12/site-packages/airflow/example_dags/example_sla_dag.py took 2.729 seconds
[2025-05-07T13:53:00.766+0000] {processor.py:186} INFO - Started process (PID=1210) to work on /home/airflow/.local/lib/python3.12/site-packages/airflow/example_dags/example_sla_dag.py
[2025-05-07T13:53:00.769+0000] {processor.py:914} INFO - Processing file /home/airflow/.local/lib/python3.12/site-packages/airflow/example_dags/example_sla_dag.py for tasks to queue
[2025-05-07T13:53:00.777+0000] {logging_mixin.py:190} INFO - [2025-05-07T13:53:00.776+0000] {dagbag.py:588} INFO - Filling up the DagBag from /home/airflow/.local/lib/python3.12/site-packages/airflow/example_dags/example_sla_dag.py
[2025-05-07T13:53:00.813+0000] {processor.py:925} INFO - DAG(s) 'example_sla_dag' retrieved from /home/airflow/.local/lib/python3.12/site-packages/airflow/example_dags/example_sla_dag.py
[2025-05-07T13:53:00.944+0000] {logging_mixin.py:190} INFO - [2025-05-07T13:53:00.943+0000] {dag.py:3239} INFO - Sync 1 DAGs
[2025-05-07T13:53:01.024+0000] {logging_mixin.py:190} INFO - [2025-05-07T13:53:01.024+0000] {dag.py:4180} INFO - Setting next_dagrun for example_sla_dag to 2025-05-07 13:50:00+00:00, run_after=2025-05-07 13:52:00+00:00
[2025-05-07T13:53:01.082+0000] {processor.py:208} INFO - Processing /home/airflow/.local/lib/python3.12/site-packages/airflow/example_dags/example_sla_dag.py took 0.333 seconds
[2025-05-07T13:53:41.250+0000] {processor.py:186} INFO - Started process (PID=1278) to work on /home/airflow/.local/lib/python3.12/site-packages/airflow/example_dags/example_sla_dag.py
[2025-05-07T13:53:41.329+0000] {processor.py:914} INFO - Processing file /home/airflow/.local/lib/python3.12/site-packages/airflow/example_dags/example_sla_dag.py for tasks to queue
[2025-05-07T13:53:41.443+0000] {logging_mixin.py:190} INFO - [2025-05-07T13:53:41.342+0000] {dagbag.py:588} INFO - Filling up the DagBag from /home/airflow/.local/lib/python3.12/site-packages/airflow/example_dags/example_sla_dag.py
[2025-05-07T13:53:41.502+0000] {processor.py:925} INFO - DAG(s) 'example_sla_dag' retrieved from /home/airflow/.local/lib/python3.12/site-packages/airflow/example_dags/example_sla_dag.py
[2025-05-07T13:53:41.825+0000] {logging_mixin.py:190} INFO - [2025-05-07T13:53:41.824+0000] {dag.py:3239} INFO - Sync 1 DAGs
[2025-05-07T13:53:42.231+0000] {logging_mixin.py:190} INFO - [2025-05-07T13:53:42.230+0000] {dag.py:4180} INFO - Setting next_dagrun for example_sla_dag to 2025-05-07 13:50:00+00:00, run_after=2025-05-07 13:52:00+00:00
[2025-05-07T13:53:42.339+0000] {processor.py:208} INFO - Processing /home/airflow/.local/lib/python3.12/site-packages/airflow/example_dags/example_sla_dag.py took 1.110 seconds
[2025-05-07T13:54:55.063+0000] {processor.py:186} INFO - Started process (PID=1365) to work on /home/airflow/.local/lib/python3.12/site-packages/airflow/example_dags/example_sla_dag.py
[2025-05-07T13:54:55.068+0000] {processor.py:914} INFO - Processing file /home/airflow/.local/lib/python3.12/site-packages/airflow/example_dags/example_sla_dag.py for tasks to queue
[2025-05-07T13:54:55.074+0000] {logging_mixin.py:190} INFO - [2025-05-07T13:54:55.073+0000] {dagbag.py:588} INFO - Filling up the DagBag from /home/airflow/.local/lib/python3.12/site-packages/airflow/example_dags/example_sla_dag.py
[2025-05-07T13:54:55.100+0000] {processor.py:925} INFO - DAG(s) 'example_sla_dag' retrieved from /home/airflow/.local/lib/python3.12/site-packages/airflow/example_dags/example_sla_dag.py
[2025-05-07T13:54:55.158+0000] {logging_mixin.py:190} INFO - [2025-05-07T13:54:55.158+0000] {dag.py:3239} INFO - Sync 1 DAGs
[2025-05-07T13:54:55.283+0000] {logging_mixin.py:190} INFO - [2025-05-07T13:54:55.283+0000] {dag.py:4180} INFO - Setting next_dagrun for example_sla_dag to 2025-05-07 13:52:00+00:00, run_after=2025-05-07 13:54:00+00:00
[2025-05-07T13:54:55.335+0000] {processor.py:208} INFO - Processing /home/airflow/.local/lib/python3.12/site-packages/airflow/example_dags/example_sla_dag.py took 0.287 seconds
[2025-05-07T13:55:25.767+0000] {processor.py:186} INFO - Started process (PID=1428) to work on /home/airflow/.local/lib/python3.12/site-packages/airflow/example_dags/example_sla_dag.py
[2025-05-07T13:55:25.769+0000] {processor.py:914} INFO - Processing file /home/airflow/.local/lib/python3.12/site-packages/airflow/example_dags/example_sla_dag.py for tasks to queue
[2025-05-07T13:55:25.777+0000] {logging_mixin.py:190} INFO - [2025-05-07T13:55:25.776+0000] {dagbag.py:588} INFO - Filling up the DagBag from /home/airflow/.local/lib/python3.12/site-packages/airflow/example_dags/example_sla_dag.py
[2025-05-07T13:55:25.809+0000] {processor.py:925} INFO - DAG(s) 'example_sla_dag' retrieved from /home/airflow/.local/lib/python3.12/site-packages/airflow/example_dags/example_sla_dag.py
[2025-05-07T13:55:25.901+0000] {logging_mixin.py:190} INFO - [2025-05-07T13:55:25.901+0000] {dag.py:3239} INFO - Sync 1 DAGs
[2025-05-07T13:55:25.978+0000] {logging_mixin.py:190} INFO - [2025-05-07T13:55:25.977+0000] {dag.py:4180} INFO - Setting next_dagrun for example_sla_dag to 2025-05-07 13:52:00+00:00, run_after=2025-05-07 13:54:00+00:00
[2025-05-07T13:55:26.033+0000] {processor.py:208} INFO - Processing /home/airflow/.local/lib/python3.12/site-packages/airflow/example_dags/example_sla_dag.py took 0.284 seconds
