[2025-05-07T13:38:18.180+0000] {processor.py:186} INFO - Started process (PID=53) to work on /home/airflow/.local/lib/python3.12/site-packages/airflow/example_dags/example_datasets.py
[2025-05-07T13:38:18.182+0000] {processor.py:914} INFO - Processing file /home/airflow/.local/lib/python3.12/site-packages/airflow/example_dags/example_datasets.py for tasks to queue
[2025-05-07T13:38:18.189+0000] {logging_mixin.py:190} INFO - [2025-05-07T13:38:18.188+0000] {dagbag.py:588} INFO - Filling up the DagBag from /home/airflow/.local/lib/python3.12/site-packages/airflow/example_dags/example_datasets.py
[2025-05-07T13:38:25.409+0000] {processor.py:925} INFO - DAG(s) 'consume_1_or_2_with_dataset_expressions', 'consume_1_or_both_2_and_3_with_dataset_expressions', 'consume_1_and_2_with_dataset_expressions', 'dataset_consumes_unknown_never_scheduled', 'conditional_dataset_and_time_based_timetable', 'dataset_consumes_1_and_2', 'dataset_produces_1', 'dataset_consumes_1_never_scheduled', 'dataset_produces_2', 'dataset_consumes_1' retrieved from /home/airflow/.local/lib/python3.12/site-packages/airflow/example_dags/example_datasets.py
[2025-05-07T13:38:31.282+0000] {logging_mixin.py:190} INFO - [2025-05-07T13:38:31.282+0000] {dag.py:3239} INFO - Sync 10 DAGs
[2025-05-07T13:38:31.509+0000] {logging_mixin.py:190} INFO - [2025-05-07T13:38:31.506+0000] {dag.py:4180} INFO - Setting next_dagrun for conditional_dataset_and_time_based_timetable to 2025-05-07 01:00:00+00:00, run_after=2025-05-07 01:00:00+00:00
[2025-05-07T13:38:31.782+0000] {logging_mixin.py:190} INFO - [2025-05-07T13:38:31.781+0000] {dag.py:4180} INFO - Setting next_dagrun for consume_1_and_2_with_dataset_expressions to None, run_after=None
[2025-05-07T13:38:32.048+0000] {logging_mixin.py:190} INFO - [2025-05-07T13:38:32.048+0000] {dag.py:4180} INFO - Setting next_dagrun for consume_1_or_2_with_dataset_expressions to None, run_after=None
[2025-05-07T13:38:32.125+0000] {logging_mixin.py:190} INFO - [2025-05-07T13:38:32.124+0000] {dag.py:4180} INFO - Setting next_dagrun for consume_1_or_both_2_and_3_with_dataset_expressions to None, run_after=None
[2025-05-07T13:38:32.135+0000] {logging_mixin.py:190} INFO - [2025-05-07T13:38:32.134+0000] {dag.py:4180} INFO - Setting next_dagrun for dataset_consumes_1 to None, run_after=None
[2025-05-07T13:38:32.171+0000] {logging_mixin.py:190} INFO - [2025-05-07T13:38:32.171+0000] {dag.py:4180} INFO - Setting next_dagrun for dataset_consumes_1_and_2 to None, run_after=None
[2025-05-07T13:38:32.173+0000] {logging_mixin.py:190} INFO - [2025-05-07T13:38:32.173+0000] {dag.py:4180} INFO - Setting next_dagrun for dataset_consumes_1_never_scheduled to None, run_after=None
[2025-05-07T13:38:32.175+0000] {logging_mixin.py:190} INFO - [2025-05-07T13:38:32.175+0000] {dag.py:4180} INFO - Setting next_dagrun for dataset_consumes_unknown_never_scheduled to None, run_after=None
[2025-05-07T13:38:32.180+0000] {logging_mixin.py:190} INFO - [2025-05-07T13:38:32.179+0000] {dag.py:4180} INFO - Setting next_dagrun for dataset_produces_1 to 2025-05-06 00:00:00+00:00, run_after=2025-05-07 00:00:00+00:00
[2025-05-07T13:38:32.185+0000] {logging_mixin.py:190} INFO - [2025-05-07T13:38:32.184+0000] {dag.py:4180} INFO - Setting next_dagrun for dataset_produces_2 to None, run_after=None
[2025-05-07T13:38:32.977+0000] {processor.py:208} INFO - Processing /home/airflow/.local/lib/python3.12/site-packages/airflow/example_dags/example_datasets.py took 14.813 seconds
[2025-05-07T13:39:38.162+0000] {processor.py:186} INFO - Started process (PID=129) to work on /home/airflow/.local/lib/python3.12/site-packages/airflow/example_dags/example_datasets.py
[2025-05-07T13:39:38.282+0000] {processor.py:914} INFO - Processing file /home/airflow/.local/lib/python3.12/site-packages/airflow/example_dags/example_datasets.py for tasks to queue
[2025-05-07T13:39:38.401+0000] {logging_mixin.py:190} INFO - [2025-05-07T13:39:38.399+0000] {dagbag.py:588} INFO - Filling up the DagBag from /home/airflow/.local/lib/python3.12/site-packages/airflow/example_dags/example_datasets.py
[2025-05-07T13:39:39.346+0000] {processor.py:925} INFO - DAG(s) 'conditional_dataset_and_time_based_timetable', 'dataset_produces_1', 'dataset_consumes_1', 'dataset_consumes_unknown_never_scheduled', 'consume_1_or_2_with_dataset_expressions', 'consume_1_or_both_2_and_3_with_dataset_expressions', 'dataset_consumes_1_never_scheduled', 'dataset_consumes_1_and_2', 'dataset_produces_2', 'consume_1_and_2_with_dataset_expressions' retrieved from /home/airflow/.local/lib/python3.12/site-packages/airflow/example_dags/example_datasets.py
[2025-05-07T13:39:40.445+0000] {logging_mixin.py:190} INFO - [2025-05-07T13:39:40.445+0000] {dag.py:3239} INFO - Sync 10 DAGs
[2025-05-07T13:39:40.534+0000] {logging_mixin.py:190} INFO - [2025-05-07T13:39:40.533+0000] {dag.py:4180} INFO - Setting next_dagrun for conditional_dataset_and_time_based_timetable to 2025-05-07 01:00:00+00:00, run_after=2025-05-07 01:00:00+00:00
[2025-05-07T13:39:40.547+0000] {logging_mixin.py:190} INFO - [2025-05-07T13:39:40.546+0000] {dag.py:4180} INFO - Setting next_dagrun for consume_1_and_2_with_dataset_expressions to None, run_after=None
[2025-05-07T13:39:40.551+0000] {logging_mixin.py:190} INFO - [2025-05-07T13:39:40.550+0000] {dag.py:4180} INFO - Setting next_dagrun for consume_1_or_2_with_dataset_expressions to None, run_after=None
[2025-05-07T13:39:40.556+0000] {logging_mixin.py:190} INFO - [2025-05-07T13:39:40.555+0000] {dag.py:4180} INFO - Setting next_dagrun for consume_1_or_both_2_and_3_with_dataset_expressions to None, run_after=None
[2025-05-07T13:39:40.559+0000] {logging_mixin.py:190} INFO - [2025-05-07T13:39:40.559+0000] {dag.py:4180} INFO - Setting next_dagrun for dataset_consumes_1 to None, run_after=None
[2025-05-07T13:39:40.564+0000] {logging_mixin.py:190} INFO - [2025-05-07T13:39:40.563+0000] {dag.py:4180} INFO - Setting next_dagrun for dataset_consumes_1_and_2 to None, run_after=None
[2025-05-07T13:39:40.567+0000] {logging_mixin.py:190} INFO - [2025-05-07T13:39:40.567+0000] {dag.py:4180} INFO - Setting next_dagrun for dataset_consumes_1_never_scheduled to None, run_after=None
[2025-05-07T13:39:40.572+0000] {logging_mixin.py:190} INFO - [2025-05-07T13:39:40.571+0000] {dag.py:4180} INFO - Setting next_dagrun for dataset_consumes_unknown_never_scheduled to None, run_after=None
[2025-05-07T13:39:40.580+0000] {logging_mixin.py:190} INFO - [2025-05-07T13:39:40.579+0000] {dag.py:4180} INFO - Setting next_dagrun for dataset_produces_1 to 2025-05-06 00:00:00+00:00, run_after=2025-05-07 00:00:00+00:00
[2025-05-07T13:39:40.584+0000] {logging_mixin.py:190} INFO - [2025-05-07T13:39:40.583+0000] {dag.py:4180} INFO - Setting next_dagrun for dataset_produces_2 to None, run_after=None
[2025-05-07T13:39:41.202+0000] {processor.py:208} INFO - Processing /home/airflow/.local/lib/python3.12/site-packages/airflow/example_dags/example_datasets.py took 3.054 seconds
[2025-05-07T13:40:32.379+0000] {processor.py:186} INFO - Started process (PID=194) to work on /home/airflow/.local/lib/python3.12/site-packages/airflow/example_dags/example_datasets.py
[2025-05-07T13:40:32.385+0000] {processor.py:914} INFO - Processing file /home/airflow/.local/lib/python3.12/site-packages/airflow/example_dags/example_datasets.py for tasks to queue
[2025-05-07T13:40:32.393+0000] {logging_mixin.py:190} INFO - [2025-05-07T13:40:32.392+0000] {dagbag.py:588} INFO - Filling up the DagBag from /home/airflow/.local/lib/python3.12/site-packages/airflow/example_dags/example_datasets.py
[2025-05-07T13:40:32.865+0000] {processor.py:925} INFO - DAG(s) 'dataset_consumes_1_and_2', 'consume_1_or_both_2_and_3_with_dataset_expressions', 'dataset_consumes_1', 'conditional_dataset_and_time_based_timetable', 'dataset_consumes_unknown_never_scheduled', 'consume_1_or_2_with_dataset_expressions', 'dataset_consumes_1_never_scheduled', 'dataset_produces_2', 'dataset_produces_1', 'consume_1_and_2_with_dataset_expressions' retrieved from /home/airflow/.local/lib/python3.12/site-packages/airflow/example_dags/example_datasets.py
[2025-05-07T13:40:34.704+0000] {logging_mixin.py:190} INFO - [2025-05-07T13:40:34.704+0000] {dag.py:3239} INFO - Sync 10 DAGs
[2025-05-07T13:40:34.923+0000] {logging_mixin.py:190} INFO - [2025-05-07T13:40:34.923+0000] {dag.py:4180} INFO - Setting next_dagrun for conditional_dataset_and_time_based_timetable to 2025-05-07 01:00:00+00:00, run_after=2025-05-07 01:00:00+00:00
[2025-05-07T13:40:34.930+0000] {logging_mixin.py:190} INFO - [2025-05-07T13:40:34.930+0000] {dag.py:4180} INFO - Setting next_dagrun for consume_1_and_2_with_dataset_expressions to None, run_after=None
[2025-05-07T13:40:34.933+0000] {logging_mixin.py:190} INFO - [2025-05-07T13:40:34.932+0000] {dag.py:4180} INFO - Setting next_dagrun for consume_1_or_2_with_dataset_expressions to None, run_after=None
[2025-05-07T13:40:34.937+0000] {logging_mixin.py:190} INFO - [2025-05-07T13:40:34.937+0000] {dag.py:4180} INFO - Setting next_dagrun for consume_1_or_both_2_and_3_with_dataset_expressions to None, run_after=None
[2025-05-07T13:40:34.945+0000] {logging_mixin.py:190} INFO - [2025-05-07T13:40:34.945+0000] {dag.py:4180} INFO - Setting next_dagrun for dataset_consumes_1 to None, run_after=None
[2025-05-07T13:40:34.967+0000] {logging_mixin.py:190} INFO - [2025-05-07T13:40:34.966+0000] {dag.py:4180} INFO - Setting next_dagrun for dataset_consumes_1_and_2 to None, run_after=None
[2025-05-07T13:40:34.969+0000] {logging_mixin.py:190} INFO - [2025-05-07T13:40:34.969+0000] {dag.py:4180} INFO - Setting next_dagrun for dataset_consumes_1_never_scheduled to None, run_after=None
[2025-05-07T13:40:34.972+0000] {logging_mixin.py:190} INFO - [2025-05-07T13:40:34.972+0000] {dag.py:4180} INFO - Setting next_dagrun for dataset_consumes_unknown_never_scheduled to None, run_after=None
[2025-05-07T13:40:34.977+0000] {logging_mixin.py:190} INFO - [2025-05-07T13:40:34.976+0000] {dag.py:4180} INFO - Setting next_dagrun for dataset_produces_1 to 2025-05-06 00:00:00+00:00, run_after=2025-05-07 00:00:00+00:00
[2025-05-07T13:40:34.995+0000] {logging_mixin.py:190} INFO - [2025-05-07T13:40:34.994+0000] {dag.py:4180} INFO - Setting next_dagrun for dataset_produces_2 to None, run_after=None
[2025-05-07T13:40:35.255+0000] {processor.py:208} INFO - Processing /home/airflow/.local/lib/python3.12/site-packages/airflow/example_dags/example_datasets.py took 2.895 seconds
[2025-05-07T13:41:08.372+0000] {processor.py:186} INFO - Started process (PID=254) to work on /home/airflow/.local/lib/python3.12/site-packages/airflow/example_dags/example_datasets.py
[2025-05-07T13:41:08.374+0000] {processor.py:914} INFO - Processing file /home/airflow/.local/lib/python3.12/site-packages/airflow/example_dags/example_datasets.py for tasks to queue
[2025-05-07T13:41:08.380+0000] {logging_mixin.py:190} INFO - [2025-05-07T13:41:08.379+0000] {dagbag.py:588} INFO - Filling up the DagBag from /home/airflow/.local/lib/python3.12/site-packages/airflow/example_dags/example_datasets.py
[2025-05-07T13:41:08.899+0000] {processor.py:925} INFO - DAG(s) 'consume_1_or_both_2_and_3_with_dataset_expressions', 'conditional_dataset_and_time_based_timetable', 'dataset_consumes_1', 'dataset_produces_1', 'dataset_consumes_1_never_scheduled', 'dataset_consumes_unknown_never_scheduled', 'dataset_consumes_1_and_2', 'consume_1_and_2_with_dataset_expressions', 'consume_1_or_2_with_dataset_expressions', 'dataset_produces_2' retrieved from /home/airflow/.local/lib/python3.12/site-packages/airflow/example_dags/example_datasets.py
[2025-05-07T13:41:10.492+0000] {logging_mixin.py:190} INFO - [2025-05-07T13:41:10.491+0000] {dag.py:3239} INFO - Sync 10 DAGs
[2025-05-07T13:41:11.170+0000] {logging_mixin.py:190} INFO - [2025-05-07T13:41:11.169+0000] {dag.py:4180} INFO - Setting next_dagrun for conditional_dataset_and_time_based_timetable to 2025-05-07 01:00:00+00:00, run_after=2025-05-07 01:00:00+00:00
[2025-05-07T13:41:11.178+0000] {logging_mixin.py:190} INFO - [2025-05-07T13:41:11.177+0000] {dag.py:4180} INFO - Setting next_dagrun for consume_1_and_2_with_dataset_expressions to None, run_after=None
[2025-05-07T13:41:11.180+0000] {logging_mixin.py:190} INFO - [2025-05-07T13:41:11.180+0000] {dag.py:4180} INFO - Setting next_dagrun for consume_1_or_2_with_dataset_expressions to None, run_after=None
[2025-05-07T13:41:11.184+0000] {logging_mixin.py:190} INFO - [2025-05-07T13:41:11.184+0000] {dag.py:4180} INFO - Setting next_dagrun for consume_1_or_both_2_and_3_with_dataset_expressions to None, run_after=None
[2025-05-07T13:41:11.188+0000] {logging_mixin.py:190} INFO - [2025-05-07T13:41:11.188+0000] {dag.py:4180} INFO - Setting next_dagrun for dataset_consumes_1 to None, run_after=None
[2025-05-07T13:41:11.191+0000] {logging_mixin.py:190} INFO - [2025-05-07T13:41:11.191+0000] {dag.py:4180} INFO - Setting next_dagrun for dataset_consumes_1_and_2 to None, run_after=None
[2025-05-07T13:41:11.194+0000] {logging_mixin.py:190} INFO - [2025-05-07T13:41:11.193+0000] {dag.py:4180} INFO - Setting next_dagrun for dataset_consumes_1_never_scheduled to None, run_after=None
[2025-05-07T13:41:11.197+0000] {logging_mixin.py:190} INFO - [2025-05-07T13:41:11.196+0000] {dag.py:4180} INFO - Setting next_dagrun for dataset_consumes_unknown_never_scheduled to None, run_after=None
[2025-05-07T13:41:11.202+0000] {logging_mixin.py:190} INFO - [2025-05-07T13:41:11.201+0000] {dag.py:4180} INFO - Setting next_dagrun for dataset_produces_1 to 2025-05-06 00:00:00+00:00, run_after=2025-05-07 00:00:00+00:00
[2025-05-07T13:41:11.205+0000] {logging_mixin.py:190} INFO - [2025-05-07T13:41:11.204+0000] {dag.py:4180} INFO - Setting next_dagrun for dataset_produces_2 to None, run_after=None
[2025-05-07T13:41:11.562+0000] {processor.py:208} INFO - Processing /home/airflow/.local/lib/python3.12/site-packages/airflow/example_dags/example_datasets.py took 3.212 seconds
[2025-05-07T13:41:44.507+0000] {processor.py:186} INFO - Started process (PID=310) to work on /home/airflow/.local/lib/python3.12/site-packages/airflow/example_dags/example_datasets.py
[2025-05-07T13:41:44.510+0000] {processor.py:914} INFO - Processing file /home/airflow/.local/lib/python3.12/site-packages/airflow/example_dags/example_datasets.py for tasks to queue
[2025-05-07T13:41:44.516+0000] {logging_mixin.py:190} INFO - [2025-05-07T13:41:44.515+0000] {dagbag.py:588} INFO - Filling up the DagBag from /home/airflow/.local/lib/python3.12/site-packages/airflow/example_dags/example_datasets.py
[2025-05-07T13:41:46.206+0000] {processor.py:925} INFO - DAG(s) 'dataset_produces_2', 'conditional_dataset_and_time_based_timetable', 'dataset_consumes_unknown_never_scheduled', 'dataset_consumes_1', 'dataset_consumes_1_and_2', 'consume_1_or_2_with_dataset_expressions', 'consume_1_and_2_with_dataset_expressions', 'dataset_consumes_1_never_scheduled', 'dataset_produces_1', 'consume_1_or_both_2_and_3_with_dataset_expressions' retrieved from /home/airflow/.local/lib/python3.12/site-packages/airflow/example_dags/example_datasets.py
[2025-05-07T13:41:47.695+0000] {logging_mixin.py:190} INFO - [2025-05-07T13:41:47.694+0000] {dag.py:3239} INFO - Sync 10 DAGs
[2025-05-07T13:41:48.000+0000] {logging_mixin.py:190} INFO - [2025-05-07T13:41:48.000+0000] {dag.py:4180} INFO - Setting next_dagrun for conditional_dataset_and_time_based_timetable to 2025-05-07 01:00:00+00:00, run_after=2025-05-07 01:00:00+00:00
[2025-05-07T13:41:48.021+0000] {logging_mixin.py:190} INFO - [2025-05-07T13:41:48.016+0000] {dag.py:4180} INFO - Setting next_dagrun for consume_1_and_2_with_dataset_expressions to None, run_after=None
[2025-05-07T13:41:48.083+0000] {logging_mixin.py:190} INFO - [2025-05-07T13:41:48.082+0000] {dag.py:4180} INFO - Setting next_dagrun for consume_1_or_2_with_dataset_expressions to None, run_after=None
[2025-05-07T13:41:48.098+0000] {logging_mixin.py:190} INFO - [2025-05-07T13:41:48.098+0000] {dag.py:4180} INFO - Setting next_dagrun for consume_1_or_both_2_and_3_with_dataset_expressions to None, run_after=None
[2025-05-07T13:41:48.106+0000] {logging_mixin.py:190} INFO - [2025-05-07T13:41:48.105+0000] {dag.py:4180} INFO - Setting next_dagrun for dataset_consumes_1 to None, run_after=None
[2025-05-07T13:41:48.112+0000] {logging_mixin.py:190} INFO - [2025-05-07T13:41:48.111+0000] {dag.py:4180} INFO - Setting next_dagrun for dataset_consumes_1_and_2 to None, run_after=None
[2025-05-07T13:41:48.115+0000] {logging_mixin.py:190} INFO - [2025-05-07T13:41:48.115+0000] {dag.py:4180} INFO - Setting next_dagrun for dataset_consumes_1_never_scheduled to None, run_after=None
[2025-05-07T13:41:48.122+0000] {logging_mixin.py:190} INFO - [2025-05-07T13:41:48.122+0000] {dag.py:4180} INFO - Setting next_dagrun for dataset_consumes_unknown_never_scheduled to None, run_after=None
[2025-05-07T13:41:48.127+0000] {logging_mixin.py:190} INFO - [2025-05-07T13:41:48.127+0000] {dag.py:4180} INFO - Setting next_dagrun for dataset_produces_1 to 2025-05-06 00:00:00+00:00, run_after=2025-05-07 00:00:00+00:00
[2025-05-07T13:41:48.130+0000] {logging_mixin.py:190} INFO - [2025-05-07T13:41:48.130+0000] {dag.py:4180} INFO - Setting next_dagrun for dataset_produces_2 to None, run_after=None
[2025-05-07T13:41:48.422+0000] {processor.py:208} INFO - Processing /home/airflow/.local/lib/python3.12/site-packages/airflow/example_dags/example_datasets.py took 4.022 seconds
[2025-05-07T13:42:38.957+0000] {processor.py:186} INFO - Started process (PID=375) to work on /home/airflow/.local/lib/python3.12/site-packages/airflow/example_dags/example_datasets.py
[2025-05-07T13:42:38.961+0000] {processor.py:914} INFO - Processing file /home/airflow/.local/lib/python3.12/site-packages/airflow/example_dags/example_datasets.py for tasks to queue
[2025-05-07T13:42:38.975+0000] {logging_mixin.py:190} INFO - [2025-05-07T13:42:38.974+0000] {dagbag.py:588} INFO - Filling up the DagBag from /home/airflow/.local/lib/python3.12/site-packages/airflow/example_dags/example_datasets.py
[2025-05-07T13:42:42.086+0000] {processor.py:925} INFO - DAG(s) 'consume_1_and_2_with_dataset_expressions', 'dataset_produces_2', 'dataset_consumes_1_and_2', 'dataset_consumes_unknown_never_scheduled', 'consume_1_or_2_with_dataset_expressions', 'consume_1_or_both_2_and_3_with_dataset_expressions', 'conditional_dataset_and_time_based_timetable', 'dataset_consumes_1', 'dataset_produces_1', 'dataset_consumes_1_never_scheduled' retrieved from /home/airflow/.local/lib/python3.12/site-packages/airflow/example_dags/example_datasets.py
[2025-05-07T13:42:42.654+0000] {logging_mixin.py:190} INFO - [2025-05-07T13:42:42.653+0000] {dag.py:3239} INFO - Sync 10 DAGs
[2025-05-07T13:42:42.759+0000] {logging_mixin.py:190} INFO - [2025-05-07T13:42:42.759+0000] {dag.py:4180} INFO - Setting next_dagrun for conditional_dataset_and_time_based_timetable to 2025-05-07 01:00:00+00:00, run_after=2025-05-07 01:00:00+00:00
[2025-05-07T13:42:42.767+0000] {logging_mixin.py:190} INFO - [2025-05-07T13:42:42.767+0000] {dag.py:4180} INFO - Setting next_dagrun for consume_1_and_2_with_dataset_expressions to None, run_after=None
[2025-05-07T13:42:42.770+0000] {logging_mixin.py:190} INFO - [2025-05-07T13:42:42.770+0000] {dag.py:4180} INFO - Setting next_dagrun for consume_1_or_2_with_dataset_expressions to None, run_after=None
[2025-05-07T13:42:42.773+0000] {logging_mixin.py:190} INFO - [2025-05-07T13:42:42.773+0000] {dag.py:4180} INFO - Setting next_dagrun for consume_1_or_both_2_and_3_with_dataset_expressions to None, run_after=None
[2025-05-07T13:42:42.775+0000] {logging_mixin.py:190} INFO - [2025-05-07T13:42:42.775+0000] {dag.py:4180} INFO - Setting next_dagrun for dataset_consumes_1 to None, run_after=None
[2025-05-07T13:42:42.779+0000] {logging_mixin.py:190} INFO - [2025-05-07T13:42:42.778+0000] {dag.py:4180} INFO - Setting next_dagrun for dataset_consumes_1_and_2 to None, run_after=None
[2025-05-07T13:42:42.782+0000] {logging_mixin.py:190} INFO - [2025-05-07T13:42:42.781+0000] {dag.py:4180} INFO - Setting next_dagrun for dataset_consumes_1_never_scheduled to None, run_after=None
[2025-05-07T13:42:42.785+0000] {logging_mixin.py:190} INFO - [2025-05-07T13:42:42.784+0000] {dag.py:4180} INFO - Setting next_dagrun for dataset_consumes_unknown_never_scheduled to None, run_after=None
[2025-05-07T13:42:42.799+0000] {logging_mixin.py:190} INFO - [2025-05-07T13:42:42.799+0000] {dag.py:4180} INFO - Setting next_dagrun for dataset_produces_1 to 2025-05-06 00:00:00+00:00, run_after=2025-05-07 00:00:00+00:00
[2025-05-07T13:42:42.804+0000] {logging_mixin.py:190} INFO - [2025-05-07T13:42:42.804+0000] {dag.py:4180} INFO - Setting next_dagrun for dataset_produces_2 to None, run_after=None
[2025-05-07T13:42:42.978+0000] {processor.py:208} INFO - Processing /home/airflow/.local/lib/python3.12/site-packages/airflow/example_dags/example_datasets.py took 4.133 seconds
[2025-05-07T13:43:26.120+0000] {processor.py:186} INFO - Started process (PID=435) to work on /home/airflow/.local/lib/python3.12/site-packages/airflow/example_dags/example_datasets.py
[2025-05-07T13:43:26.127+0000] {processor.py:914} INFO - Processing file /home/airflow/.local/lib/python3.12/site-packages/airflow/example_dags/example_datasets.py for tasks to queue
[2025-05-07T13:43:26.167+0000] {logging_mixin.py:190} INFO - [2025-05-07T13:43:26.136+0000] {dagbag.py:588} INFO - Filling up the DagBag from /home/airflow/.local/lib/python3.12/site-packages/airflow/example_dags/example_datasets.py
[2025-05-07T13:43:26.862+0000] {processor.py:925} INFO - DAG(s) 'consume_1_and_2_with_dataset_expressions', 'dataset_consumes_1_never_scheduled', 'dataset_consumes_unknown_never_scheduled', 'dataset_produces_1', 'dataset_consumes_1', 'dataset_produces_2', 'consume_1_or_both_2_and_3_with_dataset_expressions', 'conditional_dataset_and_time_based_timetable', 'consume_1_or_2_with_dataset_expressions', 'dataset_consumes_1_and_2' retrieved from /home/airflow/.local/lib/python3.12/site-packages/airflow/example_dags/example_datasets.py
[2025-05-07T13:43:28.674+0000] {logging_mixin.py:190} INFO - [2025-05-07T13:43:28.674+0000] {dag.py:3239} INFO - Sync 10 DAGs
[2025-05-07T13:43:28.798+0000] {logging_mixin.py:190} INFO - [2025-05-07T13:43:28.798+0000] {dag.py:4180} INFO - Setting next_dagrun for conditional_dataset_and_time_based_timetable to 2025-05-07 01:00:00+00:00, run_after=2025-05-07 01:00:00+00:00
[2025-05-07T13:43:28.825+0000] {logging_mixin.py:190} INFO - [2025-05-07T13:43:28.824+0000] {dag.py:4180} INFO - Setting next_dagrun for consume_1_and_2_with_dataset_expressions to None, run_after=None
[2025-05-07T13:43:28.835+0000] {logging_mixin.py:190} INFO - [2025-05-07T13:43:28.835+0000] {dag.py:4180} INFO - Setting next_dagrun for consume_1_or_2_with_dataset_expressions to None, run_after=None
[2025-05-07T13:43:28.839+0000] {logging_mixin.py:190} INFO - [2025-05-07T13:43:28.838+0000] {dag.py:4180} INFO - Setting next_dagrun for consume_1_or_both_2_and_3_with_dataset_expressions to None, run_after=None
[2025-05-07T13:43:28.842+0000] {logging_mixin.py:190} INFO - [2025-05-07T13:43:28.841+0000] {dag.py:4180} INFO - Setting next_dagrun for dataset_consumes_1 to None, run_after=None
[2025-05-07T13:43:28.845+0000] {logging_mixin.py:190} INFO - [2025-05-07T13:43:28.845+0000] {dag.py:4180} INFO - Setting next_dagrun for dataset_consumes_1_and_2 to None, run_after=None
[2025-05-07T13:43:28.849+0000] {logging_mixin.py:190} INFO - [2025-05-07T13:43:28.848+0000] {dag.py:4180} INFO - Setting next_dagrun for dataset_consumes_1_never_scheduled to None, run_after=None
[2025-05-07T13:43:28.859+0000] {logging_mixin.py:190} INFO - [2025-05-07T13:43:28.859+0000] {dag.py:4180} INFO - Setting next_dagrun for dataset_consumes_unknown_never_scheduled to None, run_after=None
[2025-05-07T13:43:28.865+0000] {logging_mixin.py:190} INFO - [2025-05-07T13:43:28.865+0000] {dag.py:4180} INFO - Setting next_dagrun for dataset_produces_1 to 2025-05-06 00:00:00+00:00, run_after=2025-05-07 00:00:00+00:00
[2025-05-07T13:43:28.869+0000] {logging_mixin.py:190} INFO - [2025-05-07T13:43:28.868+0000] {dag.py:4180} INFO - Setting next_dagrun for dataset_produces_2 to None, run_after=None
[2025-05-07T13:43:29.213+0000] {processor.py:208} INFO - Processing /home/airflow/.local/lib/python3.12/site-packages/airflow/example_dags/example_datasets.py took 3.110 seconds
[2025-05-07T13:44:40.176+0000] {processor.py:186} INFO - Started process (PID=498) to work on /home/airflow/.local/lib/python3.12/site-packages/airflow/example_dags/example_datasets.py
[2025-05-07T13:44:40.182+0000] {processor.py:914} INFO - Processing file /home/airflow/.local/lib/python3.12/site-packages/airflow/example_dags/example_datasets.py for tasks to queue
[2025-05-07T13:44:40.188+0000] {logging_mixin.py:190} INFO - [2025-05-07T13:44:40.187+0000] {dagbag.py:588} INFO - Filling up the DagBag from /home/airflow/.local/lib/python3.12/site-packages/airflow/example_dags/example_datasets.py
[2025-05-07T13:44:43.509+0000] {processor.py:925} INFO - DAG(s) 'dataset_consumes_1_never_scheduled', 'dataset_produces_2', 'dataset_consumes_1', 'conditional_dataset_and_time_based_timetable', 'dataset_consumes_1_and_2', 'consume_1_or_both_2_and_3_with_dataset_expressions', 'dataset_consumes_unknown_never_scheduled', 'consume_1_and_2_with_dataset_expressions', 'dataset_produces_1', 'consume_1_or_2_with_dataset_expressions' retrieved from /home/airflow/.local/lib/python3.12/site-packages/airflow/example_dags/example_datasets.py
[2025-05-07T13:44:45.121+0000] {logging_mixin.py:190} INFO - [2025-05-07T13:44:45.120+0000] {dag.py:3239} INFO - Sync 10 DAGs
[2025-05-07T13:44:45.779+0000] {logging_mixin.py:190} INFO - [2025-05-07T13:44:45.778+0000] {dag.py:4180} INFO - Setting next_dagrun for conditional_dataset_and_time_based_timetable to 2025-05-07 01:00:00+00:00, run_after=2025-05-07 01:00:00+00:00
[2025-05-07T13:44:45.895+0000] {logging_mixin.py:190} INFO - [2025-05-07T13:44:45.894+0000] {dag.py:4180} INFO - Setting next_dagrun for consume_1_and_2_with_dataset_expressions to None, run_after=None
[2025-05-07T13:44:45.926+0000] {logging_mixin.py:190} INFO - [2025-05-07T13:44:45.926+0000] {dag.py:4180} INFO - Setting next_dagrun for consume_1_or_2_with_dataset_expressions to None, run_after=None
[2025-05-07T13:44:45.946+0000] {logging_mixin.py:190} INFO - [2025-05-07T13:44:45.945+0000] {dag.py:4180} INFO - Setting next_dagrun for consume_1_or_both_2_and_3_with_dataset_expressions to None, run_after=None
[2025-05-07T13:44:45.964+0000] {logging_mixin.py:190} INFO - [2025-05-07T13:44:45.963+0000] {dag.py:4180} INFO - Setting next_dagrun for dataset_consumes_1 to None, run_after=None
[2025-05-07T13:44:46.046+0000] {logging_mixin.py:190} INFO - [2025-05-07T13:44:46.046+0000] {dag.py:4180} INFO - Setting next_dagrun for dataset_consumes_1_and_2 to None, run_after=None
[2025-05-07T13:44:46.050+0000] {logging_mixin.py:190} INFO - [2025-05-07T13:44:46.050+0000] {dag.py:4180} INFO - Setting next_dagrun for dataset_consumes_1_never_scheduled to None, run_after=None
[2025-05-07T13:44:46.054+0000] {logging_mixin.py:190} INFO - [2025-05-07T13:44:46.054+0000] {dag.py:4180} INFO - Setting next_dagrun for dataset_consumes_unknown_never_scheduled to None, run_after=None
[2025-05-07T13:44:46.061+0000] {logging_mixin.py:190} INFO - [2025-05-07T13:44:46.061+0000] {dag.py:4180} INFO - Setting next_dagrun for dataset_produces_1 to 2025-05-06 00:00:00+00:00, run_after=2025-05-07 00:00:00+00:00
[2025-05-07T13:44:46.078+0000] {logging_mixin.py:190} INFO - [2025-05-07T13:44:46.078+0000] {dag.py:4180} INFO - Setting next_dagrun for dataset_produces_2 to None, run_after=None
[2025-05-07T13:44:46.754+0000] {processor.py:208} INFO - Processing /home/airflow/.local/lib/python3.12/site-packages/airflow/example_dags/example_datasets.py took 6.610 seconds
[2025-05-07T13:45:35.410+0000] {processor.py:186} INFO - Started process (PID=573) to work on /home/airflow/.local/lib/python3.12/site-packages/airflow/example_dags/example_datasets.py
[2025-05-07T13:45:35.413+0000] {processor.py:914} INFO - Processing file /home/airflow/.local/lib/python3.12/site-packages/airflow/example_dags/example_datasets.py for tasks to queue
[2025-05-07T13:45:35.429+0000] {logging_mixin.py:190} INFO - [2025-05-07T13:45:35.419+0000] {dagbag.py:588} INFO - Filling up the DagBag from /home/airflow/.local/lib/python3.12/site-packages/airflow/example_dags/example_datasets.py
[2025-05-07T13:45:37.718+0000] {processor.py:925} INFO - DAG(s) 'dataset_consumes_1', 'dataset_consumes_unknown_never_scheduled', 'consume_1_or_2_with_dataset_expressions', 'dataset_produces_1', 'dataset_consumes_1_and_2', 'dataset_consumes_1_never_scheduled', 'dataset_produces_2', 'conditional_dataset_and_time_based_timetable', 'consume_1_or_both_2_and_3_with_dataset_expressions', 'consume_1_and_2_with_dataset_expressions' retrieved from /home/airflow/.local/lib/python3.12/site-packages/airflow/example_dags/example_datasets.py
[2025-05-07T13:45:38.851+0000] {logging_mixin.py:190} INFO - [2025-05-07T13:45:38.841+0000] {dag.py:3239} INFO - Sync 10 DAGs
[2025-05-07T13:45:38.956+0000] {logging_mixin.py:190} INFO - [2025-05-07T13:45:38.955+0000] {dag.py:4180} INFO - Setting next_dagrun for conditional_dataset_and_time_based_timetable to 2025-05-07 01:00:00+00:00, run_after=2025-05-07 01:00:00+00:00
[2025-05-07T13:45:38.995+0000] {logging_mixin.py:190} INFO - [2025-05-07T13:45:38.995+0000] {dag.py:4180} INFO - Setting next_dagrun for consume_1_and_2_with_dataset_expressions to None, run_after=None
[2025-05-07T13:45:39.001+0000] {logging_mixin.py:190} INFO - [2025-05-07T13:45:39.000+0000] {dag.py:4180} INFO - Setting next_dagrun for consume_1_or_2_with_dataset_expressions to None, run_after=None
[2025-05-07T13:45:39.009+0000] {logging_mixin.py:190} INFO - [2025-05-07T13:45:39.009+0000] {dag.py:4180} INFO - Setting next_dagrun for consume_1_or_both_2_and_3_with_dataset_expressions to None, run_after=None
[2025-05-07T13:45:39.012+0000] {logging_mixin.py:190} INFO - [2025-05-07T13:45:39.011+0000] {dag.py:4180} INFO - Setting next_dagrun for dataset_consumes_1 to None, run_after=None
[2025-05-07T13:45:39.014+0000] {logging_mixin.py:190} INFO - [2025-05-07T13:45:39.014+0000] {dag.py:4180} INFO - Setting next_dagrun for dataset_consumes_1_and_2 to None, run_after=None
[2025-05-07T13:45:39.017+0000] {logging_mixin.py:190} INFO - [2025-05-07T13:45:39.017+0000] {dag.py:4180} INFO - Setting next_dagrun for dataset_consumes_1_never_scheduled to None, run_after=None
[2025-05-07T13:45:39.021+0000] {logging_mixin.py:190} INFO - [2025-05-07T13:45:39.020+0000] {dag.py:4180} INFO - Setting next_dagrun for dataset_consumes_unknown_never_scheduled to None, run_after=None
[2025-05-07T13:45:39.142+0000] {logging_mixin.py:190} INFO - [2025-05-07T13:45:39.133+0000] {dag.py:4180} INFO - Setting next_dagrun for dataset_produces_1 to 2025-05-06 00:00:00+00:00, run_after=2025-05-07 00:00:00+00:00
[2025-05-07T13:45:39.148+0000] {logging_mixin.py:190} INFO - [2025-05-07T13:45:39.147+0000] {dag.py:4180} INFO - Setting next_dagrun for dataset_produces_2 to None, run_after=None
[2025-05-07T13:45:39.224+0000] {processor.py:208} INFO - Processing /home/airflow/.local/lib/python3.12/site-packages/airflow/example_dags/example_datasets.py took 3.831 seconds
[2025-05-07T13:46:09.823+0000] {processor.py:186} INFO - Started process (PID=636) to work on /home/airflow/.local/lib/python3.12/site-packages/airflow/example_dags/example_datasets.py
[2025-05-07T13:46:09.826+0000] {processor.py:914} INFO - Processing file /home/airflow/.local/lib/python3.12/site-packages/airflow/example_dags/example_datasets.py for tasks to queue
[2025-05-07T13:46:09.832+0000] {logging_mixin.py:190} INFO - [2025-05-07T13:46:09.832+0000] {dagbag.py:588} INFO - Filling up the DagBag from /home/airflow/.local/lib/python3.12/site-packages/airflow/example_dags/example_datasets.py
[2025-05-07T13:46:10.955+0000] {processor.py:925} INFO - DAG(s) 'dataset_produces_2', 'consume_1_or_2_with_dataset_expressions', 'dataset_consumes_1', 'dataset_consumes_1_never_scheduled', 'consume_1_and_2_with_dataset_expressions', 'dataset_consumes_unknown_never_scheduled', 'dataset_produces_1', 'conditional_dataset_and_time_based_timetable', 'consume_1_or_both_2_and_3_with_dataset_expressions', 'dataset_consumes_1_and_2' retrieved from /home/airflow/.local/lib/python3.12/site-packages/airflow/example_dags/example_datasets.py
[2025-05-07T13:46:12.132+0000] {logging_mixin.py:190} INFO - [2025-05-07T13:46:12.132+0000] {dag.py:3239} INFO - Sync 10 DAGs
[2025-05-07T13:46:12.377+0000] {logging_mixin.py:190} INFO - [2025-05-07T13:46:12.377+0000] {dag.py:4180} INFO - Setting next_dagrun for conditional_dataset_and_time_based_timetable to 2025-05-07 01:00:00+00:00, run_after=2025-05-07 01:00:00+00:00
[2025-05-07T13:46:12.532+0000] {logging_mixin.py:190} INFO - [2025-05-07T13:46:12.525+0000] {dag.py:4180} INFO - Setting next_dagrun for consume_1_and_2_with_dataset_expressions to None, run_after=None
[2025-05-07T13:46:12.606+0000] {logging_mixin.py:190} INFO - [2025-05-07T13:46:12.605+0000] {dag.py:4180} INFO - Setting next_dagrun for consume_1_or_2_with_dataset_expressions to None, run_after=None
[2025-05-07T13:46:12.666+0000] {logging_mixin.py:190} INFO - [2025-05-07T13:46:12.665+0000] {dag.py:4180} INFO - Setting next_dagrun for consume_1_or_both_2_and_3_with_dataset_expressions to None, run_after=None
[2025-05-07T13:46:12.824+0000] {logging_mixin.py:190} INFO - [2025-05-07T13:46:12.821+0000] {dag.py:4180} INFO - Setting next_dagrun for dataset_consumes_1 to None, run_after=None
[2025-05-07T13:46:12.857+0000] {logging_mixin.py:190} INFO - [2025-05-07T13:46:12.849+0000] {dag.py:4180} INFO - Setting next_dagrun for dataset_consumes_1_and_2 to None, run_after=None
[2025-05-07T13:46:12.861+0000] {logging_mixin.py:190} INFO - [2025-05-07T13:46:12.861+0000] {dag.py:4180} INFO - Setting next_dagrun for dataset_consumes_1_never_scheduled to None, run_after=None
[2025-05-07T13:46:12.872+0000] {logging_mixin.py:190} INFO - [2025-05-07T13:46:12.871+0000] {dag.py:4180} INFO - Setting next_dagrun for dataset_consumes_unknown_never_scheduled to None, run_after=None
[2025-05-07T13:46:13.264+0000] {logging_mixin.py:190} INFO - [2025-05-07T13:46:13.264+0000] {dag.py:4180} INFO - Setting next_dagrun for dataset_produces_1 to 2025-05-06 00:00:00+00:00, run_after=2025-05-07 00:00:00+00:00
[2025-05-07T13:46:13.270+0000] {logging_mixin.py:190} INFO - [2025-05-07T13:46:13.269+0000] {dag.py:4180} INFO - Setting next_dagrun for dataset_produces_2 to None, run_after=None
[2025-05-07T13:46:14.040+0000] {processor.py:208} INFO - Processing /home/airflow/.local/lib/python3.12/site-packages/airflow/example_dags/example_datasets.py took 4.233 seconds
[2025-05-07T13:46:55.003+0000] {processor.py:186} INFO - Started process (PID=699) to work on /home/airflow/.local/lib/python3.12/site-packages/airflow/example_dags/example_datasets.py
[2025-05-07T13:46:55.009+0000] {processor.py:914} INFO - Processing file /home/airflow/.local/lib/python3.12/site-packages/airflow/example_dags/example_datasets.py for tasks to queue
[2025-05-07T13:46:55.016+0000] {logging_mixin.py:190} INFO - [2025-05-07T13:46:55.015+0000] {dagbag.py:588} INFO - Filling up the DagBag from /home/airflow/.local/lib/python3.12/site-packages/airflow/example_dags/example_datasets.py
[2025-05-07T13:46:55.924+0000] {processor.py:925} INFO - DAG(s) 'dataset_consumes_1', 'consume_1_or_2_with_dataset_expressions', 'conditional_dataset_and_time_based_timetable', 'dataset_produces_1', 'dataset_consumes_1_never_scheduled', 'consume_1_and_2_with_dataset_expressions', 'dataset_produces_2', 'dataset_consumes_1_and_2', 'consume_1_or_both_2_and_3_with_dataset_expressions', 'dataset_consumes_unknown_never_scheduled' retrieved from /home/airflow/.local/lib/python3.12/site-packages/airflow/example_dags/example_datasets.py
[2025-05-07T13:46:56.121+0000] {logging_mixin.py:190} INFO - [2025-05-07T13:46:56.121+0000] {dag.py:3239} INFO - Sync 10 DAGs
[2025-05-07T13:46:56.176+0000] {logging_mixin.py:190} INFO - [2025-05-07T13:46:56.175+0000] {dag.py:4180} INFO - Setting next_dagrun for conditional_dataset_and_time_based_timetable to 2025-05-07 01:00:00+00:00, run_after=2025-05-07 01:00:00+00:00
[2025-05-07T13:46:56.182+0000] {logging_mixin.py:190} INFO - [2025-05-07T13:46:56.182+0000] {dag.py:4180} INFO - Setting next_dagrun for consume_1_and_2_with_dataset_expressions to None, run_after=None
[2025-05-07T13:46:56.185+0000] {logging_mixin.py:190} INFO - [2025-05-07T13:46:56.185+0000] {dag.py:4180} INFO - Setting next_dagrun for consume_1_or_2_with_dataset_expressions to None, run_after=None
[2025-05-07T13:46:56.187+0000] {logging_mixin.py:190} INFO - [2025-05-07T13:46:56.187+0000] {dag.py:4180} INFO - Setting next_dagrun for consume_1_or_both_2_and_3_with_dataset_expressions to None, run_after=None
[2025-05-07T13:46:56.189+0000] {logging_mixin.py:190} INFO - [2025-05-07T13:46:56.189+0000] {dag.py:4180} INFO - Setting next_dagrun for dataset_consumes_1 to None, run_after=None
[2025-05-07T13:46:56.191+0000] {logging_mixin.py:190} INFO - [2025-05-07T13:46:56.190+0000] {dag.py:4180} INFO - Setting next_dagrun for dataset_consumes_1_and_2 to None, run_after=None
[2025-05-07T13:46:56.193+0000] {logging_mixin.py:190} INFO - [2025-05-07T13:46:56.192+0000] {dag.py:4180} INFO - Setting next_dagrun for dataset_consumes_1_never_scheduled to None, run_after=None
[2025-05-07T13:46:56.194+0000] {logging_mixin.py:190} INFO - [2025-05-07T13:46:56.194+0000] {dag.py:4180} INFO - Setting next_dagrun for dataset_consumes_unknown_never_scheduled to None, run_after=None
[2025-05-07T13:46:56.198+0000] {logging_mixin.py:190} INFO - [2025-05-07T13:46:56.198+0000] {dag.py:4180} INFO - Setting next_dagrun for dataset_produces_1 to 2025-05-06 00:00:00+00:00, run_after=2025-05-07 00:00:00+00:00
[2025-05-07T13:46:56.200+0000] {logging_mixin.py:190} INFO - [2025-05-07T13:46:56.200+0000] {dag.py:4180} INFO - Setting next_dagrun for dataset_produces_2 to None, run_after=None
[2025-05-07T13:46:56.312+0000] {processor.py:208} INFO - Processing /home/airflow/.local/lib/python3.12/site-packages/airflow/example_dags/example_datasets.py took 1.327 seconds
[2025-05-07T13:47:28.706+0000] {processor.py:186} INFO - Started process (PID=761) to work on /home/airflow/.local/lib/python3.12/site-packages/airflow/example_dags/example_datasets.py
[2025-05-07T13:47:28.737+0000] {processor.py:914} INFO - Processing file /home/airflow/.local/lib/python3.12/site-packages/airflow/example_dags/example_datasets.py for tasks to queue
[2025-05-07T13:47:28.744+0000] {logging_mixin.py:190} INFO - [2025-05-07T13:47:28.743+0000] {dagbag.py:588} INFO - Filling up the DagBag from /home/airflow/.local/lib/python3.12/site-packages/airflow/example_dags/example_datasets.py
[2025-05-07T13:47:30.506+0000] {processor.py:925} INFO - DAG(s) 'dataset_consumes_1', 'dataset_consumes_1_never_scheduled', 'consume_1_or_2_with_dataset_expressions', 'dataset_consumes_unknown_never_scheduled', 'consume_1_or_both_2_and_3_with_dataset_expressions', 'consume_1_and_2_with_dataset_expressions', 'conditional_dataset_and_time_based_timetable', 'dataset_produces_2', 'dataset_produces_1', 'dataset_consumes_1_and_2' retrieved from /home/airflow/.local/lib/python3.12/site-packages/airflow/example_dags/example_datasets.py
[2025-05-07T13:47:31.479+0000] {logging_mixin.py:190} INFO - [2025-05-07T13:47:31.478+0000] {dag.py:3239} INFO - Sync 10 DAGs
[2025-05-07T13:47:31.702+0000] {logging_mixin.py:190} INFO - [2025-05-07T13:47:31.702+0000] {dag.py:4180} INFO - Setting next_dagrun for conditional_dataset_and_time_based_timetable to 2025-05-07 01:00:00+00:00, run_after=2025-05-07 01:00:00+00:00
[2025-05-07T13:47:31.710+0000] {logging_mixin.py:190} INFO - [2025-05-07T13:47:31.710+0000] {dag.py:4180} INFO - Setting next_dagrun for consume_1_and_2_with_dataset_expressions to None, run_after=None
[2025-05-07T13:47:31.713+0000] {logging_mixin.py:190} INFO - [2025-05-07T13:47:31.713+0000] {dag.py:4180} INFO - Setting next_dagrun for consume_1_or_2_with_dataset_expressions to None, run_after=None
[2025-05-07T13:47:31.716+0000] {logging_mixin.py:190} INFO - [2025-05-07T13:47:31.716+0000] {dag.py:4180} INFO - Setting next_dagrun for consume_1_or_both_2_and_3_with_dataset_expressions to None, run_after=None
[2025-05-07T13:47:31.719+0000] {logging_mixin.py:190} INFO - [2025-05-07T13:47:31.719+0000] {dag.py:4180} INFO - Setting next_dagrun for dataset_consumes_1 to None, run_after=None
[2025-05-07T13:47:31.722+0000] {logging_mixin.py:190} INFO - [2025-05-07T13:47:31.722+0000] {dag.py:4180} INFO - Setting next_dagrun for dataset_consumes_1_and_2 to None, run_after=None
[2025-05-07T13:47:31.725+0000] {logging_mixin.py:190} INFO - [2025-05-07T13:47:31.724+0000] {dag.py:4180} INFO - Setting next_dagrun for dataset_consumes_1_never_scheduled to None, run_after=None
[2025-05-07T13:47:31.727+0000] {logging_mixin.py:190} INFO - [2025-05-07T13:47:31.727+0000] {dag.py:4180} INFO - Setting next_dagrun for dataset_consumes_unknown_never_scheduled to None, run_after=None
[2025-05-07T13:47:31.735+0000] {logging_mixin.py:190} INFO - [2025-05-07T13:47:31.734+0000] {dag.py:4180} INFO - Setting next_dagrun for dataset_produces_1 to 2025-05-06 00:00:00+00:00, run_after=2025-05-07 00:00:00+00:00
[2025-05-07T13:47:31.747+0000] {logging_mixin.py:190} INFO - [2025-05-07T13:47:31.747+0000] {dag.py:4180} INFO - Setting next_dagrun for dataset_produces_2 to None, run_after=None
[2025-05-07T13:47:31.875+0000] {processor.py:208} INFO - Processing /home/airflow/.local/lib/python3.12/site-packages/airflow/example_dags/example_datasets.py took 3.181 seconds
[2025-05-07T13:48:20.129+0000] {processor.py:186} INFO - Started process (PID=815) to work on /home/airflow/.local/lib/python3.12/site-packages/airflow/example_dags/example_datasets.py
[2025-05-07T13:48:20.202+0000] {processor.py:914} INFO - Processing file /home/airflow/.local/lib/python3.12/site-packages/airflow/example_dags/example_datasets.py for tasks to queue
[2025-05-07T13:48:20.210+0000] {logging_mixin.py:190} INFO - [2025-05-07T13:48:20.209+0000] {dagbag.py:588} INFO - Filling up the DagBag from /home/airflow/.local/lib/python3.12/site-packages/airflow/example_dags/example_datasets.py
[2025-05-07T13:48:29.774+0000] {processor.py:925} INFO - DAG(s) 'consume_1_and_2_with_dataset_expressions', 'dataset_consumes_1_and_2', 'dataset_produces_1', 'dataset_consumes_unknown_never_scheduled', 'consume_1_or_2_with_dataset_expressions', 'dataset_consumes_1', 'consume_1_or_both_2_and_3_with_dataset_expressions', 'dataset_produces_2', 'dataset_consumes_1_never_scheduled', 'conditional_dataset_and_time_based_timetable' retrieved from /home/airflow/.local/lib/python3.12/site-packages/airflow/example_dags/example_datasets.py
[2025-05-07T13:48:30.249+0000] {logging_mixin.py:190} INFO - [2025-05-07T13:48:30.248+0000] {dag.py:3239} INFO - Sync 10 DAGs
[2025-05-07T13:48:30.582+0000] {logging_mixin.py:190} INFO - [2025-05-07T13:48:30.581+0000] {dag.py:4180} INFO - Setting next_dagrun for conditional_dataset_and_time_based_timetable to 2025-05-07 01:00:00+00:00, run_after=2025-05-07 01:00:00+00:00
[2025-05-07T13:48:30.708+0000] {logging_mixin.py:190} INFO - [2025-05-07T13:48:30.707+0000] {dag.py:4180} INFO - Setting next_dagrun for consume_1_and_2_with_dataset_expressions to None, run_after=None
[2025-05-07T13:48:30.722+0000] {logging_mixin.py:190} INFO - [2025-05-07T13:48:30.721+0000] {dag.py:4180} INFO - Setting next_dagrun for consume_1_or_2_with_dataset_expressions to None, run_after=None
[2025-05-07T13:48:30.779+0000] {logging_mixin.py:190} INFO - [2025-05-07T13:48:30.774+0000] {dag.py:4180} INFO - Setting next_dagrun for consume_1_or_both_2_and_3_with_dataset_expressions to None, run_after=None
[2025-05-07T13:48:30.790+0000] {logging_mixin.py:190} INFO - [2025-05-07T13:48:30.789+0000] {dag.py:4180} INFO - Setting next_dagrun for dataset_consumes_1 to None, run_after=None
[2025-05-07T13:48:30.799+0000] {logging_mixin.py:190} INFO - [2025-05-07T13:48:30.798+0000] {dag.py:4180} INFO - Setting next_dagrun for dataset_consumes_1_and_2 to None, run_after=None
[2025-05-07T13:48:30.801+0000] {logging_mixin.py:190} INFO - [2025-05-07T13:48:30.801+0000] {dag.py:4180} INFO - Setting next_dagrun for dataset_consumes_1_never_scheduled to None, run_after=None
[2025-05-07T13:48:30.809+0000] {logging_mixin.py:190} INFO - [2025-05-07T13:48:30.809+0000] {dag.py:4180} INFO - Setting next_dagrun for dataset_consumes_unknown_never_scheduled to None, run_after=None
[2025-05-07T13:48:30.816+0000] {logging_mixin.py:190} INFO - [2025-05-07T13:48:30.815+0000] {dag.py:4180} INFO - Setting next_dagrun for dataset_produces_1 to 2025-05-06 00:00:00+00:00, run_after=2025-05-07 00:00:00+00:00
[2025-05-07T13:48:30.819+0000] {logging_mixin.py:190} INFO - [2025-05-07T13:48:30.818+0000] {dag.py:4180} INFO - Setting next_dagrun for dataset_produces_2 to None, run_after=None
[2025-05-07T13:48:31.195+0000] {processor.py:208} INFO - Processing /home/airflow/.local/lib/python3.12/site-packages/airflow/example_dags/example_datasets.py took 11.081 seconds
[2025-05-07T13:49:10.876+0000] {processor.py:186} INFO - Started process (PID=862) to work on /home/airflow/.local/lib/python3.12/site-packages/airflow/example_dags/example_datasets.py
[2025-05-07T13:49:11.147+0000] {processor.py:914} INFO - Processing file /home/airflow/.local/lib/python3.12/site-packages/airflow/example_dags/example_datasets.py for tasks to queue
[2025-05-07T13:49:11.305+0000] {logging_mixin.py:190} INFO - [2025-05-07T13:49:11.304+0000] {dagbag.py:588} INFO - Filling up the DagBag from /home/airflow/.local/lib/python3.12/site-packages/airflow/example_dags/example_datasets.py
[2025-05-07T13:49:13.223+0000] {processor.py:925} INFO - DAG(s) 'dataset_consumes_1_never_scheduled', 'dataset_consumes_1_and_2', 'dataset_consumes_unknown_never_scheduled', 'dataset_produces_2', 'consume_1_or_both_2_and_3_with_dataset_expressions', 'consume_1_and_2_with_dataset_expressions', 'consume_1_or_2_with_dataset_expressions', 'dataset_produces_1', 'dataset_consumes_1', 'conditional_dataset_and_time_based_timetable' retrieved from /home/airflow/.local/lib/python3.12/site-packages/airflow/example_dags/example_datasets.py
[2025-05-07T13:49:13.633+0000] {logging_mixin.py:190} INFO - [2025-05-07T13:49:13.632+0000] {dag.py:3239} INFO - Sync 10 DAGs
[2025-05-07T13:49:13.688+0000] {logging_mixin.py:190} INFO - [2025-05-07T13:49:13.687+0000] {dag.py:4180} INFO - Setting next_dagrun for conditional_dataset_and_time_based_timetable to 2025-05-07 01:00:00+00:00, run_after=2025-05-07 01:00:00+00:00
[2025-05-07T13:49:13.694+0000] {logging_mixin.py:190} INFO - [2025-05-07T13:49:13.694+0000] {dag.py:4180} INFO - Setting next_dagrun for consume_1_and_2_with_dataset_expressions to None, run_after=None
[2025-05-07T13:49:13.696+0000] {logging_mixin.py:190} INFO - [2025-05-07T13:49:13.696+0000] {dag.py:4180} INFO - Setting next_dagrun for consume_1_or_2_with_dataset_expressions to None, run_after=None
[2025-05-07T13:49:13.698+0000] {logging_mixin.py:190} INFO - [2025-05-07T13:49:13.697+0000] {dag.py:4180} INFO - Setting next_dagrun for consume_1_or_both_2_and_3_with_dataset_expressions to None, run_after=None
[2025-05-07T13:49:13.700+0000] {logging_mixin.py:190} INFO - [2025-05-07T13:49:13.699+0000] {dag.py:4180} INFO - Setting next_dagrun for dataset_consumes_1 to None, run_after=None
[2025-05-07T13:49:13.702+0000] {logging_mixin.py:190} INFO - [2025-05-07T13:49:13.702+0000] {dag.py:4180} INFO - Setting next_dagrun for dataset_consumes_1_and_2 to None, run_after=None
[2025-05-07T13:49:13.704+0000] {logging_mixin.py:190} INFO - [2025-05-07T13:49:13.704+0000] {dag.py:4180} INFO - Setting next_dagrun for dataset_consumes_1_never_scheduled to None, run_after=None
[2025-05-07T13:49:13.706+0000] {logging_mixin.py:190} INFO - [2025-05-07T13:49:13.705+0000] {dag.py:4180} INFO - Setting next_dagrun for dataset_consumes_unknown_never_scheduled to None, run_after=None
[2025-05-07T13:49:13.709+0000] {logging_mixin.py:190} INFO - [2025-05-07T13:49:13.709+0000] {dag.py:4180} INFO - Setting next_dagrun for dataset_produces_1 to 2025-05-06 00:00:00+00:00, run_after=2025-05-07 00:00:00+00:00
[2025-05-07T13:49:13.711+0000] {logging_mixin.py:190} INFO - [2025-05-07T13:49:13.710+0000] {dag.py:4180} INFO - Setting next_dagrun for dataset_produces_2 to None, run_after=None
[2025-05-07T13:49:14.444+0000] {processor.py:208} INFO - Processing /home/airflow/.local/lib/python3.12/site-packages/airflow/example_dags/example_datasets.py took 3.589 seconds
[2025-05-07T13:50:05.390+0000] {processor.py:186} INFO - Started process (PID=920) to work on /home/airflow/.local/lib/python3.12/site-packages/airflow/example_dags/example_datasets.py
[2025-05-07T13:50:05.396+0000] {processor.py:914} INFO - Processing file /home/airflow/.local/lib/python3.12/site-packages/airflow/example_dags/example_datasets.py for tasks to queue
[2025-05-07T13:50:05.404+0000] {logging_mixin.py:190} INFO - [2025-05-07T13:50:05.403+0000] {dagbag.py:588} INFO - Filling up the DagBag from /home/airflow/.local/lib/python3.12/site-packages/airflow/example_dags/example_datasets.py
[2025-05-07T13:50:06.792+0000] {processor.py:925} INFO - DAG(s) 'consume_1_or_2_with_dataset_expressions', 'consume_1_and_2_with_dataset_expressions', 'dataset_consumes_unknown_never_scheduled', 'dataset_consumes_1_and_2', 'dataset_produces_2', 'consume_1_or_both_2_and_3_with_dataset_expressions', 'conditional_dataset_and_time_based_timetable', 'dataset_consumes_1', 'dataset_produces_1', 'dataset_consumes_1_never_scheduled' retrieved from /home/airflow/.local/lib/python3.12/site-packages/airflow/example_dags/example_datasets.py
[2025-05-07T13:50:06.947+0000] {logging_mixin.py:190} INFO - [2025-05-07T13:50:06.945+0000] {dag.py:3239} INFO - Sync 10 DAGs
[2025-05-07T13:50:07.210+0000] {logging_mixin.py:190} INFO - [2025-05-07T13:50:07.209+0000] {dag.py:4180} INFO - Setting next_dagrun for conditional_dataset_and_time_based_timetable to 2025-05-07 01:00:00+00:00, run_after=2025-05-07 01:00:00+00:00
[2025-05-07T13:50:07.298+0000] {logging_mixin.py:190} INFO - [2025-05-07T13:50:07.298+0000] {dag.py:4180} INFO - Setting next_dagrun for consume_1_and_2_with_dataset_expressions to None, run_after=None
[2025-05-07T13:50:07.309+0000] {logging_mixin.py:190} INFO - [2025-05-07T13:50:07.308+0000] {dag.py:4180} INFO - Setting next_dagrun for consume_1_or_2_with_dataset_expressions to None, run_after=None
[2025-05-07T13:50:07.571+0000] {logging_mixin.py:190} INFO - [2025-05-07T13:50:07.570+0000] {dag.py:4180} INFO - Setting next_dagrun for consume_1_or_both_2_and_3_with_dataset_expressions to None, run_after=None
[2025-05-07T13:50:07.623+0000] {logging_mixin.py:190} INFO - [2025-05-07T13:50:07.621+0000] {dag.py:4180} INFO - Setting next_dagrun for dataset_consumes_1 to None, run_after=None
[2025-05-07T13:50:07.630+0000] {logging_mixin.py:190} INFO - [2025-05-07T13:50:07.630+0000] {dag.py:4180} INFO - Setting next_dagrun for dataset_consumes_1_and_2 to None, run_after=None
[2025-05-07T13:50:07.634+0000] {logging_mixin.py:190} INFO - [2025-05-07T13:50:07.633+0000] {dag.py:4180} INFO - Setting next_dagrun for dataset_consumes_1_never_scheduled to None, run_after=None
[2025-05-07T13:50:07.715+0000] {logging_mixin.py:190} INFO - [2025-05-07T13:50:07.714+0000] {dag.py:4180} INFO - Setting next_dagrun for dataset_consumes_unknown_never_scheduled to None, run_after=None
[2025-05-07T13:50:07.887+0000] {logging_mixin.py:190} INFO - [2025-05-07T13:50:07.887+0000] {dag.py:4180} INFO - Setting next_dagrun for dataset_produces_1 to 2025-05-06 00:00:00+00:00, run_after=2025-05-07 00:00:00+00:00
[2025-05-07T13:50:08.031+0000] {logging_mixin.py:190} INFO - [2025-05-07T13:50:08.031+0000] {dag.py:4180} INFO - Setting next_dagrun for dataset_produces_2 to None, run_after=None
[2025-05-07T13:50:08.992+0000] {processor.py:208} INFO - Processing /home/airflow/.local/lib/python3.12/site-packages/airflow/example_dags/example_datasets.py took 3.648 seconds
[2025-05-07T13:50:46.990+0000] {processor.py:186} INFO - Started process (PID=988) to work on /home/airflow/.local/lib/python3.12/site-packages/airflow/example_dags/example_datasets.py
[2025-05-07T13:50:46.993+0000] {processor.py:914} INFO - Processing file /home/airflow/.local/lib/python3.12/site-packages/airflow/example_dags/example_datasets.py for tasks to queue
[2025-05-07T13:50:46.999+0000] {logging_mixin.py:190} INFO - [2025-05-07T13:50:46.998+0000] {dagbag.py:588} INFO - Filling up the DagBag from /home/airflow/.local/lib/python3.12/site-packages/airflow/example_dags/example_datasets.py
[2025-05-07T13:50:48.065+0000] {processor.py:925} INFO - DAG(s) 'dataset_consumes_1', 'dataset_produces_2', 'consume_1_or_2_with_dataset_expressions', 'dataset_produces_1', 'dataset_consumes_1_never_scheduled', 'dataset_consumes_unknown_never_scheduled', 'consume_1_or_both_2_and_3_with_dataset_expressions', 'consume_1_and_2_with_dataset_expressions', 'conditional_dataset_and_time_based_timetable', 'dataset_consumes_1_and_2' retrieved from /home/airflow/.local/lib/python3.12/site-packages/airflow/example_dags/example_datasets.py
[2025-05-07T13:50:48.205+0000] {logging_mixin.py:190} INFO - [2025-05-07T13:50:48.204+0000] {dag.py:3239} INFO - Sync 10 DAGs
[2025-05-07T13:50:48.310+0000] {logging_mixin.py:190} INFO - [2025-05-07T13:50:48.307+0000] {dag.py:4180} INFO - Setting next_dagrun for conditional_dataset_and_time_based_timetable to 2025-05-07 01:00:00+00:00, run_after=2025-05-07 01:00:00+00:00
[2025-05-07T13:50:48.318+0000] {logging_mixin.py:190} INFO - [2025-05-07T13:50:48.318+0000] {dag.py:4180} INFO - Setting next_dagrun for consume_1_and_2_with_dataset_expressions to None, run_after=None
[2025-05-07T13:50:48.322+0000] {logging_mixin.py:190} INFO - [2025-05-07T13:50:48.321+0000] {dag.py:4180} INFO - Setting next_dagrun for consume_1_or_2_with_dataset_expressions to None, run_after=None
[2025-05-07T13:50:48.323+0000] {logging_mixin.py:190} INFO - [2025-05-07T13:50:48.323+0000] {dag.py:4180} INFO - Setting next_dagrun for consume_1_or_both_2_and_3_with_dataset_expressions to None, run_after=None
[2025-05-07T13:50:48.326+0000] {logging_mixin.py:190} INFO - [2025-05-07T13:50:48.326+0000] {dag.py:4180} INFO - Setting next_dagrun for dataset_consumes_1 to None, run_after=None
[2025-05-07T13:50:48.329+0000] {logging_mixin.py:190} INFO - [2025-05-07T13:50:48.328+0000] {dag.py:4180} INFO - Setting next_dagrun for dataset_consumes_1_and_2 to None, run_after=None
[2025-05-07T13:50:48.331+0000] {logging_mixin.py:190} INFO - [2025-05-07T13:50:48.330+0000] {dag.py:4180} INFO - Setting next_dagrun for dataset_consumes_1_never_scheduled to None, run_after=None
[2025-05-07T13:50:48.336+0000] {logging_mixin.py:190} INFO - [2025-05-07T13:50:48.333+0000] {dag.py:4180} INFO - Setting next_dagrun for dataset_consumes_unknown_never_scheduled to None, run_after=None
[2025-05-07T13:50:48.362+0000] {logging_mixin.py:190} INFO - [2025-05-07T13:50:48.362+0000] {dag.py:4180} INFO - Setting next_dagrun for dataset_produces_1 to 2025-05-06 00:00:00+00:00, run_after=2025-05-07 00:00:00+00:00
[2025-05-07T13:50:48.366+0000] {logging_mixin.py:190} INFO - [2025-05-07T13:50:48.366+0000] {dag.py:4180} INFO - Setting next_dagrun for dataset_produces_2 to None, run_after=None
[2025-05-07T13:50:48.463+0000] {processor.py:208} INFO - Processing /home/airflow/.local/lib/python3.12/site-packages/airflow/example_dags/example_datasets.py took 1.490 seconds
[2025-05-07T13:51:20.294+0000] {processor.py:186} INFO - Started process (PID=1050) to work on /home/airflow/.local/lib/python3.12/site-packages/airflow/example_dags/example_datasets.py
[2025-05-07T13:51:20.296+0000] {processor.py:914} INFO - Processing file /home/airflow/.local/lib/python3.12/site-packages/airflow/example_dags/example_datasets.py for tasks to queue
[2025-05-07T13:51:20.302+0000] {logging_mixin.py:190} INFO - [2025-05-07T13:51:20.302+0000] {dagbag.py:588} INFO - Filling up the DagBag from /home/airflow/.local/lib/python3.12/site-packages/airflow/example_dags/example_datasets.py
[2025-05-07T13:51:21.175+0000] {processor.py:925} INFO - DAG(s) 'conditional_dataset_and_time_based_timetable', 'dataset_consumes_1', 'consume_1_and_2_with_dataset_expressions', 'dataset_consumes_unknown_never_scheduled', 'dataset_consumes_1_never_scheduled', 'consume_1_or_both_2_and_3_with_dataset_expressions', 'dataset_produces_1', 'dataset_produces_2', 'consume_1_or_2_with_dataset_expressions', 'dataset_consumes_1_and_2' retrieved from /home/airflow/.local/lib/python3.12/site-packages/airflow/example_dags/example_datasets.py
[2025-05-07T13:51:21.375+0000] {logging_mixin.py:190} INFO - [2025-05-07T13:51:21.374+0000] {dag.py:3239} INFO - Sync 10 DAGs
[2025-05-07T13:51:21.437+0000] {logging_mixin.py:190} INFO - [2025-05-07T13:51:21.437+0000] {dag.py:4180} INFO - Setting next_dagrun for conditional_dataset_and_time_based_timetable to 2025-05-07 01:00:00+00:00, run_after=2025-05-07 01:00:00+00:00
[2025-05-07T13:51:21.444+0000] {logging_mixin.py:190} INFO - [2025-05-07T13:51:21.444+0000] {dag.py:4180} INFO - Setting next_dagrun for consume_1_and_2_with_dataset_expressions to None, run_after=None
[2025-05-07T13:51:21.447+0000] {logging_mixin.py:190} INFO - [2025-05-07T13:51:21.447+0000] {dag.py:4180} INFO - Setting next_dagrun for consume_1_or_2_with_dataset_expressions to None, run_after=None
[2025-05-07T13:51:21.451+0000] {logging_mixin.py:190} INFO - [2025-05-07T13:51:21.450+0000] {dag.py:4180} INFO - Setting next_dagrun for consume_1_or_both_2_and_3_with_dataset_expressions to None, run_after=None
[2025-05-07T13:51:21.453+0000] {logging_mixin.py:190} INFO - [2025-05-07T13:51:21.453+0000] {dag.py:4180} INFO - Setting next_dagrun for dataset_consumes_1 to None, run_after=None
[2025-05-07T13:51:21.456+0000] {logging_mixin.py:190} INFO - [2025-05-07T13:51:21.456+0000] {dag.py:4180} INFO - Setting next_dagrun for dataset_consumes_1_and_2 to None, run_after=None
[2025-05-07T13:51:21.459+0000] {logging_mixin.py:190} INFO - [2025-05-07T13:51:21.458+0000] {dag.py:4180} INFO - Setting next_dagrun for dataset_consumes_1_never_scheduled to None, run_after=None
[2025-05-07T13:51:21.461+0000] {logging_mixin.py:190} INFO - [2025-05-07T13:51:21.461+0000] {dag.py:4180} INFO - Setting next_dagrun for dataset_consumes_unknown_never_scheduled to None, run_after=None
[2025-05-07T13:51:21.467+0000] {logging_mixin.py:190} INFO - [2025-05-07T13:51:21.467+0000] {dag.py:4180} INFO - Setting next_dagrun for dataset_produces_1 to 2025-05-06 00:00:00+00:00, run_after=2025-05-07 00:00:00+00:00
[2025-05-07T13:51:21.471+0000] {logging_mixin.py:190} INFO - [2025-05-07T13:51:21.470+0000] {dag.py:4180} INFO - Setting next_dagrun for dataset_produces_2 to None, run_after=None
[2025-05-07T13:51:21.562+0000] {processor.py:208} INFO - Processing /home/airflow/.local/lib/python3.12/site-packages/airflow/example_dags/example_datasets.py took 1.281 seconds
[2025-05-07T13:51:59.043+0000] {processor.py:186} INFO - Started process (PID=1112) to work on /home/airflow/.local/lib/python3.12/site-packages/airflow/example_dags/example_datasets.py
[2025-05-07T13:51:59.046+0000] {processor.py:914} INFO - Processing file /home/airflow/.local/lib/python3.12/site-packages/airflow/example_dags/example_datasets.py for tasks to queue
[2025-05-07T13:51:59.052+0000] {logging_mixin.py:190} INFO - [2025-05-07T13:51:59.051+0000] {dagbag.py:588} INFO - Filling up the DagBag from /home/airflow/.local/lib/python3.12/site-packages/airflow/example_dags/example_datasets.py
[2025-05-07T13:52:00.051+0000] {processor.py:925} INFO - DAG(s) 'dataset_produces_1', 'dataset_consumes_1', 'dataset_consumes_unknown_never_scheduled', 'consume_1_and_2_with_dataset_expressions', 'consume_1_or_both_2_and_3_with_dataset_expressions', 'dataset_consumes_1_never_scheduled', 'dataset_produces_2', 'consume_1_or_2_with_dataset_expressions', 'dataset_consumes_1_and_2', 'conditional_dataset_and_time_based_timetable' retrieved from /home/airflow/.local/lib/python3.12/site-packages/airflow/example_dags/example_datasets.py
[2025-05-07T13:52:00.291+0000] {logging_mixin.py:190} INFO - [2025-05-07T13:52:00.290+0000] {dag.py:3239} INFO - Sync 10 DAGs
[2025-05-07T13:52:00.367+0000] {logging_mixin.py:190} INFO - [2025-05-07T13:52:00.366+0000] {dag.py:4180} INFO - Setting next_dagrun for conditional_dataset_and_time_based_timetable to 2025-05-07 01:00:00+00:00, run_after=2025-05-07 01:00:00+00:00
[2025-05-07T13:52:00.382+0000] {logging_mixin.py:190} INFO - [2025-05-07T13:52:00.381+0000] {dag.py:4180} INFO - Setting next_dagrun for consume_1_and_2_with_dataset_expressions to None, run_after=None
[2025-05-07T13:52:00.387+0000] {logging_mixin.py:190} INFO - [2025-05-07T13:52:00.386+0000] {dag.py:4180} INFO - Setting next_dagrun for consume_1_or_2_with_dataset_expressions to None, run_after=None
[2025-05-07T13:52:00.391+0000] {logging_mixin.py:190} INFO - [2025-05-07T13:52:00.390+0000] {dag.py:4180} INFO - Setting next_dagrun for consume_1_or_both_2_and_3_with_dataset_expressions to None, run_after=None
[2025-05-07T13:52:00.396+0000] {logging_mixin.py:190} INFO - [2025-05-07T13:52:00.395+0000] {dag.py:4180} INFO - Setting next_dagrun for dataset_consumes_1 to None, run_after=None
[2025-05-07T13:52:00.400+0000] {logging_mixin.py:190} INFO - [2025-05-07T13:52:00.399+0000] {dag.py:4180} INFO - Setting next_dagrun for dataset_consumes_1_and_2 to None, run_after=None
[2025-05-07T13:52:00.402+0000] {logging_mixin.py:190} INFO - [2025-05-07T13:52:00.402+0000] {dag.py:4180} INFO - Setting next_dagrun for dataset_consumes_1_never_scheduled to None, run_after=None
[2025-05-07T13:52:00.406+0000] {logging_mixin.py:190} INFO - [2025-05-07T13:52:00.405+0000] {dag.py:4180} INFO - Setting next_dagrun for dataset_consumes_unknown_never_scheduled to None, run_after=None
[2025-05-07T13:52:00.413+0000] {logging_mixin.py:190} INFO - [2025-05-07T13:52:00.412+0000] {dag.py:4180} INFO - Setting next_dagrun for dataset_produces_1 to 2025-05-06 00:00:00+00:00, run_after=2025-05-07 00:00:00+00:00
[2025-05-07T13:52:00.416+0000] {logging_mixin.py:190} INFO - [2025-05-07T13:52:00.415+0000] {dag.py:4180} INFO - Setting next_dagrun for dataset_produces_2 to None, run_after=None
[2025-05-07T13:52:00.501+0000] {processor.py:208} INFO - Processing /home/airflow/.local/lib/python3.12/site-packages/airflow/example_dags/example_datasets.py took 1.472 seconds
[2025-05-07T13:52:37.670+0000] {processor.py:186} INFO - Started process (PID=1177) to work on /home/airflow/.local/lib/python3.12/site-packages/airflow/example_dags/example_datasets.py
[2025-05-07T13:52:37.767+0000] {processor.py:914} INFO - Processing file /home/airflow/.local/lib/python3.12/site-packages/airflow/example_dags/example_datasets.py for tasks to queue
[2025-05-07T13:52:37.773+0000] {logging_mixin.py:190} INFO - [2025-05-07T13:52:37.773+0000] {dagbag.py:588} INFO - Filling up the DagBag from /home/airflow/.local/lib/python3.12/site-packages/airflow/example_dags/example_datasets.py
[2025-05-07T13:52:39.208+0000] {processor.py:925} INFO - DAG(s) 'consume_1_or_both_2_and_3_with_dataset_expressions', 'consume_1_and_2_with_dataset_expressions', 'dataset_consumes_1_and_2', 'consume_1_or_2_with_dataset_expressions', 'conditional_dataset_and_time_based_timetable', 'dataset_consumes_1', 'dataset_produces_1', 'dataset_consumes_1_never_scheduled', 'dataset_consumes_unknown_never_scheduled', 'dataset_produces_2' retrieved from /home/airflow/.local/lib/python3.12/site-packages/airflow/example_dags/example_datasets.py
[2025-05-07T13:52:39.485+0000] {logging_mixin.py:190} INFO - [2025-05-07T13:52:39.480+0000] {dag.py:3239} INFO - Sync 10 DAGs
[2025-05-07T13:52:39.610+0000] {logging_mixin.py:190} INFO - [2025-05-07T13:52:39.609+0000] {dag.py:4180} INFO - Setting next_dagrun for conditional_dataset_and_time_based_timetable to 2025-05-07 01:00:00+00:00, run_after=2025-05-07 01:00:00+00:00
[2025-05-07T13:52:39.621+0000] {logging_mixin.py:190} INFO - [2025-05-07T13:52:39.620+0000] {dag.py:4180} INFO - Setting next_dagrun for consume_1_and_2_with_dataset_expressions to None, run_after=None
[2025-05-07T13:52:39.624+0000] {logging_mixin.py:190} INFO - [2025-05-07T13:52:39.623+0000] {dag.py:4180} INFO - Setting next_dagrun for consume_1_or_2_with_dataset_expressions to None, run_after=None
[2025-05-07T13:52:39.627+0000] {logging_mixin.py:190} INFO - [2025-05-07T13:52:39.626+0000] {dag.py:4180} INFO - Setting next_dagrun for consume_1_or_both_2_and_3_with_dataset_expressions to None, run_after=None
[2025-05-07T13:52:39.630+0000] {logging_mixin.py:190} INFO - [2025-05-07T13:52:39.629+0000] {dag.py:4180} INFO - Setting next_dagrun for dataset_consumes_1 to None, run_after=None
[2025-05-07T13:52:39.632+0000] {logging_mixin.py:190} INFO - [2025-05-07T13:52:39.632+0000] {dag.py:4180} INFO - Setting next_dagrun for dataset_consumes_1_and_2 to None, run_after=None
[2025-05-07T13:52:39.634+0000] {logging_mixin.py:190} INFO - [2025-05-07T13:52:39.634+0000] {dag.py:4180} INFO - Setting next_dagrun for dataset_consumes_1_never_scheduled to None, run_after=None
[2025-05-07T13:52:39.637+0000] {logging_mixin.py:190} INFO - [2025-05-07T13:52:39.637+0000] {dag.py:4180} INFO - Setting next_dagrun for dataset_consumes_unknown_never_scheduled to None, run_after=None
[2025-05-07T13:52:39.642+0000] {logging_mixin.py:190} INFO - [2025-05-07T13:52:39.641+0000] {dag.py:4180} INFO - Setting next_dagrun for dataset_produces_1 to 2025-05-06 00:00:00+00:00, run_after=2025-05-07 00:00:00+00:00
[2025-05-07T13:52:39.646+0000] {logging_mixin.py:190} INFO - [2025-05-07T13:52:39.645+0000] {dag.py:4180} INFO - Setting next_dagrun for dataset_produces_2 to None, run_after=None
[2025-05-07T13:52:39.740+0000] {processor.py:208} INFO - Processing /home/airflow/.local/lib/python3.12/site-packages/airflow/example_dags/example_datasets.py took 2.104 seconds
[2025-05-07T13:53:11.913+0000] {processor.py:186} INFO - Started process (PID=1232) to work on /home/airflow/.local/lib/python3.12/site-packages/airflow/example_dags/example_datasets.py
[2025-05-07T13:53:11.916+0000] {processor.py:914} INFO - Processing file /home/airflow/.local/lib/python3.12/site-packages/airflow/example_dags/example_datasets.py for tasks to queue
[2025-05-07T13:53:11.924+0000] {logging_mixin.py:190} INFO - [2025-05-07T13:53:11.923+0000] {dagbag.py:588} INFO - Filling up the DagBag from /home/airflow/.local/lib/python3.12/site-packages/airflow/example_dags/example_datasets.py
[2025-05-07T13:53:13.199+0000] {processor.py:925} INFO - DAG(s) 'conditional_dataset_and_time_based_timetable', 'consume_1_or_2_with_dataset_expressions', 'dataset_consumes_1', 'dataset_consumes_1_never_scheduled', 'dataset_produces_1', 'dataset_consumes_unknown_never_scheduled', 'consume_1_and_2_with_dataset_expressions', 'consume_1_or_both_2_and_3_with_dataset_expressions', 'dataset_produces_2', 'dataset_consumes_1_and_2' retrieved from /home/airflow/.local/lib/python3.12/site-packages/airflow/example_dags/example_datasets.py
[2025-05-07T13:53:14.019+0000] {logging_mixin.py:190} INFO - [2025-05-07T13:53:14.019+0000] {dag.py:3239} INFO - Sync 10 DAGs
[2025-05-07T13:53:14.249+0000] {logging_mixin.py:190} INFO - [2025-05-07T13:53:14.249+0000] {dag.py:4180} INFO - Setting next_dagrun for conditional_dataset_and_time_based_timetable to 2025-05-07 01:00:00+00:00, run_after=2025-05-07 01:00:00+00:00
[2025-05-07T13:53:14.877+0000] {logging_mixin.py:190} INFO - [2025-05-07T13:53:14.877+0000] {dag.py:4180} INFO - Setting next_dagrun for consume_1_and_2_with_dataset_expressions to None, run_after=None
[2025-05-07T13:53:14.882+0000] {logging_mixin.py:190} INFO - [2025-05-07T13:53:14.882+0000] {dag.py:4180} INFO - Setting next_dagrun for consume_1_or_2_with_dataset_expressions to None, run_after=None
[2025-05-07T13:53:14.885+0000] {logging_mixin.py:190} INFO - [2025-05-07T13:53:14.885+0000] {dag.py:4180} INFO - Setting next_dagrun for consume_1_or_both_2_and_3_with_dataset_expressions to None, run_after=None
[2025-05-07T13:53:14.889+0000] {logging_mixin.py:190} INFO - [2025-05-07T13:53:14.889+0000] {dag.py:4180} INFO - Setting next_dagrun for dataset_consumes_1 to None, run_after=None
[2025-05-07T13:53:14.894+0000] {logging_mixin.py:190} INFO - [2025-05-07T13:53:14.894+0000] {dag.py:4180} INFO - Setting next_dagrun for dataset_consumes_1_and_2 to None, run_after=None
[2025-05-07T13:53:14.925+0000] {logging_mixin.py:190} INFO - [2025-05-07T13:53:14.924+0000] {dag.py:4180} INFO - Setting next_dagrun for dataset_consumes_1_never_scheduled to None, run_after=None
[2025-05-07T13:53:15.010+0000] {logging_mixin.py:190} INFO - [2025-05-07T13:53:15.010+0000] {dag.py:4180} INFO - Setting next_dagrun for dataset_consumes_unknown_never_scheduled to None, run_after=None
[2025-05-07T13:53:15.118+0000] {logging_mixin.py:190} INFO - [2025-05-07T13:53:15.118+0000] {dag.py:4180} INFO - Setting next_dagrun for dataset_produces_1 to 2025-05-06 00:00:00+00:00, run_after=2025-05-07 00:00:00+00:00
[2025-05-07T13:53:15.260+0000] {logging_mixin.py:190} INFO - [2025-05-07T13:53:15.257+0000] {dag.py:4180} INFO - Setting next_dagrun for dataset_produces_2 to None, run_after=None
[2025-05-07T13:53:15.811+0000] {processor.py:208} INFO - Processing /home/airflow/.local/lib/python3.12/site-packages/airflow/example_dags/example_datasets.py took 3.923 seconds
[2025-05-07T13:54:07.482+0000] {processor.py:186} INFO - Started process (PID=1306) to work on /home/airflow/.local/lib/python3.12/site-packages/airflow/example_dags/example_datasets.py
[2025-05-07T13:54:07.488+0000] {processor.py:914} INFO - Processing file /home/airflow/.local/lib/python3.12/site-packages/airflow/example_dags/example_datasets.py for tasks to queue
[2025-05-07T13:54:07.496+0000] {logging_mixin.py:190} INFO - [2025-05-07T13:54:07.495+0000] {dagbag.py:588} INFO - Filling up the DagBag from /home/airflow/.local/lib/python3.12/site-packages/airflow/example_dags/example_datasets.py
[2025-05-07T13:54:12.500+0000] {processor.py:925} INFO - DAG(s) 'dataset_consumes_unknown_never_scheduled', 'consume_1_and_2_with_dataset_expressions', 'dataset_consumes_1_never_scheduled', 'consume_1_or_both_2_and_3_with_dataset_expressions', 'conditional_dataset_and_time_based_timetable', 'dataset_consumes_1_and_2', 'consume_1_or_2_with_dataset_expressions', 'dataset_produces_1', 'dataset_consumes_1', 'dataset_produces_2' retrieved from /home/airflow/.local/lib/python3.12/site-packages/airflow/example_dags/example_datasets.py
[2025-05-07T13:54:12.779+0000] {logging_mixin.py:190} INFO - [2025-05-07T13:54:12.778+0000] {dag.py:3239} INFO - Sync 10 DAGs
[2025-05-07T13:54:12.868+0000] {logging_mixin.py:190} INFO - [2025-05-07T13:54:12.868+0000] {dag.py:4180} INFO - Setting next_dagrun for conditional_dataset_and_time_based_timetable to 2025-05-07 01:00:00+00:00, run_after=2025-05-07 01:00:00+00:00
[2025-05-07T13:54:12.885+0000] {logging_mixin.py:190} INFO - [2025-05-07T13:54:12.885+0000] {dag.py:4180} INFO - Setting next_dagrun for consume_1_and_2_with_dataset_expressions to None, run_after=None
[2025-05-07T13:54:12.891+0000] {logging_mixin.py:190} INFO - [2025-05-07T13:54:12.890+0000] {dag.py:4180} INFO - Setting next_dagrun for consume_1_or_2_with_dataset_expressions to None, run_after=None
[2025-05-07T13:54:12.896+0000] {logging_mixin.py:190} INFO - [2025-05-07T13:54:12.896+0000] {dag.py:4180} INFO - Setting next_dagrun for consume_1_or_both_2_and_3_with_dataset_expressions to None, run_after=None
[2025-05-07T13:54:12.902+0000] {logging_mixin.py:190} INFO - [2025-05-07T13:54:12.902+0000] {dag.py:4180} INFO - Setting next_dagrun for dataset_consumes_1 to None, run_after=None
[2025-05-07T13:54:12.909+0000] {logging_mixin.py:190} INFO - [2025-05-07T13:54:12.908+0000] {dag.py:4180} INFO - Setting next_dagrun for dataset_consumes_1_and_2 to None, run_after=None
[2025-05-07T13:54:12.916+0000] {logging_mixin.py:190} INFO - [2025-05-07T13:54:12.915+0000] {dag.py:4180} INFO - Setting next_dagrun for dataset_consumes_1_never_scheduled to None, run_after=None
[2025-05-07T13:54:12.920+0000] {logging_mixin.py:190} INFO - [2025-05-07T13:54:12.920+0000] {dag.py:4180} INFO - Setting next_dagrun for dataset_consumes_unknown_never_scheduled to None, run_after=None
[2025-05-07T13:54:12.927+0000] {logging_mixin.py:190} INFO - [2025-05-07T13:54:12.926+0000] {dag.py:4180} INFO - Setting next_dagrun for dataset_produces_1 to 2025-05-06 00:00:00+00:00, run_after=2025-05-07 00:00:00+00:00
[2025-05-07T13:54:12.930+0000] {logging_mixin.py:190} INFO - [2025-05-07T13:54:12.930+0000] {dag.py:4180} INFO - Setting next_dagrun for dataset_produces_2 to None, run_after=None
[2025-05-07T13:54:13.130+0000] {processor.py:208} INFO - Processing /home/airflow/.local/lib/python3.12/site-packages/airflow/example_dags/example_datasets.py took 5.665 seconds
[2025-05-07T13:55:01.229+0000] {processor.py:186} INFO - Started process (PID=1372) to work on /home/airflow/.local/lib/python3.12/site-packages/airflow/example_dags/example_datasets.py
[2025-05-07T13:55:01.254+0000] {processor.py:914} INFO - Processing file /home/airflow/.local/lib/python3.12/site-packages/airflow/example_dags/example_datasets.py for tasks to queue
[2025-05-07T13:55:01.264+0000] {logging_mixin.py:190} INFO - [2025-05-07T13:55:01.264+0000] {dagbag.py:588} INFO - Filling up the DagBag from /home/airflow/.local/lib/python3.12/site-packages/airflow/example_dags/example_datasets.py
[2025-05-07T13:55:03.428+0000] {processor.py:925} INFO - DAG(s) 'dataset_consumes_1', 'conditional_dataset_and_time_based_timetable', 'consume_1_or_2_with_dataset_expressions', 'dataset_produces_1', 'consume_1_or_both_2_and_3_with_dataset_expressions', 'dataset_consumes_1_never_scheduled', 'dataset_consumes_unknown_never_scheduled', 'dataset_produces_2', 'consume_1_and_2_with_dataset_expressions', 'dataset_consumes_1_and_2' retrieved from /home/airflow/.local/lib/python3.12/site-packages/airflow/example_dags/example_datasets.py
[2025-05-07T13:55:03.763+0000] {logging_mixin.py:190} INFO - [2025-05-07T13:55:03.762+0000] {dag.py:3239} INFO - Sync 10 DAGs
[2025-05-07T13:55:03.844+0000] {logging_mixin.py:190} INFO - [2025-05-07T13:55:03.843+0000] {dag.py:4180} INFO - Setting next_dagrun for conditional_dataset_and_time_based_timetable to 2025-05-07 01:00:00+00:00, run_after=2025-05-07 01:00:00+00:00
[2025-05-07T13:55:03.851+0000] {logging_mixin.py:190} INFO - [2025-05-07T13:55:03.851+0000] {dag.py:4180} INFO - Setting next_dagrun for consume_1_and_2_with_dataset_expressions to None, run_after=None
[2025-05-07T13:55:03.854+0000] {logging_mixin.py:190} INFO - [2025-05-07T13:55:03.854+0000] {dag.py:4180} INFO - Setting next_dagrun for consume_1_or_2_with_dataset_expressions to None, run_after=None
[2025-05-07T13:55:03.857+0000] {logging_mixin.py:190} INFO - [2025-05-07T13:55:03.856+0000] {dag.py:4180} INFO - Setting next_dagrun for consume_1_or_both_2_and_3_with_dataset_expressions to None, run_after=None
[2025-05-07T13:55:03.859+0000] {logging_mixin.py:190} INFO - [2025-05-07T13:55:03.859+0000] {dag.py:4180} INFO - Setting next_dagrun for dataset_consumes_1 to None, run_after=None
[2025-05-07T13:55:03.861+0000] {logging_mixin.py:190} INFO - [2025-05-07T13:55:03.861+0000] {dag.py:4180} INFO - Setting next_dagrun for dataset_consumes_1_and_2 to None, run_after=None
[2025-05-07T13:55:03.863+0000] {logging_mixin.py:190} INFO - [2025-05-07T13:55:03.863+0000] {dag.py:4180} INFO - Setting next_dagrun for dataset_consumes_1_never_scheduled to None, run_after=None
[2025-05-07T13:55:03.866+0000] {logging_mixin.py:190} INFO - [2025-05-07T13:55:03.865+0000] {dag.py:4180} INFO - Setting next_dagrun for dataset_consumes_unknown_never_scheduled to None, run_after=None
[2025-05-07T13:55:03.872+0000] {logging_mixin.py:190} INFO - [2025-05-07T13:55:03.871+0000] {dag.py:4180} INFO - Setting next_dagrun for dataset_produces_1 to 2025-05-06 00:00:00+00:00, run_after=2025-05-07 00:00:00+00:00
[2025-05-07T13:55:03.875+0000] {logging_mixin.py:190} INFO - [2025-05-07T13:55:03.875+0000] {dag.py:4180} INFO - Setting next_dagrun for dataset_produces_2 to None, run_after=None
[2025-05-07T13:55:04.320+0000] {processor.py:208} INFO - Processing /home/airflow/.local/lib/python3.12/site-packages/airflow/example_dags/example_datasets.py took 3.107 seconds
[2025-05-07T13:55:34.588+0000] {processor.py:186} INFO - Started process (PID=1435) to work on /home/airflow/.local/lib/python3.12/site-packages/airflow/example_dags/example_datasets.py
[2025-05-07T13:55:34.888+0000] {processor.py:914} INFO - Processing file /home/airflow/.local/lib/python3.12/site-packages/airflow/example_dags/example_datasets.py for tasks to queue
[2025-05-07T13:55:34.894+0000] {logging_mixin.py:190} INFO - [2025-05-07T13:55:34.893+0000] {dagbag.py:588} INFO - Filling up the DagBag from /home/airflow/.local/lib/python3.12/site-packages/airflow/example_dags/example_datasets.py
