[2025-05-07T13:39:27.262+0000] {processor.py:186} INFO - Started process (PID=112) to work on /home/airflow/.local/lib/python3.12/site-packages/airflow/example_dags/tutorial.py
[2025-05-07T13:39:27.264+0000] {processor.py:914} INFO - Processing file /home/airflow/.local/lib/python3.12/site-packages/airflow/example_dags/tutorial.py for tasks to queue
[2025-05-07T13:39:27.271+0000] {logging_mixin.py:190} INFO - [2025-05-07T13:39:27.270+0000] {dagbag.py:588} INFO - Filling up the DagBag from /home/airflow/.local/lib/python3.12/site-packages/airflow/example_dags/tutorial.py
[2025-05-07T13:39:27.344+0000] {processor.py:925} INFO - DAG(s) 'tutorial' retrieved from /home/airflow/.local/lib/python3.12/site-packages/airflow/example_dags/tutorial.py
[2025-05-07T13:39:27.889+0000] {logging_mixin.py:190} INFO - [2025-05-07T13:39:27.888+0000] {dag.py:3239} INFO - Sync 1 DAGs
[2025-05-07T13:39:28.034+0000] {logging_mixin.py:190} INFO - [2025-05-07T13:39:28.033+0000] {dag.py:4180} INFO - Setting next_dagrun for tutorial to 2025-05-06 00:00:00+00:00, run_after=2025-05-07 00:00:00+00:00
[2025-05-07T13:39:28.550+0000] {processor.py:208} INFO - Processing /home/airflow/.local/lib/python3.12/site-packages/airflow/example_dags/tutorial.py took 1.305 seconds
[2025-05-07T13:40:24.716+0000] {processor.py:186} INFO - Started process (PID=185) to work on /home/airflow/.local/lib/python3.12/site-packages/airflow/example_dags/tutorial.py
[2025-05-07T13:40:24.884+0000] {processor.py:914} INFO - Processing file /home/airflow/.local/lib/python3.12/site-packages/airflow/example_dags/tutorial.py for tasks to queue
[2025-05-07T13:40:24.894+0000] {logging_mixin.py:190} INFO - [2025-05-07T13:40:24.893+0000] {dagbag.py:588} INFO - Filling up the DagBag from /home/airflow/.local/lib/python3.12/site-packages/airflow/example_dags/tutorial.py
[2025-05-07T13:40:24.923+0000] {processor.py:925} INFO - DAG(s) 'tutorial' retrieved from /home/airflow/.local/lib/python3.12/site-packages/airflow/example_dags/tutorial.py
[2025-05-07T13:40:25.690+0000] {logging_mixin.py:190} INFO - [2025-05-07T13:40:25.690+0000] {dag.py:3239} INFO - Sync 1 DAGs
[2025-05-07T13:40:25.865+0000] {logging_mixin.py:190} INFO - [2025-05-07T13:40:25.865+0000] {dag.py:4180} INFO - Setting next_dagrun for tutorial to 2025-05-06 00:00:00+00:00, run_after=2025-05-07 00:00:00+00:00
[2025-05-07T13:40:26.142+0000] {processor.py:208} INFO - Processing /home/airflow/.local/lib/python3.12/site-packages/airflow/example_dags/tutorial.py took 1.445 seconds
[2025-05-07T13:41:08.025+0000] {processor.py:186} INFO - Started process (PID=253) to work on /home/airflow/.local/lib/python3.12/site-packages/airflow/example_dags/tutorial.py
[2025-05-07T13:41:08.035+0000] {processor.py:914} INFO - Processing file /home/airflow/.local/lib/python3.12/site-packages/airflow/example_dags/tutorial.py for tasks to queue
[2025-05-07T13:41:08.043+0000] {logging_mixin.py:190} INFO - [2025-05-07T13:41:08.042+0000] {dagbag.py:588} INFO - Filling up the DagBag from /home/airflow/.local/lib/python3.12/site-packages/airflow/example_dags/tutorial.py
[2025-05-07T13:41:08.065+0000] {processor.py:925} INFO - DAG(s) 'tutorial' retrieved from /home/airflow/.local/lib/python3.12/site-packages/airflow/example_dags/tutorial.py
[2025-05-07T13:41:08.261+0000] {logging_mixin.py:190} INFO - [2025-05-07T13:41:08.260+0000] {dag.py:3239} INFO - Sync 1 DAGs
[2025-05-07T13:41:08.427+0000] {logging_mixin.py:190} INFO - [2025-05-07T13:41:08.425+0000] {dag.py:4180} INFO - Setting next_dagrun for tutorial to 2025-05-06 00:00:00+00:00, run_after=2025-05-07 00:00:00+00:00
[2025-05-07T13:41:08.557+0000] {processor.py:208} INFO - Processing /home/airflow/.local/lib/python3.12/site-packages/airflow/example_dags/tutorial.py took 0.589 seconds
[2025-05-07T13:42:10.143+0000] {processor.py:186} INFO - Started process (PID=330) to work on /home/airflow/.local/lib/python3.12/site-packages/airflow/example_dags/tutorial.py
[2025-05-07T13:42:10.256+0000] {processor.py:914} INFO - Processing file /home/airflow/.local/lib/python3.12/site-packages/airflow/example_dags/tutorial.py for tasks to queue
[2025-05-07T13:42:10.265+0000] {logging_mixin.py:190} INFO - [2025-05-07T13:42:10.263+0000] {dagbag.py:588} INFO - Filling up the DagBag from /home/airflow/.local/lib/python3.12/site-packages/airflow/example_dags/tutorial.py
[2025-05-07T13:42:10.294+0000] {processor.py:925} INFO - DAG(s) 'tutorial' retrieved from /home/airflow/.local/lib/python3.12/site-packages/airflow/example_dags/tutorial.py
[2025-05-07T13:42:11.866+0000] {logging_mixin.py:190} INFO - [2025-05-07T13:42:11.852+0000] {dag.py:3239} INFO - Sync 1 DAGs
[2025-05-07T13:42:12.108+0000] {logging_mixin.py:190} INFO - [2025-05-07T13:42:12.107+0000] {dag.py:4180} INFO - Setting next_dagrun for tutorial to 2025-05-06 00:00:00+00:00, run_after=2025-05-07 00:00:00+00:00
[2025-05-07T13:42:12.186+0000] {processor.py:208} INFO - Processing /home/airflow/.local/lib/python3.12/site-packages/airflow/example_dags/tutorial.py took 2.080 seconds
[2025-05-07T13:43:25.813+0000] {processor.py:186} INFO - Started process (PID=434) to work on /home/airflow/.local/lib/python3.12/site-packages/airflow/example_dags/tutorial.py
[2025-05-07T13:43:25.821+0000] {processor.py:914} INFO - Processing file /home/airflow/.local/lib/python3.12/site-packages/airflow/example_dags/tutorial.py for tasks to queue
[2025-05-07T13:43:25.828+0000] {logging_mixin.py:190} INFO - [2025-05-07T13:43:25.827+0000] {dagbag.py:588} INFO - Filling up the DagBag from /home/airflow/.local/lib/python3.12/site-packages/airflow/example_dags/tutorial.py
[2025-05-07T13:43:25.847+0000] {processor.py:925} INFO - DAG(s) 'tutorial' retrieved from /home/airflow/.local/lib/python3.12/site-packages/airflow/example_dags/tutorial.py
[2025-05-07T13:43:25.927+0000] {logging_mixin.py:190} INFO - [2025-05-07T13:43:25.927+0000] {dag.py:3239} INFO - Sync 1 DAGs
[2025-05-07T13:43:26.020+0000] {logging_mixin.py:190} INFO - [2025-05-07T13:43:26.020+0000] {dag.py:4180} INFO - Setting next_dagrun for tutorial to 2025-05-06 00:00:00+00:00, run_after=2025-05-07 00:00:00+00:00
[2025-05-07T13:43:26.119+0000] {processor.py:208} INFO - Processing /home/airflow/.local/lib/python3.12/site-packages/airflow/example_dags/tutorial.py took 0.340 seconds
[2025-05-07T13:45:09.327+0000] {processor.py:186} INFO - Started process (PID=532) to work on /home/airflow/.local/lib/python3.12/site-packages/airflow/example_dags/tutorial.py
[2025-05-07T13:45:09.338+0000] {processor.py:914} INFO - Processing file /home/airflow/.local/lib/python3.12/site-packages/airflow/example_dags/tutorial.py for tasks to queue
[2025-05-07T13:45:09.374+0000] {logging_mixin.py:190} INFO - [2025-05-07T13:45:09.366+0000] {dagbag.py:588} INFO - Filling up the DagBag from /home/airflow/.local/lib/python3.12/site-packages/airflow/example_dags/tutorial.py
[2025-05-07T13:45:09.475+0000] {processor.py:925} INFO - DAG(s) 'tutorial' retrieved from /home/airflow/.local/lib/python3.12/site-packages/airflow/example_dags/tutorial.py
[2025-05-07T13:45:10.027+0000] {logging_mixin.py:190} INFO - [2025-05-07T13:45:10.026+0000] {dag.py:3239} INFO - Sync 1 DAGs
[2025-05-07T13:45:10.285+0000] {logging_mixin.py:190} INFO - [2025-05-07T13:45:10.285+0000] {dag.py:4180} INFO - Setting next_dagrun for tutorial to 2025-05-06 00:00:00+00:00, run_after=2025-05-07 00:00:00+00:00
[2025-05-07T13:45:10.545+0000] {processor.py:208} INFO - Processing /home/airflow/.local/lib/python3.12/site-packages/airflow/example_dags/tutorial.py took 1.299 seconds
[2025-05-07T13:46:03.023+0000] {processor.py:186} INFO - Started process (PID=615) to work on /home/airflow/.local/lib/python3.12/site-packages/airflow/example_dags/tutorial.py
[2025-05-07T13:46:03.027+0000] {processor.py:914} INFO - Processing file /home/airflow/.local/lib/python3.12/site-packages/airflow/example_dags/tutorial.py for tasks to queue
[2025-05-07T13:46:03.042+0000] {logging_mixin.py:190} INFO - [2025-05-07T13:46:03.041+0000] {dagbag.py:588} INFO - Filling up the DagBag from /home/airflow/.local/lib/python3.12/site-packages/airflow/example_dags/tutorial.py
[2025-05-07T13:46:03.083+0000] {processor.py:925} INFO - DAG(s) 'tutorial' retrieved from /home/airflow/.local/lib/python3.12/site-packages/airflow/example_dags/tutorial.py
[2025-05-07T13:46:03.227+0000] {logging_mixin.py:190} INFO - [2025-05-07T13:46:03.226+0000] {dag.py:3239} INFO - Sync 1 DAGs
[2025-05-07T13:46:03.355+0000] {logging_mixin.py:190} INFO - [2025-05-07T13:46:03.355+0000] {dag.py:4180} INFO - Setting next_dagrun for tutorial to 2025-05-06 00:00:00+00:00, run_after=2025-05-07 00:00:00+00:00
[2025-05-07T13:46:03.460+0000] {processor.py:208} INFO - Processing /home/airflow/.local/lib/python3.12/site-packages/airflow/example_dags/tutorial.py took 0.469 seconds
[2025-05-07T13:46:48.988+0000] {processor.py:186} INFO - Started process (PID=690) to work on /home/airflow/.local/lib/python3.12/site-packages/airflow/example_dags/tutorial.py
[2025-05-07T13:46:48.991+0000] {processor.py:914} INFO - Processing file /home/airflow/.local/lib/python3.12/site-packages/airflow/example_dags/tutorial.py for tasks to queue
[2025-05-07T13:46:48.997+0000] {logging_mixin.py:190} INFO - [2025-05-07T13:46:48.996+0000] {dagbag.py:588} INFO - Filling up the DagBag from /home/airflow/.local/lib/python3.12/site-packages/airflow/example_dags/tutorial.py
[2025-05-07T13:46:49.013+0000] {processor.py:925} INFO - DAG(s) 'tutorial' retrieved from /home/airflow/.local/lib/python3.12/site-packages/airflow/example_dags/tutorial.py
[2025-05-07T13:46:49.095+0000] {logging_mixin.py:190} INFO - [2025-05-07T13:46:49.095+0000] {dag.py:3239} INFO - Sync 1 DAGs
[2025-05-07T13:46:49.309+0000] {logging_mixin.py:190} INFO - [2025-05-07T13:46:49.309+0000] {dag.py:4180} INFO - Setting next_dagrun for tutorial to 2025-05-06 00:00:00+00:00, run_after=2025-05-07 00:00:00+00:00
[2025-05-07T13:46:49.390+0000] {processor.py:208} INFO - Processing /home/airflow/.local/lib/python3.12/site-packages/airflow/example_dags/tutorial.py took 0.426 seconds
[2025-05-07T13:47:21.612+0000] {processor.py:186} INFO - Started process (PID=755) to work on /home/airflow/.local/lib/python3.12/site-packages/airflow/example_dags/tutorial.py
[2025-05-07T13:47:21.616+0000] {processor.py:914} INFO - Processing file /home/airflow/.local/lib/python3.12/site-packages/airflow/example_dags/tutorial.py for tasks to queue
[2025-05-07T13:47:21.622+0000] {logging_mixin.py:190} INFO - [2025-05-07T13:47:21.621+0000] {dagbag.py:588} INFO - Filling up the DagBag from /home/airflow/.local/lib/python3.12/site-packages/airflow/example_dags/tutorial.py
[2025-05-07T13:47:21.638+0000] {processor.py:925} INFO - DAG(s) 'tutorial' retrieved from /home/airflow/.local/lib/python3.12/site-packages/airflow/example_dags/tutorial.py
[2025-05-07T13:47:21.705+0000] {logging_mixin.py:190} INFO - [2025-05-07T13:47:21.704+0000] {dag.py:3239} INFO - Sync 1 DAGs
[2025-05-07T13:47:21.776+0000] {logging_mixin.py:190} INFO - [2025-05-07T13:47:21.775+0000] {dag.py:4180} INFO - Setting next_dagrun for tutorial to 2025-05-06 00:00:00+00:00, run_after=2025-05-07 00:00:00+00:00
[2025-05-07T13:47:21.828+0000] {processor.py:208} INFO - Processing /home/airflow/.local/lib/python3.12/site-packages/airflow/example_dags/tutorial.py took 0.234 seconds
[2025-05-07T13:49:03.857+0000] {processor.py:186} INFO - Started process (PID=846) to work on /home/airflow/.local/lib/python3.12/site-packages/airflow/example_dags/tutorial.py
[2025-05-07T13:49:04.145+0000] {processor.py:914} INFO - Processing file /home/airflow/.local/lib/python3.12/site-packages/airflow/example_dags/tutorial.py for tasks to queue
[2025-05-07T13:49:04.250+0000] {logging_mixin.py:190} INFO - [2025-05-07T13:49:04.248+0000] {dagbag.py:588} INFO - Filling up the DagBag from /home/airflow/.local/lib/python3.12/site-packages/airflow/example_dags/tutorial.py
[2025-05-07T13:49:04.272+0000] {processor.py:925} INFO - DAG(s) 'tutorial' retrieved from /home/airflow/.local/lib/python3.12/site-packages/airflow/example_dags/tutorial.py
[2025-05-07T13:49:05.376+0000] {logging_mixin.py:190} INFO - [2025-05-07T13:49:05.376+0000] {dag.py:3239} INFO - Sync 1 DAGs
[2025-05-07T13:49:05.472+0000] {logging_mixin.py:190} INFO - [2025-05-07T13:49:05.471+0000] {dag.py:4180} INFO - Setting next_dagrun for tutorial to 2025-05-06 00:00:00+00:00, run_after=2025-05-07 00:00:00+00:00
[2025-05-07T13:49:05.689+0000] {processor.py:208} INFO - Processing /home/airflow/.local/lib/python3.12/site-packages/airflow/example_dags/tutorial.py took 1.848 seconds
[2025-05-07T13:50:24.136+0000] {processor.py:186} INFO - Started process (PID=956) to work on /home/airflow/.local/lib/python3.12/site-packages/airflow/example_dags/tutorial.py
[2025-05-07T13:50:24.141+0000] {processor.py:914} INFO - Processing file /home/airflow/.local/lib/python3.12/site-packages/airflow/example_dags/tutorial.py for tasks to queue
[2025-05-07T13:50:24.149+0000] {logging_mixin.py:190} INFO - [2025-05-07T13:50:24.148+0000] {dagbag.py:588} INFO - Filling up the DagBag from /home/airflow/.local/lib/python3.12/site-packages/airflow/example_dags/tutorial.py
[2025-05-07T13:50:24.166+0000] {processor.py:925} INFO - DAG(s) 'tutorial' retrieved from /home/airflow/.local/lib/python3.12/site-packages/airflow/example_dags/tutorial.py
[2025-05-07T13:50:24.223+0000] {logging_mixin.py:190} INFO - [2025-05-07T13:50:24.223+0000] {dag.py:3239} INFO - Sync 1 DAGs
[2025-05-07T13:50:24.302+0000] {logging_mixin.py:190} INFO - [2025-05-07T13:50:24.301+0000] {dag.py:4180} INFO - Setting next_dagrun for tutorial to 2025-05-06 00:00:00+00:00, run_after=2025-05-07 00:00:00+00:00
[2025-05-07T13:50:24.611+0000] {processor.py:208} INFO - Processing /home/airflow/.local/lib/python3.12/site-packages/airflow/example_dags/tutorial.py took 0.511 seconds
[2025-05-07T13:51:09.940+0000] {processor.py:186} INFO - Started process (PID=1025) to work on /home/airflow/.local/lib/python3.12/site-packages/airflow/example_dags/tutorial.py
[2025-05-07T13:51:09.942+0000] {processor.py:914} INFO - Processing file /home/airflow/.local/lib/python3.12/site-packages/airflow/example_dags/tutorial.py for tasks to queue
[2025-05-07T13:51:09.947+0000] {logging_mixin.py:190} INFO - [2025-05-07T13:51:09.947+0000] {dagbag.py:588} INFO - Filling up the DagBag from /home/airflow/.local/lib/python3.12/site-packages/airflow/example_dags/tutorial.py
[2025-05-07T13:51:09.964+0000] {processor.py:925} INFO - DAG(s) 'tutorial' retrieved from /home/airflow/.local/lib/python3.12/site-packages/airflow/example_dags/tutorial.py
[2025-05-07T13:51:10.028+0000] {logging_mixin.py:190} INFO - [2025-05-07T13:51:10.027+0000] {dag.py:3239} INFO - Sync 1 DAGs
[2025-05-07T13:51:10.092+0000] {logging_mixin.py:190} INFO - [2025-05-07T13:51:10.092+0000] {dag.py:4180} INFO - Setting next_dagrun for tutorial to 2025-05-06 00:00:00+00:00, run_after=2025-05-07 00:00:00+00:00
[2025-05-07T13:51:10.144+0000] {processor.py:208} INFO - Processing /home/airflow/.local/lib/python3.12/site-packages/airflow/example_dags/tutorial.py took 0.217 seconds
[2025-05-07T13:51:55.239+0000] {processor.py:186} INFO - Started process (PID=1103) to work on /home/airflow/.local/lib/python3.12/site-packages/airflow/example_dags/tutorial.py
[2025-05-07T13:51:55.243+0000] {processor.py:914} INFO - Processing file /home/airflow/.local/lib/python3.12/site-packages/airflow/example_dags/tutorial.py for tasks to queue
[2025-05-07T13:51:55.250+0000] {logging_mixin.py:190} INFO - [2025-05-07T13:51:55.250+0000] {dagbag.py:588} INFO - Filling up the DagBag from /home/airflow/.local/lib/python3.12/site-packages/airflow/example_dags/tutorial.py
[2025-05-07T13:51:55.270+0000] {processor.py:925} INFO - DAG(s) 'tutorial' retrieved from /home/airflow/.local/lib/python3.12/site-packages/airflow/example_dags/tutorial.py
[2025-05-07T13:51:55.332+0000] {logging_mixin.py:190} INFO - [2025-05-07T13:51:55.331+0000] {dag.py:3239} INFO - Sync 1 DAGs
[2025-05-07T13:51:55.398+0000] {logging_mixin.py:190} INFO - [2025-05-07T13:51:55.398+0000] {dag.py:4180} INFO - Setting next_dagrun for tutorial to 2025-05-06 00:00:00+00:00, run_after=2025-05-07 00:00:00+00:00
[2025-05-07T13:51:55.447+0000] {processor.py:208} INFO - Processing /home/airflow/.local/lib/python3.12/site-packages/airflow/example_dags/tutorial.py took 0.229 seconds
[2025-05-07T13:52:32.604+0000] {processor.py:186} INFO - Started process (PID=1168) to work on /home/airflow/.local/lib/python3.12/site-packages/airflow/example_dags/tutorial.py
[2025-05-07T13:52:32.607+0000] {processor.py:914} INFO - Processing file /home/airflow/.local/lib/python3.12/site-packages/airflow/example_dags/tutorial.py for tasks to queue
[2025-05-07T13:52:32.615+0000] {logging_mixin.py:190} INFO - [2025-05-07T13:52:32.614+0000] {dagbag.py:588} INFO - Filling up the DagBag from /home/airflow/.local/lib/python3.12/site-packages/airflow/example_dags/tutorial.py
[2025-05-07T13:52:32.636+0000] {processor.py:925} INFO - DAG(s) 'tutorial' retrieved from /home/airflow/.local/lib/python3.12/site-packages/airflow/example_dags/tutorial.py
[2025-05-07T13:52:32.972+0000] {logging_mixin.py:190} INFO - [2025-05-07T13:52:32.972+0000] {dag.py:3239} INFO - Sync 1 DAGs
[2025-05-07T13:52:33.276+0000] {logging_mixin.py:190} INFO - [2025-05-07T13:52:33.275+0000] {dag.py:4180} INFO - Setting next_dagrun for tutorial to 2025-05-06 00:00:00+00:00, run_after=2025-05-07 00:00:00+00:00
[2025-05-07T13:52:33.385+0000] {processor.py:208} INFO - Processing /home/airflow/.local/lib/python3.12/site-packages/airflow/example_dags/tutorial.py took 0.798 seconds
[2025-05-07T13:53:16.298+0000] {processor.py:186} INFO - Started process (PID=1238) to work on /home/airflow/.local/lib/python3.12/site-packages/airflow/example_dags/tutorial.py
[2025-05-07T13:53:16.304+0000] {processor.py:914} INFO - Processing file /home/airflow/.local/lib/python3.12/site-packages/airflow/example_dags/tutorial.py for tasks to queue
[2025-05-07T13:53:16.309+0000] {logging_mixin.py:190} INFO - [2025-05-07T13:53:16.308+0000] {dagbag.py:588} INFO - Filling up the DagBag from /home/airflow/.local/lib/python3.12/site-packages/airflow/example_dags/tutorial.py
[2025-05-07T13:53:16.324+0000] {processor.py:925} INFO - DAG(s) 'tutorial' retrieved from /home/airflow/.local/lib/python3.12/site-packages/airflow/example_dags/tutorial.py
[2025-05-07T13:53:16.492+0000] {logging_mixin.py:190} INFO - [2025-05-07T13:53:16.492+0000] {dag.py:3239} INFO - Sync 1 DAGs
[2025-05-07T13:53:16.580+0000] {logging_mixin.py:190} INFO - [2025-05-07T13:53:16.579+0000] {dag.py:4180} INFO - Setting next_dagrun for tutorial to 2025-05-06 00:00:00+00:00, run_after=2025-05-07 00:00:00+00:00
[2025-05-07T13:53:16.631+0000] {processor.py:208} INFO - Processing /home/airflow/.local/lib/python3.12/site-packages/airflow/example_dags/tutorial.py took 0.352 seconds
[2025-05-07T13:54:32.470+0000] {processor.py:186} INFO - Started process (PID=1337) to work on /home/airflow/.local/lib/python3.12/site-packages/airflow/example_dags/tutorial.py
[2025-05-07T13:54:32.473+0000] {processor.py:914} INFO - Processing file /home/airflow/.local/lib/python3.12/site-packages/airflow/example_dags/tutorial.py for tasks to queue
[2025-05-07T13:54:32.481+0000] {logging_mixin.py:190} INFO - [2025-05-07T13:54:32.479+0000] {dagbag.py:588} INFO - Filling up the DagBag from /home/airflow/.local/lib/python3.12/site-packages/airflow/example_dags/tutorial.py
[2025-05-07T13:54:32.523+0000] {processor.py:925} INFO - DAG(s) 'tutorial' retrieved from /home/airflow/.local/lib/python3.12/site-packages/airflow/example_dags/tutorial.py
[2025-05-07T13:54:32.859+0000] {logging_mixin.py:190} INFO - [2025-05-07T13:54:32.858+0000] {dag.py:3239} INFO - Sync 1 DAGs
[2025-05-07T13:54:33.006+0000] {logging_mixin.py:190} INFO - [2025-05-07T13:54:33.005+0000] {dag.py:4180} INFO - Setting next_dagrun for tutorial to 2025-05-06 00:00:00+00:00, run_after=2025-05-07 00:00:00+00:00
[2025-05-07T13:54:33.084+0000] {processor.py:208} INFO - Processing /home/airflow/.local/lib/python3.12/site-packages/airflow/example_dags/tutorial.py took 0.626 seconds
[2025-05-07T13:55:13.954+0000] {processor.py:186} INFO - Started process (PID=1406) to work on /home/airflow/.local/lib/python3.12/site-packages/airflow/example_dags/tutorial.py
[2025-05-07T13:55:13.956+0000] {processor.py:914} INFO - Processing file /home/airflow/.local/lib/python3.12/site-packages/airflow/example_dags/tutorial.py for tasks to queue
[2025-05-07T13:55:13.962+0000] {logging_mixin.py:190} INFO - [2025-05-07T13:55:13.961+0000] {dagbag.py:588} INFO - Filling up the DagBag from /home/airflow/.local/lib/python3.12/site-packages/airflow/example_dags/tutorial.py
[2025-05-07T13:55:13.978+0000] {processor.py:925} INFO - DAG(s) 'tutorial' retrieved from /home/airflow/.local/lib/python3.12/site-packages/airflow/example_dags/tutorial.py
[2025-05-07T13:55:14.115+0000] {logging_mixin.py:190} INFO - [2025-05-07T13:55:14.114+0000] {dag.py:3239} INFO - Sync 1 DAGs
[2025-05-07T13:55:14.188+0000] {logging_mixin.py:190} INFO - [2025-05-07T13:55:14.187+0000] {dag.py:4180} INFO - Setting next_dagrun for tutorial to 2025-05-06 00:00:00+00:00, run_after=2025-05-07 00:00:00+00:00
[2025-05-07T13:55:14.249+0000] {processor.py:208} INFO - Processing /home/airflow/.local/lib/python3.12/site-packages/airflow/example_dags/tutorial.py took 0.309 seconds
