[2025-05-07T13:39:18.171+0000] {processor.py:186} INFO - Started process (PID=100) to work on /home/airflow/.local/lib/python3.12/site-packages/airflow/example_dags/tutorial_objectstorage.py
[2025-05-07T13:39:18.172+0000] {processor.py:914} INFO - Processing file /home/airflow/.local/lib/python3.12/site-packages/airflow/example_dags/tutorial_objectstorage.py for tasks to queue
[2025-05-07T13:39:18.261+0000] {logging_mixin.py:190} INFO - [2025-05-07T13:39:18.260+0000] {dagbag.py:588} INFO - Filling up the DagBag from /home/airflow/.local/lib/python3.12/site-packages/airflow/example_dags/tutorial_objectstorage.py
[2025-05-07T13:39:18.292+0000] {processor.py:925} INFO - DAG(s) 'tutorial_objectstorage' retrieved from /home/airflow/.local/lib/python3.12/site-packages/airflow/example_dags/tutorial_objectstorage.py
[2025-05-07T13:39:18.480+0000] {logging_mixin.py:190} INFO - [2025-05-07T13:39:18.480+0000] {dag.py:3239} INFO - Sync 1 DAGs
[2025-05-07T13:39:18.529+0000] {logging_mixin.py:190} INFO - [2025-05-07T13:39:18.527+0000] {dag.py:4180} INFO - Setting next_dagrun for tutorial_objectstorage to None, run_after=None
[2025-05-07T13:39:18.988+0000] {processor.py:208} INFO - Processing /home/airflow/.local/lib/python3.12/site-packages/airflow/example_dags/tutorial_objectstorage.py took 0.830 seconds
[2025-05-07T13:40:15.700+0000] {processor.py:186} INFO - Started process (PID=173) to work on /home/airflow/.local/lib/python3.12/site-packages/airflow/example_dags/tutorial_objectstorage.py
[2025-05-07T13:40:15.726+0000] {processor.py:914} INFO - Processing file /home/airflow/.local/lib/python3.12/site-packages/airflow/example_dags/tutorial_objectstorage.py for tasks to queue
[2025-05-07T13:40:15.731+0000] {logging_mixin.py:190} INFO - [2025-05-07T13:40:15.731+0000] {dagbag.py:588} INFO - Filling up the DagBag from /home/airflow/.local/lib/python3.12/site-packages/airflow/example_dags/tutorial_objectstorage.py
[2025-05-07T13:40:15.762+0000] {processor.py:925} INFO - DAG(s) 'tutorial_objectstorage' retrieved from /home/airflow/.local/lib/python3.12/site-packages/airflow/example_dags/tutorial_objectstorage.py
[2025-05-07T13:40:15.851+0000] {logging_mixin.py:190} INFO - [2025-05-07T13:40:15.850+0000] {dag.py:3239} INFO - Sync 1 DAGs
[2025-05-07T13:40:15.922+0000] {logging_mixin.py:190} INFO - [2025-05-07T13:40:15.921+0000] {dag.py:4180} INFO - Setting next_dagrun for tutorial_objectstorage to None, run_after=None
[2025-05-07T13:40:15.977+0000] {processor.py:208} INFO - Processing /home/airflow/.local/lib/python3.12/site-packages/airflow/example_dags/tutorial_objectstorage.py took 0.290 seconds
[2025-05-07T13:41:03.940+0000] {processor.py:186} INFO - Started process (PID=241) to work on /home/airflow/.local/lib/python3.12/site-packages/airflow/example_dags/tutorial_objectstorage.py
[2025-05-07T13:41:03.942+0000] {processor.py:914} INFO - Processing file /home/airflow/.local/lib/python3.12/site-packages/airflow/example_dags/tutorial_objectstorage.py for tasks to queue
[2025-05-07T13:41:03.949+0000] {logging_mixin.py:190} INFO - [2025-05-07T13:41:03.948+0000] {dagbag.py:588} INFO - Filling up the DagBag from /home/airflow/.local/lib/python3.12/site-packages/airflow/example_dags/tutorial_objectstorage.py
[2025-05-07T13:41:03.970+0000] {processor.py:925} INFO - DAG(s) 'tutorial_objectstorage' retrieved from /home/airflow/.local/lib/python3.12/site-packages/airflow/example_dags/tutorial_objectstorage.py
[2025-05-07T13:41:04.026+0000] {logging_mixin.py:190} INFO - [2025-05-07T13:41:04.026+0000] {dag.py:3239} INFO - Sync 1 DAGs
[2025-05-07T13:41:04.083+0000] {logging_mixin.py:190} INFO - [2025-05-07T13:41:04.082+0000] {dag.py:4180} INFO - Setting next_dagrun for tutorial_objectstorage to None, run_after=None
[2025-05-07T13:41:04.132+0000] {processor.py:208} INFO - Processing /home/airflow/.local/lib/python3.12/site-packages/airflow/example_dags/tutorial_objectstorage.py took 0.207 seconds
[2025-05-07T13:41:59.085+0000] {processor.py:186} INFO - Started process (PID=317) to work on /home/airflow/.local/lib/python3.12/site-packages/airflow/example_dags/tutorial_objectstorage.py
[2025-05-07T13:41:59.109+0000] {processor.py:914} INFO - Processing file /home/airflow/.local/lib/python3.12/site-packages/airflow/example_dags/tutorial_objectstorage.py for tasks to queue
[2025-05-07T13:41:59.188+0000] {logging_mixin.py:190} INFO - [2025-05-07T13:41:59.187+0000] {dagbag.py:588} INFO - Filling up the DagBag from /home/airflow/.local/lib/python3.12/site-packages/airflow/example_dags/tutorial_objectstorage.py
[2025-05-07T13:41:59.319+0000] {processor.py:925} INFO - DAG(s) 'tutorial_objectstorage' retrieved from /home/airflow/.local/lib/python3.12/site-packages/airflow/example_dags/tutorial_objectstorage.py
[2025-05-07T13:41:59.788+0000] {logging_mixin.py:190} INFO - [2025-05-07T13:41:59.788+0000] {dag.py:3239} INFO - Sync 1 DAGs
[2025-05-07T13:41:59.922+0000] {logging_mixin.py:190} INFO - [2025-05-07T13:41:59.921+0000] {dag.py:4180} INFO - Setting next_dagrun for tutorial_objectstorage to None, run_after=None
[2025-05-07T13:41:59.976+0000] {processor.py:208} INFO - Processing /home/airflow/.local/lib/python3.12/site-packages/airflow/example_dags/tutorial_objectstorage.py took 0.944 seconds
[2025-05-07T13:42:50.520+0000] {processor.py:186} INFO - Started process (PID=389) to work on /home/airflow/.local/lib/python3.12/site-packages/airflow/example_dags/tutorial_objectstorage.py
[2025-05-07T13:42:50.581+0000] {processor.py:914} INFO - Processing file /home/airflow/.local/lib/python3.12/site-packages/airflow/example_dags/tutorial_objectstorage.py for tasks to queue
[2025-05-07T13:42:50.587+0000] {logging_mixin.py:190} INFO - [2025-05-07T13:42:50.586+0000] {dagbag.py:588} INFO - Filling up the DagBag from /home/airflow/.local/lib/python3.12/site-packages/airflow/example_dags/tutorial_objectstorage.py
[2025-05-07T13:42:50.622+0000] {processor.py:925} INFO - DAG(s) 'tutorial_objectstorage' retrieved from /home/airflow/.local/lib/python3.12/site-packages/airflow/example_dags/tutorial_objectstorage.py
[2025-05-07T13:42:51.058+0000] {logging_mixin.py:190} INFO - [2025-05-07T13:42:51.057+0000] {dag.py:3239} INFO - Sync 1 DAGs
[2025-05-07T13:42:51.267+0000] {logging_mixin.py:190} INFO - [2025-05-07T13:42:51.267+0000] {dag.py:4180} INFO - Setting next_dagrun for tutorial_objectstorage to None, run_after=None
[2025-05-07T13:42:52.019+0000] {processor.py:208} INFO - Processing /home/airflow/.local/lib/python3.12/site-packages/airflow/example_dags/tutorial_objectstorage.py took 1.531 seconds
[2025-05-07T13:43:41.247+0000] {processor.py:186} INFO - Started process (PID=447) to work on /home/airflow/.local/lib/python3.12/site-packages/airflow/example_dags/tutorial_objectstorage.py
[2025-05-07T13:43:41.252+0000] {processor.py:914} INFO - Processing file /home/airflow/.local/lib/python3.12/site-packages/airflow/example_dags/tutorial_objectstorage.py for tasks to queue
[2025-05-07T13:43:41.258+0000] {logging_mixin.py:190} INFO - [2025-05-07T13:43:41.257+0000] {dagbag.py:588} INFO - Filling up the DagBag from /home/airflow/.local/lib/python3.12/site-packages/airflow/example_dags/tutorial_objectstorage.py
[2025-05-07T13:43:41.324+0000] {processor.py:925} INFO - DAG(s) 'tutorial_objectstorage' retrieved from /home/airflow/.local/lib/python3.12/site-packages/airflow/example_dags/tutorial_objectstorage.py
[2025-05-07T13:43:42.027+0000] {logging_mixin.py:190} INFO - [2025-05-07T13:43:42.026+0000] {dag.py:3239} INFO - Sync 1 DAGs
[2025-05-07T13:43:42.204+0000] {logging_mixin.py:190} INFO - [2025-05-07T13:43:42.204+0000] {dag.py:4180} INFO - Setting next_dagrun for tutorial_objectstorage to None, run_after=None
[2025-05-07T13:43:42.460+0000] {processor.py:208} INFO - Processing /home/airflow/.local/lib/python3.12/site-packages/airflow/example_dags/tutorial_objectstorage.py took 1.227 seconds
[2025-05-07T13:45:06.599+0000] {processor.py:186} INFO - Started process (PID=527) to work on /home/airflow/.local/lib/python3.12/site-packages/airflow/example_dags/tutorial_objectstorage.py
[2025-05-07T13:45:06.604+0000] {processor.py:914} INFO - Processing file /home/airflow/.local/lib/python3.12/site-packages/airflow/example_dags/tutorial_objectstorage.py for tasks to queue
[2025-05-07T13:45:06.612+0000] {logging_mixin.py:190} INFO - [2025-05-07T13:45:06.611+0000] {dagbag.py:588} INFO - Filling up the DagBag from /home/airflow/.local/lib/python3.12/site-packages/airflow/example_dags/tutorial_objectstorage.py
[2025-05-07T13:45:06.655+0000] {processor.py:925} INFO - DAG(s) 'tutorial_objectstorage' retrieved from /home/airflow/.local/lib/python3.12/site-packages/airflow/example_dags/tutorial_objectstorage.py
[2025-05-07T13:45:06.830+0000] {logging_mixin.py:190} INFO - [2025-05-07T13:45:06.829+0000] {dag.py:3239} INFO - Sync 1 DAGs
[2025-05-07T13:45:06.937+0000] {logging_mixin.py:190} INFO - [2025-05-07T13:45:06.936+0000] {dag.py:4180} INFO - Setting next_dagrun for tutorial_objectstorage to None, run_after=None
[2025-05-07T13:45:07.080+0000] {processor.py:208} INFO - Processing /home/airflow/.local/lib/python3.12/site-packages/airflow/example_dags/tutorial_objectstorage.py took 0.507 seconds
[2025-05-07T13:46:01.076+0000] {processor.py:186} INFO - Started process (PID=610) to work on /home/airflow/.local/lib/python3.12/site-packages/airflow/example_dags/tutorial_objectstorage.py
[2025-05-07T13:46:01.079+0000] {processor.py:914} INFO - Processing file /home/airflow/.local/lib/python3.12/site-packages/airflow/example_dags/tutorial_objectstorage.py for tasks to queue
[2025-05-07T13:46:01.087+0000] {logging_mixin.py:190} INFO - [2025-05-07T13:46:01.086+0000] {dagbag.py:588} INFO - Filling up the DagBag from /home/airflow/.local/lib/python3.12/site-packages/airflow/example_dags/tutorial_objectstorage.py
[2025-05-07T13:46:01.111+0000] {processor.py:925} INFO - DAG(s) 'tutorial_objectstorage' retrieved from /home/airflow/.local/lib/python3.12/site-packages/airflow/example_dags/tutorial_objectstorage.py
[2025-05-07T13:46:01.182+0000] {logging_mixin.py:190} INFO - [2025-05-07T13:46:01.181+0000] {dag.py:3239} INFO - Sync 1 DAGs
[2025-05-07T13:46:01.221+0000] {logging_mixin.py:190} INFO - [2025-05-07T13:46:01.220+0000] {dag.py:4180} INFO - Setting next_dagrun for tutorial_objectstorage to None, run_after=None
[2025-05-07T13:46:01.316+0000] {processor.py:208} INFO - Processing /home/airflow/.local/lib/python3.12/site-packages/airflow/example_dags/tutorial_objectstorage.py took 0.260 seconds
[2025-05-07T13:46:37.048+0000] {processor.py:186} INFO - Started process (PID=677) to work on /home/airflow/.local/lib/python3.12/site-packages/airflow/example_dags/tutorial_objectstorage.py
[2025-05-07T13:46:37.051+0000] {processor.py:914} INFO - Processing file /home/airflow/.local/lib/python3.12/site-packages/airflow/example_dags/tutorial_objectstorage.py for tasks to queue
[2025-05-07T13:46:37.057+0000] {logging_mixin.py:190} INFO - [2025-05-07T13:46:37.056+0000] {dagbag.py:588} INFO - Filling up the DagBag from /home/airflow/.local/lib/python3.12/site-packages/airflow/example_dags/tutorial_objectstorage.py
[2025-05-07T13:46:37.077+0000] {processor.py:925} INFO - DAG(s) 'tutorial_objectstorage' retrieved from /home/airflow/.local/lib/python3.12/site-packages/airflow/example_dags/tutorial_objectstorage.py
[2025-05-07T13:46:37.350+0000] {logging_mixin.py:190} INFO - [2025-05-07T13:46:37.342+0000] {dag.py:3239} INFO - Sync 1 DAGs
[2025-05-07T13:46:37.454+0000] {logging_mixin.py:190} INFO - [2025-05-07T13:46:37.454+0000] {dag.py:4180} INFO - Setting next_dagrun for tutorial_objectstorage to None, run_after=None
[2025-05-07T13:46:37.573+0000] {processor.py:208} INFO - Processing /home/airflow/.local/lib/python3.12/site-packages/airflow/example_dags/tutorial_objectstorage.py took 0.542 seconds
[2025-05-07T13:47:17.767+0000] {processor.py:186} INFO - Started process (PID=747) to work on /home/airflow/.local/lib/python3.12/site-packages/airflow/example_dags/tutorial_objectstorage.py
[2025-05-07T13:47:17.839+0000] {processor.py:914} INFO - Processing file /home/airflow/.local/lib/python3.12/site-packages/airflow/example_dags/tutorial_objectstorage.py for tasks to queue
[2025-05-07T13:47:17.845+0000] {logging_mixin.py:190} INFO - [2025-05-07T13:47:17.844+0000] {dagbag.py:588} INFO - Filling up the DagBag from /home/airflow/.local/lib/python3.12/site-packages/airflow/example_dags/tutorial_objectstorage.py
[2025-05-07T13:47:17.865+0000] {processor.py:925} INFO - DAG(s) 'tutorial_objectstorage' retrieved from /home/airflow/.local/lib/python3.12/site-packages/airflow/example_dags/tutorial_objectstorage.py
[2025-05-07T13:47:18.021+0000] {logging_mixin.py:190} INFO - [2025-05-07T13:47:18.021+0000] {dag.py:3239} INFO - Sync 1 DAGs
[2025-05-07T13:47:18.065+0000] {logging_mixin.py:190} INFO - [2025-05-07T13:47:18.064+0000] {dag.py:4180} INFO - Setting next_dagrun for tutorial_objectstorage to None, run_after=None
[2025-05-07T13:47:18.255+0000] {processor.py:208} INFO - Processing /home/airflow/.local/lib/python3.12/site-packages/airflow/example_dags/tutorial_objectstorage.py took 0.501 seconds
[2025-05-07T13:48:56.959+0000] {processor.py:186} INFO - Started process (PID=840) to work on /home/airflow/.local/lib/python3.12/site-packages/airflow/example_dags/tutorial_objectstorage.py
[2025-05-07T13:48:57.017+0000] {processor.py:914} INFO - Processing file /home/airflow/.local/lib/python3.12/site-packages/airflow/example_dags/tutorial_objectstorage.py for tasks to queue
[2025-05-07T13:48:57.024+0000] {logging_mixin.py:190} INFO - [2025-05-07T13:48:57.023+0000] {dagbag.py:588} INFO - Filling up the DagBag from /home/airflow/.local/lib/python3.12/site-packages/airflow/example_dags/tutorial_objectstorage.py
[2025-05-07T13:48:57.043+0000] {processor.py:925} INFO - DAG(s) 'tutorial_objectstorage' retrieved from /home/airflow/.local/lib/python3.12/site-packages/airflow/example_dags/tutorial_objectstorage.py
[2025-05-07T13:48:58.168+0000] {logging_mixin.py:190} INFO - [2025-05-07T13:48:58.168+0000] {dag.py:3239} INFO - Sync 1 DAGs
[2025-05-07T13:48:58.266+0000] {logging_mixin.py:190} INFO - [2025-05-07T13:48:58.265+0000] {dag.py:4180} INFO - Setting next_dagrun for tutorial_objectstorage to None, run_after=None
[2025-05-07T13:48:58.450+0000] {processor.py:208} INFO - Processing /home/airflow/.local/lib/python3.12/site-packages/airflow/example_dags/tutorial_objectstorage.py took 1.802 seconds
[2025-05-07T13:50:01.681+0000] {processor.py:186} INFO - Started process (PID=913) to work on /home/airflow/.local/lib/python3.12/site-packages/airflow/example_dags/tutorial_objectstorage.py
[2025-05-07T13:50:01.688+0000] {processor.py:914} INFO - Processing file /home/airflow/.local/lib/python3.12/site-packages/airflow/example_dags/tutorial_objectstorage.py for tasks to queue
[2025-05-07T13:50:01.692+0000] {logging_mixin.py:190} INFO - [2025-05-07T13:50:01.692+0000] {dagbag.py:588} INFO - Filling up the DagBag from /home/airflow/.local/lib/python3.12/site-packages/airflow/example_dags/tutorial_objectstorage.py
[2025-05-07T13:50:01.714+0000] {processor.py:925} INFO - DAG(s) 'tutorial_objectstorage' retrieved from /home/airflow/.local/lib/python3.12/site-packages/airflow/example_dags/tutorial_objectstorage.py
[2025-05-07T13:50:02.152+0000] {logging_mixin.py:190} INFO - [2025-05-07T13:50:02.150+0000] {dag.py:3239} INFO - Sync 1 DAGs
[2025-05-07T13:50:02.514+0000] {logging_mixin.py:190} INFO - [2025-05-07T13:50:02.513+0000] {dag.py:4180} INFO - Setting next_dagrun for tutorial_objectstorage to None, run_after=None
[2025-05-07T13:50:02.949+0000] {processor.py:208} INFO - Processing /home/airflow/.local/lib/python3.12/site-packages/airflow/example_dags/tutorial_objectstorage.py took 1.335 seconds
[2025-05-07T13:50:40.303+0000] {processor.py:186} INFO - Started process (PID=982) to work on /home/airflow/.local/lib/python3.12/site-packages/airflow/example_dags/tutorial_objectstorage.py
[2025-05-07T13:50:40.306+0000] {processor.py:914} INFO - Processing file /home/airflow/.local/lib/python3.12/site-packages/airflow/example_dags/tutorial_objectstorage.py for tasks to queue
[2025-05-07T13:50:40.312+0000] {logging_mixin.py:190} INFO - [2025-05-07T13:50:40.311+0000] {dagbag.py:588} INFO - Filling up the DagBag from /home/airflow/.local/lib/python3.12/site-packages/airflow/example_dags/tutorial_objectstorage.py
[2025-05-07T13:50:40.343+0000] {processor.py:925} INFO - DAG(s) 'tutorial_objectstorage' retrieved from /home/airflow/.local/lib/python3.12/site-packages/airflow/example_dags/tutorial_objectstorage.py
[2025-05-07T13:50:40.410+0000] {logging_mixin.py:190} INFO - [2025-05-07T13:50:40.409+0000] {dag.py:3239} INFO - Sync 1 DAGs
[2025-05-07T13:50:40.450+0000] {logging_mixin.py:190} INFO - [2025-05-07T13:50:40.449+0000] {dag.py:4180} INFO - Setting next_dagrun for tutorial_objectstorage to None, run_after=None
[2025-05-07T13:50:40.493+0000] {processor.py:208} INFO - Processing /home/airflow/.local/lib/python3.12/site-packages/airflow/example_dags/tutorial_objectstorage.py took 0.204 seconds
[2025-05-07T13:51:19.258+0000] {processor.py:186} INFO - Started process (PID=1048) to work on /home/airflow/.local/lib/python3.12/site-packages/airflow/example_dags/tutorial_objectstorage.py
[2025-05-07T13:51:19.261+0000] {processor.py:914} INFO - Processing file /home/airflow/.local/lib/python3.12/site-packages/airflow/example_dags/tutorial_objectstorage.py for tasks to queue
[2025-05-07T13:51:19.266+0000] {logging_mixin.py:190} INFO - [2025-05-07T13:51:19.265+0000] {dagbag.py:588} INFO - Filling up the DagBag from /home/airflow/.local/lib/python3.12/site-packages/airflow/example_dags/tutorial_objectstorage.py
[2025-05-07T13:51:19.285+0000] {processor.py:925} INFO - DAG(s) 'tutorial_objectstorage' retrieved from /home/airflow/.local/lib/python3.12/site-packages/airflow/example_dags/tutorial_objectstorage.py
[2025-05-07T13:51:19.493+0000] {logging_mixin.py:190} INFO - [2025-05-07T13:51:19.493+0000] {dag.py:3239} INFO - Sync 1 DAGs
[2025-05-07T13:51:19.531+0000] {logging_mixin.py:190} INFO - [2025-05-07T13:51:19.531+0000] {dag.py:4180} INFO - Setting next_dagrun for tutorial_objectstorage to None, run_after=None
[2025-05-07T13:51:19.585+0000] {processor.py:208} INFO - Processing /home/airflow/.local/lib/python3.12/site-packages/airflow/example_dags/tutorial_objectstorage.py took 0.339 seconds
[2025-05-07T13:52:15.710+0000] {processor.py:186} INFO - Started process (PID=1131) to work on /home/airflow/.local/lib/python3.12/site-packages/airflow/example_dags/tutorial_objectstorage.py
[2025-05-07T13:52:15.742+0000] {processor.py:914} INFO - Processing file /home/airflow/.local/lib/python3.12/site-packages/airflow/example_dags/tutorial_objectstorage.py for tasks to queue
[2025-05-07T13:52:15.755+0000] {logging_mixin.py:190} INFO - [2025-05-07T13:52:15.754+0000] {dagbag.py:588} INFO - Filling up the DagBag from /home/airflow/.local/lib/python3.12/site-packages/airflow/example_dags/tutorial_objectstorage.py
[2025-05-07T13:52:15.781+0000] {processor.py:925} INFO - DAG(s) 'tutorial_objectstorage' retrieved from /home/airflow/.local/lib/python3.12/site-packages/airflow/example_dags/tutorial_objectstorage.py
[2025-05-07T13:52:15.952+0000] {logging_mixin.py:190} INFO - [2025-05-07T13:52:15.952+0000] {dag.py:3239} INFO - Sync 1 DAGs
[2025-05-07T13:52:16.012+0000] {logging_mixin.py:190} INFO - [2025-05-07T13:52:16.011+0000] {dag.py:4180} INFO - Setting next_dagrun for tutorial_objectstorage to None, run_after=None
[2025-05-07T13:52:16.156+0000] {processor.py:208} INFO - Processing /home/airflow/.local/lib/python3.12/site-packages/airflow/example_dags/tutorial_objectstorage.py took 0.462 seconds
[2025-05-07T13:52:58.185+0000] {processor.py:186} INFO - Started process (PID=1206) to work on /home/airflow/.local/lib/python3.12/site-packages/airflow/example_dags/tutorial_objectstorage.py
[2025-05-07T13:52:58.189+0000] {processor.py:914} INFO - Processing file /home/airflow/.local/lib/python3.12/site-packages/airflow/example_dags/tutorial_objectstorage.py for tasks to queue
[2025-05-07T13:52:58.197+0000] {logging_mixin.py:190} INFO - [2025-05-07T13:52:58.196+0000] {dagbag.py:588} INFO - Filling up the DagBag from /home/airflow/.local/lib/python3.12/site-packages/airflow/example_dags/tutorial_objectstorage.py
[2025-05-07T13:52:58.219+0000] {processor.py:925} INFO - DAG(s) 'tutorial_objectstorage' retrieved from /home/airflow/.local/lib/python3.12/site-packages/airflow/example_dags/tutorial_objectstorage.py
[2025-05-07T13:52:58.280+0000] {logging_mixin.py:190} INFO - [2025-05-07T13:52:58.280+0000] {dag.py:3239} INFO - Sync 1 DAGs
[2025-05-07T13:52:58.333+0000] {logging_mixin.py:190} INFO - [2025-05-07T13:52:58.332+0000] {dag.py:4180} INFO - Setting next_dagrun for tutorial_objectstorage to None, run_after=None
[2025-05-07T13:52:58.385+0000] {processor.py:208} INFO - Processing /home/airflow/.local/lib/python3.12/site-packages/airflow/example_dags/tutorial_objectstorage.py took 0.218 seconds
[2025-05-07T13:53:33.499+0000] {processor.py:186} INFO - Started process (PID=1271) to work on /home/airflow/.local/lib/python3.12/site-packages/airflow/example_dags/tutorial_objectstorage.py
[2025-05-07T13:53:33.503+0000] {processor.py:914} INFO - Processing file /home/airflow/.local/lib/python3.12/site-packages/airflow/example_dags/tutorial_objectstorage.py for tasks to queue
[2025-05-07T13:53:33.510+0000] {logging_mixin.py:190} INFO - [2025-05-07T13:53:33.509+0000] {dagbag.py:588} INFO - Filling up the DagBag from /home/airflow/.local/lib/python3.12/site-packages/airflow/example_dags/tutorial_objectstorage.py
[2025-05-07T13:53:33.531+0000] {processor.py:925} INFO - DAG(s) 'tutorial_objectstorage' retrieved from /home/airflow/.local/lib/python3.12/site-packages/airflow/example_dags/tutorial_objectstorage.py
[2025-05-07T13:53:33.918+0000] {logging_mixin.py:190} INFO - [2025-05-07T13:53:33.917+0000] {dag.py:3239} INFO - Sync 1 DAGs
[2025-05-07T13:53:33.957+0000] {logging_mixin.py:190} INFO - [2025-05-07T13:53:33.956+0000] {dag.py:4180} INFO - Setting next_dagrun for tutorial_objectstorage to None, run_after=None
[2025-05-07T13:53:34.428+0000] {processor.py:208} INFO - Processing /home/airflow/.local/lib/python3.12/site-packages/airflow/example_dags/tutorial_objectstorage.py took 0.946 seconds
[2025-05-07T13:54:29.107+0000] {processor.py:186} INFO - Started process (PID=1327) to work on /home/airflow/.local/lib/python3.12/site-packages/airflow/example_dags/tutorial_objectstorage.py
[2025-05-07T13:54:29.110+0000] {processor.py:914} INFO - Processing file /home/airflow/.local/lib/python3.12/site-packages/airflow/example_dags/tutorial_objectstorage.py for tasks to queue
[2025-05-07T13:54:29.117+0000] {logging_mixin.py:190} INFO - [2025-05-07T13:54:29.117+0000] {dagbag.py:588} INFO - Filling up the DagBag from /home/airflow/.local/lib/python3.12/site-packages/airflow/example_dags/tutorial_objectstorage.py
[2025-05-07T13:54:29.168+0000] {processor.py:925} INFO - DAG(s) 'tutorial_objectstorage' retrieved from /home/airflow/.local/lib/python3.12/site-packages/airflow/example_dags/tutorial_objectstorage.py
[2025-05-07T13:54:29.681+0000] {logging_mixin.py:190} INFO - [2025-05-07T13:54:29.680+0000] {dag.py:3239} INFO - Sync 1 DAGs
[2025-05-07T13:54:29.791+0000] {logging_mixin.py:190} INFO - [2025-05-07T13:54:29.790+0000] {dag.py:4180} INFO - Setting next_dagrun for tutorial_objectstorage to None, run_after=None
[2025-05-07T13:54:29.875+0000] {processor.py:208} INFO - Processing /home/airflow/.local/lib/python3.12/site-packages/airflow/example_dags/tutorial_objectstorage.py took 0.802 seconds
[2025-05-07T13:55:12.670+0000] {processor.py:186} INFO - Started process (PID=1402) to work on /home/airflow/.local/lib/python3.12/site-packages/airflow/example_dags/tutorial_objectstorage.py
[2025-05-07T13:55:12.672+0000] {processor.py:914} INFO - Processing file /home/airflow/.local/lib/python3.12/site-packages/airflow/example_dags/tutorial_objectstorage.py for tasks to queue
[2025-05-07T13:55:12.678+0000] {logging_mixin.py:190} INFO - [2025-05-07T13:55:12.677+0000] {dagbag.py:588} INFO - Filling up the DagBag from /home/airflow/.local/lib/python3.12/site-packages/airflow/example_dags/tutorial_objectstorage.py
[2025-05-07T13:55:12.702+0000] {processor.py:925} INFO - DAG(s) 'tutorial_objectstorage' retrieved from /home/airflow/.local/lib/python3.12/site-packages/airflow/example_dags/tutorial_objectstorage.py
[2025-05-07T13:55:12.762+0000] {logging_mixin.py:190} INFO - [2025-05-07T13:55:12.761+0000] {dag.py:3239} INFO - Sync 1 DAGs
[2025-05-07T13:55:12.796+0000] {logging_mixin.py:190} INFO - [2025-05-07T13:55:12.795+0000] {dag.py:4180} INFO - Setting next_dagrun for tutorial_objectstorage to None, run_after=None
[2025-05-07T13:55:12.855+0000] {processor.py:208} INFO - Processing /home/airflow/.local/lib/python3.12/site-packages/airflow/example_dags/tutorial_objectstorage.py took 0.199 seconds
