[2025-05-07T13:39:14.954+0000] {processor.py:186} INFO - Started process (PID=97) to work on /home/airflow/.local/lib/python3.12/site-packages/airflow/example_dags/tutorial_taskflow_templates.py
[2025-05-07T13:39:14.955+0000] {processor.py:914} INFO - Processing file /home/airflow/.local/lib/python3.12/site-packages/airflow/example_dags/tutorial_taskflow_templates.py for tasks to queue
[2025-05-07T13:39:14.961+0000] {logging_mixin.py:190} INFO - [2025-05-07T13:39:14.961+0000] {dagbag.py:588} INFO - Filling up the DagBag from /home/airflow/.local/lib/python3.12/site-packages/airflow/example_dags/tutorial_taskflow_templates.py
[2025-05-07T13:39:15.006+0000] {processor.py:925} INFO - DAG(s) 'tutorial_taskflow_templates' retrieved from /home/airflow/.local/lib/python3.12/site-packages/airflow/example_dags/tutorial_taskflow_templates.py
[2025-05-07T13:39:15.071+0000] {logging_mixin.py:190} INFO - [2025-05-07T13:39:15.069+0000] {dag.py:3239} INFO - Sync 1 DAGs
[2025-05-07T13:39:15.147+0000] {logging_mixin.py:190} INFO - [2025-05-07T13:39:15.147+0000] {dag.py:4180} INFO - Setting next_dagrun for tutorial_taskflow_templates to 2025-05-06 00:00:00+00:00, run_after=2025-05-07 00:00:00+00:00
[2025-05-07T13:39:15.194+0000] {processor.py:208} INFO - Processing /home/airflow/.local/lib/python3.12/site-packages/airflow/example_dags/tutorial_taskflow_templates.py took 0.256 seconds
[2025-05-07T13:40:15.027+0000] {processor.py:186} INFO - Started process (PID=170) to work on /home/airflow/.local/lib/python3.12/site-packages/airflow/example_dags/tutorial_taskflow_templates.py
[2025-05-07T13:40:15.031+0000] {processor.py:914} INFO - Processing file /home/airflow/.local/lib/python3.12/site-packages/airflow/example_dags/tutorial_taskflow_templates.py for tasks to queue
[2025-05-07T13:40:15.036+0000] {logging_mixin.py:190} INFO - [2025-05-07T13:40:15.036+0000] {dagbag.py:588} INFO - Filling up the DagBag from /home/airflow/.local/lib/python3.12/site-packages/airflow/example_dags/tutorial_taskflow_templates.py
[2025-05-07T13:40:15.066+0000] {processor.py:925} INFO - DAG(s) 'tutorial_taskflow_templates' retrieved from /home/airflow/.local/lib/python3.12/site-packages/airflow/example_dags/tutorial_taskflow_templates.py
[2025-05-07T13:40:15.125+0000] {logging_mixin.py:190} INFO - [2025-05-07T13:40:15.124+0000] {dag.py:3239} INFO - Sync 1 DAGs
[2025-05-07T13:40:15.211+0000] {logging_mixin.py:190} INFO - [2025-05-07T13:40:15.210+0000] {dag.py:4180} INFO - Setting next_dagrun for tutorial_taskflow_templates to 2025-05-06 00:00:00+00:00, run_after=2025-05-07 00:00:00+00:00
[2025-05-07T13:40:15.254+0000] {processor.py:208} INFO - Processing /home/airflow/.local/lib/python3.12/site-packages/airflow/example_dags/tutorial_taskflow_templates.py took 0.240 seconds
[2025-05-07T13:41:02.982+0000] {processor.py:186} INFO - Started process (PID=238) to work on /home/airflow/.local/lib/python3.12/site-packages/airflow/example_dags/tutorial_taskflow_templates.py
[2025-05-07T13:41:02.987+0000] {processor.py:914} INFO - Processing file /home/airflow/.local/lib/python3.12/site-packages/airflow/example_dags/tutorial_taskflow_templates.py for tasks to queue
[2025-05-07T13:41:02.997+0000] {logging_mixin.py:190} INFO - [2025-05-07T13:41:02.996+0000] {dagbag.py:588} INFO - Filling up the DagBag from /home/airflow/.local/lib/python3.12/site-packages/airflow/example_dags/tutorial_taskflow_templates.py
[2025-05-07T13:41:03.033+0000] {processor.py:925} INFO - DAG(s) 'tutorial_taskflow_templates' retrieved from /home/airflow/.local/lib/python3.12/site-packages/airflow/example_dags/tutorial_taskflow_templates.py
[2025-05-07T13:41:03.146+0000] {logging_mixin.py:190} INFO - [2025-05-07T13:41:03.145+0000] {dag.py:3239} INFO - Sync 1 DAGs
[2025-05-07T13:41:03.377+0000] {logging_mixin.py:190} INFO - [2025-05-07T13:41:03.377+0000] {dag.py:4180} INFO - Setting next_dagrun for tutorial_taskflow_templates to 2025-05-06 00:00:00+00:00, run_after=2025-05-07 00:00:00+00:00
[2025-05-07T13:41:03.487+0000] {processor.py:208} INFO - Processing /home/airflow/.local/lib/python3.12/site-packages/airflow/example_dags/tutorial_taskflow_templates.py took 0.518 seconds
[2025-05-07T13:41:40.246+0000] {processor.py:186} INFO - Started process (PID=302) to work on /home/airflow/.local/lib/python3.12/site-packages/airflow/example_dags/tutorial_taskflow_templates.py
[2025-05-07T13:41:40.536+0000] {processor.py:914} INFO - Processing file /home/airflow/.local/lib/python3.12/site-packages/airflow/example_dags/tutorial_taskflow_templates.py for tasks to queue
[2025-05-07T13:41:40.551+0000] {logging_mixin.py:190} INFO - [2025-05-07T13:41:40.551+0000] {dagbag.py:588} INFO - Filling up the DagBag from /home/airflow/.local/lib/python3.12/site-packages/airflow/example_dags/tutorial_taskflow_templates.py
[2025-05-07T13:41:40.589+0000] {processor.py:925} INFO - DAG(s) 'tutorial_taskflow_templates' retrieved from /home/airflow/.local/lib/python3.12/site-packages/airflow/example_dags/tutorial_taskflow_templates.py
[2025-05-07T13:41:40.874+0000] {logging_mixin.py:190} INFO - [2025-05-07T13:41:40.873+0000] {dag.py:3239} INFO - Sync 1 DAGs
[2025-05-07T13:41:41.294+0000] {logging_mixin.py:190} INFO - [2025-05-07T13:41:41.294+0000] {dag.py:4180} INFO - Setting next_dagrun for tutorial_taskflow_templates to 2025-05-06 00:00:00+00:00, run_after=2025-05-07 00:00:00+00:00
[2025-05-07T13:41:41.836+0000] {processor.py:208} INFO - Processing /home/airflow/.local/lib/python3.12/site-packages/airflow/example_dags/tutorial_taskflow_templates.py took 1.603 seconds
[2025-05-07T13:42:46.839+0000] {processor.py:186} INFO - Started process (PID=386) to work on /home/airflow/.local/lib/python3.12/site-packages/airflow/example_dags/tutorial_taskflow_templates.py
[2025-05-07T13:42:46.844+0000] {processor.py:914} INFO - Processing file /home/airflow/.local/lib/python3.12/site-packages/airflow/example_dags/tutorial_taskflow_templates.py for tasks to queue
[2025-05-07T13:42:46.849+0000] {logging_mixin.py:190} INFO - [2025-05-07T13:42:46.849+0000] {dagbag.py:588} INFO - Filling up the DagBag from /home/airflow/.local/lib/python3.12/site-packages/airflow/example_dags/tutorial_taskflow_templates.py
[2025-05-07T13:42:46.874+0000] {processor.py:925} INFO - DAG(s) 'tutorial_taskflow_templates' retrieved from /home/airflow/.local/lib/python3.12/site-packages/airflow/example_dags/tutorial_taskflow_templates.py
[2025-05-07T13:42:47.875+0000] {logging_mixin.py:190} INFO - [2025-05-07T13:42:47.874+0000] {dag.py:3239} INFO - Sync 1 DAGs
[2025-05-07T13:42:48.090+0000] {logging_mixin.py:190} INFO - [2025-05-07T13:42:48.090+0000] {dag.py:4180} INFO - Setting next_dagrun for tutorial_taskflow_templates to 2025-05-06 00:00:00+00:00, run_after=2025-05-07 00:00:00+00:00
[2025-05-07T13:42:48.342+0000] {processor.py:208} INFO - Processing /home/airflow/.local/lib/python3.12/site-packages/airflow/example_dags/tutorial_taskflow_templates.py took 1.516 seconds
[2025-05-07T13:43:39.887+0000] {processor.py:186} INFO - Started process (PID=444) to work on /home/airflow/.local/lib/python3.12/site-packages/airflow/example_dags/tutorial_taskflow_templates.py
[2025-05-07T13:43:39.891+0000] {processor.py:914} INFO - Processing file /home/airflow/.local/lib/python3.12/site-packages/airflow/example_dags/tutorial_taskflow_templates.py for tasks to queue
[2025-05-07T13:43:39.898+0000] {logging_mixin.py:190} INFO - [2025-05-07T13:43:39.897+0000] {dagbag.py:588} INFO - Filling up the DagBag from /home/airflow/.local/lib/python3.12/site-packages/airflow/example_dags/tutorial_taskflow_templates.py
[2025-05-07T13:43:39.930+0000] {processor.py:925} INFO - DAG(s) 'tutorial_taskflow_templates' retrieved from /home/airflow/.local/lib/python3.12/site-packages/airflow/example_dags/tutorial_taskflow_templates.py
[2025-05-07T13:43:39.983+0000] {logging_mixin.py:190} INFO - [2025-05-07T13:43:39.982+0000] {dag.py:3239} INFO - Sync 1 DAGs
[2025-05-07T13:43:40.062+0000] {logging_mixin.py:190} INFO - [2025-05-07T13:43:40.061+0000] {dag.py:4180} INFO - Setting next_dagrun for tutorial_taskflow_templates to 2025-05-06 00:00:00+00:00, run_after=2025-05-07 00:00:00+00:00
[2025-05-07T13:43:40.164+0000] {processor.py:208} INFO - Processing /home/airflow/.local/lib/python3.12/site-packages/airflow/example_dags/tutorial_taskflow_templates.py took 0.292 seconds
[2025-05-07T13:45:03.245+0000] {processor.py:186} INFO - Started process (PID=524) to work on /home/airflow/.local/lib/python3.12/site-packages/airflow/example_dags/tutorial_taskflow_templates.py
[2025-05-07T13:45:03.248+0000] {processor.py:914} INFO - Processing file /home/airflow/.local/lib/python3.12/site-packages/airflow/example_dags/tutorial_taskflow_templates.py for tasks to queue
[2025-05-07T13:45:03.254+0000] {logging_mixin.py:190} INFO - [2025-05-07T13:45:03.253+0000] {dagbag.py:588} INFO - Filling up the DagBag from /home/airflow/.local/lib/python3.12/site-packages/airflow/example_dags/tutorial_taskflow_templates.py
[2025-05-07T13:45:03.280+0000] {processor.py:925} INFO - DAG(s) 'tutorial_taskflow_templates' retrieved from /home/airflow/.local/lib/python3.12/site-packages/airflow/example_dags/tutorial_taskflow_templates.py
[2025-05-07T13:45:03.337+0000] {logging_mixin.py:190} INFO - [2025-05-07T13:45:03.336+0000] {dag.py:3239} INFO - Sync 1 DAGs
[2025-05-07T13:45:03.577+0000] {logging_mixin.py:190} INFO - [2025-05-07T13:45:03.577+0000] {dag.py:4180} INFO - Setting next_dagrun for tutorial_taskflow_templates to 2025-05-06 00:00:00+00:00, run_after=2025-05-07 00:00:00+00:00
[2025-05-07T13:45:03.828+0000] {processor.py:208} INFO - Processing /home/airflow/.local/lib/python3.12/site-packages/airflow/example_dags/tutorial_taskflow_templates.py took 0.596 seconds
[2025-05-07T13:45:53.307+0000] {processor.py:186} INFO - Started process (PID=591) to work on /home/airflow/.local/lib/python3.12/site-packages/airflow/example_dags/tutorial_taskflow_templates.py
[2025-05-07T13:45:53.352+0000] {processor.py:914} INFO - Processing file /home/airflow/.local/lib/python3.12/site-packages/airflow/example_dags/tutorial_taskflow_templates.py for tasks to queue
[2025-05-07T13:45:53.379+0000] {logging_mixin.py:190} INFO - [2025-05-07T13:45:53.379+0000] {dagbag.py:588} INFO - Filling up the DagBag from /home/airflow/.local/lib/python3.12/site-packages/airflow/example_dags/tutorial_taskflow_templates.py
[2025-05-07T13:45:53.408+0000] {processor.py:925} INFO - DAG(s) 'tutorial_taskflow_templates' retrieved from /home/airflow/.local/lib/python3.12/site-packages/airflow/example_dags/tutorial_taskflow_templates.py
[2025-05-07T13:45:53.545+0000] {logging_mixin.py:190} INFO - [2025-05-07T13:45:53.544+0000] {dag.py:3239} INFO - Sync 1 DAGs
[2025-05-07T13:45:54.098+0000] {logging_mixin.py:190} INFO - [2025-05-07T13:45:54.097+0000] {dag.py:4180} INFO - Setting next_dagrun for tutorial_taskflow_templates to 2025-05-06 00:00:00+00:00, run_after=2025-05-07 00:00:00+00:00
[2025-05-07T13:45:54.208+0000] {processor.py:208} INFO - Processing /home/airflow/.local/lib/python3.12/site-packages/airflow/example_dags/tutorial_taskflow_templates.py took 0.921 seconds
[2025-05-07T13:46:27.941+0000] {processor.py:186} INFO - Started process (PID=660) to work on /home/airflow/.local/lib/python3.12/site-packages/airflow/example_dags/tutorial_taskflow_templates.py
[2025-05-07T13:46:27.945+0000] {processor.py:914} INFO - Processing file /home/airflow/.local/lib/python3.12/site-packages/airflow/example_dags/tutorial_taskflow_templates.py for tasks to queue
[2025-05-07T13:46:27.953+0000] {logging_mixin.py:190} INFO - [2025-05-07T13:46:27.952+0000] {dagbag.py:588} INFO - Filling up the DagBag from /home/airflow/.local/lib/python3.12/site-packages/airflow/example_dags/tutorial_taskflow_templates.py
[2025-05-07T13:46:27.990+0000] {processor.py:925} INFO - DAG(s) 'tutorial_taskflow_templates' retrieved from /home/airflow/.local/lib/python3.12/site-packages/airflow/example_dags/tutorial_taskflow_templates.py
[2025-05-07T13:46:28.176+0000] {logging_mixin.py:190} INFO - [2025-05-07T13:46:28.175+0000] {dag.py:3239} INFO - Sync 1 DAGs
[2025-05-07T13:46:28.236+0000] {logging_mixin.py:190} INFO - [2025-05-07T13:46:28.236+0000] {dag.py:4180} INFO - Setting next_dagrun for tutorial_taskflow_templates to 2025-05-06 00:00:00+00:00, run_after=2025-05-07 00:00:00+00:00
[2025-05-07T13:46:28.298+0000] {processor.py:208} INFO - Processing /home/airflow/.local/lib/python3.12/site-packages/airflow/example_dags/tutorial_taskflow_templates.py took 0.379 seconds
[2025-05-07T13:47:13.268+0000] {processor.py:186} INFO - Started process (PID=737) to work on /home/airflow/.local/lib/python3.12/site-packages/airflow/example_dags/tutorial_taskflow_templates.py
[2025-05-07T13:47:13.271+0000] {processor.py:914} INFO - Processing file /home/airflow/.local/lib/python3.12/site-packages/airflow/example_dags/tutorial_taskflow_templates.py for tasks to queue
[2025-05-07T13:47:13.276+0000] {logging_mixin.py:190} INFO - [2025-05-07T13:47:13.276+0000] {dagbag.py:588} INFO - Filling up the DagBag from /home/airflow/.local/lib/python3.12/site-packages/airflow/example_dags/tutorial_taskflow_templates.py
[2025-05-07T13:47:13.302+0000] {processor.py:925} INFO - DAG(s) 'tutorial_taskflow_templates' retrieved from /home/airflow/.local/lib/python3.12/site-packages/airflow/example_dags/tutorial_taskflow_templates.py
[2025-05-07T13:47:13.395+0000] {logging_mixin.py:190} INFO - [2025-05-07T13:47:13.394+0000] {dag.py:3239} INFO - Sync 1 DAGs
[2025-05-07T13:47:13.487+0000] {logging_mixin.py:190} INFO - [2025-05-07T13:47:13.486+0000] {dag.py:4180} INFO - Setting next_dagrun for tutorial_taskflow_templates to 2025-05-06 00:00:00+00:00, run_after=2025-05-07 00:00:00+00:00
[2025-05-07T13:47:13.529+0000] {processor.py:208} INFO - Processing /home/airflow/.local/lib/python3.12/site-packages/airflow/example_dags/tutorial_taskflow_templates.py took 0.275 seconds
[2025-05-07T13:48:09.917+0000] {processor.py:186} INFO - Started process (PID=805) to work on /home/airflow/.local/lib/python3.12/site-packages/airflow/example_dags/tutorial_taskflow_templates.py
[2025-05-07T13:48:09.923+0000] {processor.py:914} INFO - Processing file /home/airflow/.local/lib/python3.12/site-packages/airflow/example_dags/tutorial_taskflow_templates.py for tasks to queue
[2025-05-07T13:48:09.930+0000] {logging_mixin.py:190} INFO - [2025-05-07T13:48:09.930+0000] {dagbag.py:588} INFO - Filling up the DagBag from /home/airflow/.local/lib/python3.12/site-packages/airflow/example_dags/tutorial_taskflow_templates.py
[2025-05-07T13:48:10.028+0000] {processor.py:925} INFO - DAG(s) 'tutorial_taskflow_templates' retrieved from /home/airflow/.local/lib/python3.12/site-packages/airflow/example_dags/tutorial_taskflow_templates.py
[2025-05-07T13:48:10.180+0000] {logging_mixin.py:190} INFO - [2025-05-07T13:48:10.180+0000] {dag.py:3239} INFO - Sync 1 DAGs
[2025-05-07T13:48:10.981+0000] {logging_mixin.py:190} INFO - [2025-05-07T13:48:10.980+0000] {dag.py:4180} INFO - Setting next_dagrun for tutorial_taskflow_templates to 2025-05-06 00:00:00+00:00, run_after=2025-05-07 00:00:00+00:00
[2025-05-07T13:48:11.101+0000] {processor.py:208} INFO - Processing /home/airflow/.local/lib/python3.12/site-packages/airflow/example_dags/tutorial_taskflow_templates.py took 1.200 seconds
[2025-05-07T13:49:26.855+0000] {processor.py:186} INFO - Started process (PID=884) to work on /home/airflow/.local/lib/python3.12/site-packages/airflow/example_dags/tutorial_taskflow_templates.py
[2025-05-07T13:49:26.861+0000] {processor.py:914} INFO - Processing file /home/airflow/.local/lib/python3.12/site-packages/airflow/example_dags/tutorial_taskflow_templates.py for tasks to queue
[2025-05-07T13:49:26.868+0000] {logging_mixin.py:190} INFO - [2025-05-07T13:49:26.867+0000] {dagbag.py:588} INFO - Filling up the DagBag from /home/airflow/.local/lib/python3.12/site-packages/airflow/example_dags/tutorial_taskflow_templates.py
[2025-05-07T13:49:26.905+0000] {processor.py:925} INFO - DAG(s) 'tutorial_taskflow_templates' retrieved from /home/airflow/.local/lib/python3.12/site-packages/airflow/example_dags/tutorial_taskflow_templates.py
[2025-05-07T13:49:27.209+0000] {logging_mixin.py:190} INFO - [2025-05-07T13:49:27.208+0000] {dag.py:3239} INFO - Sync 1 DAGs
[2025-05-07T13:49:27.281+0000] {logging_mixin.py:190} INFO - [2025-05-07T13:49:27.280+0000] {dag.py:4180} INFO - Setting next_dagrun for tutorial_taskflow_templates to 2025-05-06 00:00:00+00:00, run_after=2025-05-07 00:00:00+00:00
[2025-05-07T13:49:27.419+0000] {processor.py:208} INFO - Processing /home/airflow/.local/lib/python3.12/site-packages/airflow/example_dags/tutorial_taskflow_templates.py took 0.580 seconds
[2025-05-07T13:50:20.794+0000] {processor.py:186} INFO - Started process (PID=948) to work on /home/airflow/.local/lib/python3.12/site-packages/airflow/example_dags/tutorial_taskflow_templates.py
[2025-05-07T13:50:20.797+0000] {processor.py:914} INFO - Processing file /home/airflow/.local/lib/python3.12/site-packages/airflow/example_dags/tutorial_taskflow_templates.py for tasks to queue
[2025-05-07T13:50:20.803+0000] {logging_mixin.py:190} INFO - [2025-05-07T13:50:20.803+0000] {dagbag.py:588} INFO - Filling up the DagBag from /home/airflow/.local/lib/python3.12/site-packages/airflow/example_dags/tutorial_taskflow_templates.py
[2025-05-07T13:50:20.834+0000] {processor.py:925} INFO - DAG(s) 'tutorial_taskflow_templates' retrieved from /home/airflow/.local/lib/python3.12/site-packages/airflow/example_dags/tutorial_taskflow_templates.py
[2025-05-07T13:50:21.149+0000] {logging_mixin.py:190} INFO - [2025-05-07T13:50:21.148+0000] {dag.py:3239} INFO - Sync 1 DAGs
[2025-05-07T13:50:21.225+0000] {logging_mixin.py:190} INFO - [2025-05-07T13:50:21.225+0000] {dag.py:4180} INFO - Setting next_dagrun for tutorial_taskflow_templates to 2025-05-06 00:00:00+00:00, run_after=2025-05-07 00:00:00+00:00
[2025-05-07T13:50:21.292+0000] {processor.py:208} INFO - Processing /home/airflow/.local/lib/python3.12/site-packages/airflow/example_dags/tutorial_taskflow_templates.py took 0.513 seconds
[2025-05-07T13:51:06.901+0000] {processor.py:186} INFO - Started process (PID=1017) to work on /home/airflow/.local/lib/python3.12/site-packages/airflow/example_dags/tutorial_taskflow_templates.py
[2025-05-07T13:51:06.904+0000] {processor.py:914} INFO - Processing file /home/airflow/.local/lib/python3.12/site-packages/airflow/example_dags/tutorial_taskflow_templates.py for tasks to queue
[2025-05-07T13:51:06.910+0000] {logging_mixin.py:190} INFO - [2025-05-07T13:51:06.909+0000] {dagbag.py:588} INFO - Filling up the DagBag from /home/airflow/.local/lib/python3.12/site-packages/airflow/example_dags/tutorial_taskflow_templates.py
[2025-05-07T13:51:06.941+0000] {processor.py:925} INFO - DAG(s) 'tutorial_taskflow_templates' retrieved from /home/airflow/.local/lib/python3.12/site-packages/airflow/example_dags/tutorial_taskflow_templates.py
[2025-05-07T13:51:07.015+0000] {logging_mixin.py:190} INFO - [2025-05-07T13:51:07.015+0000] {dag.py:3239} INFO - Sync 1 DAGs
[2025-05-07T13:51:07.113+0000] {logging_mixin.py:190} INFO - [2025-05-07T13:51:07.112+0000] {dag.py:4180} INFO - Setting next_dagrun for tutorial_taskflow_templates to 2025-05-06 00:00:00+00:00, run_after=2025-05-07 00:00:00+00:00
[2025-05-07T13:51:07.160+0000] {processor.py:208} INFO - Processing /home/airflow/.local/lib/python3.12/site-packages/airflow/example_dags/tutorial_taskflow_templates.py took 0.338 seconds
[2025-05-07T13:51:41.065+0000] {processor.py:186} INFO - Started process (PID=1083) to work on /home/airflow/.local/lib/python3.12/site-packages/airflow/example_dags/tutorial_taskflow_templates.py
[2025-05-07T13:51:41.131+0000] {processor.py:914} INFO - Processing file /home/airflow/.local/lib/python3.12/site-packages/airflow/example_dags/tutorial_taskflow_templates.py for tasks to queue
[2025-05-07T13:51:41.145+0000] {logging_mixin.py:190} INFO - [2025-05-07T13:51:41.145+0000] {dagbag.py:588} INFO - Filling up the DagBag from /home/airflow/.local/lib/python3.12/site-packages/airflow/example_dags/tutorial_taskflow_templates.py
[2025-05-07T13:51:41.173+0000] {processor.py:925} INFO - DAG(s) 'tutorial_taskflow_templates' retrieved from /home/airflow/.local/lib/python3.12/site-packages/airflow/example_dags/tutorial_taskflow_templates.py
[2025-05-07T13:51:41.258+0000] {logging_mixin.py:190} INFO - [2025-05-07T13:51:41.258+0000] {dag.py:3239} INFO - Sync 1 DAGs
[2025-05-07T13:51:41.323+0000] {logging_mixin.py:190} INFO - [2025-05-07T13:51:41.323+0000] {dag.py:4180} INFO - Setting next_dagrun for tutorial_taskflow_templates to 2025-05-06 00:00:00+00:00, run_after=2025-05-07 00:00:00+00:00
[2025-05-07T13:51:41.473+0000] {processor.py:208} INFO - Processing /home/airflow/.local/lib/python3.12/site-packages/airflow/example_dags/tutorial_taskflow_templates.py took 0.426 seconds
[2025-05-07T13:52:28.337+0000] {processor.py:186} INFO - Started process (PID=1158) to work on /home/airflow/.local/lib/python3.12/site-packages/airflow/example_dags/tutorial_taskflow_templates.py
[2025-05-07T13:52:28.347+0000] {processor.py:914} INFO - Processing file /home/airflow/.local/lib/python3.12/site-packages/airflow/example_dags/tutorial_taskflow_templates.py for tasks to queue
[2025-05-07T13:52:28.353+0000] {logging_mixin.py:190} INFO - [2025-05-07T13:52:28.352+0000] {dagbag.py:588} INFO - Filling up the DagBag from /home/airflow/.local/lib/python3.12/site-packages/airflow/example_dags/tutorial_taskflow_templates.py
[2025-05-07T13:52:28.388+0000] {processor.py:925} INFO - DAG(s) 'tutorial_taskflow_templates' retrieved from /home/airflow/.local/lib/python3.12/site-packages/airflow/example_dags/tutorial_taskflow_templates.py
[2025-05-07T13:52:28.554+0000] {logging_mixin.py:190} INFO - [2025-05-07T13:52:28.553+0000] {dag.py:3239} INFO - Sync 1 DAGs
[2025-05-07T13:52:28.685+0000] {logging_mixin.py:190} INFO - [2025-05-07T13:52:28.685+0000] {dag.py:4180} INFO - Setting next_dagrun for tutorial_taskflow_templates to 2025-05-06 00:00:00+00:00, run_after=2025-05-07 00:00:00+00:00
[2025-05-07T13:52:28.744+0000] {processor.py:208} INFO - Processing /home/airflow/.local/lib/python3.12/site-packages/airflow/example_dags/tutorial_taskflow_templates.py took 0.436 seconds
[2025-05-07T13:53:09.424+0000] {processor.py:186} INFO - Started process (PID=1226) to work on /home/airflow/.local/lib/python3.12/site-packages/airflow/example_dags/tutorial_taskflow_templates.py
[2025-05-07T13:53:09.431+0000] {processor.py:914} INFO - Processing file /home/airflow/.local/lib/python3.12/site-packages/airflow/example_dags/tutorial_taskflow_templates.py for tasks to queue
[2025-05-07T13:53:09.438+0000] {logging_mixin.py:190} INFO - [2025-05-07T13:53:09.438+0000] {dagbag.py:588} INFO - Filling up the DagBag from /home/airflow/.local/lib/python3.12/site-packages/airflow/example_dags/tutorial_taskflow_templates.py
[2025-05-07T13:53:09.475+0000] {processor.py:925} INFO - DAG(s) 'tutorial_taskflow_templates' retrieved from /home/airflow/.local/lib/python3.12/site-packages/airflow/example_dags/tutorial_taskflow_templates.py
[2025-05-07T13:53:09.561+0000] {logging_mixin.py:190} INFO - [2025-05-07T13:53:09.560+0000] {dag.py:3239} INFO - Sync 1 DAGs
[2025-05-07T13:53:09.634+0000] {logging_mixin.py:190} INFO - [2025-05-07T13:53:09.634+0000] {dag.py:4180} INFO - Setting next_dagrun for tutorial_taskflow_templates to 2025-05-06 00:00:00+00:00, run_after=2025-05-07 00:00:00+00:00
[2025-05-07T13:53:09.709+0000] {processor.py:208} INFO - Processing /home/airflow/.local/lib/python3.12/site-packages/airflow/example_dags/tutorial_taskflow_templates.py took 0.328 seconds
[2025-05-07T13:54:01.610+0000] {processor.py:186} INFO - Started process (PID=1299) to work on /home/airflow/.local/lib/python3.12/site-packages/airflow/example_dags/tutorial_taskflow_templates.py
[2025-05-07T13:54:01.669+0000] {processor.py:914} INFO - Processing file /home/airflow/.local/lib/python3.12/site-packages/airflow/example_dags/tutorial_taskflow_templates.py for tasks to queue
[2025-05-07T13:54:01.674+0000] {logging_mixin.py:190} INFO - [2025-05-07T13:54:01.674+0000] {dagbag.py:588} INFO - Filling up the DagBag from /home/airflow/.local/lib/python3.12/site-packages/airflow/example_dags/tutorial_taskflow_templates.py
[2025-05-07T13:54:01.703+0000] {processor.py:925} INFO - DAG(s) 'tutorial_taskflow_templates' retrieved from /home/airflow/.local/lib/python3.12/site-packages/airflow/example_dags/tutorial_taskflow_templates.py
[2025-05-07T13:54:01.794+0000] {logging_mixin.py:190} INFO - [2025-05-07T13:54:01.794+0000] {dag.py:3239} INFO - Sync 1 DAGs
[2025-05-07T13:54:01.887+0000] {logging_mixin.py:190} INFO - [2025-05-07T13:54:01.885+0000] {dag.py:4180} INFO - Setting next_dagrun for tutorial_taskflow_templates to 2025-05-06 00:00:00+00:00, run_after=2025-05-07 00:00:00+00:00
[2025-05-07T13:54:02.110+0000] {processor.py:208} INFO - Processing /home/airflow/.local/lib/python3.12/site-packages/airflow/example_dags/tutorial_taskflow_templates.py took 0.514 seconds
[2025-05-07T13:54:54.318+0000] {processor.py:186} INFO - Started process (PID=1363) to work on /home/airflow/.local/lib/python3.12/site-packages/airflow/example_dags/tutorial_taskflow_templates.py
[2025-05-07T13:54:54.323+0000] {processor.py:914} INFO - Processing file /home/airflow/.local/lib/python3.12/site-packages/airflow/example_dags/tutorial_taskflow_templates.py for tasks to queue
[2025-05-07T13:54:54.329+0000] {logging_mixin.py:190} INFO - [2025-05-07T13:54:54.328+0000] {dagbag.py:588} INFO - Filling up the DagBag from /home/airflow/.local/lib/python3.12/site-packages/airflow/example_dags/tutorial_taskflow_templates.py
[2025-05-07T13:54:54.369+0000] {processor.py:925} INFO - DAG(s) 'tutorial_taskflow_templates' retrieved from /home/airflow/.local/lib/python3.12/site-packages/airflow/example_dags/tutorial_taskflow_templates.py
[2025-05-07T13:54:54.429+0000] {logging_mixin.py:190} INFO - [2025-05-07T13:54:54.429+0000] {dag.py:3239} INFO - Sync 1 DAGs
[2025-05-07T13:54:54.499+0000] {logging_mixin.py:190} INFO - [2025-05-07T13:54:54.498+0000] {dag.py:4180} INFO - Setting next_dagrun for tutorial_taskflow_templates to 2025-05-06 00:00:00+00:00, run_after=2025-05-07 00:00:00+00:00
[2025-05-07T13:54:54.554+0000] {processor.py:208} INFO - Processing /home/airflow/.local/lib/python3.12/site-packages/airflow/example_dags/tutorial_taskflow_templates.py took 0.251 seconds
[2025-05-07T13:55:24.672+0000] {processor.py:186} INFO - Started process (PID=1426) to work on /home/airflow/.local/lib/python3.12/site-packages/airflow/example_dags/tutorial_taskflow_templates.py
[2025-05-07T13:55:24.674+0000] {processor.py:914} INFO - Processing file /home/airflow/.local/lib/python3.12/site-packages/airflow/example_dags/tutorial_taskflow_templates.py for tasks to queue
[2025-05-07T13:55:24.679+0000] {logging_mixin.py:190} INFO - [2025-05-07T13:55:24.679+0000] {dagbag.py:588} INFO - Filling up the DagBag from /home/airflow/.local/lib/python3.12/site-packages/airflow/example_dags/tutorial_taskflow_templates.py
[2025-05-07T13:55:24.707+0000] {processor.py:925} INFO - DAG(s) 'tutorial_taskflow_templates' retrieved from /home/airflow/.local/lib/python3.12/site-packages/airflow/example_dags/tutorial_taskflow_templates.py
[2025-05-07T13:55:25.022+0000] {logging_mixin.py:190} INFO - [2025-05-07T13:55:25.021+0000] {dag.py:3239} INFO - Sync 1 DAGs
[2025-05-07T13:55:25.226+0000] {logging_mixin.py:190} INFO - [2025-05-07T13:55:25.226+0000] {dag.py:4180} INFO - Setting next_dagrun for tutorial_taskflow_templates to 2025-05-06 00:00:00+00:00, run_after=2025-05-07 00:00:00+00:00
[2025-05-07T13:55:25.302+0000] {processor.py:208} INFO - Processing /home/airflow/.local/lib/python3.12/site-packages/airflow/example_dags/tutorial_taskflow_templates.py took 0.644 seconds
