[2025-05-07T13:39:05.413+0000] {processor.py:186} INFO - Started process (PID=87) to work on /home/airflow/.local/lib/python3.12/site-packages/airflow/example_dags/tutorial_dag.py
[2025-05-07T13:39:05.414+0000] {processor.py:914} INFO - Processing file /home/airflow/.local/lib/python3.12/site-packages/airflow/example_dags/tutorial_dag.py for tasks to queue
[2025-05-07T13:39:05.424+0000] {logging_mixin.py:190} INFO - [2025-05-07T13:39:05.424+0000] {dagbag.py:588} INFO - Filling up the DagBag from /home/airflow/.local/lib/python3.12/site-packages/airflow/example_dags/tutorial_dag.py
[2025-05-07T13:39:05.441+0000] {processor.py:925} INFO - DAG(s) 'tutorial_dag' retrieved from /home/airflow/.local/lib/python3.12/site-packages/airflow/example_dags/tutorial_dag.py
[2025-05-07T13:39:05.711+0000] {logging_mixin.py:190} INFO - [2025-05-07T13:39:05.710+0000] {dag.py:3239} INFO - Sync 1 DAGs
[2025-05-07T13:39:05.798+0000] {logging_mixin.py:190} INFO - [2025-05-07T13:39:05.798+0000] {dag.py:4180} INFO - Setting next_dagrun for tutorial_dag to None, run_after=None
[2025-05-07T13:39:06.673+0000] {processor.py:208} INFO - Processing /home/airflow/.local/lib/python3.12/site-packages/airflow/example_dags/tutorial_dag.py took 1.293 seconds
[2025-05-07T13:40:11.990+0000] {processor.py:186} INFO - Started process (PID=160) to work on /home/airflow/.local/lib/python3.12/site-packages/airflow/example_dags/tutorial_dag.py
[2025-05-07T13:40:11.993+0000] {processor.py:914} INFO - Processing file /home/airflow/.local/lib/python3.12/site-packages/airflow/example_dags/tutorial_dag.py for tasks to queue
[2025-05-07T13:40:12.005+0000] {logging_mixin.py:190} INFO - [2025-05-07T13:40:12.004+0000] {dagbag.py:588} INFO - Filling up the DagBag from /home/airflow/.local/lib/python3.12/site-packages/airflow/example_dags/tutorial_dag.py
[2025-05-07T13:40:12.139+0000] {processor.py:925} INFO - DAG(s) 'tutorial_dag' retrieved from /home/airflow/.local/lib/python3.12/site-packages/airflow/example_dags/tutorial_dag.py
[2025-05-07T13:40:12.694+0000] {logging_mixin.py:190} INFO - [2025-05-07T13:40:12.693+0000] {dag.py:3239} INFO - Sync 1 DAGs
[2025-05-07T13:40:12.763+0000] {logging_mixin.py:190} INFO - [2025-05-07T13:40:12.763+0000] {dag.py:4180} INFO - Setting next_dagrun for tutorial_dag to None, run_after=None
[2025-05-07T13:40:12.817+0000] {processor.py:208} INFO - Processing /home/airflow/.local/lib/python3.12/site-packages/airflow/example_dags/tutorial_dag.py took 0.905 seconds
[2025-05-07T13:40:51.606+0000] {processor.py:186} INFO - Started process (PID=227) to work on /home/airflow/.local/lib/python3.12/site-packages/airflow/example_dags/tutorial_dag.py
[2025-05-07T13:40:51.644+0000] {processor.py:914} INFO - Processing file /home/airflow/.local/lib/python3.12/site-packages/airflow/example_dags/tutorial_dag.py for tasks to queue
[2025-05-07T13:40:51.727+0000] {logging_mixin.py:190} INFO - [2025-05-07T13:40:51.726+0000] {dagbag.py:588} INFO - Filling up the DagBag from /home/airflow/.local/lib/python3.12/site-packages/airflow/example_dags/tutorial_dag.py
[2025-05-07T13:40:51.744+0000] {processor.py:925} INFO - DAG(s) 'tutorial_dag' retrieved from /home/airflow/.local/lib/python3.12/site-packages/airflow/example_dags/tutorial_dag.py
[2025-05-07T13:40:51.954+0000] {logging_mixin.py:190} INFO - [2025-05-07T13:40:51.954+0000] {dag.py:3239} INFO - Sync 1 DAGs
[2025-05-07T13:40:51.992+0000] {logging_mixin.py:190} INFO - [2025-05-07T13:40:51.992+0000] {dag.py:4180} INFO - Setting next_dagrun for tutorial_dag to None, run_after=None
[2025-05-07T13:40:52.043+0000] {processor.py:208} INFO - Processing /home/airflow/.local/lib/python3.12/site-packages/airflow/example_dags/tutorial_dag.py took 0.450 seconds
[2025-05-07T13:41:24.533+0000] {processor.py:186} INFO - Started process (PID=290) to work on /home/airflow/.local/lib/python3.12/site-packages/airflow/example_dags/tutorial_dag.py
[2025-05-07T13:41:24.535+0000] {processor.py:914} INFO - Processing file /home/airflow/.local/lib/python3.12/site-packages/airflow/example_dags/tutorial_dag.py for tasks to queue
[2025-05-07T13:41:24.541+0000] {logging_mixin.py:190} INFO - [2025-05-07T13:41:24.540+0000] {dagbag.py:588} INFO - Filling up the DagBag from /home/airflow/.local/lib/python3.12/site-packages/airflow/example_dags/tutorial_dag.py
[2025-05-07T13:41:24.555+0000] {processor.py:925} INFO - DAG(s) 'tutorial_dag' retrieved from /home/airflow/.local/lib/python3.12/site-packages/airflow/example_dags/tutorial_dag.py
[2025-05-07T13:41:24.850+0000] {logging_mixin.py:190} INFO - [2025-05-07T13:41:24.844+0000] {dag.py:3239} INFO - Sync 1 DAGs
[2025-05-07T13:41:24.913+0000] {logging_mixin.py:190} INFO - [2025-05-07T13:41:24.912+0000] {dag.py:4180} INFO - Setting next_dagrun for tutorial_dag to None, run_after=None
[2025-05-07T13:41:25.044+0000] {processor.py:208} INFO - Processing /home/airflow/.local/lib/python3.12/site-packages/airflow/example_dags/tutorial_dag.py took 0.661 seconds
[2025-05-07T13:42:26.466+0000] {processor.py:186} INFO - Started process (PID=355) to work on /home/airflow/.local/lib/python3.12/site-packages/airflow/example_dags/tutorial_dag.py
[2025-05-07T13:42:26.479+0000] {processor.py:914} INFO - Processing file /home/airflow/.local/lib/python3.12/site-packages/airflow/example_dags/tutorial_dag.py for tasks to queue
[2025-05-07T13:42:26.491+0000] {logging_mixin.py:190} INFO - [2025-05-07T13:42:26.490+0000] {dagbag.py:588} INFO - Filling up the DagBag from /home/airflow/.local/lib/python3.12/site-packages/airflow/example_dags/tutorial_dag.py
[2025-05-07T13:42:26.550+0000] {processor.py:925} INFO - DAG(s) 'tutorial_dag' retrieved from /home/airflow/.local/lib/python3.12/site-packages/airflow/example_dags/tutorial_dag.py
[2025-05-07T13:42:27.206+0000] {logging_mixin.py:190} INFO - [2025-05-07T13:42:27.206+0000] {dag.py:3239} INFO - Sync 1 DAGs
[2025-05-07T13:42:27.311+0000] {logging_mixin.py:190} INFO - [2025-05-07T13:42:27.310+0000] {dag.py:4180} INFO - Setting next_dagrun for tutorial_dag to None, run_after=None
[2025-05-07T13:42:27.384+0000] {processor.py:208} INFO - Processing /home/airflow/.local/lib/python3.12/site-packages/airflow/example_dags/tutorial_dag.py took 0.936 seconds
[2025-05-07T13:43:20.149+0000] {processor.py:186} INFO - Started process (PID=426) to work on /home/airflow/.local/lib/python3.12/site-packages/airflow/example_dags/tutorial_dag.py
[2025-05-07T13:43:20.178+0000] {processor.py:914} INFO - Processing file /home/airflow/.local/lib/python3.12/site-packages/airflow/example_dags/tutorial_dag.py for tasks to queue
[2025-05-07T13:43:20.256+0000] {logging_mixin.py:190} INFO - [2025-05-07T13:43:20.255+0000] {dagbag.py:588} INFO - Filling up the DagBag from /home/airflow/.local/lib/python3.12/site-packages/airflow/example_dags/tutorial_dag.py
[2025-05-07T13:43:20.803+0000] {processor.py:925} INFO - DAG(s) 'tutorial_dag' retrieved from /home/airflow/.local/lib/python3.12/site-packages/airflow/example_dags/tutorial_dag.py
[2025-05-07T13:43:21.361+0000] {logging_mixin.py:190} INFO - [2025-05-07T13:43:21.361+0000] {dag.py:3239} INFO - Sync 1 DAGs
[2025-05-07T13:43:21.413+0000] {logging_mixin.py:190} INFO - [2025-05-07T13:43:21.413+0000] {dag.py:4180} INFO - Setting next_dagrun for tutorial_dag to None, run_after=None
[2025-05-07T13:43:21.548+0000] {processor.py:208} INFO - Processing /home/airflow/.local/lib/python3.12/site-packages/airflow/example_dags/tutorial_dag.py took 1.431 seconds
[2025-05-07T13:44:49.245+0000] {processor.py:186} INFO - Started process (PID=509) to work on /home/airflow/.local/lib/python3.12/site-packages/airflow/example_dags/tutorial_dag.py
[2025-05-07T13:44:49.250+0000] {processor.py:914} INFO - Processing file /home/airflow/.local/lib/python3.12/site-packages/airflow/example_dags/tutorial_dag.py for tasks to queue
[2025-05-07T13:44:49.255+0000] {logging_mixin.py:190} INFO - [2025-05-07T13:44:49.255+0000] {dagbag.py:588} INFO - Filling up the DagBag from /home/airflow/.local/lib/python3.12/site-packages/airflow/example_dags/tutorial_dag.py
[2025-05-07T13:44:49.268+0000] {processor.py:925} INFO - DAG(s) 'tutorial_dag' retrieved from /home/airflow/.local/lib/python3.12/site-packages/airflow/example_dags/tutorial_dag.py
[2025-05-07T13:44:49.459+0000] {logging_mixin.py:190} INFO - [2025-05-07T13:44:49.458+0000] {dag.py:3239} INFO - Sync 1 DAGs
[2025-05-07T13:44:49.835+0000] {logging_mixin.py:190} INFO - [2025-05-07T13:44:49.834+0000] {dag.py:4180} INFO - Setting next_dagrun for tutorial_dag to None, run_after=None
[2025-05-07T13:44:50.226+0000] {processor.py:208} INFO - Processing /home/airflow/.local/lib/python3.12/site-packages/airflow/example_dags/tutorial_dag.py took 0.993 seconds
[2025-05-07T13:45:46.111+0000] {processor.py:186} INFO - Started process (PID=582) to work on /home/airflow/.local/lib/python3.12/site-packages/airflow/example_dags/tutorial_dag.py
[2025-05-07T13:45:46.115+0000] {processor.py:914} INFO - Processing file /home/airflow/.local/lib/python3.12/site-packages/airflow/example_dags/tutorial_dag.py for tasks to queue
[2025-05-07T13:45:46.122+0000] {logging_mixin.py:190} INFO - [2025-05-07T13:45:46.121+0000] {dagbag.py:588} INFO - Filling up the DagBag from /home/airflow/.local/lib/python3.12/site-packages/airflow/example_dags/tutorial_dag.py
[2025-05-07T13:45:46.140+0000] {processor.py:925} INFO - DAG(s) 'tutorial_dag' retrieved from /home/airflow/.local/lib/python3.12/site-packages/airflow/example_dags/tutorial_dag.py
[2025-05-07T13:45:46.243+0000] {logging_mixin.py:190} INFO - [2025-05-07T13:45:46.243+0000] {dag.py:3239} INFO - Sync 1 DAGs
[2025-05-07T13:45:46.281+0000] {logging_mixin.py:190} INFO - [2025-05-07T13:45:46.280+0000] {dag.py:4180} INFO - Setting next_dagrun for tutorial_dag to None, run_after=None
[2025-05-07T13:45:46.348+0000] {processor.py:208} INFO - Processing /home/airflow/.local/lib/python3.12/site-packages/airflow/example_dags/tutorial_dag.py took 0.255 seconds
[2025-05-07T13:46:17.446+0000] {processor.py:186} INFO - Started process (PID=645) to work on /home/airflow/.local/lib/python3.12/site-packages/airflow/example_dags/tutorial_dag.py
[2025-05-07T13:46:17.448+0000] {processor.py:914} INFO - Processing file /home/airflow/.local/lib/python3.12/site-packages/airflow/example_dags/tutorial_dag.py for tasks to queue
[2025-05-07T13:46:17.453+0000] {logging_mixin.py:190} INFO - [2025-05-07T13:46:17.453+0000] {dagbag.py:588} INFO - Filling up the DagBag from /home/airflow/.local/lib/python3.12/site-packages/airflow/example_dags/tutorial_dag.py
[2025-05-07T13:46:17.473+0000] {processor.py:925} INFO - DAG(s) 'tutorial_dag' retrieved from /home/airflow/.local/lib/python3.12/site-packages/airflow/example_dags/tutorial_dag.py
[2025-05-07T13:46:17.563+0000] {logging_mixin.py:190} INFO - [2025-05-07T13:46:17.562+0000] {dag.py:3239} INFO - Sync 1 DAGs
[2025-05-07T13:46:17.601+0000] {logging_mixin.py:190} INFO - [2025-05-07T13:46:17.601+0000] {dag.py:4180} INFO - Setting next_dagrun for tutorial_dag to None, run_after=None
[2025-05-07T13:46:17.949+0000] {processor.py:208} INFO - Processing /home/airflow/.local/lib/python3.12/site-packages/airflow/example_dags/tutorial_dag.py took 0.526 seconds
[2025-05-07T13:46:59.077+0000] {processor.py:186} INFO - Started process (PID=707) to work on /home/airflow/.local/lib/python3.12/site-packages/airflow/example_dags/tutorial_dag.py
[2025-05-07T13:46:59.080+0000] {processor.py:914} INFO - Processing file /home/airflow/.local/lib/python3.12/site-packages/airflow/example_dags/tutorial_dag.py for tasks to queue
[2025-05-07T13:46:59.086+0000] {logging_mixin.py:190} INFO - [2025-05-07T13:46:59.086+0000] {dagbag.py:588} INFO - Filling up the DagBag from /home/airflow/.local/lib/python3.12/site-packages/airflow/example_dags/tutorial_dag.py
[2025-05-07T13:46:59.102+0000] {processor.py:925} INFO - DAG(s) 'tutorial_dag' retrieved from /home/airflow/.local/lib/python3.12/site-packages/airflow/example_dags/tutorial_dag.py
[2025-05-07T13:46:59.566+0000] {logging_mixin.py:190} INFO - [2025-05-07T13:46:59.566+0000] {dag.py:3239} INFO - Sync 1 DAGs
[2025-05-07T13:46:59.697+0000] {logging_mixin.py:190} INFO - [2025-05-07T13:46:59.696+0000] {dag.py:4180} INFO - Setting next_dagrun for tutorial_dag to None, run_after=None
[2025-05-07T13:46:59.955+0000] {processor.py:208} INFO - Processing /home/airflow/.local/lib/python3.12/site-packages/airflow/example_dags/tutorial_dag.py took 0.893 seconds
[2025-05-07T13:47:56.471+0000] {processor.py:186} INFO - Started process (PID=790) to work on /home/airflow/.local/lib/python3.12/site-packages/airflow/example_dags/tutorial_dag.py
[2025-05-07T13:47:56.575+0000] {processor.py:914} INFO - Processing file /home/airflow/.local/lib/python3.12/site-packages/airflow/example_dags/tutorial_dag.py for tasks to queue
[2025-05-07T13:47:56.589+0000] {logging_mixin.py:190} INFO - [2025-05-07T13:47:56.588+0000] {dagbag.py:588} INFO - Filling up the DagBag from /home/airflow/.local/lib/python3.12/site-packages/airflow/example_dags/tutorial_dag.py
[2025-05-07T13:47:56.606+0000] {processor.py:925} INFO - DAG(s) 'tutorial_dag' retrieved from /home/airflow/.local/lib/python3.12/site-packages/airflow/example_dags/tutorial_dag.py
[2025-05-07T13:47:56.704+0000] {logging_mixin.py:190} INFO - [2025-05-07T13:47:56.703+0000] {dag.py:3239} INFO - Sync 1 DAGs
[2025-05-07T13:47:56.737+0000] {logging_mixin.py:190} INFO - [2025-05-07T13:47:56.736+0000] {dag.py:4180} INFO - Setting next_dagrun for tutorial_dag to None, run_after=None
[2025-05-07T13:47:56.821+0000] {processor.py:208} INFO - Processing /home/airflow/.local/lib/python3.12/site-packages/airflow/example_dags/tutorial_dag.py took 0.363 seconds
[2025-05-07T13:49:20.581+0000] {processor.py:186} INFO - Started process (PID=875) to work on /home/airflow/.local/lib/python3.12/site-packages/airflow/example_dags/tutorial_dag.py
[2025-05-07T13:49:20.587+0000] {processor.py:914} INFO - Processing file /home/airflow/.local/lib/python3.12/site-packages/airflow/example_dags/tutorial_dag.py for tasks to queue
[2025-05-07T13:49:20.594+0000] {logging_mixin.py:190} INFO - [2025-05-07T13:49:20.593+0000] {dagbag.py:588} INFO - Filling up the DagBag from /home/airflow/.local/lib/python3.12/site-packages/airflow/example_dags/tutorial_dag.py
[2025-05-07T13:49:20.614+0000] {processor.py:925} INFO - DAG(s) 'tutorial_dag' retrieved from /home/airflow/.local/lib/python3.12/site-packages/airflow/example_dags/tutorial_dag.py
[2025-05-07T13:49:20.697+0000] {logging_mixin.py:190} INFO - [2025-05-07T13:49:20.697+0000] {dag.py:3239} INFO - Sync 1 DAGs
[2025-05-07T13:49:20.743+0000] {logging_mixin.py:190} INFO - [2025-05-07T13:49:20.743+0000] {dag.py:4180} INFO - Setting next_dagrun for tutorial_dag to None, run_after=None
[2025-05-07T13:49:20.813+0000] {processor.py:208} INFO - Processing /home/airflow/.local/lib/python3.12/site-packages/airflow/example_dags/tutorial_dag.py took 0.258 seconds
[2025-05-07T13:50:13.957+0000] {processor.py:186} INFO - Started process (PID=933) to work on /home/airflow/.local/lib/python3.12/site-packages/airflow/example_dags/tutorial_dag.py
[2025-05-07T13:50:14.019+0000] {processor.py:914} INFO - Processing file /home/airflow/.local/lib/python3.12/site-packages/airflow/example_dags/tutorial_dag.py for tasks to queue
[2025-05-07T13:50:14.028+0000] {logging_mixin.py:190} INFO - [2025-05-07T13:50:14.027+0000] {dagbag.py:588} INFO - Filling up the DagBag from /home/airflow/.local/lib/python3.12/site-packages/airflow/example_dags/tutorial_dag.py
[2025-05-07T13:50:14.046+0000] {processor.py:925} INFO - DAG(s) 'tutorial_dag' retrieved from /home/airflow/.local/lib/python3.12/site-packages/airflow/example_dags/tutorial_dag.py
[2025-05-07T13:50:14.114+0000] {logging_mixin.py:190} INFO - [2025-05-07T13:50:14.113+0000] {dag.py:3239} INFO - Sync 1 DAGs
[2025-05-07T13:50:14.172+0000] {logging_mixin.py:190} INFO - [2025-05-07T13:50:14.172+0000] {dag.py:4180} INFO - Setting next_dagrun for tutorial_dag to None, run_after=None
[2025-05-07T13:50:14.392+0000] {processor.py:208} INFO - Processing /home/airflow/.local/lib/python3.12/site-packages/airflow/example_dags/tutorial_dag.py took 0.449 seconds
[2025-05-07T13:51:00.568+0000] {processor.py:186} INFO - Started process (PID=1007) to work on /home/airflow/.local/lib/python3.12/site-packages/airflow/example_dags/tutorial_dag.py
[2025-05-07T13:51:00.601+0000] {processor.py:914} INFO - Processing file /home/airflow/.local/lib/python3.12/site-packages/airflow/example_dags/tutorial_dag.py for tasks to queue
[2025-05-07T13:51:00.795+0000] {logging_mixin.py:190} INFO - [2025-05-07T13:51:00.794+0000] {dagbag.py:588} INFO - Filling up the DagBag from /home/airflow/.local/lib/python3.12/site-packages/airflow/example_dags/tutorial_dag.py
[2025-05-07T13:51:00.818+0000] {processor.py:925} INFO - DAG(s) 'tutorial_dag' retrieved from /home/airflow/.local/lib/python3.12/site-packages/airflow/example_dags/tutorial_dag.py
[2025-05-07T13:51:00.929+0000] {logging_mixin.py:190} INFO - [2025-05-07T13:51:00.928+0000] {dag.py:3239} INFO - Sync 1 DAGs
[2025-05-07T13:51:00.977+0000] {logging_mixin.py:190} INFO - [2025-05-07T13:51:00.976+0000] {dag.py:4180} INFO - Setting next_dagrun for tutorial_dag to None, run_after=None
[2025-05-07T13:51:01.030+0000] {processor.py:208} INFO - Processing /home/airflow/.local/lib/python3.12/site-packages/airflow/example_dags/tutorial_dag.py took 0.474 seconds
[2025-05-07T13:51:32.434+0000] {processor.py:186} INFO - Started process (PID=1070) to work on /home/airflow/.local/lib/python3.12/site-packages/airflow/example_dags/tutorial_dag.py
[2025-05-07T13:51:32.436+0000] {processor.py:914} INFO - Processing file /home/airflow/.local/lib/python3.12/site-packages/airflow/example_dags/tutorial_dag.py for tasks to queue
[2025-05-07T13:51:32.443+0000] {logging_mixin.py:190} INFO - [2025-05-07T13:51:32.442+0000] {dagbag.py:588} INFO - Filling up the DagBag from /home/airflow/.local/lib/python3.12/site-packages/airflow/example_dags/tutorial_dag.py
[2025-05-07T13:51:32.464+0000] {processor.py:925} INFO - DAG(s) 'tutorial_dag' retrieved from /home/airflow/.local/lib/python3.12/site-packages/airflow/example_dags/tutorial_dag.py
[2025-05-07T13:51:32.615+0000] {logging_mixin.py:190} INFO - [2025-05-07T13:51:32.615+0000] {dag.py:3239} INFO - Sync 1 DAGs
[2025-05-07T13:51:32.658+0000] {logging_mixin.py:190} INFO - [2025-05-07T13:51:32.657+0000] {dag.py:4180} INFO - Setting next_dagrun for tutorial_dag to None, run_after=None
[2025-05-07T13:51:32.746+0000] {processor.py:208} INFO - Processing /home/airflow/.local/lib/python3.12/site-packages/airflow/example_dags/tutorial_dag.py took 0.330 seconds
[2025-05-07T13:52:23.238+0000] {processor.py:186} INFO - Started process (PID=1143) to work on /home/airflow/.local/lib/python3.12/site-packages/airflow/example_dags/tutorial_dag.py
[2025-05-07T13:52:23.258+0000] {processor.py:914} INFO - Processing file /home/airflow/.local/lib/python3.12/site-packages/airflow/example_dags/tutorial_dag.py for tasks to queue
[2025-05-07T13:52:23.269+0000] {logging_mixin.py:190} INFO - [2025-05-07T13:52:23.268+0000] {dagbag.py:588} INFO - Filling up the DagBag from /home/airflow/.local/lib/python3.12/site-packages/airflow/example_dags/tutorial_dag.py
[2025-05-07T13:52:23.290+0000] {processor.py:925} INFO - DAG(s) 'tutorial_dag' retrieved from /home/airflow/.local/lib/python3.12/site-packages/airflow/example_dags/tutorial_dag.py
[2025-05-07T13:52:23.522+0000] {logging_mixin.py:190} INFO - [2025-05-07T13:52:23.521+0000] {dag.py:3239} INFO - Sync 1 DAGs
[2025-05-07T13:52:23.572+0000] {logging_mixin.py:190} INFO - [2025-05-07T13:52:23.571+0000] {dag.py:4180} INFO - Setting next_dagrun for tutorial_dag to None, run_after=None
[2025-05-07T13:52:23.637+0000] {processor.py:208} INFO - Processing /home/airflow/.local/lib/python3.12/site-packages/airflow/example_dags/tutorial_dag.py took 0.418 seconds
[2025-05-07T13:53:04.763+0000] {processor.py:186} INFO - Started process (PID=1217) to work on /home/airflow/.local/lib/python3.12/site-packages/airflow/example_dags/tutorial_dag.py
[2025-05-07T13:53:04.767+0000] {processor.py:914} INFO - Processing file /home/airflow/.local/lib/python3.12/site-packages/airflow/example_dags/tutorial_dag.py for tasks to queue
[2025-05-07T13:53:04.772+0000] {logging_mixin.py:190} INFO - [2025-05-07T13:53:04.772+0000] {dagbag.py:588} INFO - Filling up the DagBag from /home/airflow/.local/lib/python3.12/site-packages/airflow/example_dags/tutorial_dag.py
[2025-05-07T13:53:04.787+0000] {processor.py:925} INFO - DAG(s) 'tutorial_dag' retrieved from /home/airflow/.local/lib/python3.12/site-packages/airflow/example_dags/tutorial_dag.py
[2025-05-07T13:53:04.845+0000] {logging_mixin.py:190} INFO - [2025-05-07T13:53:04.844+0000] {dag.py:3239} INFO - Sync 1 DAGs
[2025-05-07T13:53:04.897+0000] {logging_mixin.py:190} INFO - [2025-05-07T13:53:04.896+0000] {dag.py:4180} INFO - Setting next_dagrun for tutorial_dag to None, run_after=None
[2025-05-07T13:53:05.061+0000] {processor.py:208} INFO - Processing /home/airflow/.local/lib/python3.12/site-packages/airflow/example_dags/tutorial_dag.py took 0.318 seconds
[2025-05-07T13:53:49.077+0000] {processor.py:186} INFO - Started process (PID=1282) to work on /home/airflow/.local/lib/python3.12/site-packages/airflow/example_dags/tutorial_dag.py
[2025-05-07T13:53:49.089+0000] {processor.py:914} INFO - Processing file /home/airflow/.local/lib/python3.12/site-packages/airflow/example_dags/tutorial_dag.py for tasks to queue
[2025-05-07T13:53:49.096+0000] {logging_mixin.py:190} INFO - [2025-05-07T13:53:49.095+0000] {dagbag.py:588} INFO - Filling up the DagBag from /home/airflow/.local/lib/python3.12/site-packages/airflow/example_dags/tutorial_dag.py
[2025-05-07T13:53:49.119+0000] {processor.py:925} INFO - DAG(s) 'tutorial_dag' retrieved from /home/airflow/.local/lib/python3.12/site-packages/airflow/example_dags/tutorial_dag.py
[2025-05-07T13:53:49.521+0000] {logging_mixin.py:190} INFO - [2025-05-07T13:53:49.521+0000] {dag.py:3239} INFO - Sync 1 DAGs
[2025-05-07T13:53:49.613+0000] {logging_mixin.py:190} INFO - [2025-05-07T13:53:49.604+0000] {dag.py:4180} INFO - Setting next_dagrun for tutorial_dag to None, run_after=None
[2025-05-07T13:53:49.863+0000] {processor.py:208} INFO - Processing /home/airflow/.local/lib/python3.12/site-packages/airflow/example_dags/tutorial_dag.py took 0.802 seconds
[2025-05-07T13:54:43.440+0000] {processor.py:186} INFO - Started process (PID=1352) to work on /home/airflow/.local/lib/python3.12/site-packages/airflow/example_dags/tutorial_dag.py
[2025-05-07T13:54:43.445+0000] {processor.py:914} INFO - Processing file /home/airflow/.local/lib/python3.12/site-packages/airflow/example_dags/tutorial_dag.py for tasks to queue
[2025-05-07T13:54:43.462+0000] {logging_mixin.py:190} INFO - [2025-05-07T13:54:43.458+0000] {dagbag.py:588} INFO - Filling up the DagBag from /home/airflow/.local/lib/python3.12/site-packages/airflow/example_dags/tutorial_dag.py
[2025-05-07T13:54:43.482+0000] {processor.py:925} INFO - DAG(s) 'tutorial_dag' retrieved from /home/airflow/.local/lib/python3.12/site-packages/airflow/example_dags/tutorial_dag.py
[2025-05-07T13:54:43.646+0000] {logging_mixin.py:190} INFO - [2025-05-07T13:54:43.645+0000] {dag.py:3239} INFO - Sync 1 DAGs
[2025-05-07T13:54:43.705+0000] {logging_mixin.py:190} INFO - [2025-05-07T13:54:43.704+0000] {dag.py:4180} INFO - Setting next_dagrun for tutorial_dag to None, run_after=None
[2025-05-07T13:54:43.768+0000] {processor.py:208} INFO - Processing /home/airflow/.local/lib/python3.12/site-packages/airflow/example_dags/tutorial_dag.py took 0.350 seconds
[2025-05-07T13:55:17.987+0000] {processor.py:186} INFO - Started process (PID=1417) to work on /home/airflow/.local/lib/python3.12/site-packages/airflow/example_dags/tutorial_dag.py
[2025-05-07T13:55:17.989+0000] {processor.py:914} INFO - Processing file /home/airflow/.local/lib/python3.12/site-packages/airflow/example_dags/tutorial_dag.py for tasks to queue
[2025-05-07T13:55:17.996+0000] {logging_mixin.py:190} INFO - [2025-05-07T13:55:17.995+0000] {dagbag.py:588} INFO - Filling up the DagBag from /home/airflow/.local/lib/python3.12/site-packages/airflow/example_dags/tutorial_dag.py
[2025-05-07T13:55:18.016+0000] {processor.py:925} INFO - DAG(s) 'tutorial_dag' retrieved from /home/airflow/.local/lib/python3.12/site-packages/airflow/example_dags/tutorial_dag.py
[2025-05-07T13:55:18.088+0000] {logging_mixin.py:190} INFO - [2025-05-07T13:55:18.087+0000] {dag.py:3239} INFO - Sync 1 DAGs
[2025-05-07T13:55:18.135+0000] {logging_mixin.py:190} INFO - [2025-05-07T13:55:18.135+0000] {dag.py:4180} INFO - Setting next_dagrun for tutorial_dag to None, run_after=None
[2025-05-07T13:55:18.193+0000] {processor.py:208} INFO - Processing /home/airflow/.local/lib/python3.12/site-packages/airflow/example_dags/tutorial_dag.py took 0.244 seconds
